2025-03-13 08:32:20,676 - INFO - Starting MEG Connectogram Visualization V2
2025-03-13 08:32:20,676 - INFO - Selected dataset: DataSet5_Align_cue_626_to_938_unc
2025-03-13 08:32:20,676 - INFO - Selected analysis type: Wilcoxon
2025-03-13 08:32:20,676 - INFO - Selected analysis folder: Wilcoxon_03102025-1305
2025-03-13 08:32:20,676 - INFO - Log file: Logs\connectogram_20250313-083220.log
2025-03-13 08:32:20,676 - INFO - Processing all folders in Wilcoxon_03102025-1305...
2025-03-13 08:32:20,677 - INFO - Processing Cue_gDTF_100Hz...
2025-03-13 08:32:20,679 - INFO - Processing Data\DataSet5_Align_cue_626_to_938_unc\Wilcoxon_03102025-1305\Cue_gDTF_100Hz\gDTF_100Hz_L-R_BG.csv
2025-03-13 08:32:20,688 - INFO - Matrix shape: (32, 32)
2025-03-13 08:32:20,688 - INFO - Found 1024 connections out of 1024 possible connections
2025-03-13 08:32:26,724 - ERROR - Error processing Data\DataSet5_Align_cue_626_to_938_unc\Wilcoxon_03102025-1305\Cue_gDTF_100Hz: 'charmap' codec can't encode character '\u2192' in position 10: character maps to <undefined>
2025-03-13 08:32:26,734 - ERROR - Traceback (most recent call last):
  File "c:\Users\dgane\Apps\MEG\Scripts\meg_circular_connectogram_v2.py", line 504, in process_folder
    self.generate_connectivity_report(matrix, folder_path, method_freq, timestamp)
  File "c:\Users\dgane\Apps\MEG\Scripts\meg_circular_connectogram_v2.py", line 569, in generate_connectivity_report
    f.write(f"  {i}. {source} {direction} {target}: {strength:.6f}\n")
  File "C:\Users\dgane\AppData\Local\Programs\Python\Python311\Lib\encodings\cp1252.py", line 19, in encode
    return codecs.charmap_encode(input,self.errors,encoding_table)[0]
           ^^^^^^^^^^^^^^^^^^^^^^^^^^^^^^^^^^^^^^^^^^^^^^^^^^^^^^^
UnicodeEncodeError: 'charmap' codec can't encode character '\u2192' in position 10: character maps to <undefined>

2025-03-13 08:32:26,735 - INFO - Processing Cue_gDTF_10Hz...
2025-03-13 08:32:26,736 - INFO - Processing Data\DataSet5_Align_cue_626_to_938_unc\Wilcoxon_03102025-1305\Cue_gDTF_10Hz\gDTF_10Hz_L-R_BG.csv
2025-03-13 08:32:26,742 - INFO - Matrix shape: (32, 32)
2025-03-13 08:32:26,743 - INFO - Found 1024 connections out of 1024 possible connections
2025-03-13 08:32:32,444 - ERROR - Error processing Data\DataSet5_Align_cue_626_to_938_unc\Wilcoxon_03102025-1305\Cue_gDTF_10Hz: 'charmap' codec can't encode character '\u22a3' in position 10: character maps to <undefined>
2025-03-13 08:32:32,445 - ERROR - Traceback (most recent call last):
  File "c:\Users\dgane\Apps\MEG\Scripts\meg_circular_connectogram_v2.py", line 504, in process_folder
    self.generate_connectivity_report(matrix, folder_path, method_freq, timestamp)
  File "c:\Users\dgane\Apps\MEG\Scripts\meg_circular_connectogram_v2.py", line 569, in generate_connectivity_report
    f.write(f"  {i}. {source} {direction} {target}: {strength:.6f}\n")
  File "C:\Users\dgane\AppData\Local\Programs\Python\Python311\Lib\encodings\cp1252.py", line 19, in encode
    return codecs.charmap_encode(input,self.errors,encoding_table)[0]
           ^^^^^^^^^^^^^^^^^^^^^^^^^^^^^^^^^^^^^^^^^^^^^^^^^^^^^^^
UnicodeEncodeError: 'charmap' codec can't encode character '\u22a3' in position 10: character maps to <undefined>

2025-03-13 08:32:32,445 - INFO - Processing Cue_gDTF_20Hz...
2025-03-13 08:32:32,447 - INFO - Processing Data\DataSet5_Align_cue_626_to_938_unc\Wilcoxon_03102025-1305\Cue_gDTF_20Hz\gDTF_20Hz_L-R_BG.csv
2025-03-13 08:32:32,456 - INFO - Matrix shape: (32, 32)
2025-03-13 08:32:32,456 - INFO - Found 1024 connections out of 1024 possible connections
2025-03-13 08:32:38,256 - ERROR - Error processing Data\DataSet5_Align_cue_626_to_938_unc\Wilcoxon_03102025-1305\Cue_gDTF_20Hz: 'charmap' codec can't encode character '\u22a3' in position 10: character maps to <undefined>
2025-03-13 08:32:38,257 - ERROR - Traceback (most recent call last):
  File "c:\Users\dgane\Apps\MEG\Scripts\meg_circular_connectogram_v2.py", line 504, in process_folder
    self.generate_connectivity_report(matrix, folder_path, method_freq, timestamp)
  File "c:\Users\dgane\Apps\MEG\Scripts\meg_circular_connectogram_v2.py", line 569, in generate_connectivity_report
    f.write(f"  {i}. {source} {direction} {target}: {strength:.6f}\n")
  File "C:\Users\dgane\AppData\Local\Programs\Python\Python311\Lib\encodings\cp1252.py", line 19, in encode
    return codecs.charmap_encode(input,self.errors,encoding_table)[0]
           ^^^^^^^^^^^^^^^^^^^^^^^^^^^^^^^^^^^^^^^^^^^^^^^^^^^^^^^
UnicodeEncodeError: 'charmap' codec can't encode character '\u22a3' in position 10: character maps to <undefined>

2025-03-13 08:32:38,257 - INFO - Processing Cue_gPDC_100Hz...
2025-03-13 08:32:38,259 - INFO - Processing Data\DataSet5_Align_cue_626_to_938_unc\Wilcoxon_03102025-1305\Cue_gPDC_100Hz\gPDC_100Hz_L-R_BG.csv
2025-03-13 08:32:38,268 - INFO - Matrix shape: (32, 32)
2025-03-13 08:32:38,268 - INFO - Found 1024 connections out of 1024 possible connections
2025-03-13 08:32:44,075 - ERROR - Error processing Data\DataSet5_Align_cue_626_to_938_unc\Wilcoxon_03102025-1305\Cue_gPDC_100Hz: 'charmap' codec can't encode character '\u2192' in position 10: character maps to <undefined>
2025-03-13 08:32:44,076 - ERROR - Traceback (most recent call last):
  File "c:\Users\dgane\Apps\MEG\Scripts\meg_circular_connectogram_v2.py", line 504, in process_folder
    self.generate_connectivity_report(matrix, folder_path, method_freq, timestamp)
  File "c:\Users\dgane\Apps\MEG\Scripts\meg_circular_connectogram_v2.py", line 569, in generate_connectivity_report
    f.write(f"  {i}. {source} {direction} {target}: {strength:.6f}\n")
  File "C:\Users\dgane\AppData\Local\Programs\Python\Python311\Lib\encodings\cp1252.py", line 19, in encode
    return codecs.charmap_encode(input,self.errors,encoding_table)[0]
           ^^^^^^^^^^^^^^^^^^^^^^^^^^^^^^^^^^^^^^^^^^^^^^^^^^^^^^^
UnicodeEncodeError: 'charmap' codec can't encode character '\u2192' in position 10: character maps to <undefined>

2025-03-13 08:32:44,076 - INFO - Processing Cue_gPDC_10Hz...
2025-03-13 08:32:44,078 - INFO - Processing Data\DataSet5_Align_cue_626_to_938_unc\Wilcoxon_03102025-1305\Cue_gPDC_10Hz\gPDC_10Hz_L-R_BG.csv
2025-03-13 08:32:44,087 - INFO - Matrix shape: (32, 32)
2025-03-13 08:32:44,087 - INFO - Found 1024 connections out of 1024 possible connections
2025-03-13 08:32:49,891 - ERROR - Error processing Data\DataSet5_Align_cue_626_to_938_unc\Wilcoxon_03102025-1305\Cue_gPDC_10Hz: 'charmap' codec can't encode character '\u2192' in position 10: character maps to <undefined>
2025-03-13 08:32:49,892 - ERROR - Traceback (most recent call last):
  File "c:\Users\dgane\Apps\MEG\Scripts\meg_circular_connectogram_v2.py", line 504, in process_folder
    self.generate_connectivity_report(matrix, folder_path, method_freq, timestamp)
  File "c:\Users\dgane\Apps\MEG\Scripts\meg_circular_connectogram_v2.py", line 569, in generate_connectivity_report
    f.write(f"  {i}. {source} {direction} {target}: {strength:.6f}\n")
  File "C:\Users\dgane\AppData\Local\Programs\Python\Python311\Lib\encodings\cp1252.py", line 19, in encode
    return codecs.charmap_encode(input,self.errors,encoding_table)[0]
           ^^^^^^^^^^^^^^^^^^^^^^^^^^^^^^^^^^^^^^^^^^^^^^^^^^^^^^^
UnicodeEncodeError: 'charmap' codec can't encode character '\u2192' in position 10: character maps to <undefined>

2025-03-13 08:32:49,892 - INFO - Processing Cue_gPDC_20Hz...
2025-03-13 08:32:49,894 - INFO - Processing Data\DataSet5_Align_cue_626_to_938_unc\Wilcoxon_03102025-1305\Cue_gPDC_20Hz\gPDC_20Hz_L-R_BG.csv
2025-03-13 08:32:49,903 - INFO - Matrix shape: (32, 32)
2025-03-13 08:32:49,903 - INFO - Found 1024 connections out of 1024 possible connections
2025-03-13 08:32:55,682 - ERROR - Error processing Data\DataSet5_Align_cue_626_to_938_unc\Wilcoxon_03102025-1305\Cue_gPDC_20Hz: 'charmap' codec can't encode character '\u22a3' in position 10: character maps to <undefined>
2025-03-13 08:32:55,682 - ERROR - Traceback (most recent call last):
  File "c:\Users\dgane\Apps\MEG\Scripts\meg_circular_connectogram_v2.py", line 504, in process_folder
    self.generate_connectivity_report(matrix, folder_path, method_freq, timestamp)
  File "c:\Users\dgane\Apps\MEG\Scripts\meg_circular_connectogram_v2.py", line 569, in generate_connectivity_report
    f.write(f"  {i}. {source} {direction} {target}: {strength:.6f}\n")
  File "C:\Users\dgane\AppData\Local\Programs\Python\Python311\Lib\encodings\cp1252.py", line 19, in encode
    return codecs.charmap_encode(input,self.errors,encoding_table)[0]
           ^^^^^^^^^^^^^^^^^^^^^^^^^^^^^^^^^^^^^^^^^^^^^^^^^^^^^^^
UnicodeEncodeError: 'charmap' codec can't encode character '\u22a3' in position 10: character maps to <undefined>

2025-03-13 08:32:55,682 - INFO - Processing Cue_iPDC_100Hz...
2025-03-13 08:32:55,685 - INFO - Processing Data\DataSet5_Align_cue_626_to_938_unc\Wilcoxon_03102025-1305\Cue_iPDC_100Hz\iPDC_100Hz_L-R_BG.csv
2025-03-13 08:32:55,693 - INFO - Matrix shape: (32, 32)
2025-03-13 08:32:55,693 - INFO - Found 1024 connections out of 1024 possible connections
2025-03-13 08:33:01,571 - ERROR - Error processing Data\DataSet5_Align_cue_626_to_938_unc\Wilcoxon_03102025-1305\Cue_iPDC_100Hz: 'charmap' codec can't encode character '\u2192' in position 10: character maps to <undefined>
2025-03-13 08:33:01,571 - ERROR - Traceback (most recent call last):
  File "c:\Users\dgane\Apps\MEG\Scripts\meg_circular_connectogram_v2.py", line 504, in process_folder
    self.generate_connectivity_report(matrix, folder_path, method_freq, timestamp)
  File "c:\Users\dgane\Apps\MEG\Scripts\meg_circular_connectogram_v2.py", line 569, in generate_connectivity_report
    f.write(f"  {i}. {source} {direction} {target}: {strength:.6f}\n")
  File "C:\Users\dgane\AppData\Local\Programs\Python\Python311\Lib\encodings\cp1252.py", line 19, in encode
    return codecs.charmap_encode(input,self.errors,encoding_table)[0]
           ^^^^^^^^^^^^^^^^^^^^^^^^^^^^^^^^^^^^^^^^^^^^^^^^^^^^^^^
UnicodeEncodeError: 'charmap' codec can't encode character '\u2192' in position 10: character maps to <undefined>

2025-03-13 08:33:01,572 - INFO - Processing Cue_iPDC_10Hz...
2025-03-13 08:33:01,574 - INFO - Processing Data\DataSet5_Align_cue_626_to_938_unc\Wilcoxon_03102025-1305\Cue_iPDC_10Hz\iPDC_10Hz_L-R_BG.csv
2025-03-13 08:33:01,582 - INFO - Matrix shape: (32, 32)
2025-03-13 08:33:01,583 - INFO - Found 1024 connections out of 1024 possible connections
2025-03-13 08:33:07,439 - ERROR - Error processing Data\DataSet5_Align_cue_626_to_938_unc\Wilcoxon_03102025-1305\Cue_iPDC_10Hz: 'charmap' codec can't encode character '\u22a3' in position 10: character maps to <undefined>
2025-03-13 08:33:07,440 - ERROR - Traceback (most recent call last):
  File "c:\Users\dgane\Apps\MEG\Scripts\meg_circular_connectogram_v2.py", line 504, in process_folder
    self.generate_connectivity_report(matrix, folder_path, method_freq, timestamp)
  File "c:\Users\dgane\Apps\MEG\Scripts\meg_circular_connectogram_v2.py", line 569, in generate_connectivity_report
    f.write(f"  {i}. {source} {direction} {target}: {strength:.6f}\n")
  File "C:\Users\dgane\AppData\Local\Programs\Python\Python311\Lib\encodings\cp1252.py", line 19, in encode
    return codecs.charmap_encode(input,self.errors,encoding_table)[0]
           ^^^^^^^^^^^^^^^^^^^^^^^^^^^^^^^^^^^^^^^^^^^^^^^^^^^^^^^
UnicodeEncodeError: 'charmap' codec can't encode character '\u22a3' in position 10: character maps to <undefined>

2025-03-13 08:33:07,440 - INFO - Processing Cue_iPDC_20Hz...
2025-03-13 08:33:07,442 - INFO - Processing Data\DataSet5_Align_cue_626_to_938_unc\Wilcoxon_03102025-1305\Cue_iPDC_20Hz\iPDC_20Hz_L-R_BG.csv
2025-03-13 08:33:07,450 - INFO - Matrix shape: (32, 32)
2025-03-13 08:33:07,450 - INFO - Found 1024 connections out of 1024 possible connections
2025-03-13 08:33:13,266 - ERROR - Error processing Data\DataSet5_Align_cue_626_to_938_unc\Wilcoxon_03102025-1305\Cue_iPDC_20Hz: 'charmap' codec can't encode character '\u22a3' in position 10: character maps to <undefined>
2025-03-13 08:33:13,267 - ERROR - Traceback (most recent call last):
  File "c:\Users\dgane\Apps\MEG\Scripts\meg_circular_connectogram_v2.py", line 504, in process_folder
    self.generate_connectivity_report(matrix, folder_path, method_freq, timestamp)
  File "c:\Users\dgane\Apps\MEG\Scripts\meg_circular_connectogram_v2.py", line 569, in generate_connectivity_report
    f.write(f"  {i}. {source} {direction} {target}: {strength:.6f}\n")
  File "C:\Users\dgane\AppData\Local\Programs\Python\Python311\Lib\encodings\cp1252.py", line 19, in encode
    return codecs.charmap_encode(input,self.errors,encoding_table)[0]
           ^^^^^^^^^^^^^^^^^^^^^^^^^^^^^^^^^^^^^^^^^^^^^^^^^^^^^^^
UnicodeEncodeError: 'charmap' codec can't encode character '\u22a3' in position 10: character maps to <undefined>

2025-03-13 08:33:13,267 - INFO - 
---------------------
2025-03-13 08:33:13,267 - INFO - Processing complete!
2025-03-13 08:33:13,268 - INFO - Folders processed: 9
2025-03-13 08:33:13,268 - INFO - Visualizations created: 0
2025-03-13 08:33:13,268 - INFO - Errors encountered: 9
2025-03-13 08:33:13,268 - INFO - Process completed at: 2025-03-13 08:33:13
