2025-03-13 17:47:46,357 - INFO - Starting MEG Connectogram Visualization V2
2025-03-13 17:47:46,357 - INFO - Selected dataset: DataSet5_Align_cue_626_to_938_unc
2025-03-13 17:47:46,357 - INFO - Selected analysis type: Wilcoxon
2025-03-13 17:47:46,358 - INFO - Selected analysis folder: Wilcoxon_03102025-1305
2025-03-13 17:47:46,358 - INFO - Log file: Logs\connectogram_20250313-174746.log
2025-03-13 17:47:46,358 - INFO - Processing all folders in Wilcoxon_03102025-1305...
2025-03-13 17:47:46,358 - INFO - Processing Cue_gDTF_100Hz...
2025-03-13 17:47:46,359 - INFO - Processing Data\DataSet5_Align_cue_626_to_938_unc\Wilcoxon_03102025-1305\Cue_gDTF_100Hz\gDTF_100Hz_L-R_wilcoxon.csv
2025-03-13 17:47:46,359 - INFO - Matrix shape: (32, 32)
2025-03-13 17:47:46,361 - INFO - Found 45 connections out of 1024 possible connections
2025-03-13 17:47:47,145 - INFO - Created 'positive connections' connectogram for gDTF_100Hz
2025-03-13 17:47:47,145 - INFO - Saved PNG: Data\DataSet5_Align_cue_626_to_938_unc\Wilcoxon_03102025-1305\Cue_gDTF_100Hz\gDTF_100Hz_L-R_wilcoxon_circular_connectogram_positive_20250313-1747.png
2025-03-13 17:47:47,146 - INFO - Saved SVG: Data\DataSet5_Align_cue_626_to_938_unc\Wilcoxon_03102025-1305\Cue_gDTF_100Hz\gDTF_100Hz_L-R_wilcoxon_circular_connectogram_positive_20250313-1747.svg
2025-03-13 17:47:47,839 - INFO - Created 'negative connections' connectogram for gDTF_100Hz
2025-03-13 17:47:47,839 - INFO - Saved PNG: Data\DataSet5_Align_cue_626_to_938_unc\Wilcoxon_03102025-1305\Cue_gDTF_100Hz\gDTF_100Hz_L-R_wilcoxon_circular_connectogram_negative_20250313-1747.png
2025-03-13 17:47:47,840 - INFO - Saved SVG: Data\DataSet5_Align_cue_626_to_938_unc\Wilcoxon_03102025-1305\Cue_gDTF_100Hz\gDTF_100Hz_L-R_wilcoxon_circular_connectogram_negative_20250313-1747.svg
2025-03-13 17:47:47,841 - INFO - Saved connectivity report to: Data\DataSet5_Align_cue_626_to_938_unc\Wilcoxon_03102025-1305\Cue_gDTF_100Hz\gDTF_100Hz_connectivity_report_20250313-1747.txt
2025-03-13 17:47:47,841 - INFO - Processing Cue_gDTF_10Hz...
2025-03-13 17:47:47,842 - INFO - Processing Data\DataSet5_Align_cue_626_to_938_unc\Wilcoxon_03102025-1305\Cue_gDTF_10Hz\gDTF_10Hz_L-R_wilcoxon.csv
2025-03-13 17:47:47,842 - INFO - Matrix shape: (32, 32)
2025-03-13 17:47:47,842 - INFO - Found 74 connections out of 1024 possible connections
2025-03-13 17:47:48,672 - INFO - Created 'positive connections' connectogram for gDTF_10Hz
2025-03-13 17:47:48,672 - INFO - Saved PNG: Data\DataSet5_Align_cue_626_to_938_unc\Wilcoxon_03102025-1305\Cue_gDTF_10Hz\gDTF_10Hz_L-R_wilcoxon_circular_connectogram_positive_20250313-1747.png
2025-03-13 17:47:48,673 - INFO - Saved SVG: Data\DataSet5_Align_cue_626_to_938_unc\Wilcoxon_03102025-1305\Cue_gDTF_10Hz\gDTF_10Hz_L-R_wilcoxon_circular_connectogram_positive_20250313-1747.svg
2025-03-13 17:47:49,428 - INFO - Created 'negative connections' connectogram for gDTF_10Hz
2025-03-13 17:47:49,428 - INFO - Saved PNG: Data\DataSet5_Align_cue_626_to_938_unc\Wilcoxon_03102025-1305\Cue_gDTF_10Hz\gDTF_10Hz_L-R_wilcoxon_circular_connectogram_negative_20250313-1747.png
2025-03-13 17:47:49,428 - INFO - Saved SVG: Data\DataSet5_Align_cue_626_to_938_unc\Wilcoxon_03102025-1305\Cue_gDTF_10Hz\gDTF_10Hz_L-R_wilcoxon_circular_connectogram_negative_20250313-1747.svg
2025-03-13 17:47:49,429 - INFO - Saved connectivity report to: Data\DataSet5_Align_cue_626_to_938_unc\Wilcoxon_03102025-1305\Cue_gDTF_10Hz\gDTF_10Hz_connectivity_report_20250313-1747.txt
2025-03-13 17:47:49,429 - INFO - Processing Cue_gDTF_20Hz...
2025-03-13 17:47:49,430 - INFO - Processing Data\DataSet5_Align_cue_626_to_938_unc\Wilcoxon_03102025-1305\Cue_gDTF_20Hz\gDTF_20Hz_L-R_wilcoxon.csv
2025-03-13 17:47:49,431 - INFO - Matrix shape: (32, 32)
2025-03-13 17:47:49,431 - INFO - Found 59 connections out of 1024 possible connections
2025-03-13 17:47:50,243 - INFO - Created 'positive connections' connectogram for gDTF_20Hz
2025-03-13 17:47:50,243 - INFO - Saved PNG: Data\DataSet5_Align_cue_626_to_938_unc\Wilcoxon_03102025-1305\Cue_gDTF_20Hz\gDTF_20Hz_L-R_wilcoxon_circular_connectogram_positive_20250313-1747.png
2025-03-13 17:47:50,243 - INFO - Saved SVG: Data\DataSet5_Align_cue_626_to_938_unc\Wilcoxon_03102025-1305\Cue_gDTF_20Hz\gDTF_20Hz_L-R_wilcoxon_circular_connectogram_positive_20250313-1747.svg
2025-03-13 17:47:50,956 - INFO - Created 'negative connections' connectogram for gDTF_20Hz
2025-03-13 17:47:50,956 - INFO - Saved PNG: Data\DataSet5_Align_cue_626_to_938_unc\Wilcoxon_03102025-1305\Cue_gDTF_20Hz\gDTF_20Hz_L-R_wilcoxon_circular_connectogram_negative_20250313-1747.png
2025-03-13 17:47:50,956 - INFO - Saved SVG: Data\DataSet5_Align_cue_626_to_938_unc\Wilcoxon_03102025-1305\Cue_gDTF_20Hz\gDTF_20Hz_L-R_wilcoxon_circular_connectogram_negative_20250313-1747.svg
2025-03-13 17:47:50,957 - INFO - Saved connectivity report to: Data\DataSet5_Align_cue_626_to_938_unc\Wilcoxon_03102025-1305\Cue_gDTF_20Hz\gDTF_20Hz_connectivity_report_20250313-1747.txt
2025-03-13 17:47:50,957 - INFO - Processing Cue_gPDC_100Hz...
2025-03-13 17:47:50,958 - INFO - Processing Data\DataSet5_Align_cue_626_to_938_unc\Wilcoxon_03102025-1305\Cue_gPDC_100Hz\gPDC_100Hz_L-R_wilcoxon.csv
2025-03-13 17:47:50,959 - INFO - Matrix shape: (32, 32)
2025-03-13 17:47:50,959 - INFO - Found 62 connections out of 1024 possible connections
2025-03-13 17:47:51,787 - INFO - Created 'positive connections' connectogram for gPDC_100Hz
2025-03-13 17:47:51,788 - INFO - Saved PNG: Data\DataSet5_Align_cue_626_to_938_unc\Wilcoxon_03102025-1305\Cue_gPDC_100Hz\gPDC_100Hz_L-R_wilcoxon_circular_connectogram_positive_20250313-1747.png
2025-03-13 17:47:51,788 - INFO - Saved SVG: Data\DataSet5_Align_cue_626_to_938_unc\Wilcoxon_03102025-1305\Cue_gPDC_100Hz\gPDC_100Hz_L-R_wilcoxon_circular_connectogram_positive_20250313-1747.svg
2025-03-13 17:47:52,523 - INFO - Created 'negative connections' connectogram for gPDC_100Hz
2025-03-13 17:47:52,523 - INFO - Saved PNG: Data\DataSet5_Align_cue_626_to_938_unc\Wilcoxon_03102025-1305\Cue_gPDC_100Hz\gPDC_100Hz_L-R_wilcoxon_circular_connectogram_negative_20250313-1747.png
2025-03-13 17:47:52,523 - INFO - Saved SVG: Data\DataSet5_Align_cue_626_to_938_unc\Wilcoxon_03102025-1305\Cue_gPDC_100Hz\gPDC_100Hz_L-R_wilcoxon_circular_connectogram_negative_20250313-1747.svg
2025-03-13 17:47:52,525 - INFO - Saved connectivity report to: Data\DataSet5_Align_cue_626_to_938_unc\Wilcoxon_03102025-1305\Cue_gPDC_100Hz\gPDC_100Hz_connectivity_report_20250313-1747.txt
2025-03-13 17:47:52,525 - INFO - Processing Cue_gPDC_10Hz...
2025-03-13 17:47:52,526 - INFO - Processing Data\DataSet5_Align_cue_626_to_938_unc\Wilcoxon_03102025-1305\Cue_gPDC_10Hz\gPDC_10Hz_L-R_wilcoxon.csv
2025-03-13 17:47:52,526 - INFO - Matrix shape: (32, 32)
2025-03-13 17:47:52,526 - INFO - Found 67 connections out of 1024 possible connections
2025-03-13 17:47:53,316 - INFO - Created 'positive connections' connectogram for gPDC_10Hz
2025-03-13 17:47:53,316 - INFO - Saved PNG: Data\DataSet5_Align_cue_626_to_938_unc\Wilcoxon_03102025-1305\Cue_gPDC_10Hz\gPDC_10Hz_L-R_wilcoxon_circular_connectogram_positive_20250313-1747.png
2025-03-13 17:47:53,316 - INFO - Saved SVG: Data\DataSet5_Align_cue_626_to_938_unc\Wilcoxon_03102025-1305\Cue_gPDC_10Hz\gPDC_10Hz_L-R_wilcoxon_circular_connectogram_positive_20250313-1747.svg
2025-03-13 17:47:54,047 - INFO - Created 'negative connections' connectogram for gPDC_10Hz
2025-03-13 17:47:54,047 - INFO - Saved PNG: Data\DataSet5_Align_cue_626_to_938_unc\Wilcoxon_03102025-1305\Cue_gPDC_10Hz\gPDC_10Hz_L-R_wilcoxon_circular_connectogram_negative_20250313-1747.png
2025-03-13 17:47:54,048 - INFO - Saved SVG: Data\DataSet5_Align_cue_626_to_938_unc\Wilcoxon_03102025-1305\Cue_gPDC_10Hz\gPDC_10Hz_L-R_wilcoxon_circular_connectogram_negative_20250313-1747.svg
2025-03-13 17:47:54,048 - INFO - Saved connectivity report to: Data\DataSet5_Align_cue_626_to_938_unc\Wilcoxon_03102025-1305\Cue_gPDC_10Hz\gPDC_10Hz_connectivity_report_20250313-1747.txt
2025-03-13 17:47:54,049 - INFO - Processing Cue_gPDC_20Hz...
2025-03-13 17:47:54,049 - INFO - Processing Data\DataSet5_Align_cue_626_to_938_unc\Wilcoxon_03102025-1305\Cue_gPDC_20Hz\gPDC_20Hz_L-R_wilcoxon.csv
2025-03-13 17:47:54,049 - INFO - Matrix shape: (32, 32)
2025-03-13 17:47:54,050 - INFO - Found 70 connections out of 1024 possible connections
2025-03-13 17:47:54,823 - INFO - Created 'positive connections' connectogram for gPDC_20Hz
2025-03-13 17:47:54,823 - INFO - Saved PNG: Data\DataSet5_Align_cue_626_to_938_unc\Wilcoxon_03102025-1305\Cue_gPDC_20Hz\gPDC_20Hz_L-R_wilcoxon_circular_connectogram_positive_20250313-1747.png
2025-03-13 17:47:54,823 - INFO - Saved SVG: Data\DataSet5_Align_cue_626_to_938_unc\Wilcoxon_03102025-1305\Cue_gPDC_20Hz\gPDC_20Hz_L-R_wilcoxon_circular_connectogram_positive_20250313-1747.svg
2025-03-13 17:47:55,583 - INFO - Created 'negative connections' connectogram for gPDC_20Hz
2025-03-13 17:47:55,583 - INFO - Saved PNG: Data\DataSet5_Align_cue_626_to_938_unc\Wilcoxon_03102025-1305\Cue_gPDC_20Hz\gPDC_20Hz_L-R_wilcoxon_circular_connectogram_negative_20250313-1747.png
2025-03-13 17:47:55,583 - INFO - Saved SVG: Data\DataSet5_Align_cue_626_to_938_unc\Wilcoxon_03102025-1305\Cue_gPDC_20Hz\gPDC_20Hz_L-R_wilcoxon_circular_connectogram_negative_20250313-1747.svg
2025-03-13 17:47:55,585 - INFO - Saved connectivity report to: Data\DataSet5_Align_cue_626_to_938_unc\Wilcoxon_03102025-1305\Cue_gPDC_20Hz\gPDC_20Hz_connectivity_report_20250313-1747.txt
2025-03-13 17:47:55,585 - INFO - Processing Cue_iPDC_100Hz...
2025-03-13 17:47:55,586 - INFO - Processing Data\DataSet5_Align_cue_626_to_938_unc\Wilcoxon_03102025-1305\Cue_iPDC_100Hz\iPDC_100Hz_L-R_wilcoxon.csv
2025-03-13 17:47:55,587 - INFO - Matrix shape: (32, 32)
2025-03-13 17:47:55,587 - INFO - Found 59 connections out of 1024 possible connections
2025-03-13 17:47:56,327 - INFO - Created 'positive connections' connectogram for iPDC_100Hz
2025-03-13 17:47:56,327 - INFO - Saved PNG: Data\DataSet5_Align_cue_626_to_938_unc\Wilcoxon_03102025-1305\Cue_iPDC_100Hz\iPDC_100Hz_L-R_wilcoxon_circular_connectogram_positive_20250313-1747.png
2025-03-13 17:47:56,327 - INFO - Saved SVG: Data\DataSet5_Align_cue_626_to_938_unc\Wilcoxon_03102025-1305\Cue_iPDC_100Hz\iPDC_100Hz_L-R_wilcoxon_circular_connectogram_positive_20250313-1747.svg
2025-03-13 17:47:57,060 - INFO - Created 'negative connections' connectogram for iPDC_100Hz
2025-03-13 17:47:57,061 - INFO - Saved PNG: Data\DataSet5_Align_cue_626_to_938_unc\Wilcoxon_03102025-1305\Cue_iPDC_100Hz\iPDC_100Hz_L-R_wilcoxon_circular_connectogram_negative_20250313-1747.png
2025-03-13 17:47:57,061 - INFO - Saved SVG: Data\DataSet5_Align_cue_626_to_938_unc\Wilcoxon_03102025-1305\Cue_iPDC_100Hz\iPDC_100Hz_L-R_wilcoxon_circular_connectogram_negative_20250313-1747.svg
2025-03-13 17:47:57,062 - INFO - Saved connectivity report to: Data\DataSet5_Align_cue_626_to_938_unc\Wilcoxon_03102025-1305\Cue_iPDC_100Hz\iPDC_100Hz_connectivity_report_20250313-1747.txt
2025-03-13 17:47:57,063 - INFO - Processing Cue_iPDC_10Hz...
2025-03-13 17:47:57,063 - INFO - Processing Data\DataSet5_Align_cue_626_to_938_unc\Wilcoxon_03102025-1305\Cue_iPDC_10Hz\iPDC_10Hz_L-R_wilcoxon.csv
2025-03-13 17:47:57,063 - INFO - Matrix shape: (32, 32)
2025-03-13 17:47:57,063 - INFO - Found 65 connections out of 1024 possible connections
2025-03-13 17:47:57,908 - INFO - Created 'positive connections' connectogram for iPDC_10Hz
2025-03-13 17:47:57,908 - INFO - Saved PNG: Data\DataSet5_Align_cue_626_to_938_unc\Wilcoxon_03102025-1305\Cue_iPDC_10Hz\iPDC_10Hz_L-R_wilcoxon_circular_connectogram_positive_20250313-1747.png
2025-03-13 17:47:57,908 - INFO - Saved SVG: Data\DataSet5_Align_cue_626_to_938_unc\Wilcoxon_03102025-1305\Cue_iPDC_10Hz\iPDC_10Hz_L-R_wilcoxon_circular_connectogram_positive_20250313-1747.svg
2025-03-13 17:47:58,629 - INFO - Created 'negative connections' connectogram for iPDC_10Hz
2025-03-13 17:47:58,629 - INFO - Saved PNG: Data\DataSet5_Align_cue_626_to_938_unc\Wilcoxon_03102025-1305\Cue_iPDC_10Hz\iPDC_10Hz_L-R_wilcoxon_circular_connectogram_negative_20250313-1747.png
2025-03-13 17:47:58,629 - INFO - Saved SVG: Data\DataSet5_Align_cue_626_to_938_unc\Wilcoxon_03102025-1305\Cue_iPDC_10Hz\iPDC_10Hz_L-R_wilcoxon_circular_connectogram_negative_20250313-1747.svg
2025-03-13 17:47:58,630 - INFO - Saved connectivity report to: Data\DataSet5_Align_cue_626_to_938_unc\Wilcoxon_03102025-1305\Cue_iPDC_10Hz\iPDC_10Hz_connectivity_report_20250313-1747.txt
2025-03-13 17:47:58,630 - INFO - Processing Cue_iPDC_20Hz...
2025-03-13 17:47:58,631 - INFO - Processing Data\DataSet5_Align_cue_626_to_938_unc\Wilcoxon_03102025-1305\Cue_iPDC_20Hz\iPDC_20Hz_L-R_wilcoxon.csv
2025-03-13 17:47:58,632 - INFO - Matrix shape: (32, 32)
2025-03-13 17:47:58,632 - INFO - Found 62 connections out of 1024 possible connections
2025-03-13 17:47:59,393 - INFO - Created 'positive connections' connectogram for iPDC_20Hz
2025-03-13 17:47:59,395 - INFO - Saved PNG: Data\DataSet5_Align_cue_626_to_938_unc\Wilcoxon_03102025-1305\Cue_iPDC_20Hz\iPDC_20Hz_L-R_wilcoxon_circular_connectogram_positive_20250313-1747.png
2025-03-13 17:47:59,395 - INFO - Saved SVG: Data\DataSet5_Align_cue_626_to_938_unc\Wilcoxon_03102025-1305\Cue_iPDC_20Hz\iPDC_20Hz_L-R_wilcoxon_circular_connectogram_positive_20250313-1747.svg
2025-03-13 17:48:00,159 - INFO - Created 'negative connections' connectogram for iPDC_20Hz
2025-03-13 17:48:00,159 - INFO - Saved PNG: Data\DataSet5_Align_cue_626_to_938_unc\Wilcoxon_03102025-1305\Cue_iPDC_20Hz\iPDC_20Hz_L-R_wilcoxon_circular_connectogram_negative_20250313-1747.png
2025-03-13 17:48:00,160 - INFO - Saved SVG: Data\DataSet5_Align_cue_626_to_938_unc\Wilcoxon_03102025-1305\Cue_iPDC_20Hz\iPDC_20Hz_L-R_wilcoxon_circular_connectogram_negative_20250313-1747.svg
2025-03-13 17:48:00,161 - INFO - Saved connectivity report to: Data\DataSet5_Align_cue_626_to_938_unc\Wilcoxon_03102025-1305\Cue_iPDC_20Hz\iPDC_20Hz_connectivity_report_20250313-1747.txt
2025-03-13 17:48:00,161 - INFO - 
---------------------
2025-03-13 17:48:00,161 - INFO - Processing complete!
2025-03-13 17:48:00,161 - INFO - Folders processed: 9
2025-03-13 17:48:00,161 - INFO - Visualizations created: 18
2025-03-13 17:48:00,162 - INFO - Errors encountered: 0
2025-03-13 17:48:00,162 - INFO - Process completed at: 2025-03-13 17:48:00
