2025-03-13 17:40:41,891 - INFO - Starting MEG Connectogram Visualization V2
2025-03-13 17:40:41,891 - INFO - Selected dataset: DataSet5_Align_cue_626_to_938_unc
2025-03-13 17:40:41,891 - INFO - Selected analysis type: Wilcoxon
2025-03-13 17:40:41,891 - INFO - Selected analysis folder: Wilcoxon_03102025-1305
2025-03-13 17:40:41,891 - INFO - Log file: Logs\connectogram_20250313-174041.log
2025-03-13 17:40:41,891 - INFO - Processing all folders in Wilcoxon_03102025-1305...
2025-03-13 17:40:41,892 - INFO - Processing Cue_gDTF_100Hz...
2025-03-13 17:40:41,892 - INFO - Processing Data\DataSet5_Align_cue_626_to_938_unc\Wilcoxon_03102025-1305\Cue_gDTF_100Hz\gDTF_100Hz_L-R_wilcoxon.csv
2025-03-13 17:40:41,893 - INFO - Matrix shape: (32, 32)
2025-03-13 17:40:41,893 - INFO - Found 45 connections out of 1024 possible connections
2025-03-13 17:40:42,662 - INFO - Created 'positive connections' connectogram for gDTF_100Hz
2025-03-13 17:40:42,662 - INFO - Saved PNG: Data\DataSet5_Align_cue_626_to_938_unc\Wilcoxon_03102025-1305\Cue_gDTF_100Hz\gDTF_100Hz_L-R_wilcoxon_circular_connectogram_positive_20250313-1740.png
2025-03-13 17:40:42,662 - INFO - Saved SVG: Data\DataSet5_Align_cue_626_to_938_unc\Wilcoxon_03102025-1305\Cue_gDTF_100Hz\gDTF_100Hz_L-R_wilcoxon_circular_connectogram_positive_20250313-1740.svg
2025-03-13 17:40:43,346 - INFO - Created 'negative connections' connectogram for gDTF_100Hz
2025-03-13 17:40:43,346 - INFO - Saved PNG: Data\DataSet5_Align_cue_626_to_938_unc\Wilcoxon_03102025-1305\Cue_gDTF_100Hz\gDTF_100Hz_L-R_wilcoxon_circular_connectogram_negative_20250313-1740.png
2025-03-13 17:40:43,346 - INFO - Saved SVG: Data\DataSet5_Align_cue_626_to_938_unc\Wilcoxon_03102025-1305\Cue_gDTF_100Hz\gDTF_100Hz_L-R_wilcoxon_circular_connectogram_negative_20250313-1740.svg
2025-03-13 17:40:43,347 - INFO - Saved connectivity report to: Data\DataSet5_Align_cue_626_to_938_unc\Wilcoxon_03102025-1305\Cue_gDTF_100Hz\gDTF_100Hz_connectivity_report_20250313-1740.txt
2025-03-13 17:40:43,347 - INFO - Processing Cue_gDTF_10Hz...
2025-03-13 17:40:43,348 - INFO - Processing Data\DataSet5_Align_cue_626_to_938_unc\Wilcoxon_03102025-1305\Cue_gDTF_10Hz\gDTF_10Hz_L-R_wilcoxon.csv
2025-03-13 17:40:43,348 - INFO - Matrix shape: (32, 32)
2025-03-13 17:40:43,348 - INFO - Found 74 connections out of 1024 possible connections
2025-03-13 17:40:44,159 - INFO - Created 'positive connections' connectogram for gDTF_10Hz
2025-03-13 17:40:44,159 - INFO - Saved PNG: Data\DataSet5_Align_cue_626_to_938_unc\Wilcoxon_03102025-1305\Cue_gDTF_10Hz\gDTF_10Hz_L-R_wilcoxon_circular_connectogram_positive_20250313-1740.png
2025-03-13 17:40:44,160 - INFO - Saved SVG: Data\DataSet5_Align_cue_626_to_938_unc\Wilcoxon_03102025-1305\Cue_gDTF_10Hz\gDTF_10Hz_L-R_wilcoxon_circular_connectogram_positive_20250313-1740.svg
2025-03-13 17:40:44,897 - INFO - Created 'negative connections' connectogram for gDTF_10Hz
2025-03-13 17:40:44,897 - INFO - Saved PNG: Data\DataSet5_Align_cue_626_to_938_unc\Wilcoxon_03102025-1305\Cue_gDTF_10Hz\gDTF_10Hz_L-R_wilcoxon_circular_connectogram_negative_20250313-1740.png
2025-03-13 17:40:44,898 - INFO - Saved SVG: Data\DataSet5_Align_cue_626_to_938_unc\Wilcoxon_03102025-1305\Cue_gDTF_10Hz\gDTF_10Hz_L-R_wilcoxon_circular_connectogram_negative_20250313-1740.svg
2025-03-13 17:40:44,899 - INFO - Saved connectivity report to: Data\DataSet5_Align_cue_626_to_938_unc\Wilcoxon_03102025-1305\Cue_gDTF_10Hz\gDTF_10Hz_connectivity_report_20250313-1740.txt
2025-03-13 17:40:44,899 - INFO - Processing Cue_gDTF_20Hz...
2025-03-13 17:40:44,900 - INFO - Processing Data\DataSet5_Align_cue_626_to_938_unc\Wilcoxon_03102025-1305\Cue_gDTF_20Hz\gDTF_20Hz_L-R_wilcoxon.csv
2025-03-13 17:40:44,900 - INFO - Matrix shape: (32, 32)
2025-03-13 17:40:44,900 - INFO - Found 59 connections out of 1024 possible connections
2025-03-13 17:40:45,679 - INFO - Created 'positive connections' connectogram for gDTF_20Hz
2025-03-13 17:40:45,679 - INFO - Saved PNG: Data\DataSet5_Align_cue_626_to_938_unc\Wilcoxon_03102025-1305\Cue_gDTF_20Hz\gDTF_20Hz_L-R_wilcoxon_circular_connectogram_positive_20250313-1740.png
2025-03-13 17:40:45,679 - INFO - Saved SVG: Data\DataSet5_Align_cue_626_to_938_unc\Wilcoxon_03102025-1305\Cue_gDTF_20Hz\gDTF_20Hz_L-R_wilcoxon_circular_connectogram_positive_20250313-1740.svg
2025-03-13 17:40:46,428 - INFO - Created 'negative connections' connectogram for gDTF_20Hz
2025-03-13 17:40:46,428 - INFO - Saved PNG: Data\DataSet5_Align_cue_626_to_938_unc\Wilcoxon_03102025-1305\Cue_gDTF_20Hz\gDTF_20Hz_L-R_wilcoxon_circular_connectogram_negative_20250313-1740.png
2025-03-13 17:40:46,429 - INFO - Saved SVG: Data\DataSet5_Align_cue_626_to_938_unc\Wilcoxon_03102025-1305\Cue_gDTF_20Hz\gDTF_20Hz_L-R_wilcoxon_circular_connectogram_negative_20250313-1740.svg
2025-03-13 17:40:46,430 - INFO - Saved connectivity report to: Data\DataSet5_Align_cue_626_to_938_unc\Wilcoxon_03102025-1305\Cue_gDTF_20Hz\gDTF_20Hz_connectivity_report_20250313-1740.txt
2025-03-13 17:40:46,430 - INFO - Processing Cue_gPDC_100Hz...
2025-03-13 17:40:46,431 - INFO - Processing Data\DataSet5_Align_cue_626_to_938_unc\Wilcoxon_03102025-1305\Cue_gPDC_100Hz\gPDC_100Hz_L-R_wilcoxon.csv
2025-03-13 17:40:46,431 - INFO - Matrix shape: (32, 32)
2025-03-13 17:40:46,431 - INFO - Found 62 connections out of 1024 possible connections
2025-03-13 17:40:47,243 - INFO - Created 'positive connections' connectogram for gPDC_100Hz
2025-03-13 17:40:47,243 - INFO - Saved PNG: Data\DataSet5_Align_cue_626_to_938_unc\Wilcoxon_03102025-1305\Cue_gPDC_100Hz\gPDC_100Hz_L-R_wilcoxon_circular_connectogram_positive_20250313-1740.png
2025-03-13 17:40:47,243 - INFO - Saved SVG: Data\DataSet5_Align_cue_626_to_938_unc\Wilcoxon_03102025-1305\Cue_gPDC_100Hz\gPDC_100Hz_L-R_wilcoxon_circular_connectogram_positive_20250313-1740.svg
2025-03-13 17:40:47,966 - INFO - Created 'negative connections' connectogram for gPDC_100Hz
2025-03-13 17:40:47,966 - INFO - Saved PNG: Data\DataSet5_Align_cue_626_to_938_unc\Wilcoxon_03102025-1305\Cue_gPDC_100Hz\gPDC_100Hz_L-R_wilcoxon_circular_connectogram_negative_20250313-1740.png
2025-03-13 17:40:47,966 - INFO - Saved SVG: Data\DataSet5_Align_cue_626_to_938_unc\Wilcoxon_03102025-1305\Cue_gPDC_100Hz\gPDC_100Hz_L-R_wilcoxon_circular_connectogram_negative_20250313-1740.svg
2025-03-13 17:40:47,967 - INFO - Saved connectivity report to: Data\DataSet5_Align_cue_626_to_938_unc\Wilcoxon_03102025-1305\Cue_gPDC_100Hz\gPDC_100Hz_connectivity_report_20250313-1740.txt
2025-03-13 17:40:47,967 - INFO - Processing Cue_gPDC_10Hz...
2025-03-13 17:40:47,968 - INFO - Processing Data\DataSet5_Align_cue_626_to_938_unc\Wilcoxon_03102025-1305\Cue_gPDC_10Hz\gPDC_10Hz_L-R_wilcoxon.csv
2025-03-13 17:40:47,969 - INFO - Matrix shape: (32, 32)
2025-03-13 17:40:47,969 - INFO - Found 67 connections out of 1024 possible connections
2025-03-13 17:40:48,749 - INFO - Created 'positive connections' connectogram for gPDC_10Hz
2025-03-13 17:40:48,749 - INFO - Saved PNG: Data\DataSet5_Align_cue_626_to_938_unc\Wilcoxon_03102025-1305\Cue_gPDC_10Hz\gPDC_10Hz_L-R_wilcoxon_circular_connectogram_positive_20250313-1740.png
2025-03-13 17:40:48,750 - INFO - Saved SVG: Data\DataSet5_Align_cue_626_to_938_unc\Wilcoxon_03102025-1305\Cue_gPDC_10Hz\gPDC_10Hz_L-R_wilcoxon_circular_connectogram_positive_20250313-1740.svg
2025-03-13 17:40:49,479 - INFO - Created 'negative connections' connectogram for gPDC_10Hz
2025-03-13 17:40:49,479 - INFO - Saved PNG: Data\DataSet5_Align_cue_626_to_938_unc\Wilcoxon_03102025-1305\Cue_gPDC_10Hz\gPDC_10Hz_L-R_wilcoxon_circular_connectogram_negative_20250313-1740.png
2025-03-13 17:40:49,479 - INFO - Saved SVG: Data\DataSet5_Align_cue_626_to_938_unc\Wilcoxon_03102025-1305\Cue_gPDC_10Hz\gPDC_10Hz_L-R_wilcoxon_circular_connectogram_negative_20250313-1740.svg
2025-03-13 17:40:49,480 - INFO - Saved connectivity report to: Data\DataSet5_Align_cue_626_to_938_unc\Wilcoxon_03102025-1305\Cue_gPDC_10Hz\gPDC_10Hz_connectivity_report_20250313-1740.txt
2025-03-13 17:40:49,480 - INFO - Processing Cue_gPDC_20Hz...
2025-03-13 17:40:49,481 - INFO - Processing Data\DataSet5_Align_cue_626_to_938_unc\Wilcoxon_03102025-1305\Cue_gPDC_20Hz\gPDC_20Hz_L-R_wilcoxon.csv
2025-03-13 17:40:49,481 - INFO - Matrix shape: (32, 32)
2025-03-13 17:40:49,481 - INFO - Found 70 connections out of 1024 possible connections
2025-03-13 17:40:50,242 - INFO - Created 'positive connections' connectogram for gPDC_20Hz
2025-03-13 17:40:50,243 - INFO - Saved PNG: Data\DataSet5_Align_cue_626_to_938_unc\Wilcoxon_03102025-1305\Cue_gPDC_20Hz\gPDC_20Hz_L-R_wilcoxon_circular_connectogram_positive_20250313-1740.png
2025-03-13 17:40:50,243 - INFO - Saved SVG: Data\DataSet5_Align_cue_626_to_938_unc\Wilcoxon_03102025-1305\Cue_gPDC_20Hz\gPDC_20Hz_L-R_wilcoxon_circular_connectogram_positive_20250313-1740.svg
2025-03-13 17:40:51,010 - INFO - Created 'negative connections' connectogram for gPDC_20Hz
2025-03-13 17:40:51,011 - INFO - Saved PNG: Data\DataSet5_Align_cue_626_to_938_unc\Wilcoxon_03102025-1305\Cue_gPDC_20Hz\gPDC_20Hz_L-R_wilcoxon_circular_connectogram_negative_20250313-1740.png
2025-03-13 17:40:51,011 - INFO - Saved SVG: Data\DataSet5_Align_cue_626_to_938_unc\Wilcoxon_03102025-1305\Cue_gPDC_20Hz\gPDC_20Hz_L-R_wilcoxon_circular_connectogram_negative_20250313-1740.svg
2025-03-13 17:40:51,012 - INFO - Saved connectivity report to: Data\DataSet5_Align_cue_626_to_938_unc\Wilcoxon_03102025-1305\Cue_gPDC_20Hz\gPDC_20Hz_connectivity_report_20250313-1740.txt
2025-03-13 17:40:51,012 - INFO - Processing Cue_iPDC_100Hz...
2025-03-13 17:40:51,013 - INFO - Processing Data\DataSet5_Align_cue_626_to_938_unc\Wilcoxon_03102025-1305\Cue_iPDC_100Hz\iPDC_100Hz_L-R_wilcoxon.csv
2025-03-13 17:40:51,013 - INFO - Matrix shape: (32, 32)
2025-03-13 17:40:51,014 - INFO - Found 59 connections out of 1024 possible connections
2025-03-13 17:40:51,759 - INFO - Created 'positive connections' connectogram for iPDC_100Hz
2025-03-13 17:40:51,759 - INFO - Saved PNG: Data\DataSet5_Align_cue_626_to_938_unc\Wilcoxon_03102025-1305\Cue_iPDC_100Hz\iPDC_100Hz_L-R_wilcoxon_circular_connectogram_positive_20250313-1740.png
2025-03-13 17:40:51,759 - INFO - Saved SVG: Data\DataSet5_Align_cue_626_to_938_unc\Wilcoxon_03102025-1305\Cue_iPDC_100Hz\iPDC_100Hz_L-R_wilcoxon_circular_connectogram_positive_20250313-1740.svg
2025-03-13 17:40:52,511 - INFO - Created 'negative connections' connectogram for iPDC_100Hz
2025-03-13 17:40:52,511 - INFO - Saved PNG: Data\DataSet5_Align_cue_626_to_938_unc\Wilcoxon_03102025-1305\Cue_iPDC_100Hz\iPDC_100Hz_L-R_wilcoxon_circular_connectogram_negative_20250313-1740.png
2025-03-13 17:40:52,511 - INFO - Saved SVG: Data\DataSet5_Align_cue_626_to_938_unc\Wilcoxon_03102025-1305\Cue_iPDC_100Hz\iPDC_100Hz_L-R_wilcoxon_circular_connectogram_negative_20250313-1740.svg
2025-03-13 17:40:52,513 - INFO - Saved connectivity report to: Data\DataSet5_Align_cue_626_to_938_unc\Wilcoxon_03102025-1305\Cue_iPDC_100Hz\iPDC_100Hz_connectivity_report_20250313-1740.txt
2025-03-13 17:40:52,513 - INFO - Processing Cue_iPDC_10Hz...
2025-03-13 17:40:52,513 - INFO - Processing Data\DataSet5_Align_cue_626_to_938_unc\Wilcoxon_03102025-1305\Cue_iPDC_10Hz\iPDC_10Hz_L-R_wilcoxon.csv
2025-03-13 17:40:52,515 - INFO - Matrix shape: (32, 32)
2025-03-13 17:40:52,515 - INFO - Found 65 connections out of 1024 possible connections
2025-03-13 17:40:53,382 - INFO - Created 'positive connections' connectogram for iPDC_10Hz
2025-03-13 17:40:53,383 - INFO - Saved PNG: Data\DataSet5_Align_cue_626_to_938_unc\Wilcoxon_03102025-1305\Cue_iPDC_10Hz\iPDC_10Hz_L-R_wilcoxon_circular_connectogram_positive_20250313-1740.png
2025-03-13 17:40:53,383 - INFO - Saved SVG: Data\DataSet5_Align_cue_626_to_938_unc\Wilcoxon_03102025-1305\Cue_iPDC_10Hz\iPDC_10Hz_L-R_wilcoxon_circular_connectogram_positive_20250313-1740.svg
2025-03-13 17:40:54,120 - INFO - Created 'negative connections' connectogram for iPDC_10Hz
2025-03-13 17:40:54,121 - INFO - Saved PNG: Data\DataSet5_Align_cue_626_to_938_unc\Wilcoxon_03102025-1305\Cue_iPDC_10Hz\iPDC_10Hz_L-R_wilcoxon_circular_connectogram_negative_20250313-1740.png
2025-03-13 17:40:54,121 - INFO - Saved SVG: Data\DataSet5_Align_cue_626_to_938_unc\Wilcoxon_03102025-1305\Cue_iPDC_10Hz\iPDC_10Hz_L-R_wilcoxon_circular_connectogram_negative_20250313-1740.svg
2025-03-13 17:40:54,122 - INFO - Saved connectivity report to: Data\DataSet5_Align_cue_626_to_938_unc\Wilcoxon_03102025-1305\Cue_iPDC_10Hz\iPDC_10Hz_connectivity_report_20250313-1740.txt
2025-03-13 17:40:54,122 - INFO - Processing Cue_iPDC_20Hz...
2025-03-13 17:40:54,123 - INFO - Processing Data\DataSet5_Align_cue_626_to_938_unc\Wilcoxon_03102025-1305\Cue_iPDC_20Hz\iPDC_20Hz_L-R_wilcoxon.csv
2025-03-13 17:40:54,123 - INFO - Matrix shape: (32, 32)
2025-03-13 17:40:54,124 - INFO - Found 62 connections out of 1024 possible connections
2025-03-13 17:40:54,942 - INFO - Created 'positive connections' connectogram for iPDC_20Hz
2025-03-13 17:40:54,943 - INFO - Saved PNG: Data\DataSet5_Align_cue_626_to_938_unc\Wilcoxon_03102025-1305\Cue_iPDC_20Hz\iPDC_20Hz_L-R_wilcoxon_circular_connectogram_positive_20250313-1740.png
2025-03-13 17:40:54,943 - INFO - Saved SVG: Data\DataSet5_Align_cue_626_to_938_unc\Wilcoxon_03102025-1305\Cue_iPDC_20Hz\iPDC_20Hz_L-R_wilcoxon_circular_connectogram_positive_20250313-1740.svg
2025-03-13 17:40:55,719 - INFO - Created 'negative connections' connectogram for iPDC_20Hz
2025-03-13 17:40:55,719 - INFO - Saved PNG: Data\DataSet5_Align_cue_626_to_938_unc\Wilcoxon_03102025-1305\Cue_iPDC_20Hz\iPDC_20Hz_L-R_wilcoxon_circular_connectogram_negative_20250313-1740.png
2025-03-13 17:40:55,719 - INFO - Saved SVG: Data\DataSet5_Align_cue_626_to_938_unc\Wilcoxon_03102025-1305\Cue_iPDC_20Hz\iPDC_20Hz_L-R_wilcoxon_circular_connectogram_negative_20250313-1740.svg
2025-03-13 17:40:55,721 - INFO - Saved connectivity report to: Data\DataSet5_Align_cue_626_to_938_unc\Wilcoxon_03102025-1305\Cue_iPDC_20Hz\iPDC_20Hz_connectivity_report_20250313-1740.txt
2025-03-13 17:40:55,721 - INFO - 
---------------------
2025-03-13 17:40:55,721 - INFO - Processing complete!
2025-03-13 17:40:55,721 - INFO - Folders processed: 9
2025-03-13 17:40:55,721 - INFO - Visualizations created: 18
2025-03-13 17:40:55,722 - INFO - Errors encountered: 0
2025-03-13 17:40:55,722 - INFO - Process completed at: 2025-03-13 17:40:55
