2025-03-13 18:00:25,206 - INFO - Starting MEG Connectogram Visualization V2
2025-03-13 18:00:25,207 - INFO - Selected dataset: DataSet5_Align_cue_626_to_938_unc
2025-03-13 18:00:25,207 - INFO - Selected analysis type: Wilcoxon
2025-03-13 18:00:25,207 - INFO - Selected analysis folder: Wilcoxon_03102025-1305
2025-03-13 18:00:25,207 - INFO - Log file: Logs\connectogram_20250313-180025.log
2025-03-13 18:00:25,207 - INFO - Processing all folders in Wilcoxon_03102025-1305...
2025-03-13 18:00:25,208 - INFO - Processing Cue_gDTF_100Hz...
2025-03-13 18:00:25,209 - INFO - Processing Data\DataSet5_Align_cue_626_to_938_unc\Wilcoxon_03102025-1305\Cue_gDTF_100Hz\gDTF_100Hz_L-R_wilcoxon.csv
2025-03-13 18:00:25,209 - INFO - Matrix shape: (32, 32)
2025-03-13 18:00:25,209 - INFO - Found 45 connections out of 1024 possible connections
2025-03-13 18:00:26,033 - INFO - Created 'positive connections' connectogram for gDTF_100Hz
2025-03-13 18:00:26,033 - INFO - Saved PNG: Data\DataSet5_Align_cue_626_to_938_unc\Wilcoxon_03102025-1305\Cue_gDTF_100Hz\gDTF_100Hz_L-R_wilcoxon_circular_connectogram_positive_20250313-1800.png
2025-03-13 18:00:26,033 - INFO - Saved SVG: Data\DataSet5_Align_cue_626_to_938_unc\Wilcoxon_03102025-1305\Cue_gDTF_100Hz\gDTF_100Hz_L-R_wilcoxon_circular_connectogram_positive_20250313-1800.svg
2025-03-13 18:00:26,748 - INFO - Created 'negative connections' connectogram for gDTF_100Hz
2025-03-13 18:00:26,748 - INFO - Saved PNG: Data\DataSet5_Align_cue_626_to_938_unc\Wilcoxon_03102025-1305\Cue_gDTF_100Hz\gDTF_100Hz_L-R_wilcoxon_circular_connectogram_negative_20250313-1800.png
2025-03-13 18:00:26,748 - INFO - Saved SVG: Data\DataSet5_Align_cue_626_to_938_unc\Wilcoxon_03102025-1305\Cue_gDTF_100Hz\gDTF_100Hz_L-R_wilcoxon_circular_connectogram_negative_20250313-1800.svg
2025-03-13 18:00:26,749 - INFO - Saved connectivity report to: Data\DataSet5_Align_cue_626_to_938_unc\Wilcoxon_03102025-1305\Cue_gDTF_100Hz\gDTF_100Hz_connectivity_report_20250313-1800.txt
2025-03-13 18:00:26,749 - INFO - Processing Cue_gDTF_10Hz...
2025-03-13 18:00:26,750 - INFO - Processing Data\DataSet5_Align_cue_626_to_938_unc\Wilcoxon_03102025-1305\Cue_gDTF_10Hz\gDTF_10Hz_L-R_wilcoxon.csv
2025-03-13 18:00:26,751 - INFO - Matrix shape: (32, 32)
2025-03-13 18:00:26,751 - INFO - Found 74 connections out of 1024 possible connections
2025-03-13 18:00:27,602 - INFO - Created 'positive connections' connectogram for gDTF_10Hz
2025-03-13 18:00:27,603 - INFO - Saved PNG: Data\DataSet5_Align_cue_626_to_938_unc\Wilcoxon_03102025-1305\Cue_gDTF_10Hz\gDTF_10Hz_L-R_wilcoxon_circular_connectogram_positive_20250313-1800.png
2025-03-13 18:00:27,603 - INFO - Saved SVG: Data\DataSet5_Align_cue_626_to_938_unc\Wilcoxon_03102025-1305\Cue_gDTF_10Hz\gDTF_10Hz_L-R_wilcoxon_circular_connectogram_positive_20250313-1800.svg
2025-03-13 18:00:28,363 - INFO - Created 'negative connections' connectogram for gDTF_10Hz
2025-03-13 18:00:28,365 - INFO - Saved PNG: Data\DataSet5_Align_cue_626_to_938_unc\Wilcoxon_03102025-1305\Cue_gDTF_10Hz\gDTF_10Hz_L-R_wilcoxon_circular_connectogram_negative_20250313-1800.png
2025-03-13 18:00:28,365 - INFO - Saved SVG: Data\DataSet5_Align_cue_626_to_938_unc\Wilcoxon_03102025-1305\Cue_gDTF_10Hz\gDTF_10Hz_L-R_wilcoxon_circular_connectogram_negative_20250313-1800.svg
2025-03-13 18:00:28,366 - INFO - Saved connectivity report to: Data\DataSet5_Align_cue_626_to_938_unc\Wilcoxon_03102025-1305\Cue_gDTF_10Hz\gDTF_10Hz_connectivity_report_20250313-1800.txt
2025-03-13 18:00:28,366 - INFO - Processing Cue_gDTF_20Hz...
2025-03-13 18:00:28,366 - INFO - Processing Data\DataSet5_Align_cue_626_to_938_unc\Wilcoxon_03102025-1305\Cue_gDTF_20Hz\gDTF_20Hz_L-R_wilcoxon.csv
2025-03-13 18:00:28,367 - INFO - Matrix shape: (32, 32)
2025-03-13 18:00:28,367 - INFO - Found 59 connections out of 1024 possible connections
2025-03-13 18:00:29,223 - INFO - Created 'positive connections' connectogram for gDTF_20Hz
2025-03-13 18:00:29,223 - INFO - Saved PNG: Data\DataSet5_Align_cue_626_to_938_unc\Wilcoxon_03102025-1305\Cue_gDTF_20Hz\gDTF_20Hz_L-R_wilcoxon_circular_connectogram_positive_20250313-1800.png
2025-03-13 18:00:29,223 - INFO - Saved SVG: Data\DataSet5_Align_cue_626_to_938_unc\Wilcoxon_03102025-1305\Cue_gDTF_20Hz\gDTF_20Hz_L-R_wilcoxon_circular_connectogram_positive_20250313-1800.svg
2025-03-13 18:00:29,963 - INFO - Created 'negative connections' connectogram for gDTF_20Hz
2025-03-13 18:00:29,963 - INFO - Saved PNG: Data\DataSet5_Align_cue_626_to_938_unc\Wilcoxon_03102025-1305\Cue_gDTF_20Hz\gDTF_20Hz_L-R_wilcoxon_circular_connectogram_negative_20250313-1800.png
2025-03-13 18:00:29,964 - INFO - Saved SVG: Data\DataSet5_Align_cue_626_to_938_unc\Wilcoxon_03102025-1305\Cue_gDTF_20Hz\gDTF_20Hz_L-R_wilcoxon_circular_connectogram_negative_20250313-1800.svg
2025-03-13 18:00:29,965 - INFO - Saved connectivity report to: Data\DataSet5_Align_cue_626_to_938_unc\Wilcoxon_03102025-1305\Cue_gDTF_20Hz\gDTF_20Hz_connectivity_report_20250313-1800.txt
2025-03-13 18:00:29,965 - INFO - Processing Cue_gPDC_100Hz...
2025-03-13 18:00:29,966 - INFO - Processing Data\DataSet5_Align_cue_626_to_938_unc\Wilcoxon_03102025-1305\Cue_gPDC_100Hz\gPDC_100Hz_L-R_wilcoxon.csv
2025-03-13 18:00:29,966 - INFO - Matrix shape: (32, 32)
2025-03-13 18:00:29,966 - INFO - Found 62 connections out of 1024 possible connections
2025-03-13 18:00:30,831 - INFO - Created 'positive connections' connectogram for gPDC_100Hz
2025-03-13 18:00:30,832 - INFO - Saved PNG: Data\DataSet5_Align_cue_626_to_938_unc\Wilcoxon_03102025-1305\Cue_gPDC_100Hz\gPDC_100Hz_L-R_wilcoxon_circular_connectogram_positive_20250313-1800.png
2025-03-13 18:00:30,832 - INFO - Saved SVG: Data\DataSet5_Align_cue_626_to_938_unc\Wilcoxon_03102025-1305\Cue_gPDC_100Hz\gPDC_100Hz_L-R_wilcoxon_circular_connectogram_positive_20250313-1800.svg
2025-03-13 18:00:31,573 - INFO - Created 'negative connections' connectogram for gPDC_100Hz
2025-03-13 18:00:31,573 - INFO - Saved PNG: Data\DataSet5_Align_cue_626_to_938_unc\Wilcoxon_03102025-1305\Cue_gPDC_100Hz\gPDC_100Hz_L-R_wilcoxon_circular_connectogram_negative_20250313-1800.png
2025-03-13 18:00:31,573 - INFO - Saved SVG: Data\DataSet5_Align_cue_626_to_938_unc\Wilcoxon_03102025-1305\Cue_gPDC_100Hz\gPDC_100Hz_L-R_wilcoxon_circular_connectogram_negative_20250313-1800.svg
2025-03-13 18:00:31,575 - INFO - Saved connectivity report to: Data\DataSet5_Align_cue_626_to_938_unc\Wilcoxon_03102025-1305\Cue_gPDC_100Hz\gPDC_100Hz_connectivity_report_20250313-1800.txt
2025-03-13 18:00:31,575 - INFO - Processing Cue_gPDC_10Hz...
2025-03-13 18:00:31,576 - INFO - Processing Data\DataSet5_Align_cue_626_to_938_unc\Wilcoxon_03102025-1305\Cue_gPDC_10Hz\gPDC_10Hz_L-R_wilcoxon.csv
2025-03-13 18:00:31,576 - INFO - Matrix shape: (32, 32)
2025-03-13 18:00:31,576 - INFO - Found 67 connections out of 1024 possible connections
2025-03-13 18:00:32,396 - INFO - Created 'positive connections' connectogram for gPDC_10Hz
2025-03-13 18:00:32,396 - INFO - Saved PNG: Data\DataSet5_Align_cue_626_to_938_unc\Wilcoxon_03102025-1305\Cue_gPDC_10Hz\gPDC_10Hz_L-R_wilcoxon_circular_connectogram_positive_20250313-1800.png
2025-03-13 18:00:32,396 - INFO - Saved SVG: Data\DataSet5_Align_cue_626_to_938_unc\Wilcoxon_03102025-1305\Cue_gPDC_10Hz\gPDC_10Hz_L-R_wilcoxon_circular_connectogram_positive_20250313-1800.svg
2025-03-13 18:00:33,159 - INFO - Created 'negative connections' connectogram for gPDC_10Hz
2025-03-13 18:00:33,159 - INFO - Saved PNG: Data\DataSet5_Align_cue_626_to_938_unc\Wilcoxon_03102025-1305\Cue_gPDC_10Hz\gPDC_10Hz_L-R_wilcoxon_circular_connectogram_negative_20250313-1800.png
2025-03-13 18:00:33,159 - INFO - Saved SVG: Data\DataSet5_Align_cue_626_to_938_unc\Wilcoxon_03102025-1305\Cue_gPDC_10Hz\gPDC_10Hz_L-R_wilcoxon_circular_connectogram_negative_20250313-1800.svg
2025-03-13 18:00:33,160 - INFO - Saved connectivity report to: Data\DataSet5_Align_cue_626_to_938_unc\Wilcoxon_03102025-1305\Cue_gPDC_10Hz\gPDC_10Hz_connectivity_report_20250313-1800.txt
2025-03-13 18:00:33,161 - INFO - Processing Cue_gPDC_20Hz...
2025-03-13 18:00:33,161 - INFO - Processing Data\DataSet5_Align_cue_626_to_938_unc\Wilcoxon_03102025-1305\Cue_gPDC_20Hz\gPDC_20Hz_L-R_wilcoxon.csv
2025-03-13 18:00:33,161 - INFO - Matrix shape: (32, 32)
2025-03-13 18:00:33,161 - INFO - Found 70 connections out of 1024 possible connections
2025-03-13 18:00:33,970 - INFO - Created 'positive connections' connectogram for gPDC_20Hz
2025-03-13 18:00:33,970 - INFO - Saved PNG: Data\DataSet5_Align_cue_626_to_938_unc\Wilcoxon_03102025-1305\Cue_gPDC_20Hz\gPDC_20Hz_L-R_wilcoxon_circular_connectogram_positive_20250313-1800.png
2025-03-13 18:00:33,970 - INFO - Saved SVG: Data\DataSet5_Align_cue_626_to_938_unc\Wilcoxon_03102025-1305\Cue_gPDC_20Hz\gPDC_20Hz_L-R_wilcoxon_circular_connectogram_positive_20250313-1800.svg
2025-03-13 18:00:34,810 - INFO - Created 'negative connections' connectogram for gPDC_20Hz
2025-03-13 18:00:34,810 - INFO - Saved PNG: Data\DataSet5_Align_cue_626_to_938_unc\Wilcoxon_03102025-1305\Cue_gPDC_20Hz\gPDC_20Hz_L-R_wilcoxon_circular_connectogram_negative_20250313-1800.png
2025-03-13 18:00:34,810 - INFO - Saved SVG: Data\DataSet5_Align_cue_626_to_938_unc\Wilcoxon_03102025-1305\Cue_gPDC_20Hz\gPDC_20Hz_L-R_wilcoxon_circular_connectogram_negative_20250313-1800.svg
2025-03-13 18:00:34,812 - INFO - Saved connectivity report to: Data\DataSet5_Align_cue_626_to_938_unc\Wilcoxon_03102025-1305\Cue_gPDC_20Hz\gPDC_20Hz_connectivity_report_20250313-1800.txt
2025-03-13 18:00:34,812 - INFO - Processing Cue_iPDC_100Hz...
2025-03-13 18:00:34,813 - INFO - Processing Data\DataSet5_Align_cue_626_to_938_unc\Wilcoxon_03102025-1305\Cue_iPDC_100Hz\iPDC_100Hz_L-R_wilcoxon.csv
2025-03-13 18:00:34,813 - INFO - Matrix shape: (32, 32)
2025-03-13 18:00:34,813 - INFO - Found 59 connections out of 1024 possible connections
2025-03-13 18:00:35,589 - INFO - Created 'positive connections' connectogram for iPDC_100Hz
2025-03-13 18:00:35,589 - INFO - Saved PNG: Data\DataSet5_Align_cue_626_to_938_unc\Wilcoxon_03102025-1305\Cue_iPDC_100Hz\iPDC_100Hz_L-R_wilcoxon_circular_connectogram_positive_20250313-1800.png
2025-03-13 18:00:35,590 - INFO - Saved SVG: Data\DataSet5_Align_cue_626_to_938_unc\Wilcoxon_03102025-1305\Cue_iPDC_100Hz\iPDC_100Hz_L-R_wilcoxon_circular_connectogram_positive_20250313-1800.svg
2025-03-13 18:00:36,373 - INFO - Created 'negative connections' connectogram for iPDC_100Hz
2025-03-13 18:00:36,374 - INFO - Saved PNG: Data\DataSet5_Align_cue_626_to_938_unc\Wilcoxon_03102025-1305\Cue_iPDC_100Hz\iPDC_100Hz_L-R_wilcoxon_circular_connectogram_negative_20250313-1800.png
2025-03-13 18:00:36,374 - INFO - Saved SVG: Data\DataSet5_Align_cue_626_to_938_unc\Wilcoxon_03102025-1305\Cue_iPDC_100Hz\iPDC_100Hz_L-R_wilcoxon_circular_connectogram_negative_20250313-1800.svg
2025-03-13 18:00:36,375 - INFO - Saved connectivity report to: Data\DataSet5_Align_cue_626_to_938_unc\Wilcoxon_03102025-1305\Cue_iPDC_100Hz\iPDC_100Hz_connectivity_report_20250313-1800.txt
2025-03-13 18:00:36,375 - INFO - Processing Cue_iPDC_10Hz...
2025-03-13 18:00:36,376 - INFO - Processing Data\DataSet5_Align_cue_626_to_938_unc\Wilcoxon_03102025-1305\Cue_iPDC_10Hz\iPDC_10Hz_L-R_wilcoxon.csv
2025-03-13 18:00:36,377 - INFO - Matrix shape: (32, 32)
2025-03-13 18:00:36,377 - INFO - Found 65 connections out of 1024 possible connections
2025-03-13 18:00:37,301 - INFO - Created 'positive connections' connectogram for iPDC_10Hz
2025-03-13 18:00:37,301 - INFO - Saved PNG: Data\DataSet5_Align_cue_626_to_938_unc\Wilcoxon_03102025-1305\Cue_iPDC_10Hz\iPDC_10Hz_L-R_wilcoxon_circular_connectogram_positive_20250313-1800.png
2025-03-13 18:00:37,301 - INFO - Saved SVG: Data\DataSet5_Align_cue_626_to_938_unc\Wilcoxon_03102025-1305\Cue_iPDC_10Hz\iPDC_10Hz_L-R_wilcoxon_circular_connectogram_positive_20250313-1800.svg
2025-03-13 18:00:38,144 - INFO - Created 'negative connections' connectogram for iPDC_10Hz
2025-03-13 18:00:38,145 - INFO - Saved PNG: Data\DataSet5_Align_cue_626_to_938_unc\Wilcoxon_03102025-1305\Cue_iPDC_10Hz\iPDC_10Hz_L-R_wilcoxon_circular_connectogram_negative_20250313-1800.png
2025-03-13 18:00:38,145 - INFO - Saved SVG: Data\DataSet5_Align_cue_626_to_938_unc\Wilcoxon_03102025-1305\Cue_iPDC_10Hz\iPDC_10Hz_L-R_wilcoxon_circular_connectogram_negative_20250313-1800.svg
2025-03-13 18:00:38,146 - INFO - Saved connectivity report to: Data\DataSet5_Align_cue_626_to_938_unc\Wilcoxon_03102025-1305\Cue_iPDC_10Hz\iPDC_10Hz_connectivity_report_20250313-1800.txt
2025-03-13 18:00:38,146 - INFO - Processing Cue_iPDC_20Hz...
2025-03-13 18:00:38,147 - INFO - Processing Data\DataSet5_Align_cue_626_to_938_unc\Wilcoxon_03102025-1305\Cue_iPDC_20Hz\iPDC_20Hz_L-R_wilcoxon.csv
2025-03-13 18:00:38,147 - INFO - Matrix shape: (32, 32)
2025-03-13 18:00:38,148 - INFO - Found 62 connections out of 1024 possible connections
2025-03-13 18:00:38,941 - INFO - Created 'positive connections' connectogram for iPDC_20Hz
2025-03-13 18:00:38,941 - INFO - Saved PNG: Data\DataSet5_Align_cue_626_to_938_unc\Wilcoxon_03102025-1305\Cue_iPDC_20Hz\iPDC_20Hz_L-R_wilcoxon_circular_connectogram_positive_20250313-1800.png
2025-03-13 18:00:38,941 - INFO - Saved SVG: Data\DataSet5_Align_cue_626_to_938_unc\Wilcoxon_03102025-1305\Cue_iPDC_20Hz\iPDC_20Hz_L-R_wilcoxon_circular_connectogram_positive_20250313-1800.svg
2025-03-13 18:00:39,734 - INFO - Created 'negative connections' connectogram for iPDC_20Hz
2025-03-13 18:00:39,734 - INFO - Saved PNG: Data\DataSet5_Align_cue_626_to_938_unc\Wilcoxon_03102025-1305\Cue_iPDC_20Hz\iPDC_20Hz_L-R_wilcoxon_circular_connectogram_negative_20250313-1800.png
2025-03-13 18:00:39,735 - INFO - Saved SVG: Data\DataSet5_Align_cue_626_to_938_unc\Wilcoxon_03102025-1305\Cue_iPDC_20Hz\iPDC_20Hz_L-R_wilcoxon_circular_connectogram_negative_20250313-1800.svg
2025-03-13 18:00:39,736 - INFO - Saved connectivity report to: Data\DataSet5_Align_cue_626_to_938_unc\Wilcoxon_03102025-1305\Cue_iPDC_20Hz\iPDC_20Hz_connectivity_report_20250313-1800.txt
2025-03-13 18:00:39,736 - INFO - 
---------------------
2025-03-13 18:00:39,736 - INFO - Processing complete!
2025-03-13 18:00:39,736 - INFO - Folders processed: 9
2025-03-13 18:00:39,737 - INFO - Visualizations created: 18
2025-03-13 18:00:39,737 - INFO - Errors encountered: 0
2025-03-13 18:00:39,737 - INFO - Process completed at: 2025-03-13 18:00:39
