2025-03-13 20:05:29,517 - INFO - Starting MEG Connectogram Visualization V2
2025-03-13 20:05:29,518 - INFO - Selected dataset: DataSet5_Align_cue_626_to_938_unc
2025-03-13 20:05:29,518 - INFO - Selected analysis type: Wilcoxon
2025-03-13 20:05:29,518 - INFO - Selected analysis folder: Wilcoxon_03102025-1305
2025-03-13 20:05:29,518 - INFO - Log file: Logs\connectogram_20250313-200529.log
2025-03-13 20:05:29,519 - INFO - Processing all folders in Wilcoxon_03102025-1305...
2025-03-13 20:05:29,519 - INFO - Processing Cue_gDTF_100Hz...
2025-03-13 20:05:29,520 - INFO - Processing Data\DataSet5_Align_cue_626_to_938_unc\Wilcoxon_03102025-1305\Cue_gDTF_100Hz\gDTF_100Hz_L-R_wilcoxon.csv
2025-03-13 20:05:29,520 - INFO - Matrix shape: (32, 32)
2025-03-13 20:05:29,520 - INFO - Found 45 connections out of 1024 possible connections
2025-03-13 20:05:30,405 - INFO - Created 'positive connections' connectogram for gDTF_100Hz
2025-03-13 20:05:30,406 - INFO - Saved PNG: Data\DataSet5_Align_cue_626_to_938_unc\Wilcoxon_03102025-1305\Cue_gDTF_100Hz\gDTF_100Hz_L-R_wilcoxon_circular_connectogram_positive_20250313-2005.png
2025-03-13 20:05:30,406 - INFO - Saved SVG: Data\DataSet5_Align_cue_626_to_938_unc\Wilcoxon_03102025-1305\Cue_gDTF_100Hz\gDTF_100Hz_L-R_wilcoxon_circular_connectogram_positive_20250313-2005.svg
2025-03-13 20:05:31,228 - INFO - Created 'negative connections' connectogram for gDTF_100Hz
2025-03-13 20:05:31,228 - INFO - Saved PNG: Data\DataSet5_Align_cue_626_to_938_unc\Wilcoxon_03102025-1305\Cue_gDTF_100Hz\gDTF_100Hz_L-R_wilcoxon_circular_connectogram_negative_20250313-2005.png
2025-03-13 20:05:31,228 - INFO - Saved SVG: Data\DataSet5_Align_cue_626_to_938_unc\Wilcoxon_03102025-1305\Cue_gDTF_100Hz\gDTF_100Hz_L-R_wilcoxon_circular_connectogram_negative_20250313-2005.svg
2025-03-13 20:05:31,229 - INFO - Saved connectivity report to: Data\DataSet5_Align_cue_626_to_938_unc\Wilcoxon_03102025-1305\Cue_gDTF_100Hz\gDTF_100Hz_connectivity_report_20250313-2005.txt
2025-03-13 20:05:31,230 - INFO - Processing Cue_gDTF_10Hz...
2025-03-13 20:05:31,230 - INFO - Processing Data\DataSet5_Align_cue_626_to_938_unc\Wilcoxon_03102025-1305\Cue_gDTF_10Hz\gDTF_10Hz_L-R_wilcoxon.csv
2025-03-13 20:05:31,230 - INFO - Matrix shape: (32, 32)
2025-03-13 20:05:31,230 - INFO - Found 74 connections out of 1024 possible connections
2025-03-13 20:05:32,230 - INFO - Created 'positive connections' connectogram for gDTF_10Hz
2025-03-13 20:05:32,231 - INFO - Saved PNG: Data\DataSet5_Align_cue_626_to_938_unc\Wilcoxon_03102025-1305\Cue_gDTF_10Hz\gDTF_10Hz_L-R_wilcoxon_circular_connectogram_positive_20250313-2005.png
2025-03-13 20:05:32,231 - INFO - Saved SVG: Data\DataSet5_Align_cue_626_to_938_unc\Wilcoxon_03102025-1305\Cue_gDTF_10Hz\gDTF_10Hz_L-R_wilcoxon_circular_connectogram_positive_20250313-2005.svg
2025-03-13 20:05:33,078 - INFO - Created 'negative connections' connectogram for gDTF_10Hz
2025-03-13 20:05:33,078 - INFO - Saved PNG: Data\DataSet5_Align_cue_626_to_938_unc\Wilcoxon_03102025-1305\Cue_gDTF_10Hz\gDTF_10Hz_L-R_wilcoxon_circular_connectogram_negative_20250313-2005.png
2025-03-13 20:05:33,078 - INFO - Saved SVG: Data\DataSet5_Align_cue_626_to_938_unc\Wilcoxon_03102025-1305\Cue_gDTF_10Hz\gDTF_10Hz_L-R_wilcoxon_circular_connectogram_negative_20250313-2005.svg
2025-03-13 20:05:33,079 - INFO - Saved connectivity report to: Data\DataSet5_Align_cue_626_to_938_unc\Wilcoxon_03102025-1305\Cue_gDTF_10Hz\gDTF_10Hz_connectivity_report_20250313-2005.txt
2025-03-13 20:05:33,080 - INFO - Processing Cue_gDTF_20Hz...
2025-03-13 20:05:33,081 - INFO - Processing Data\DataSet5_Align_cue_626_to_938_unc\Wilcoxon_03102025-1305\Cue_gDTF_20Hz\gDTF_20Hz_L-R_wilcoxon.csv
2025-03-13 20:05:33,081 - INFO - Matrix shape: (32, 32)
2025-03-13 20:05:33,081 - INFO - Found 59 connections out of 1024 possible connections
2025-03-13 20:05:33,938 - INFO - Created 'positive connections' connectogram for gDTF_20Hz
2025-03-13 20:05:33,938 - INFO - Saved PNG: Data\DataSet5_Align_cue_626_to_938_unc\Wilcoxon_03102025-1305\Cue_gDTF_20Hz\gDTF_20Hz_L-R_wilcoxon_circular_connectogram_positive_20250313-2005.png
2025-03-13 20:05:33,939 - INFO - Saved SVG: Data\DataSet5_Align_cue_626_to_938_unc\Wilcoxon_03102025-1305\Cue_gDTF_20Hz\gDTF_20Hz_L-R_wilcoxon_circular_connectogram_positive_20250313-2005.svg
2025-03-13 20:05:34,760 - INFO - Created 'negative connections' connectogram for gDTF_20Hz
2025-03-13 20:05:34,760 - INFO - Saved PNG: Data\DataSet5_Align_cue_626_to_938_unc\Wilcoxon_03102025-1305\Cue_gDTF_20Hz\gDTF_20Hz_L-R_wilcoxon_circular_connectogram_negative_20250313-2005.png
2025-03-13 20:05:34,760 - INFO - Saved SVG: Data\DataSet5_Align_cue_626_to_938_unc\Wilcoxon_03102025-1305\Cue_gDTF_20Hz\gDTF_20Hz_L-R_wilcoxon_circular_connectogram_negative_20250313-2005.svg
2025-03-13 20:05:34,762 - INFO - Saved connectivity report to: Data\DataSet5_Align_cue_626_to_938_unc\Wilcoxon_03102025-1305\Cue_gDTF_20Hz\gDTF_20Hz_connectivity_report_20250313-2005.txt
2025-03-13 20:05:34,762 - INFO - Processing Cue_gPDC_100Hz...
2025-03-13 20:05:34,763 - INFO - Processing Data\DataSet5_Align_cue_626_to_938_unc\Wilcoxon_03102025-1305\Cue_gPDC_100Hz\gPDC_100Hz_L-R_wilcoxon.csv
2025-03-13 20:05:34,763 - INFO - Matrix shape: (32, 32)
2025-03-13 20:05:34,764 - INFO - Found 62 connections out of 1024 possible connections
2025-03-13 20:05:35,616 - INFO - Created 'positive connections' connectogram for gPDC_100Hz
2025-03-13 20:05:35,617 - INFO - Saved PNG: Data\DataSet5_Align_cue_626_to_938_unc\Wilcoxon_03102025-1305\Cue_gPDC_100Hz\gPDC_100Hz_L-R_wilcoxon_circular_connectogram_positive_20250313-2005.png
2025-03-13 20:05:35,617 - INFO - Saved SVG: Data\DataSet5_Align_cue_626_to_938_unc\Wilcoxon_03102025-1305\Cue_gPDC_100Hz\gPDC_100Hz_L-R_wilcoxon_circular_connectogram_positive_20250313-2005.svg
2025-03-13 20:05:36,469 - INFO - Created 'negative connections' connectogram for gPDC_100Hz
2025-03-13 20:05:36,470 - INFO - Saved PNG: Data\DataSet5_Align_cue_626_to_938_unc\Wilcoxon_03102025-1305\Cue_gPDC_100Hz\gPDC_100Hz_L-R_wilcoxon_circular_connectogram_negative_20250313-2005.png
2025-03-13 20:05:36,470 - INFO - Saved SVG: Data\DataSet5_Align_cue_626_to_938_unc\Wilcoxon_03102025-1305\Cue_gPDC_100Hz\gPDC_100Hz_L-R_wilcoxon_circular_connectogram_negative_20250313-2005.svg
2025-03-13 20:05:36,471 - INFO - Saved connectivity report to: Data\DataSet5_Align_cue_626_to_938_unc\Wilcoxon_03102025-1305\Cue_gPDC_100Hz\gPDC_100Hz_connectivity_report_20250313-2005.txt
2025-03-13 20:05:36,471 - INFO - Processing Cue_gPDC_10Hz...
2025-03-13 20:05:36,472 - INFO - Processing Data\DataSet5_Align_cue_626_to_938_unc\Wilcoxon_03102025-1305\Cue_gPDC_10Hz\gPDC_10Hz_L-R_wilcoxon.csv
2025-03-13 20:05:36,472 - INFO - Matrix shape: (32, 32)
2025-03-13 20:05:36,472 - INFO - Found 67 connections out of 1024 possible connections
2025-03-13 20:05:37,411 - INFO - Created 'positive connections' connectogram for gPDC_10Hz
2025-03-13 20:05:37,411 - INFO - Saved PNG: Data\DataSet5_Align_cue_626_to_938_unc\Wilcoxon_03102025-1305\Cue_gPDC_10Hz\gPDC_10Hz_L-R_wilcoxon_circular_connectogram_positive_20250313-2005.png
2025-03-13 20:05:37,411 - INFO - Saved SVG: Data\DataSet5_Align_cue_626_to_938_unc\Wilcoxon_03102025-1305\Cue_gPDC_10Hz\gPDC_10Hz_L-R_wilcoxon_circular_connectogram_positive_20250313-2005.svg
2025-03-13 20:05:38,273 - INFO - Created 'negative connections' connectogram for gPDC_10Hz
2025-03-13 20:05:38,273 - INFO - Saved PNG: Data\DataSet5_Align_cue_626_to_938_unc\Wilcoxon_03102025-1305\Cue_gPDC_10Hz\gPDC_10Hz_L-R_wilcoxon_circular_connectogram_negative_20250313-2005.png
2025-03-13 20:05:38,273 - INFO - Saved SVG: Data\DataSet5_Align_cue_626_to_938_unc\Wilcoxon_03102025-1305\Cue_gPDC_10Hz\gPDC_10Hz_L-R_wilcoxon_circular_connectogram_negative_20250313-2005.svg
2025-03-13 20:05:38,274 - INFO - Saved connectivity report to: Data\DataSet5_Align_cue_626_to_938_unc\Wilcoxon_03102025-1305\Cue_gPDC_10Hz\gPDC_10Hz_connectivity_report_20250313-2005.txt
2025-03-13 20:05:38,275 - INFO - Processing Cue_gPDC_20Hz...
2025-03-13 20:05:38,275 - INFO - Processing Data\DataSet5_Align_cue_626_to_938_unc\Wilcoxon_03102025-1305\Cue_gPDC_20Hz\gPDC_20Hz_L-R_wilcoxon.csv
2025-03-13 20:05:38,276 - INFO - Matrix shape: (32, 32)
2025-03-13 20:05:38,276 - INFO - Found 70 connections out of 1024 possible connections
2025-03-13 20:05:39,172 - INFO - Created 'positive connections' connectogram for gPDC_20Hz
2025-03-13 20:05:39,172 - INFO - Saved PNG: Data\DataSet5_Align_cue_626_to_938_unc\Wilcoxon_03102025-1305\Cue_gPDC_20Hz\gPDC_20Hz_L-R_wilcoxon_circular_connectogram_positive_20250313-2005.png
2025-03-13 20:05:39,172 - INFO - Saved SVG: Data\DataSet5_Align_cue_626_to_938_unc\Wilcoxon_03102025-1305\Cue_gPDC_20Hz\gPDC_20Hz_L-R_wilcoxon_circular_connectogram_positive_20250313-2005.svg
2025-03-13 20:05:40,077 - INFO - Created 'negative connections' connectogram for gPDC_20Hz
2025-03-13 20:05:40,078 - INFO - Saved PNG: Data\DataSet5_Align_cue_626_to_938_unc\Wilcoxon_03102025-1305\Cue_gPDC_20Hz\gPDC_20Hz_L-R_wilcoxon_circular_connectogram_negative_20250313-2005.png
2025-03-13 20:05:40,078 - INFO - Saved SVG: Data\DataSet5_Align_cue_626_to_938_unc\Wilcoxon_03102025-1305\Cue_gPDC_20Hz\gPDC_20Hz_L-R_wilcoxon_circular_connectogram_negative_20250313-2005.svg
2025-03-13 20:05:40,079 - INFO - Saved connectivity report to: Data\DataSet5_Align_cue_626_to_938_unc\Wilcoxon_03102025-1305\Cue_gPDC_20Hz\gPDC_20Hz_connectivity_report_20250313-2005.txt
2025-03-13 20:05:40,079 - INFO - Processing Cue_iPDC_100Hz...
2025-03-13 20:05:40,080 - INFO - Processing Data\DataSet5_Align_cue_626_to_938_unc\Wilcoxon_03102025-1305\Cue_iPDC_100Hz\iPDC_100Hz_L-R_wilcoxon.csv
2025-03-13 20:05:40,081 - INFO - Matrix shape: (32, 32)
2025-03-13 20:05:40,081 - INFO - Found 59 connections out of 1024 possible connections
2025-03-13 20:05:40,985 - INFO - Created 'positive connections' connectogram for iPDC_100Hz
2025-03-13 20:05:40,985 - INFO - Saved PNG: Data\DataSet5_Align_cue_626_to_938_unc\Wilcoxon_03102025-1305\Cue_iPDC_100Hz\iPDC_100Hz_L-R_wilcoxon_circular_connectogram_positive_20250313-2005.png
2025-03-13 20:05:40,985 - INFO - Saved SVG: Data\DataSet5_Align_cue_626_to_938_unc\Wilcoxon_03102025-1305\Cue_iPDC_100Hz\iPDC_100Hz_L-R_wilcoxon_circular_connectogram_positive_20250313-2005.svg
2025-03-13 20:05:41,908 - INFO - Created 'negative connections' connectogram for iPDC_100Hz
2025-03-13 20:05:41,908 - INFO - Saved PNG: Data\DataSet5_Align_cue_626_to_938_unc\Wilcoxon_03102025-1305\Cue_iPDC_100Hz\iPDC_100Hz_L-R_wilcoxon_circular_connectogram_negative_20250313-2005.png
2025-03-13 20:05:41,908 - INFO - Saved SVG: Data\DataSet5_Align_cue_626_to_938_unc\Wilcoxon_03102025-1305\Cue_iPDC_100Hz\iPDC_100Hz_L-R_wilcoxon_circular_connectogram_negative_20250313-2005.svg
2025-03-13 20:05:41,910 - INFO - Saved connectivity report to: Data\DataSet5_Align_cue_626_to_938_unc\Wilcoxon_03102025-1305\Cue_iPDC_100Hz\iPDC_100Hz_connectivity_report_20250313-2005.txt
2025-03-13 20:05:41,910 - INFO - Processing Cue_iPDC_10Hz...
2025-03-13 20:05:41,911 - INFO - Processing Data\DataSet5_Align_cue_626_to_938_unc\Wilcoxon_03102025-1305\Cue_iPDC_10Hz\iPDC_10Hz_L-R_wilcoxon.csv
2025-03-13 20:05:41,911 - INFO - Matrix shape: (32, 32)
2025-03-13 20:05:41,911 - INFO - Found 65 connections out of 1024 possible connections
2025-03-13 20:05:42,817 - INFO - Created 'positive connections' connectogram for iPDC_10Hz
2025-03-13 20:05:42,818 - INFO - Saved PNG: Data\DataSet5_Align_cue_626_to_938_unc\Wilcoxon_03102025-1305\Cue_iPDC_10Hz\iPDC_10Hz_L-R_wilcoxon_circular_connectogram_positive_20250313-2005.png
2025-03-13 20:05:42,818 - INFO - Saved SVG: Data\DataSet5_Align_cue_626_to_938_unc\Wilcoxon_03102025-1305\Cue_iPDC_10Hz\iPDC_10Hz_L-R_wilcoxon_circular_connectogram_positive_20250313-2005.svg
2025-03-13 20:05:43,684 - INFO - Created 'negative connections' connectogram for iPDC_10Hz
2025-03-13 20:05:43,684 - INFO - Saved PNG: Data\DataSet5_Align_cue_626_to_938_unc\Wilcoxon_03102025-1305\Cue_iPDC_10Hz\iPDC_10Hz_L-R_wilcoxon_circular_connectogram_negative_20250313-2005.png
2025-03-13 20:05:43,685 - INFO - Saved SVG: Data\DataSet5_Align_cue_626_to_938_unc\Wilcoxon_03102025-1305\Cue_iPDC_10Hz\iPDC_10Hz_L-R_wilcoxon_circular_connectogram_negative_20250313-2005.svg
2025-03-13 20:05:43,686 - INFO - Saved connectivity report to: Data\DataSet5_Align_cue_626_to_938_unc\Wilcoxon_03102025-1305\Cue_iPDC_10Hz\iPDC_10Hz_connectivity_report_20250313-2005.txt
2025-03-13 20:05:43,686 - INFO - Processing Cue_iPDC_20Hz...
2025-03-13 20:05:43,687 - INFO - Processing Data\DataSet5_Align_cue_626_to_938_unc\Wilcoxon_03102025-1305\Cue_iPDC_20Hz\iPDC_20Hz_L-R_wilcoxon.csv
2025-03-13 20:05:43,687 - INFO - Matrix shape: (32, 32)
2025-03-13 20:05:43,688 - INFO - Found 62 connections out of 1024 possible connections
2025-03-13 20:05:44,561 - INFO - Created 'positive connections' connectogram for iPDC_20Hz
2025-03-13 20:05:44,561 - INFO - Saved PNG: Data\DataSet5_Align_cue_626_to_938_unc\Wilcoxon_03102025-1305\Cue_iPDC_20Hz\iPDC_20Hz_L-R_wilcoxon_circular_connectogram_positive_20250313-2005.png
2025-03-13 20:05:44,562 - INFO - Saved SVG: Data\DataSet5_Align_cue_626_to_938_unc\Wilcoxon_03102025-1305\Cue_iPDC_20Hz\iPDC_20Hz_L-R_wilcoxon_circular_connectogram_positive_20250313-2005.svg
2025-03-13 20:05:45,439 - INFO - Created 'negative connections' connectogram for iPDC_20Hz
2025-03-13 20:05:45,439 - INFO - Saved PNG: Data\DataSet5_Align_cue_626_to_938_unc\Wilcoxon_03102025-1305\Cue_iPDC_20Hz\iPDC_20Hz_L-R_wilcoxon_circular_connectogram_negative_20250313-2005.png
2025-03-13 20:05:45,439 - INFO - Saved SVG: Data\DataSet5_Align_cue_626_to_938_unc\Wilcoxon_03102025-1305\Cue_iPDC_20Hz\iPDC_20Hz_L-R_wilcoxon_circular_connectogram_negative_20250313-2005.svg
2025-03-13 20:05:45,441 - INFO - Saved connectivity report to: Data\DataSet5_Align_cue_626_to_938_unc\Wilcoxon_03102025-1305\Cue_iPDC_20Hz\iPDC_20Hz_connectivity_report_20250313-2005.txt
2025-03-13 20:05:45,441 - INFO - 
---------------------
2025-03-13 20:05:45,441 - INFO - Processing complete!
2025-03-13 20:05:45,442 - INFO - Folders processed: 9
2025-03-13 20:05:45,442 - INFO - Visualizations created: 18
2025-03-13 20:05:45,442 - INFO - Errors encountered: 0
2025-03-13 20:05:45,442 - INFO - Process completed at: 2025-03-13 20:05:45
