2025-03-14 17:56:49,409 - INFO - Starting MEG Connectogram Visualization V2
2025-03-14 17:56:49,409 - INFO - Selected dataset: DataSet5_Align_cue_626_to_938_unc
2025-03-14 17:56:49,409 - INFO - Selected analysis type: Wilcoxon
2025-03-14 17:56:49,410 - INFO - Selected analysis folder: Wilcoxon_03102025-1305
2025-03-14 17:56:49,410 - INFO - Log file: Logs\connectogram_20250314-175649.log
2025-03-14 17:56:49,410 - INFO - Processing all folders in Wilcoxon_03102025-1305...
2025-03-14 17:56:49,410 - INFO - Processing Cue_gDTF_100Hz...
2025-03-14 17:56:49,410 - INFO - Processing folder: Cue_gDTF_100Hz
2025-03-14 17:56:49,411 - INFO - Found 1 statistical test files
2025-03-14 17:56:49,412 - INFO - Processing gDTF_100Hz_L-R (wilcoxon)
2025-03-14 17:56:49,412 - INFO - Reading connectivity matrix from gDTF_100Hz_L-R_wilcoxon.csv
2025-03-14 17:56:58,458 - INFO - Processing Cue_gDTF_10Hz...
2025-03-14 17:56:58,458 - INFO - Processing folder: Cue_gDTF_10Hz
2025-03-14 17:56:58,459 - INFO - Found 1 statistical test files
2025-03-14 17:56:58,459 - INFO - Processing gDTF_10Hz_L-R (wilcoxon)
2025-03-14 17:56:58,459 - INFO - Reading connectivity matrix from gDTF_10Hz_L-R_wilcoxon.csv
2025-03-14 17:57:07,832 - INFO - Processing Cue_gDTF_20Hz...
2025-03-14 17:57:07,832 - INFO - Processing folder: Cue_gDTF_20Hz
2025-03-14 17:57:07,832 - INFO - Found 1 statistical test files
2025-03-14 17:57:07,833 - INFO - Processing gDTF_20Hz_L-R (wilcoxon)
2025-03-14 17:57:07,833 - INFO - Reading connectivity matrix from gDTF_20Hz_L-R_wilcoxon.csv
2025-03-14 17:57:17,449 - INFO - Processing Cue_gPDC_100Hz...
2025-03-14 17:57:17,449 - INFO - Processing folder: Cue_gPDC_100Hz
2025-03-14 17:57:17,450 - INFO - Found 1 statistical test files
2025-03-14 17:57:17,450 - INFO - Processing gPDC_100Hz_L-R (wilcoxon)
2025-03-14 17:57:17,450 - INFO - Reading connectivity matrix from gPDC_100Hz_L-R_wilcoxon.csv
2025-03-14 17:57:27,241 - INFO - Processing Cue_gPDC_10Hz...
2025-03-14 17:57:27,241 - INFO - Processing folder: Cue_gPDC_10Hz
2025-03-14 17:57:27,242 - INFO - Found 1 statistical test files
2025-03-14 17:57:27,242 - INFO - Processing gPDC_10Hz_L-R (wilcoxon)
2025-03-14 17:57:27,242 - INFO - Reading connectivity matrix from gPDC_10Hz_L-R_wilcoxon.csv
2025-03-14 17:57:36,708 - INFO - Processing Cue_gPDC_20Hz...
2025-03-14 17:57:36,708 - INFO - Processing folder: Cue_gPDC_20Hz
2025-03-14 17:57:36,708 - INFO - Found 1 statistical test files
2025-03-14 17:57:36,709 - INFO - Processing gPDC_20Hz_L-R (wilcoxon)
2025-03-14 17:57:36,709 - INFO - Reading connectivity matrix from gPDC_20Hz_L-R_wilcoxon.csv
2025-03-14 17:57:46,144 - INFO - Processing Cue_iPDC_100Hz...
2025-03-14 17:57:46,145 - INFO - Processing folder: Cue_iPDC_100Hz
2025-03-14 17:57:46,145 - INFO - Found 1 statistical test files
2025-03-14 17:57:46,146 - INFO - Processing iPDC_100Hz_L-R (wilcoxon)
2025-03-14 17:57:46,146 - INFO - Reading connectivity matrix from iPDC_100Hz_L-R_wilcoxon.csv
2025-03-14 17:57:55,490 - INFO - Processing Cue_iPDC_10Hz...
2025-03-14 17:57:55,491 - INFO - Processing folder: Cue_iPDC_10Hz
2025-03-14 17:57:55,491 - INFO - Found 1 statistical test files
2025-03-14 17:57:55,491 - INFO - Processing iPDC_10Hz_L-R (wilcoxon)
2025-03-14 17:57:55,491 - INFO - Reading connectivity matrix from iPDC_10Hz_L-R_wilcoxon.csv
2025-03-14 17:58:04,892 - INFO - Processing Cue_iPDC_20Hz...
2025-03-14 17:58:04,893 - INFO - Processing folder: Cue_iPDC_20Hz
2025-03-14 17:58:04,893 - INFO - Found 1 statistical test files
2025-03-14 17:58:04,894 - INFO - Processing iPDC_20Hz_L-R (wilcoxon)
2025-03-14 17:58:04,894 - INFO - Reading connectivity matrix from iPDC_20Hz_L-R_wilcoxon.csv
2025-03-14 17:58:14,679 - INFO - 
---------------------
2025-03-14 17:58:14,679 - INFO - Processing complete!
2025-03-14 17:58:14,679 - INFO - Folders processed: 9
2025-03-14 17:58:14,679 - INFO - Visualizations created: 18
2025-03-14 17:58:14,679 - INFO - Errors encountered: 0
2025-03-14 17:58:14,680 - INFO - Process completed at: 2025-03-14 17:58:14
