2025-03-13 18:27:12,133 - INFO - Starting MEG Connectogram Visualization V2
2025-03-13 18:27:12,133 - INFO - Selected dataset: DataSet5_Align_cue_626_to_938_unc
2025-03-13 18:27:12,133 - INFO - Selected analysis type: Wilcoxon
2025-03-13 18:27:12,133 - INFO - Selected analysis folder: Wilcoxon_03102025-1305
2025-03-13 18:27:12,133 - INFO - Log file: Logs\connectogram_20250313-182712.log
2025-03-13 18:27:12,134 - INFO - Processing all folders in Wilcoxon_03102025-1305...
2025-03-13 18:27:12,134 - INFO - Processing Cue_gDTF_100Hz...
2025-03-13 18:27:12,136 - INFO - Processing Data\DataSet5_Align_cue_626_to_938_unc\Wilcoxon_03102025-1305\Cue_gDTF_100Hz\gDTF_100Hz_L-R_wilcoxon.csv
2025-03-13 18:27:12,137 - INFO - Matrix shape: (32, 32)
2025-03-13 18:27:12,137 - INFO - Found 45 connections out of 1024 possible connections
2025-03-13 18:27:12,905 - INFO - Created 'positive connections' connectogram for gDTF_100Hz
2025-03-13 18:27:12,905 - INFO - Saved PNG: Data\DataSet5_Align_cue_626_to_938_unc\Wilcoxon_03102025-1305\Cue_gDTF_100Hz\gDTF_100Hz_L-R_wilcoxon_circular_connectogram_positive_20250313-1827.png
2025-03-13 18:27:12,905 - INFO - Saved SVG: Data\DataSet5_Align_cue_626_to_938_unc\Wilcoxon_03102025-1305\Cue_gDTF_100Hz\gDTF_100Hz_L-R_wilcoxon_circular_connectogram_positive_20250313-1827.svg
2025-03-13 18:27:13,569 - INFO - Created 'negative connections' connectogram for gDTF_100Hz
2025-03-13 18:27:13,569 - INFO - Saved PNG: Data\DataSet5_Align_cue_626_to_938_unc\Wilcoxon_03102025-1305\Cue_gDTF_100Hz\gDTF_100Hz_L-R_wilcoxon_circular_connectogram_negative_20250313-1827.png
2025-03-13 18:27:13,569 - INFO - Saved SVG: Data\DataSet5_Align_cue_626_to_938_unc\Wilcoxon_03102025-1305\Cue_gDTF_100Hz\gDTF_100Hz_L-R_wilcoxon_circular_connectogram_negative_20250313-1827.svg
2025-03-13 18:27:13,570 - INFO - Saved connectivity report to: Data\DataSet5_Align_cue_626_to_938_unc\Wilcoxon_03102025-1305\Cue_gDTF_100Hz\gDTF_100Hz_connectivity_report_20250313-1827.txt
2025-03-13 18:27:13,571 - INFO - Processing Cue_gDTF_10Hz...
2025-03-13 18:27:13,572 - INFO - Processing Data\DataSet5_Align_cue_626_to_938_unc\Wilcoxon_03102025-1305\Cue_gDTF_10Hz\gDTF_10Hz_L-R_wilcoxon.csv
2025-03-13 18:27:13,572 - INFO - Matrix shape: (32, 32)
2025-03-13 18:27:13,573 - INFO - Found 74 connections out of 1024 possible connections
2025-03-13 18:27:14,291 - INFO - Created 'positive connections' connectogram for gDTF_10Hz
2025-03-13 18:27:14,291 - INFO - Saved PNG: Data\DataSet5_Align_cue_626_to_938_unc\Wilcoxon_03102025-1305\Cue_gDTF_10Hz\gDTF_10Hz_L-R_wilcoxon_circular_connectogram_positive_20250313-1827.png
2025-03-13 18:27:14,292 - INFO - Saved SVG: Data\DataSet5_Align_cue_626_to_938_unc\Wilcoxon_03102025-1305\Cue_gDTF_10Hz\gDTF_10Hz_L-R_wilcoxon_circular_connectogram_positive_20250313-1827.svg
2025-03-13 18:27:15,013 - INFO - Created 'negative connections' connectogram for gDTF_10Hz
2025-03-13 18:27:15,014 - INFO - Saved PNG: Data\DataSet5_Align_cue_626_to_938_unc\Wilcoxon_03102025-1305\Cue_gDTF_10Hz\gDTF_10Hz_L-R_wilcoxon_circular_connectogram_negative_20250313-1827.png
2025-03-13 18:27:15,014 - INFO - Saved SVG: Data\DataSet5_Align_cue_626_to_938_unc\Wilcoxon_03102025-1305\Cue_gDTF_10Hz\gDTF_10Hz_L-R_wilcoxon_circular_connectogram_negative_20250313-1827.svg
2025-03-13 18:27:15,015 - INFO - Saved connectivity report to: Data\DataSet5_Align_cue_626_to_938_unc\Wilcoxon_03102025-1305\Cue_gDTF_10Hz\gDTF_10Hz_connectivity_report_20250313-1827.txt
2025-03-13 18:27:15,015 - INFO - Processing Cue_gDTF_20Hz...
2025-03-13 18:27:15,016 - INFO - Processing Data\DataSet5_Align_cue_626_to_938_unc\Wilcoxon_03102025-1305\Cue_gDTF_20Hz\gDTF_20Hz_L-R_wilcoxon.csv
2025-03-13 18:27:15,016 - INFO - Matrix shape: (32, 32)
2025-03-13 18:27:15,016 - INFO - Found 59 connections out of 1024 possible connections
2025-03-13 18:27:15,728 - INFO - Created 'positive connections' connectogram for gDTF_20Hz
2025-03-13 18:27:15,728 - INFO - Saved PNG: Data\DataSet5_Align_cue_626_to_938_unc\Wilcoxon_03102025-1305\Cue_gDTF_20Hz\gDTF_20Hz_L-R_wilcoxon_circular_connectogram_positive_20250313-1827.png
2025-03-13 18:27:15,729 - INFO - Saved SVG: Data\DataSet5_Align_cue_626_to_938_unc\Wilcoxon_03102025-1305\Cue_gDTF_20Hz\gDTF_20Hz_L-R_wilcoxon_circular_connectogram_positive_20250313-1827.svg
2025-03-13 18:27:16,415 - INFO - Created 'negative connections' connectogram for gDTF_20Hz
2025-03-13 18:27:16,415 - INFO - Saved PNG: Data\DataSet5_Align_cue_626_to_938_unc\Wilcoxon_03102025-1305\Cue_gDTF_20Hz\gDTF_20Hz_L-R_wilcoxon_circular_connectogram_negative_20250313-1827.png
2025-03-13 18:27:16,416 - INFO - Saved SVG: Data\DataSet5_Align_cue_626_to_938_unc\Wilcoxon_03102025-1305\Cue_gDTF_20Hz\gDTF_20Hz_L-R_wilcoxon_circular_connectogram_negative_20250313-1827.svg
2025-03-13 18:27:16,416 - INFO - Saved connectivity report to: Data\DataSet5_Align_cue_626_to_938_unc\Wilcoxon_03102025-1305\Cue_gDTF_20Hz\gDTF_20Hz_connectivity_report_20250313-1827.txt
2025-03-13 18:27:16,416 - INFO - Processing Cue_gPDC_100Hz...
2025-03-13 18:27:16,419 - INFO - Processing Data\DataSet5_Align_cue_626_to_938_unc\Wilcoxon_03102025-1305\Cue_gPDC_100Hz\gPDC_100Hz_L-R_wilcoxon.csv
2025-03-13 18:27:16,419 - INFO - Matrix shape: (32, 32)
2025-03-13 18:27:16,419 - INFO - Found 62 connections out of 1024 possible connections
2025-03-13 18:27:17,171 - INFO - Created 'positive connections' connectogram for gPDC_100Hz
2025-03-13 18:27:17,171 - INFO - Saved PNG: Data\DataSet5_Align_cue_626_to_938_unc\Wilcoxon_03102025-1305\Cue_gPDC_100Hz\gPDC_100Hz_L-R_wilcoxon_circular_connectogram_positive_20250313-1827.png
2025-03-13 18:27:17,172 - INFO - Saved SVG: Data\DataSet5_Align_cue_626_to_938_unc\Wilcoxon_03102025-1305\Cue_gPDC_100Hz\gPDC_100Hz_L-R_wilcoxon_circular_connectogram_positive_20250313-1827.svg
2025-03-13 18:27:17,849 - INFO - Created 'negative connections' connectogram for gPDC_100Hz
2025-03-13 18:27:17,849 - INFO - Saved PNG: Data\DataSet5_Align_cue_626_to_938_unc\Wilcoxon_03102025-1305\Cue_gPDC_100Hz\gPDC_100Hz_L-R_wilcoxon_circular_connectogram_negative_20250313-1827.png
2025-03-13 18:27:17,849 - INFO - Saved SVG: Data\DataSet5_Align_cue_626_to_938_unc\Wilcoxon_03102025-1305\Cue_gPDC_100Hz\gPDC_100Hz_L-R_wilcoxon_circular_connectogram_negative_20250313-1827.svg
2025-03-13 18:27:17,850 - INFO - Saved connectivity report to: Data\DataSet5_Align_cue_626_to_938_unc\Wilcoxon_03102025-1305\Cue_gPDC_100Hz\gPDC_100Hz_connectivity_report_20250313-1827.txt
2025-03-13 18:27:17,850 - INFO - Processing Cue_gPDC_10Hz...
2025-03-13 18:27:17,851 - INFO - Processing Data\DataSet5_Align_cue_626_to_938_unc\Wilcoxon_03102025-1305\Cue_gPDC_10Hz\gPDC_10Hz_L-R_wilcoxon.csv
2025-03-13 18:27:17,851 - INFO - Matrix shape: (32, 32)
2025-03-13 18:27:17,851 - INFO - Found 67 connections out of 1024 possible connections
2025-03-13 18:27:18,555 - INFO - Created 'positive connections' connectogram for gPDC_10Hz
2025-03-13 18:27:18,556 - INFO - Saved PNG: Data\DataSet5_Align_cue_626_to_938_unc\Wilcoxon_03102025-1305\Cue_gPDC_10Hz\gPDC_10Hz_L-R_wilcoxon_circular_connectogram_positive_20250313-1827.png
2025-03-13 18:27:18,556 - INFO - Saved SVG: Data\DataSet5_Align_cue_626_to_938_unc\Wilcoxon_03102025-1305\Cue_gPDC_10Hz\gPDC_10Hz_L-R_wilcoxon_circular_connectogram_positive_20250313-1827.svg
2025-03-13 18:27:19,303 - INFO - Created 'negative connections' connectogram for gPDC_10Hz
2025-03-13 18:27:19,303 - INFO - Saved PNG: Data\DataSet5_Align_cue_626_to_938_unc\Wilcoxon_03102025-1305\Cue_gPDC_10Hz\gPDC_10Hz_L-R_wilcoxon_circular_connectogram_negative_20250313-1827.png
2025-03-13 18:27:19,303 - INFO - Saved SVG: Data\DataSet5_Align_cue_626_to_938_unc\Wilcoxon_03102025-1305\Cue_gPDC_10Hz\gPDC_10Hz_L-R_wilcoxon_circular_connectogram_negative_20250313-1827.svg
2025-03-13 18:27:19,306 - INFO - Saved connectivity report to: Data\DataSet5_Align_cue_626_to_938_unc\Wilcoxon_03102025-1305\Cue_gPDC_10Hz\gPDC_10Hz_connectivity_report_20250313-1827.txt
2025-03-13 18:27:19,306 - INFO - Processing Cue_gPDC_20Hz...
2025-03-13 18:27:19,306 - INFO - Processing Data\DataSet5_Align_cue_626_to_938_unc\Wilcoxon_03102025-1305\Cue_gPDC_20Hz\gPDC_20Hz_L-R_wilcoxon.csv
2025-03-13 18:27:19,307 - INFO - Matrix shape: (32, 32)
2025-03-13 18:27:19,307 - INFO - Found 70 connections out of 1024 possible connections
2025-03-13 18:27:19,995 - INFO - Created 'positive connections' connectogram for gPDC_20Hz
2025-03-13 18:27:19,995 - INFO - Saved PNG: Data\DataSet5_Align_cue_626_to_938_unc\Wilcoxon_03102025-1305\Cue_gPDC_20Hz\gPDC_20Hz_L-R_wilcoxon_circular_connectogram_positive_20250313-1827.png
2025-03-13 18:27:19,995 - INFO - Saved SVG: Data\DataSet5_Align_cue_626_to_938_unc\Wilcoxon_03102025-1305\Cue_gPDC_20Hz\gPDC_20Hz_L-R_wilcoxon_circular_connectogram_positive_20250313-1827.svg
2025-03-13 18:27:20,682 - INFO - Created 'negative connections' connectogram for gPDC_20Hz
2025-03-13 18:27:20,683 - INFO - Saved PNG: Data\DataSet5_Align_cue_626_to_938_unc\Wilcoxon_03102025-1305\Cue_gPDC_20Hz\gPDC_20Hz_L-R_wilcoxon_circular_connectogram_negative_20250313-1827.png
2025-03-13 18:27:20,683 - INFO - Saved SVG: Data\DataSet5_Align_cue_626_to_938_unc\Wilcoxon_03102025-1305\Cue_gPDC_20Hz\gPDC_20Hz_L-R_wilcoxon_circular_connectogram_negative_20250313-1827.svg
2025-03-13 18:27:20,684 - INFO - Saved connectivity report to: Data\DataSet5_Align_cue_626_to_938_unc\Wilcoxon_03102025-1305\Cue_gPDC_20Hz\gPDC_20Hz_connectivity_report_20250313-1827.txt
2025-03-13 18:27:20,684 - INFO - Processing Cue_iPDC_100Hz...
2025-03-13 18:27:20,685 - INFO - Processing Data\DataSet5_Align_cue_626_to_938_unc\Wilcoxon_03102025-1305\Cue_iPDC_100Hz\iPDC_100Hz_L-R_wilcoxon.csv
2025-03-13 18:27:20,685 - INFO - Matrix shape: (32, 32)
2025-03-13 18:27:20,686 - INFO - Found 59 connections out of 1024 possible connections
2025-03-13 18:27:21,394 - INFO - Created 'positive connections' connectogram for iPDC_100Hz
2025-03-13 18:27:21,394 - INFO - Saved PNG: Data\DataSet5_Align_cue_626_to_938_unc\Wilcoxon_03102025-1305\Cue_iPDC_100Hz\iPDC_100Hz_L-R_wilcoxon_circular_connectogram_positive_20250313-1827.png
2025-03-13 18:27:21,394 - INFO - Saved SVG: Data\DataSet5_Align_cue_626_to_938_unc\Wilcoxon_03102025-1305\Cue_iPDC_100Hz\iPDC_100Hz_L-R_wilcoxon_circular_connectogram_positive_20250313-1827.svg
2025-03-13 18:27:22,091 - INFO - Created 'negative connections' connectogram for iPDC_100Hz
2025-03-13 18:27:22,092 - INFO - Saved PNG: Data\DataSet5_Align_cue_626_to_938_unc\Wilcoxon_03102025-1305\Cue_iPDC_100Hz\iPDC_100Hz_L-R_wilcoxon_circular_connectogram_negative_20250313-1827.png
2025-03-13 18:27:22,092 - INFO - Saved SVG: Data\DataSet5_Align_cue_626_to_938_unc\Wilcoxon_03102025-1305\Cue_iPDC_100Hz\iPDC_100Hz_L-R_wilcoxon_circular_connectogram_negative_20250313-1827.svg
2025-03-13 18:27:22,093 - INFO - Saved connectivity report to: Data\DataSet5_Align_cue_626_to_938_unc\Wilcoxon_03102025-1305\Cue_iPDC_100Hz\iPDC_100Hz_connectivity_report_20250313-1827.txt
2025-03-13 18:27:22,093 - INFO - Processing Cue_iPDC_10Hz...
2025-03-13 18:27:22,095 - INFO - Processing Data\DataSet5_Align_cue_626_to_938_unc\Wilcoxon_03102025-1305\Cue_iPDC_10Hz\iPDC_10Hz_L-R_wilcoxon.csv
2025-03-13 18:27:22,095 - INFO - Matrix shape: (32, 32)
2025-03-13 18:27:22,095 - INFO - Found 65 connections out of 1024 possible connections
2025-03-13 18:27:22,813 - INFO - Created 'positive connections' connectogram for iPDC_10Hz
2025-03-13 18:27:22,814 - INFO - Saved PNG: Data\DataSet5_Align_cue_626_to_938_unc\Wilcoxon_03102025-1305\Cue_iPDC_10Hz\iPDC_10Hz_L-R_wilcoxon_circular_connectogram_positive_20250313-1827.png
2025-03-13 18:27:22,814 - INFO - Saved SVG: Data\DataSet5_Align_cue_626_to_938_unc\Wilcoxon_03102025-1305\Cue_iPDC_10Hz\iPDC_10Hz_L-R_wilcoxon_circular_connectogram_positive_20250313-1827.svg
2025-03-13 18:27:23,513 - INFO - Created 'negative connections' connectogram for iPDC_10Hz
2025-03-13 18:27:23,513 - INFO - Saved PNG: Data\DataSet5_Align_cue_626_to_938_unc\Wilcoxon_03102025-1305\Cue_iPDC_10Hz\iPDC_10Hz_L-R_wilcoxon_circular_connectogram_negative_20250313-1827.png
2025-03-13 18:27:23,514 - INFO - Saved SVG: Data\DataSet5_Align_cue_626_to_938_unc\Wilcoxon_03102025-1305\Cue_iPDC_10Hz\iPDC_10Hz_L-R_wilcoxon_circular_connectogram_negative_20250313-1827.svg
2025-03-13 18:27:23,515 - INFO - Saved connectivity report to: Data\DataSet5_Align_cue_626_to_938_unc\Wilcoxon_03102025-1305\Cue_iPDC_10Hz\iPDC_10Hz_connectivity_report_20250313-1827.txt
2025-03-13 18:27:23,515 - INFO - Processing Cue_iPDC_20Hz...
2025-03-13 18:27:23,516 - INFO - Processing Data\DataSet5_Align_cue_626_to_938_unc\Wilcoxon_03102025-1305\Cue_iPDC_20Hz\iPDC_20Hz_L-R_wilcoxon.csv
2025-03-13 18:27:23,516 - INFO - Matrix shape: (32, 32)
2025-03-13 18:27:23,516 - INFO - Found 62 connections out of 1024 possible connections
2025-03-13 18:27:24,296 - INFO - Created 'positive connections' connectogram for iPDC_20Hz
2025-03-13 18:27:24,298 - INFO - Saved PNG: Data\DataSet5_Align_cue_626_to_938_unc\Wilcoxon_03102025-1305\Cue_iPDC_20Hz\iPDC_20Hz_L-R_wilcoxon_circular_connectogram_positive_20250313-1827.png
2025-03-13 18:27:24,298 - INFO - Saved SVG: Data\DataSet5_Align_cue_626_to_938_unc\Wilcoxon_03102025-1305\Cue_iPDC_20Hz\iPDC_20Hz_L-R_wilcoxon_circular_connectogram_positive_20250313-1827.svg
2025-03-13 18:27:24,986 - INFO - Created 'negative connections' connectogram for iPDC_20Hz
2025-03-13 18:27:24,986 - INFO - Saved PNG: Data\DataSet5_Align_cue_626_to_938_unc\Wilcoxon_03102025-1305\Cue_iPDC_20Hz\iPDC_20Hz_L-R_wilcoxon_circular_connectogram_negative_20250313-1827.png
2025-03-13 18:27:24,988 - INFO - Saved SVG: Data\DataSet5_Align_cue_626_to_938_unc\Wilcoxon_03102025-1305\Cue_iPDC_20Hz\iPDC_20Hz_L-R_wilcoxon_circular_connectogram_negative_20250313-1827.svg
2025-03-13 18:27:24,989 - INFO - Saved connectivity report to: Data\DataSet5_Align_cue_626_to_938_unc\Wilcoxon_03102025-1305\Cue_iPDC_20Hz\iPDC_20Hz_connectivity_report_20250313-1827.txt
2025-03-13 18:27:24,989 - INFO - 
---------------------
2025-03-13 18:27:24,989 - INFO - Processing complete!
2025-03-13 18:27:24,989 - INFO - Folders processed: 9
2025-03-13 18:27:24,989 - INFO - Visualizations created: 18
2025-03-13 18:27:24,989 - INFO - Errors encountered: 0
2025-03-13 18:27:24,989 - INFO - Process completed at: 2025-03-13 18:27:24
