2025-03-14 18:56:17,075 - INFO - Starting MEG Connectogram Visualization V2
2025-03-14 18:56:17,075 - INFO - Selected dataset: DataSet5_Align_cue_626_to_938_unc
2025-03-14 18:56:17,075 - INFO - Selected analysis type: Wilcoxon
2025-03-14 18:56:17,076 - INFO - Selected analysis folder: Wilcoxon_03102025-1305
2025-03-14 18:56:17,076 - INFO - Log file: Logs\connectogram_20250314-185617.log
2025-03-14 18:56:17,076 - INFO - Processing all folders in Wilcoxon_03102025-1305...
2025-03-14 18:56:17,076 - INFO - Processing Cue_gDTF_100Hz...
2025-03-14 18:56:17,077 - INFO - Processing folder: Cue_gDTF_100Hz
2025-03-14 18:56:17,078 - INFO - Found 1 statistical test files
2025-03-14 18:56:17,078 - INFO - Processing gDTF_100Hz_L-R (wilcoxon)
2025-03-14 18:56:17,078 - INFO - Reading connectivity matrix from gDTF_100Hz_L-R_wilcoxon.csv
2025-03-14 18:56:19,780 - INFO - Processing Cue_gDTF_10Hz...
2025-03-14 18:56:19,780 - INFO - Processing folder: Cue_gDTF_10Hz
2025-03-14 18:56:19,780 - INFO - Found 1 statistical test files
2025-03-14 18:56:19,781 - INFO - Processing gDTF_10Hz_L-R (wilcoxon)
2025-03-14 18:56:19,781 - INFO - Reading connectivity matrix from gDTF_10Hz_L-R_wilcoxon.csv
2025-03-14 18:56:22,713 - INFO - Processing Cue_gDTF_20Hz...
2025-03-14 18:56:22,713 - INFO - Processing folder: Cue_gDTF_20Hz
2025-03-14 18:56:22,714 - INFO - Found 1 statistical test files
2025-03-14 18:56:22,714 - INFO - Processing gDTF_20Hz_L-R (wilcoxon)
2025-03-14 18:56:22,715 - INFO - Reading connectivity matrix from gDTF_20Hz_L-R_wilcoxon.csv
2025-03-14 18:56:25,504 - INFO - Processing Cue_gPDC_100Hz...
2025-03-14 18:56:25,504 - INFO - Processing folder: Cue_gPDC_100Hz
2025-03-14 18:56:25,505 - INFO - Found 1 statistical test files
2025-03-14 18:56:25,505 - INFO - Processing gPDC_100Hz_L-R (wilcoxon)
2025-03-14 18:56:25,505 - INFO - Reading connectivity matrix from gPDC_100Hz_L-R_wilcoxon.csv
2025-03-14 18:56:28,283 - INFO - Processing Cue_gPDC_10Hz...
2025-03-14 18:56:28,283 - INFO - Processing folder: Cue_gPDC_10Hz
2025-03-14 18:56:28,284 - INFO - Found 1 statistical test files
2025-03-14 18:56:28,284 - INFO - Processing gPDC_10Hz_L-R (wilcoxon)
2025-03-14 18:56:28,284 - INFO - Reading connectivity matrix from gPDC_10Hz_L-R_wilcoxon.csv
2025-03-14 18:56:31,215 - INFO - Processing Cue_gPDC_20Hz...
2025-03-14 18:56:31,215 - INFO - Processing folder: Cue_gPDC_20Hz
2025-03-14 18:56:31,216 - INFO - Found 1 statistical test files
2025-03-14 18:56:31,216 - INFO - Processing gPDC_20Hz_L-R (wilcoxon)
2025-03-14 18:56:31,216 - INFO - Reading connectivity matrix from gPDC_20Hz_L-R_wilcoxon.csv
2025-03-14 18:56:34,128 - INFO - Processing Cue_iPDC_100Hz...
2025-03-14 18:56:34,128 - INFO - Processing folder: Cue_iPDC_100Hz
2025-03-14 18:56:34,128 - INFO - Found 1 statistical test files
2025-03-14 18:56:34,129 - INFO - Processing iPDC_100Hz_L-R (wilcoxon)
2025-03-14 18:56:34,129 - INFO - Reading connectivity matrix from iPDC_100Hz_L-R_wilcoxon.csv
2025-03-14 18:56:36,841 - INFO - Processing Cue_iPDC_10Hz...
2025-03-14 18:56:36,841 - INFO - Processing folder: Cue_iPDC_10Hz
2025-03-14 18:56:36,842 - INFO - Found 1 statistical test files
2025-03-14 18:56:36,842 - INFO - Processing iPDC_10Hz_L-R (wilcoxon)
2025-03-14 18:56:36,842 - INFO - Reading connectivity matrix from iPDC_10Hz_L-R_wilcoxon.csv
2025-03-14 18:56:39,671 - INFO - Processing Cue_iPDC_20Hz...
2025-03-14 18:56:39,671 - INFO - Processing folder: Cue_iPDC_20Hz
2025-03-14 18:56:39,672 - INFO - Found 1 statistical test files
2025-03-14 18:56:39,672 - INFO - Processing iPDC_20Hz_L-R (wilcoxon)
2025-03-14 18:56:39,672 - INFO - Reading connectivity matrix from iPDC_20Hz_L-R_wilcoxon.csv
2025-03-14 18:56:42,575 - INFO - 
---------------------
2025-03-14 18:56:42,575 - INFO - Processing complete!
2025-03-14 18:56:42,576 - INFO - Folders processed: 9
2025-03-14 18:56:42,576 - INFO - Visualizations created: 18
2025-03-14 18:56:42,576 - INFO - Errors encountered: 0
2025-03-14 18:56:42,576 - INFO - Process completed at: 2025-03-14 18:56:42
