2025-03-13 08:50:37,424 - INFO - Starting MEG Connectogram Visualization V2
2025-03-13 08:50:37,425 - INFO - Selected dataset: DataSet5_Align_cue_626_to_938_unc
2025-03-13 08:50:37,425 - INFO - Selected analysis type: Wilcoxon
2025-03-13 08:50:37,425 - INFO - Selected analysis folder: Wilcoxon_03102025-1305
2025-03-13 08:50:37,425 - INFO - Log file: Logs\connectogram_20250313-085037.log
2025-03-13 08:50:37,425 - INFO - Processing all folders in Wilcoxon_03102025-1305...
2025-03-13 08:50:37,426 - INFO - Processing Cue_gDTF_100Hz...
2025-03-13 08:50:37,428 - INFO - Processing Data\DataSet5_Align_cue_626_to_938_unc\Wilcoxon_03102025-1305\Cue_gDTF_100Hz\gDTF_100Hz_L-R_BG.csv
2025-03-13 08:50:37,429 - INFO - Matrix shape: (32, 32)
2025-03-13 08:50:37,430 - INFO - Found 1024 connections out of 1024 possible connections
2025-03-13 08:50:40,360 - INFO - Created 'positive connections' connectogram for gDTF_100Hz
2025-03-13 08:50:40,360 - INFO - Saved PNG: Data\DataSet5_Align_cue_626_to_938_unc\Wilcoxon_03102025-1305\Cue_gDTF_100Hz\gDTF_100Hz_L-R_wilcoxon_circular_connectogram_positive_20250313-0850.png
2025-03-13 08:50:40,361 - INFO - Saved SVG: Data\DataSet5_Align_cue_626_to_938_unc\Wilcoxon_03102025-1305\Cue_gDTF_100Hz\gDTF_100Hz_L-R_wilcoxon_circular_connectogram_positive_20250313-0850.svg
2025-03-13 08:50:43,601 - INFO - Created 'negative connections' connectogram for gDTF_100Hz
2025-03-13 08:50:43,602 - INFO - Saved PNG: Data\DataSet5_Align_cue_626_to_938_unc\Wilcoxon_03102025-1305\Cue_gDTF_100Hz\gDTF_100Hz_L-R_wilcoxon_circular_connectogram_negative_20250313-0850.png
2025-03-13 08:50:43,602 - INFO - Saved SVG: Data\DataSet5_Align_cue_626_to_938_unc\Wilcoxon_03102025-1305\Cue_gDTF_100Hz\gDTF_100Hz_L-R_wilcoxon_circular_connectogram_negative_20250313-0850.svg
2025-03-13 08:50:43,605 - INFO - Saved connectivity report to: Data\DataSet5_Align_cue_626_to_938_unc\Wilcoxon_03102025-1305\Cue_gDTF_100Hz\gDTF_100Hz_connectivity_report_20250313-0850.txt
2025-03-13 08:50:43,605 - INFO - Processing Cue_gDTF_10Hz...
2025-03-13 08:50:43,607 - INFO - Processing Data\DataSet5_Align_cue_626_to_938_unc\Wilcoxon_03102025-1305\Cue_gDTF_10Hz\gDTF_10Hz_L-R_BG.csv
2025-03-13 08:50:43,608 - INFO - Matrix shape: (32, 32)
2025-03-13 08:50:43,608 - INFO - Found 1024 connections out of 1024 possible connections
2025-03-13 08:50:46,459 - INFO - Created 'positive connections' connectogram for gDTF_10Hz
2025-03-13 08:50:46,459 - INFO - Saved PNG: Data\DataSet5_Align_cue_626_to_938_unc\Wilcoxon_03102025-1305\Cue_gDTF_10Hz\gDTF_10Hz_L-R_wilcoxon_circular_connectogram_positive_20250313-0850.png
2025-03-13 08:50:46,459 - INFO - Saved SVG: Data\DataSet5_Align_cue_626_to_938_unc\Wilcoxon_03102025-1305\Cue_gDTF_10Hz\gDTF_10Hz_L-R_wilcoxon_circular_connectogram_positive_20250313-0850.svg
2025-03-13 08:50:49,613 - INFO - Created 'negative connections' connectogram for gDTF_10Hz
2025-03-13 08:50:49,613 - INFO - Saved PNG: Data\DataSet5_Align_cue_626_to_938_unc\Wilcoxon_03102025-1305\Cue_gDTF_10Hz\gDTF_10Hz_L-R_wilcoxon_circular_connectogram_negative_20250313-0850.png
2025-03-13 08:50:49,613 - INFO - Saved SVG: Data\DataSet5_Align_cue_626_to_938_unc\Wilcoxon_03102025-1305\Cue_gDTF_10Hz\gDTF_10Hz_L-R_wilcoxon_circular_connectogram_negative_20250313-0850.svg
2025-03-13 08:50:49,616 - INFO - Saved connectivity report to: Data\DataSet5_Align_cue_626_to_938_unc\Wilcoxon_03102025-1305\Cue_gDTF_10Hz\gDTF_10Hz_connectivity_report_20250313-0850.txt
2025-03-13 08:50:49,616 - INFO - Processing Cue_gDTF_20Hz...
2025-03-13 08:50:49,618 - INFO - Processing Data\DataSet5_Align_cue_626_to_938_unc\Wilcoxon_03102025-1305\Cue_gDTF_20Hz\gDTF_20Hz_L-R_BG.csv
2025-03-13 08:50:49,619 - INFO - Matrix shape: (32, 32)
2025-03-13 08:50:49,619 - INFO - Found 1024 connections out of 1024 possible connections
2025-03-13 08:50:52,351 - INFO - Created 'positive connections' connectogram for gDTF_20Hz
2025-03-13 08:50:52,351 - INFO - Saved PNG: Data\DataSet5_Align_cue_626_to_938_unc\Wilcoxon_03102025-1305\Cue_gDTF_20Hz\gDTF_20Hz_L-R_wilcoxon_circular_connectogram_positive_20250313-0850.png
2025-03-13 08:50:52,351 - INFO - Saved SVG: Data\DataSet5_Align_cue_626_to_938_unc\Wilcoxon_03102025-1305\Cue_gDTF_20Hz\gDTF_20Hz_L-R_wilcoxon_circular_connectogram_positive_20250313-0850.svg
2025-03-13 08:50:55,681 - INFO - Created 'negative connections' connectogram for gDTF_20Hz
2025-03-13 08:50:55,683 - INFO - Saved PNG: Data\DataSet5_Align_cue_626_to_938_unc\Wilcoxon_03102025-1305\Cue_gDTF_20Hz\gDTF_20Hz_L-R_wilcoxon_circular_connectogram_negative_20250313-0850.png
2025-03-13 08:50:55,683 - INFO - Saved SVG: Data\DataSet5_Align_cue_626_to_938_unc\Wilcoxon_03102025-1305\Cue_gDTF_20Hz\gDTF_20Hz_L-R_wilcoxon_circular_connectogram_negative_20250313-0850.svg
2025-03-13 08:50:55,684 - INFO - Saved connectivity report to: Data\DataSet5_Align_cue_626_to_938_unc\Wilcoxon_03102025-1305\Cue_gDTF_20Hz\gDTF_20Hz_connectivity_report_20250313-0850.txt
2025-03-13 08:50:55,686 - INFO - Processing Cue_gPDC_100Hz...
2025-03-13 08:50:55,688 - INFO - Processing Data\DataSet5_Align_cue_626_to_938_unc\Wilcoxon_03102025-1305\Cue_gPDC_100Hz\gPDC_100Hz_L-R_BG.csv
2025-03-13 08:50:55,689 - INFO - Matrix shape: (32, 32)
2025-03-13 08:50:55,689 - INFO - Found 1024 connections out of 1024 possible connections
2025-03-13 08:50:58,786 - INFO - Created 'positive connections' connectogram for gPDC_100Hz
2025-03-13 08:50:58,787 - INFO - Saved PNG: Data\DataSet5_Align_cue_626_to_938_unc\Wilcoxon_03102025-1305\Cue_gPDC_100Hz\gPDC_100Hz_L-R_wilcoxon_circular_connectogram_positive_20250313-0850.png
2025-03-13 08:50:58,787 - INFO - Saved SVG: Data\DataSet5_Align_cue_626_to_938_unc\Wilcoxon_03102025-1305\Cue_gPDC_100Hz\gPDC_100Hz_L-R_wilcoxon_circular_connectogram_positive_20250313-0850.svg
2025-03-13 08:51:01,914 - INFO - Created 'negative connections' connectogram for gPDC_100Hz
2025-03-13 08:51:01,916 - INFO - Saved PNG: Data\DataSet5_Align_cue_626_to_938_unc\Wilcoxon_03102025-1305\Cue_gPDC_100Hz\gPDC_100Hz_L-R_wilcoxon_circular_connectogram_negative_20250313-0850.png
2025-03-13 08:51:01,916 - INFO - Saved SVG: Data\DataSet5_Align_cue_626_to_938_unc\Wilcoxon_03102025-1305\Cue_gPDC_100Hz\gPDC_100Hz_L-R_wilcoxon_circular_connectogram_negative_20250313-0850.svg
2025-03-13 08:51:01,918 - INFO - Saved connectivity report to: Data\DataSet5_Align_cue_626_to_938_unc\Wilcoxon_03102025-1305\Cue_gPDC_100Hz\gPDC_100Hz_connectivity_report_20250313-0850.txt
2025-03-13 08:51:01,918 - INFO - Processing Cue_gPDC_10Hz...
2025-03-13 08:51:01,921 - INFO - Processing Data\DataSet5_Align_cue_626_to_938_unc\Wilcoxon_03102025-1305\Cue_gPDC_10Hz\gPDC_10Hz_L-R_BG.csv
2025-03-13 08:51:01,922 - INFO - Matrix shape: (32, 32)
2025-03-13 08:51:01,922 - INFO - Found 1024 connections out of 1024 possible connections
2025-03-13 08:51:04,922 - INFO - Created 'positive connections' connectogram for gPDC_10Hz
2025-03-13 08:51:04,922 - INFO - Saved PNG: Data\DataSet5_Align_cue_626_to_938_unc\Wilcoxon_03102025-1305\Cue_gPDC_10Hz\gPDC_10Hz_L-R_wilcoxon_circular_connectogram_positive_20250313-0851.png
2025-03-13 08:51:04,923 - INFO - Saved SVG: Data\DataSet5_Align_cue_626_to_938_unc\Wilcoxon_03102025-1305\Cue_gPDC_10Hz\gPDC_10Hz_L-R_wilcoxon_circular_connectogram_positive_20250313-0851.svg
2025-03-13 08:51:08,051 - INFO - Created 'negative connections' connectogram for gPDC_10Hz
2025-03-13 08:51:08,051 - INFO - Saved PNG: Data\DataSet5_Align_cue_626_to_938_unc\Wilcoxon_03102025-1305\Cue_gPDC_10Hz\gPDC_10Hz_L-R_wilcoxon_circular_connectogram_negative_20250313-0851.png
2025-03-13 08:51:08,051 - INFO - Saved SVG: Data\DataSet5_Align_cue_626_to_938_unc\Wilcoxon_03102025-1305\Cue_gPDC_10Hz\gPDC_10Hz_L-R_wilcoxon_circular_connectogram_negative_20250313-0851.svg
2025-03-13 08:51:08,054 - INFO - Saved connectivity report to: Data\DataSet5_Align_cue_626_to_938_unc\Wilcoxon_03102025-1305\Cue_gPDC_10Hz\gPDC_10Hz_connectivity_report_20250313-0851.txt
2025-03-13 08:51:08,054 - INFO - Processing Cue_gPDC_20Hz...
2025-03-13 08:51:08,055 - INFO - Processing Data\DataSet5_Align_cue_626_to_938_unc\Wilcoxon_03102025-1305\Cue_gPDC_20Hz\gPDC_20Hz_L-R_BG.csv
2025-03-13 08:51:08,056 - INFO - Matrix shape: (32, 32)
2025-03-13 08:51:08,056 - INFO - Found 1024 connections out of 1024 possible connections
2025-03-13 08:51:10,838 - INFO - Created 'positive connections' connectogram for gPDC_20Hz
2025-03-13 08:51:10,838 - INFO - Saved PNG: Data\DataSet5_Align_cue_626_to_938_unc\Wilcoxon_03102025-1305\Cue_gPDC_20Hz\gPDC_20Hz_L-R_wilcoxon_circular_connectogram_positive_20250313-0851.png
2025-03-13 08:51:10,838 - INFO - Saved SVG: Data\DataSet5_Align_cue_626_to_938_unc\Wilcoxon_03102025-1305\Cue_gPDC_20Hz\gPDC_20Hz_L-R_wilcoxon_circular_connectogram_positive_20250313-0851.svg
2025-03-13 08:51:14,119 - INFO - Created 'negative connections' connectogram for gPDC_20Hz
2025-03-13 08:51:14,120 - INFO - Saved PNG: Data\DataSet5_Align_cue_626_to_938_unc\Wilcoxon_03102025-1305\Cue_gPDC_20Hz\gPDC_20Hz_L-R_wilcoxon_circular_connectogram_negative_20250313-0851.png
2025-03-13 08:51:14,120 - INFO - Saved SVG: Data\DataSet5_Align_cue_626_to_938_unc\Wilcoxon_03102025-1305\Cue_gPDC_20Hz\gPDC_20Hz_L-R_wilcoxon_circular_connectogram_negative_20250313-0851.svg
2025-03-13 08:51:14,123 - INFO - Saved connectivity report to: Data\DataSet5_Align_cue_626_to_938_unc\Wilcoxon_03102025-1305\Cue_gPDC_20Hz\gPDC_20Hz_connectivity_report_20250313-0851.txt
2025-03-13 08:51:14,123 - INFO - Processing Cue_iPDC_100Hz...
2025-03-13 08:51:14,126 - INFO - Processing Data\DataSet5_Align_cue_626_to_938_unc\Wilcoxon_03102025-1305\Cue_iPDC_100Hz\iPDC_100Hz_L-R_BG.csv
2025-03-13 08:51:14,127 - INFO - Matrix shape: (32, 32)
2025-03-13 08:51:14,127 - INFO - Found 1024 connections out of 1024 possible connections
2025-03-13 08:51:17,366 - INFO - Created 'positive connections' connectogram for iPDC_100Hz
2025-03-13 08:51:17,366 - INFO - Saved PNG: Data\DataSet5_Align_cue_626_to_938_unc\Wilcoxon_03102025-1305\Cue_iPDC_100Hz\iPDC_100Hz_L-R_wilcoxon_circular_connectogram_positive_20250313-0851.png
2025-03-13 08:51:17,366 - INFO - Saved SVG: Data\DataSet5_Align_cue_626_to_938_unc\Wilcoxon_03102025-1305\Cue_iPDC_100Hz\iPDC_100Hz_L-R_wilcoxon_circular_connectogram_positive_20250313-0851.svg
2025-03-13 08:51:20,756 - INFO - Created 'negative connections' connectogram for iPDC_100Hz
2025-03-13 08:51:20,757 - INFO - Saved PNG: Data\DataSet5_Align_cue_626_to_938_unc\Wilcoxon_03102025-1305\Cue_iPDC_100Hz\iPDC_100Hz_L-R_wilcoxon_circular_connectogram_negative_20250313-0851.png
2025-03-13 08:51:20,757 - INFO - Saved SVG: Data\DataSet5_Align_cue_626_to_938_unc\Wilcoxon_03102025-1305\Cue_iPDC_100Hz\iPDC_100Hz_L-R_wilcoxon_circular_connectogram_negative_20250313-0851.svg
2025-03-13 08:51:20,760 - INFO - Saved connectivity report to: Data\DataSet5_Align_cue_626_to_938_unc\Wilcoxon_03102025-1305\Cue_iPDC_100Hz\iPDC_100Hz_connectivity_report_20250313-0851.txt
2025-03-13 08:51:20,760 - INFO - Processing Cue_iPDC_10Hz...
2025-03-13 08:51:20,763 - INFO - Processing Data\DataSet5_Align_cue_626_to_938_unc\Wilcoxon_03102025-1305\Cue_iPDC_10Hz\iPDC_10Hz_L-R_BG.csv
2025-03-13 08:51:20,764 - INFO - Matrix shape: (32, 32)
2025-03-13 08:51:20,764 - INFO - Found 1024 connections out of 1024 possible connections
2025-03-13 08:51:23,956 - INFO - Created 'positive connections' connectogram for iPDC_10Hz
2025-03-13 08:51:23,956 - INFO - Saved PNG: Data\DataSet5_Align_cue_626_to_938_unc\Wilcoxon_03102025-1305\Cue_iPDC_10Hz\iPDC_10Hz_L-R_wilcoxon_circular_connectogram_positive_20250313-0851.png
2025-03-13 08:51:23,956 - INFO - Saved SVG: Data\DataSet5_Align_cue_626_to_938_unc\Wilcoxon_03102025-1305\Cue_iPDC_10Hz\iPDC_10Hz_L-R_wilcoxon_circular_connectogram_positive_20250313-0851.svg
2025-03-13 08:51:26,941 - INFO - Created 'negative connections' connectogram for iPDC_10Hz
2025-03-13 08:51:26,941 - INFO - Saved PNG: Data\DataSet5_Align_cue_626_to_938_unc\Wilcoxon_03102025-1305\Cue_iPDC_10Hz\iPDC_10Hz_L-R_wilcoxon_circular_connectogram_negative_20250313-0851.png
2025-03-13 08:51:26,941 - INFO - Saved SVG: Data\DataSet5_Align_cue_626_to_938_unc\Wilcoxon_03102025-1305\Cue_iPDC_10Hz\iPDC_10Hz_L-R_wilcoxon_circular_connectogram_negative_20250313-0851.svg
2025-03-13 08:51:26,945 - INFO - Saved connectivity report to: Data\DataSet5_Align_cue_626_to_938_unc\Wilcoxon_03102025-1305\Cue_iPDC_10Hz\iPDC_10Hz_connectivity_report_20250313-0851.txt
2025-03-13 08:51:26,945 - INFO - Processing Cue_iPDC_20Hz...
2025-03-13 08:51:26,948 - INFO - Processing Data\DataSet5_Align_cue_626_to_938_unc\Wilcoxon_03102025-1305\Cue_iPDC_20Hz\iPDC_20Hz_L-R_BG.csv
2025-03-13 08:51:26,949 - INFO - Matrix shape: (32, 32)
2025-03-13 08:51:26,949 - INFO - Found 1024 connections out of 1024 possible connections
2025-03-13 08:51:29,741 - INFO - Created 'positive connections' connectogram for iPDC_20Hz
2025-03-13 08:51:29,742 - INFO - Saved PNG: Data\DataSet5_Align_cue_626_to_938_unc\Wilcoxon_03102025-1305\Cue_iPDC_20Hz\iPDC_20Hz_L-R_wilcoxon_circular_connectogram_positive_20250313-0851.png
2025-03-13 08:51:29,742 - INFO - Saved SVG: Data\DataSet5_Align_cue_626_to_938_unc\Wilcoxon_03102025-1305\Cue_iPDC_20Hz\iPDC_20Hz_L-R_wilcoxon_circular_connectogram_positive_20250313-0851.svg
2025-03-13 08:51:33,179 - INFO - Created 'negative connections' connectogram for iPDC_20Hz
2025-03-13 08:51:33,180 - INFO - Saved PNG: Data\DataSet5_Align_cue_626_to_938_unc\Wilcoxon_03102025-1305\Cue_iPDC_20Hz\iPDC_20Hz_L-R_wilcoxon_circular_connectogram_negative_20250313-0851.png
2025-03-13 08:51:33,180 - INFO - Saved SVG: Data\DataSet5_Align_cue_626_to_938_unc\Wilcoxon_03102025-1305\Cue_iPDC_20Hz\iPDC_20Hz_L-R_wilcoxon_circular_connectogram_negative_20250313-0851.svg
2025-03-13 08:51:33,183 - INFO - Saved connectivity report to: Data\DataSet5_Align_cue_626_to_938_unc\Wilcoxon_03102025-1305\Cue_iPDC_20Hz\iPDC_20Hz_connectivity_report_20250313-0851.txt
2025-03-13 08:51:33,183 - INFO - 
---------------------
2025-03-13 08:51:33,183 - INFO - Processing complete!
2025-03-13 08:51:33,183 - INFO - Folders processed: 9
2025-03-13 08:51:33,184 - INFO - Visualizations created: 18
2025-03-13 08:51:33,184 - INFO - Errors encountered: 0
2025-03-13 08:51:33,184 - INFO - Process completed at: 2025-03-13 08:51:33
