2025-03-14 17:47:05,006 - INFO - Starting MEG Connectogram Visualization V2
2025-03-14 17:47:05,006 - INFO - Selected dataset: DataSet5_Align_cue_626_to_938_unc
2025-03-14 17:47:05,006 - INFO - Selected analysis type: Wilcoxon
2025-03-14 17:47:05,006 - INFO - Selected analysis folder: Wilcoxon_03102025-1305
2025-03-14 17:47:05,007 - INFO - Log file: Logs\connectogram_20250314-174705.log
2025-03-14 17:47:05,007 - INFO - Processing all folders in Wilcoxon_03102025-1305...
2025-03-14 17:47:05,007 - INFO - Processing Cue_gDTF_100Hz...
2025-03-14 17:47:05,007 - INFO - Processing folder: Cue_gDTF_100Hz
2025-03-14 17:47:05,008 - INFO - Found 1 statistical test files
2025-03-14 17:47:05,008 - INFO - Processing gDTF_100Hz_L-R (wilcoxon)
2025-03-14 17:47:05,008 - INFO - Reading connectivity matrix from gDTF_100Hz_L-R_wilcoxon.csv
2025-03-14 17:47:05,409 - ERROR - Error processing gDTF_100Hz_L-R_wilcoxon.csv: lateral is not a valid display_mode. Valid options are ['l', 'lr', 'lyr', 'lyrz', 'lzr', 'lzry', 'ortho', 'r', 'x', 'xz', 'y', 'yx', 'yz', 'z']
2025-03-14 17:47:05,412 - ERROR - Traceback (most recent call last):
  File "C:\Users\dgane\AppData\Local\Programs\Python\Python311\Lib\site-packages\nilearn\plotting\displays\_slicers.py", line 2176, in _get_create_display_fun
    return class_dict[display_mode].init_with_figure
           ~~~~~~~~~~^^^^^^^^^^^^^^
KeyError: 'lateral'

During handling of the above exception, another exception occurred:

Traceback (most recent call last):
  File "c:\Users\dgane\Apps\MEG\Scripts\meg_circular_connectogram_brain.py", line 800, in process_folder
    fig = self.create_brain_visualization(matrix, output_path, title, conn_type)
          ^^^^^^^^^^^^^^^^^^^^^^^^^^^^^^^^^^^^^^^^^^^^^^^^^^^^^^^^^^^^^^^^^^^^^^
  File "c:\Users\dgane\Apps\MEG\Scripts\meg_circular_connectogram_brain.py", line 1091, in create_brain_visualization
    display = plotting.plot_glass_brain(
              ^^^^^^^^^^^^^^^^^^^^^^^^^^
  File "C:\Users\dgane\AppData\Local\Programs\Python\Python311\Lib\site-packages\nilearn\plotting\img_plotting.py", line 1600, in plot_glass_brain
    display = _plot_img_with_bg(
              ^^^^^^^^^^^^^^^^^^
  File "C:\Users\dgane\AppData\Local\Programs\Python\Python311\Lib\site-packages\nilearn\plotting\img_plotting.py", line 246, in _plot_img_with_bg
    display = display_factory(display_mode)(
              ^^^^^^^^^^^^^^^^^^^^^^^^^^^^^
  File "C:\Users\dgane\AppData\Local\Programs\Python\Python311\Lib\site-packages\nilearn\plotting\img_plotting.py", line 1597, in display_factory
    get_projector(display_mode), alpha=alpha, plot_abs=plot_abs
    ^^^^^^^^^^^^^^^^^^^^^^^^^^^
  File "C:\Users\dgane\AppData\Local\Programs\Python\Python311\Lib\site-packages\nilearn\plotting\displays\_projectors.py", line 805, in get_projector
    return _get_create_display_fun(display_mode, PROJECTORS)
           ^^^^^^^^^^^^^^^^^^^^^^^^^^^^^^^^^^^^^^^^^^^^^^^^^
  File "C:\Users\dgane\AppData\Local\Programs\Python\Python311\Lib\site-packages\nilearn\plotting\displays\_slicers.py", line 2182, in _get_create_display_fun
    raise ValueError(message)
ValueError: lateral is not a valid display_mode. Valid options are ['l', 'lr', 'lyr', 'lyrz', 'lzr', 'lzry', 'ortho', 'r', 'x', 'xz', 'y', 'yx', 'yz', 'z']

2025-03-14 17:47:05,412 - INFO - Processing Cue_gDTF_10Hz...
2025-03-14 17:47:05,412 - INFO - Processing folder: Cue_gDTF_10Hz
2025-03-14 17:47:05,413 - INFO - Found 1 statistical test files
2025-03-14 17:47:05,413 - INFO - Processing gDTF_10Hz_L-R (wilcoxon)
2025-03-14 17:47:05,413 - INFO - Reading connectivity matrix from gDTF_10Hz_L-R_wilcoxon.csv
2025-03-14 17:47:05,731 - ERROR - Error processing gDTF_10Hz_L-R_wilcoxon.csv: lateral is not a valid display_mode. Valid options are ['l', 'lr', 'lyr', 'lyrz', 'lzr', 'lzry', 'ortho', 'r', 'x', 'xz', 'y', 'yx', 'yz', 'z']
2025-03-14 17:47:05,732 - ERROR - Traceback (most recent call last):
  File "C:\Users\dgane\AppData\Local\Programs\Python\Python311\Lib\site-packages\nilearn\plotting\displays\_slicers.py", line 2176, in _get_create_display_fun
    return class_dict[display_mode].init_with_figure
           ~~~~~~~~~~^^^^^^^^^^^^^^
KeyError: 'lateral'

During handling of the above exception, another exception occurred:

Traceback (most recent call last):
  File "c:\Users\dgane\Apps\MEG\Scripts\meg_circular_connectogram_brain.py", line 800, in process_folder
    fig = self.create_brain_visualization(matrix, output_path, title, conn_type)
          ^^^^^^^^^^^^^^^^^^^^^^^^^^^^^^^^^^^^^^^^^^^^^^^^^^^^^^^^^^^^^^^^^^^^^^
  File "c:\Users\dgane\Apps\MEG\Scripts\meg_circular_connectogram_brain.py", line 1091, in create_brain_visualization
    display = plotting.plot_glass_brain(
              ^^^^^^^^^^^^^^^^^^^^^^^^^^
  File "C:\Users\dgane\AppData\Local\Programs\Python\Python311\Lib\site-packages\nilearn\plotting\img_plotting.py", line 1600, in plot_glass_brain
    display = _plot_img_with_bg(
              ^^^^^^^^^^^^^^^^^^
  File "C:\Users\dgane\AppData\Local\Programs\Python\Python311\Lib\site-packages\nilearn\plotting\img_plotting.py", line 246, in _plot_img_with_bg
    display = display_factory(display_mode)(
              ^^^^^^^^^^^^^^^^^^^^^^^^^^^^^
  File "C:\Users\dgane\AppData\Local\Programs\Python\Python311\Lib\site-packages\nilearn\plotting\img_plotting.py", line 1597, in display_factory
    get_projector(display_mode), alpha=alpha, plot_abs=plot_abs
    ^^^^^^^^^^^^^^^^^^^^^^^^^^^
  File "C:\Users\dgane\AppData\Local\Programs\Python\Python311\Lib\site-packages\nilearn\plotting\displays\_projectors.py", line 805, in get_projector
    return _get_create_display_fun(display_mode, PROJECTORS)
           ^^^^^^^^^^^^^^^^^^^^^^^^^^^^^^^^^^^^^^^^^^^^^^^^^
  File "C:\Users\dgane\AppData\Local\Programs\Python\Python311\Lib\site-packages\nilearn\plotting\displays\_slicers.py", line 2182, in _get_create_display_fun
    raise ValueError(message)
ValueError: lateral is not a valid display_mode. Valid options are ['l', 'lr', 'lyr', 'lyrz', 'lzr', 'lzry', 'ortho', 'r', 'x', 'xz', 'y', 'yx', 'yz', 'z']

2025-03-14 17:47:05,732 - INFO - Processing Cue_gDTF_20Hz...
2025-03-14 17:47:05,732 - INFO - Processing folder: Cue_gDTF_20Hz
2025-03-14 17:47:05,733 - INFO - Found 1 statistical test files
2025-03-14 17:47:05,733 - INFO - Processing gDTF_20Hz_L-R (wilcoxon)
2025-03-14 17:47:05,733 - INFO - Reading connectivity matrix from gDTF_20Hz_L-R_wilcoxon.csv
2025-03-14 17:47:06,046 - ERROR - Error processing gDTF_20Hz_L-R_wilcoxon.csv: lateral is not a valid display_mode. Valid options are ['l', 'lr', 'lyr', 'lyrz', 'lzr', 'lzry', 'ortho', 'r', 'x', 'xz', 'y', 'yx', 'yz', 'z']
2025-03-14 17:47:06,048 - ERROR - Traceback (most recent call last):
  File "C:\Users\dgane\AppData\Local\Programs\Python\Python311\Lib\site-packages\nilearn\plotting\displays\_slicers.py", line 2176, in _get_create_display_fun
    return class_dict[display_mode].init_with_figure
           ~~~~~~~~~~^^^^^^^^^^^^^^
KeyError: 'lateral'

During handling of the above exception, another exception occurred:

Traceback (most recent call last):
  File "c:\Users\dgane\Apps\MEG\Scripts\meg_circular_connectogram_brain.py", line 800, in process_folder
    fig = self.create_brain_visualization(matrix, output_path, title, conn_type)
          ^^^^^^^^^^^^^^^^^^^^^^^^^^^^^^^^^^^^^^^^^^^^^^^^^^^^^^^^^^^^^^^^^^^^^^
  File "c:\Users\dgane\Apps\MEG\Scripts\meg_circular_connectogram_brain.py", line 1091, in create_brain_visualization
    display = plotting.plot_glass_brain(
              ^^^^^^^^^^^^^^^^^^^^^^^^^^
  File "C:\Users\dgane\AppData\Local\Programs\Python\Python311\Lib\site-packages\nilearn\plotting\img_plotting.py", line 1600, in plot_glass_brain
    display = _plot_img_with_bg(
              ^^^^^^^^^^^^^^^^^^
  File "C:\Users\dgane\AppData\Local\Programs\Python\Python311\Lib\site-packages\nilearn\plotting\img_plotting.py", line 246, in _plot_img_with_bg
    display = display_factory(display_mode)(
              ^^^^^^^^^^^^^^^^^^^^^^^^^^^^^
  File "C:\Users\dgane\AppData\Local\Programs\Python\Python311\Lib\site-packages\nilearn\plotting\img_plotting.py", line 1597, in display_factory
    get_projector(display_mode), alpha=alpha, plot_abs=plot_abs
    ^^^^^^^^^^^^^^^^^^^^^^^^^^^
  File "C:\Users\dgane\AppData\Local\Programs\Python\Python311\Lib\site-packages\nilearn\plotting\displays\_projectors.py", line 805, in get_projector
    return _get_create_display_fun(display_mode, PROJECTORS)
           ^^^^^^^^^^^^^^^^^^^^^^^^^^^^^^^^^^^^^^^^^^^^^^^^^
  File "C:\Users\dgane\AppData\Local\Programs\Python\Python311\Lib\site-packages\nilearn\plotting\displays\_slicers.py", line 2182, in _get_create_display_fun
    raise ValueError(message)
ValueError: lateral is not a valid display_mode. Valid options are ['l', 'lr', 'lyr', 'lyrz', 'lzr', 'lzry', 'ortho', 'r', 'x', 'xz', 'y', 'yx', 'yz', 'z']

2025-03-14 17:47:06,048 - INFO - Processing Cue_gPDC_100Hz...
2025-03-14 17:47:06,048 - INFO - Processing folder: Cue_gPDC_100Hz
2025-03-14 17:47:06,049 - INFO - Found 1 statistical test files
2025-03-14 17:47:06,049 - INFO - Processing gPDC_100Hz_L-R (wilcoxon)
2025-03-14 17:47:06,049 - INFO - Reading connectivity matrix from gPDC_100Hz_L-R_wilcoxon.csv
2025-03-14 17:47:06,363 - ERROR - Error processing gPDC_100Hz_L-R_wilcoxon.csv: lateral is not a valid display_mode. Valid options are ['l', 'lr', 'lyr', 'lyrz', 'lzr', 'lzry', 'ortho', 'r', 'x', 'xz', 'y', 'yx', 'yz', 'z']
2025-03-14 17:47:06,364 - ERROR - Traceback (most recent call last):
  File "C:\Users\dgane\AppData\Local\Programs\Python\Python311\Lib\site-packages\nilearn\plotting\displays\_slicers.py", line 2176, in _get_create_display_fun
    return class_dict[display_mode].init_with_figure
           ~~~~~~~~~~^^^^^^^^^^^^^^
KeyError: 'lateral'

During handling of the above exception, another exception occurred:

Traceback (most recent call last):
  File "c:\Users\dgane\Apps\MEG\Scripts\meg_circular_connectogram_brain.py", line 800, in process_folder
    fig = self.create_brain_visualization(matrix, output_path, title, conn_type)
          ^^^^^^^^^^^^^^^^^^^^^^^^^^^^^^^^^^^^^^^^^^^^^^^^^^^^^^^^^^^^^^^^^^^^^^
  File "c:\Users\dgane\Apps\MEG\Scripts\meg_circular_connectogram_brain.py", line 1091, in create_brain_visualization
    display = plotting.plot_glass_brain(
              ^^^^^^^^^^^^^^^^^^^^^^^^^^
  File "C:\Users\dgane\AppData\Local\Programs\Python\Python311\Lib\site-packages\nilearn\plotting\img_plotting.py", line 1600, in plot_glass_brain
    display = _plot_img_with_bg(
              ^^^^^^^^^^^^^^^^^^
  File "C:\Users\dgane\AppData\Local\Programs\Python\Python311\Lib\site-packages\nilearn\plotting\img_plotting.py", line 246, in _plot_img_with_bg
    display = display_factory(display_mode)(
              ^^^^^^^^^^^^^^^^^^^^^^^^^^^^^
  File "C:\Users\dgane\AppData\Local\Programs\Python\Python311\Lib\site-packages\nilearn\plotting\img_plotting.py", line 1597, in display_factory
    get_projector(display_mode), alpha=alpha, plot_abs=plot_abs
    ^^^^^^^^^^^^^^^^^^^^^^^^^^^
  File "C:\Users\dgane\AppData\Local\Programs\Python\Python311\Lib\site-packages\nilearn\plotting\displays\_projectors.py", line 805, in get_projector
    return _get_create_display_fun(display_mode, PROJECTORS)
           ^^^^^^^^^^^^^^^^^^^^^^^^^^^^^^^^^^^^^^^^^^^^^^^^^
  File "C:\Users\dgane\AppData\Local\Programs\Python\Python311\Lib\site-packages\nilearn\plotting\displays\_slicers.py", line 2182, in _get_create_display_fun
    raise ValueError(message)
ValueError: lateral is not a valid display_mode. Valid options are ['l', 'lr', 'lyr', 'lyrz', 'lzr', 'lzry', 'ortho', 'r', 'x', 'xz', 'y', 'yx', 'yz', 'z']

2025-03-14 17:47:06,364 - INFO - Processing Cue_gPDC_10Hz...
2025-03-14 17:47:06,365 - INFO - Processing folder: Cue_gPDC_10Hz
2025-03-14 17:47:06,365 - INFO - Found 1 statistical test files
2025-03-14 17:47:06,365 - INFO - Processing gPDC_10Hz_L-R (wilcoxon)
2025-03-14 17:47:06,365 - INFO - Reading connectivity matrix from gPDC_10Hz_L-R_wilcoxon.csv
2025-03-14 17:47:06,680 - ERROR - Error processing gPDC_10Hz_L-R_wilcoxon.csv: lateral is not a valid display_mode. Valid options are ['l', 'lr', 'lyr', 'lyrz', 'lzr', 'lzry', 'ortho', 'r', 'x', 'xz', 'y', 'yx', 'yz', 'z']
2025-03-14 17:47:06,681 - ERROR - Traceback (most recent call last):
  File "C:\Users\dgane\AppData\Local\Programs\Python\Python311\Lib\site-packages\nilearn\plotting\displays\_slicers.py", line 2176, in _get_create_display_fun
    return class_dict[display_mode].init_with_figure
           ~~~~~~~~~~^^^^^^^^^^^^^^
KeyError: 'lateral'

During handling of the above exception, another exception occurred:

Traceback (most recent call last):
  File "c:\Users\dgane\Apps\MEG\Scripts\meg_circular_connectogram_brain.py", line 800, in process_folder
    fig = self.create_brain_visualization(matrix, output_path, title, conn_type)
          ^^^^^^^^^^^^^^^^^^^^^^^^^^^^^^^^^^^^^^^^^^^^^^^^^^^^^^^^^^^^^^^^^^^^^^
  File "c:\Users\dgane\Apps\MEG\Scripts\meg_circular_connectogram_brain.py", line 1091, in create_brain_visualization
    display = plotting.plot_glass_brain(
              ^^^^^^^^^^^^^^^^^^^^^^^^^^
  File "C:\Users\dgane\AppData\Local\Programs\Python\Python311\Lib\site-packages\nilearn\plotting\img_plotting.py", line 1600, in plot_glass_brain
    display = _plot_img_with_bg(
              ^^^^^^^^^^^^^^^^^^
  File "C:\Users\dgane\AppData\Local\Programs\Python\Python311\Lib\site-packages\nilearn\plotting\img_plotting.py", line 246, in _plot_img_with_bg
    display = display_factory(display_mode)(
              ^^^^^^^^^^^^^^^^^^^^^^^^^^^^^
  File "C:\Users\dgane\AppData\Local\Programs\Python\Python311\Lib\site-packages\nilearn\plotting\img_plotting.py", line 1597, in display_factory
    get_projector(display_mode), alpha=alpha, plot_abs=plot_abs
    ^^^^^^^^^^^^^^^^^^^^^^^^^^^
  File "C:\Users\dgane\AppData\Local\Programs\Python\Python311\Lib\site-packages\nilearn\plotting\displays\_projectors.py", line 805, in get_projector
    return _get_create_display_fun(display_mode, PROJECTORS)
           ^^^^^^^^^^^^^^^^^^^^^^^^^^^^^^^^^^^^^^^^^^^^^^^^^
  File "C:\Users\dgane\AppData\Local\Programs\Python\Python311\Lib\site-packages\nilearn\plotting\displays\_slicers.py", line 2182, in _get_create_display_fun
    raise ValueError(message)
ValueError: lateral is not a valid display_mode. Valid options are ['l', 'lr', 'lyr', 'lyrz', 'lzr', 'lzry', 'ortho', 'r', 'x', 'xz', 'y', 'yx', 'yz', 'z']

2025-03-14 17:47:06,682 - INFO - Processing Cue_gPDC_20Hz...
2025-03-14 17:47:06,682 - INFO - Processing folder: Cue_gPDC_20Hz
2025-03-14 17:47:06,682 - INFO - Found 1 statistical test files
2025-03-14 17:47:06,683 - INFO - Processing gPDC_20Hz_L-R (wilcoxon)
2025-03-14 17:47:06,683 - INFO - Reading connectivity matrix from gPDC_20Hz_L-R_wilcoxon.csv
2025-03-14 17:47:06,997 - ERROR - Error processing gPDC_20Hz_L-R_wilcoxon.csv: lateral is not a valid display_mode. Valid options are ['l', 'lr', 'lyr', 'lyrz', 'lzr', 'lzry', 'ortho', 'r', 'x', 'xz', 'y', 'yx', 'yz', 'z']
2025-03-14 17:47:06,998 - ERROR - Traceback (most recent call last):
  File "C:\Users\dgane\AppData\Local\Programs\Python\Python311\Lib\site-packages\nilearn\plotting\displays\_slicers.py", line 2176, in _get_create_display_fun
    return class_dict[display_mode].init_with_figure
           ~~~~~~~~~~^^^^^^^^^^^^^^
KeyError: 'lateral'

During handling of the above exception, another exception occurred:

Traceback (most recent call last):
  File "c:\Users\dgane\Apps\MEG\Scripts\meg_circular_connectogram_brain.py", line 800, in process_folder
    fig = self.create_brain_visualization(matrix, output_path, title, conn_type)
          ^^^^^^^^^^^^^^^^^^^^^^^^^^^^^^^^^^^^^^^^^^^^^^^^^^^^^^^^^^^^^^^^^^^^^^
  File "c:\Users\dgane\Apps\MEG\Scripts\meg_circular_connectogram_brain.py", line 1091, in create_brain_visualization
    display = plotting.plot_glass_brain(
              ^^^^^^^^^^^^^^^^^^^^^^^^^^
  File "C:\Users\dgane\AppData\Local\Programs\Python\Python311\Lib\site-packages\nilearn\plotting\img_plotting.py", line 1600, in plot_glass_brain
    display = _plot_img_with_bg(
              ^^^^^^^^^^^^^^^^^^
  File "C:\Users\dgane\AppData\Local\Programs\Python\Python311\Lib\site-packages\nilearn\plotting\img_plotting.py", line 246, in _plot_img_with_bg
    display = display_factory(display_mode)(
              ^^^^^^^^^^^^^^^^^^^^^^^^^^^^^
  File "C:\Users\dgane\AppData\Local\Programs\Python\Python311\Lib\site-packages\nilearn\plotting\img_plotting.py", line 1597, in display_factory
    get_projector(display_mode), alpha=alpha, plot_abs=plot_abs
    ^^^^^^^^^^^^^^^^^^^^^^^^^^^
  File "C:\Users\dgane\AppData\Local\Programs\Python\Python311\Lib\site-packages\nilearn\plotting\displays\_projectors.py", line 805, in get_projector
    return _get_create_display_fun(display_mode, PROJECTORS)
           ^^^^^^^^^^^^^^^^^^^^^^^^^^^^^^^^^^^^^^^^^^^^^^^^^
  File "C:\Users\dgane\AppData\Local\Programs\Python\Python311\Lib\site-packages\nilearn\plotting\displays\_slicers.py", line 2182, in _get_create_display_fun
    raise ValueError(message)
ValueError: lateral is not a valid display_mode. Valid options are ['l', 'lr', 'lyr', 'lyrz', 'lzr', 'lzry', 'ortho', 'r', 'x', 'xz', 'y', 'yx', 'yz', 'z']

2025-03-14 17:47:06,998 - INFO - Processing Cue_iPDC_100Hz...
2025-03-14 17:47:06,999 - INFO - Processing folder: Cue_iPDC_100Hz
2025-03-14 17:47:06,999 - INFO - Found 1 statistical test files
2025-03-14 17:47:06,999 - INFO - Processing iPDC_100Hz_L-R (wilcoxon)
2025-03-14 17:47:06,999 - INFO - Reading connectivity matrix from iPDC_100Hz_L-R_wilcoxon.csv
2025-03-14 17:47:07,322 - ERROR - Error processing iPDC_100Hz_L-R_wilcoxon.csv: lateral is not a valid display_mode. Valid options are ['l', 'lr', 'lyr', 'lyrz', 'lzr', 'lzry', 'ortho', 'r', 'x', 'xz', 'y', 'yx', 'yz', 'z']
2025-03-14 17:47:07,323 - ERROR - Traceback (most recent call last):
  File "C:\Users\dgane\AppData\Local\Programs\Python\Python311\Lib\site-packages\nilearn\plotting\displays\_slicers.py", line 2176, in _get_create_display_fun
    return class_dict[display_mode].init_with_figure
           ~~~~~~~~~~^^^^^^^^^^^^^^
KeyError: 'lateral'

During handling of the above exception, another exception occurred:

Traceback (most recent call last):
  File "c:\Users\dgane\Apps\MEG\Scripts\meg_circular_connectogram_brain.py", line 800, in process_folder
    fig = self.create_brain_visualization(matrix, output_path, title, conn_type)
          ^^^^^^^^^^^^^^^^^^^^^^^^^^^^^^^^^^^^^^^^^^^^^^^^^^^^^^^^^^^^^^^^^^^^^^
  File "c:\Users\dgane\Apps\MEG\Scripts\meg_circular_connectogram_brain.py", line 1091, in create_brain_visualization
    display = plotting.plot_glass_brain(
              ^^^^^^^^^^^^^^^^^^^^^^^^^^
  File "C:\Users\dgane\AppData\Local\Programs\Python\Python311\Lib\site-packages\nilearn\plotting\img_plotting.py", line 1600, in plot_glass_brain
    display = _plot_img_with_bg(
              ^^^^^^^^^^^^^^^^^^
  File "C:\Users\dgane\AppData\Local\Programs\Python\Python311\Lib\site-packages\nilearn\plotting\img_plotting.py", line 246, in _plot_img_with_bg
    display = display_factory(display_mode)(
              ^^^^^^^^^^^^^^^^^^^^^^^^^^^^^
  File "C:\Users\dgane\AppData\Local\Programs\Python\Python311\Lib\site-packages\nilearn\plotting\img_plotting.py", line 1597, in display_factory
    get_projector(display_mode), alpha=alpha, plot_abs=plot_abs
    ^^^^^^^^^^^^^^^^^^^^^^^^^^^
  File "C:\Users\dgane\AppData\Local\Programs\Python\Python311\Lib\site-packages\nilearn\plotting\displays\_projectors.py", line 805, in get_projector
    return _get_create_display_fun(display_mode, PROJECTORS)
           ^^^^^^^^^^^^^^^^^^^^^^^^^^^^^^^^^^^^^^^^^^^^^^^^^
  File "C:\Users\dgane\AppData\Local\Programs\Python\Python311\Lib\site-packages\nilearn\plotting\displays\_slicers.py", line 2182, in _get_create_display_fun
    raise ValueError(message)
ValueError: lateral is not a valid display_mode. Valid options are ['l', 'lr', 'lyr', 'lyrz', 'lzr', 'lzry', 'ortho', 'r', 'x', 'xz', 'y', 'yx', 'yz', 'z']

2025-03-14 17:47:07,324 - INFO - Processing Cue_iPDC_10Hz...
2025-03-14 17:47:07,324 - INFO - Processing folder: Cue_iPDC_10Hz
2025-03-14 17:47:07,324 - INFO - Found 1 statistical test files
2025-03-14 17:47:07,325 - INFO - Processing iPDC_10Hz_L-R (wilcoxon)
2025-03-14 17:47:07,325 - INFO - Reading connectivity matrix from iPDC_10Hz_L-R_wilcoxon.csv
2025-03-14 17:47:07,650 - ERROR - Error processing iPDC_10Hz_L-R_wilcoxon.csv: lateral is not a valid display_mode. Valid options are ['l', 'lr', 'lyr', 'lyrz', 'lzr', 'lzry', 'ortho', 'r', 'x', 'xz', 'y', 'yx', 'yz', 'z']
2025-03-14 17:47:07,651 - ERROR - Traceback (most recent call last):
  File "C:\Users\dgane\AppData\Local\Programs\Python\Python311\Lib\site-packages\nilearn\plotting\displays\_slicers.py", line 2176, in _get_create_display_fun
    return class_dict[display_mode].init_with_figure
           ~~~~~~~~~~^^^^^^^^^^^^^^
KeyError: 'lateral'

During handling of the above exception, another exception occurred:

Traceback (most recent call last):
  File "c:\Users\dgane\Apps\MEG\Scripts\meg_circular_connectogram_brain.py", line 800, in process_folder
    fig = self.create_brain_visualization(matrix, output_path, title, conn_type)
          ^^^^^^^^^^^^^^^^^^^^^^^^^^^^^^^^^^^^^^^^^^^^^^^^^^^^^^^^^^^^^^^^^^^^^^
  File "c:\Users\dgane\Apps\MEG\Scripts\meg_circular_connectogram_brain.py", line 1091, in create_brain_visualization
    display = plotting.plot_glass_brain(
              ^^^^^^^^^^^^^^^^^^^^^^^^^^
  File "C:\Users\dgane\AppData\Local\Programs\Python\Python311\Lib\site-packages\nilearn\plotting\img_plotting.py", line 1600, in plot_glass_brain
    display = _plot_img_with_bg(
              ^^^^^^^^^^^^^^^^^^
  File "C:\Users\dgane\AppData\Local\Programs\Python\Python311\Lib\site-packages\nilearn\plotting\img_plotting.py", line 246, in _plot_img_with_bg
    display = display_factory(display_mode)(
              ^^^^^^^^^^^^^^^^^^^^^^^^^^^^^
  File "C:\Users\dgane\AppData\Local\Programs\Python\Python311\Lib\site-packages\nilearn\plotting\img_plotting.py", line 1597, in display_factory
    get_projector(display_mode), alpha=alpha, plot_abs=plot_abs
    ^^^^^^^^^^^^^^^^^^^^^^^^^^^
  File "C:\Users\dgane\AppData\Local\Programs\Python\Python311\Lib\site-packages\nilearn\plotting\displays\_projectors.py", line 805, in get_projector
    return _get_create_display_fun(display_mode, PROJECTORS)
           ^^^^^^^^^^^^^^^^^^^^^^^^^^^^^^^^^^^^^^^^^^^^^^^^^
  File "C:\Users\dgane\AppData\Local\Programs\Python\Python311\Lib\site-packages\nilearn\plotting\displays\_slicers.py", line 2182, in _get_create_display_fun
    raise ValueError(message)
ValueError: lateral is not a valid display_mode. Valid options are ['l', 'lr', 'lyr', 'lyrz', 'lzr', 'lzry', 'ortho', 'r', 'x', 'xz', 'y', 'yx', 'yz', 'z']

2025-03-14 17:47:07,652 - INFO - Processing Cue_iPDC_20Hz...
2025-03-14 17:47:07,652 - INFO - Processing folder: Cue_iPDC_20Hz
2025-03-14 17:47:07,652 - INFO - Found 1 statistical test files
2025-03-14 17:47:07,652 - INFO - Processing iPDC_20Hz_L-R (wilcoxon)
2025-03-14 17:47:07,653 - INFO - Reading connectivity matrix from iPDC_20Hz_L-R_wilcoxon.csv
2025-03-14 17:47:07,970 - ERROR - Error processing iPDC_20Hz_L-R_wilcoxon.csv: lateral is not a valid display_mode. Valid options are ['l', 'lr', 'lyr', 'lyrz', 'lzr', 'lzry', 'ortho', 'r', 'x', 'xz', 'y', 'yx', 'yz', 'z']
2025-03-14 17:47:07,972 - ERROR - Traceback (most recent call last):
  File "C:\Users\dgane\AppData\Local\Programs\Python\Python311\Lib\site-packages\nilearn\plotting\displays\_slicers.py", line 2176, in _get_create_display_fun
    return class_dict[display_mode].init_with_figure
           ~~~~~~~~~~^^^^^^^^^^^^^^
KeyError: 'lateral'

During handling of the above exception, another exception occurred:

Traceback (most recent call last):
  File "c:\Users\dgane\Apps\MEG\Scripts\meg_circular_connectogram_brain.py", line 800, in process_folder
    fig = self.create_brain_visualization(matrix, output_path, title, conn_type)
          ^^^^^^^^^^^^^^^^^^^^^^^^^^^^^^^^^^^^^^^^^^^^^^^^^^^^^^^^^^^^^^^^^^^^^^
  File "c:\Users\dgane\Apps\MEG\Scripts\meg_circular_connectogram_brain.py", line 1091, in create_brain_visualization
    display = plotting.plot_glass_brain(
              ^^^^^^^^^^^^^^^^^^^^^^^^^^
  File "C:\Users\dgane\AppData\Local\Programs\Python\Python311\Lib\site-packages\nilearn\plotting\img_plotting.py", line 1600, in plot_glass_brain
    display = _plot_img_with_bg(
              ^^^^^^^^^^^^^^^^^^
  File "C:\Users\dgane\AppData\Local\Programs\Python\Python311\Lib\site-packages\nilearn\plotting\img_plotting.py", line 246, in _plot_img_with_bg
    display = display_factory(display_mode)(
              ^^^^^^^^^^^^^^^^^^^^^^^^^^^^^
  File "C:\Users\dgane\AppData\Local\Programs\Python\Python311\Lib\site-packages\nilearn\plotting\img_plotting.py", line 1597, in display_factory
    get_projector(display_mode), alpha=alpha, plot_abs=plot_abs
    ^^^^^^^^^^^^^^^^^^^^^^^^^^^
  File "C:\Users\dgane\AppData\Local\Programs\Python\Python311\Lib\site-packages\nilearn\plotting\displays\_projectors.py", line 805, in get_projector
    return _get_create_display_fun(display_mode, PROJECTORS)
           ^^^^^^^^^^^^^^^^^^^^^^^^^^^^^^^^^^^^^^^^^^^^^^^^^
  File "C:\Users\dgane\AppData\Local\Programs\Python\Python311\Lib\site-packages\nilearn\plotting\displays\_slicers.py", line 2182, in _get_create_display_fun
    raise ValueError(message)
ValueError: lateral is not a valid display_mode. Valid options are ['l', 'lr', 'lyr', 'lyrz', 'lzr', 'lzry', 'ortho', 'r', 'x', 'xz', 'y', 'yx', 'yz', 'z']

2025-03-14 17:47:07,972 - INFO - 
---------------------
2025-03-14 17:47:07,973 - INFO - Processing complete!
2025-03-14 17:47:07,973 - INFO - Folders processed: 9
2025-03-14 17:47:07,973 - INFO - Visualizations created: 0
2025-03-14 17:47:07,973 - INFO - Errors encountered: 9
2025-03-14 17:47:07,973 - INFO - Process completed at: 2025-03-14 17:47:07
