2025-03-13 09:02:21,641 - INFO - Starting MEG Connectogram Visualization V2
2025-03-13 09:02:21,641 - INFO - Selected dataset: DataSet5_Align_cue_626_to_938_unc
2025-03-13 09:02:21,641 - INFO - Selected analysis type: Wilcoxon
2025-03-13 09:02:21,641 - INFO - Selected analysis folder: Wilcoxon_03102025-1305
2025-03-13 09:02:21,642 - INFO - Log file: Logs\connectogram_20250313-090221.log
2025-03-13 09:02:21,642 - INFO - Processing all folders in Wilcoxon_03102025-1305...
2025-03-13 09:02:21,642 - INFO - Processing Cue_gDTF_100Hz...
2025-03-13 09:02:21,643 - INFO - Processing Data\DataSet5_Align_cue_626_to_938_unc\Wilcoxon_03102025-1305\Cue_gDTF_100Hz\gDTF_100Hz_L-R_BG.csv
2025-03-13 09:02:21,644 - INFO - Matrix shape: (32, 32)
2025-03-13 09:02:21,644 - INFO - Found 1024 connections out of 1024 possible connections
2025-03-13 09:02:24,275 - INFO - Created 'positive connections' connectogram for gDTF_100Hz
2025-03-13 09:02:24,276 - INFO - Saved PNG: Data\DataSet5_Align_cue_626_to_938_unc\Wilcoxon_03102025-1305\Cue_gDTF_100Hz\gDTF_100Hz_L-R_wilcoxon_circular_connectogram_positive_20250313-0902.png
2025-03-13 09:02:24,276 - INFO - Saved SVG: Data\DataSet5_Align_cue_626_to_938_unc\Wilcoxon_03102025-1305\Cue_gDTF_100Hz\gDTF_100Hz_L-R_wilcoxon_circular_connectogram_positive_20250313-0902.svg
2025-03-13 09:02:27,152 - INFO - Created 'negative connections' connectogram for gDTF_100Hz
2025-03-13 09:02:27,152 - INFO - Saved PNG: Data\DataSet5_Align_cue_626_to_938_unc\Wilcoxon_03102025-1305\Cue_gDTF_100Hz\gDTF_100Hz_L-R_wilcoxon_circular_connectogram_negative_20250313-0902.png
2025-03-13 09:02:27,153 - INFO - Saved SVG: Data\DataSet5_Align_cue_626_to_938_unc\Wilcoxon_03102025-1305\Cue_gDTF_100Hz\gDTF_100Hz_L-R_wilcoxon_circular_connectogram_negative_20250313-0902.svg
2025-03-13 09:02:27,155 - INFO - Saved connectivity report to: Data\DataSet5_Align_cue_626_to_938_unc\Wilcoxon_03102025-1305\Cue_gDTF_100Hz\gDTF_100Hz_connectivity_report_20250313-0902.txt
2025-03-13 09:02:27,156 - INFO - Processing Cue_gDTF_10Hz...
2025-03-13 09:02:27,157 - INFO - Processing Data\DataSet5_Align_cue_626_to_938_unc\Wilcoxon_03102025-1305\Cue_gDTF_10Hz\gDTF_10Hz_L-R_BG.csv
2025-03-13 09:02:27,158 - INFO - Matrix shape: (32, 32)
2025-03-13 09:02:27,158 - INFO - Found 1024 connections out of 1024 possible connections
2025-03-13 09:02:29,838 - INFO - Created 'positive connections' connectogram for gDTF_10Hz
2025-03-13 09:02:29,838 - INFO - Saved PNG: Data\DataSet5_Align_cue_626_to_938_unc\Wilcoxon_03102025-1305\Cue_gDTF_10Hz\gDTF_10Hz_L-R_wilcoxon_circular_connectogram_positive_20250313-0902.png
2025-03-13 09:02:29,838 - INFO - Saved SVG: Data\DataSet5_Align_cue_626_to_938_unc\Wilcoxon_03102025-1305\Cue_gDTF_10Hz\gDTF_10Hz_L-R_wilcoxon_circular_connectogram_positive_20250313-0902.svg
2025-03-13 09:02:32,654 - INFO - Created 'negative connections' connectogram for gDTF_10Hz
2025-03-13 09:02:32,654 - INFO - Saved PNG: Data\DataSet5_Align_cue_626_to_938_unc\Wilcoxon_03102025-1305\Cue_gDTF_10Hz\gDTF_10Hz_L-R_wilcoxon_circular_connectogram_negative_20250313-0902.png
2025-03-13 09:02:32,654 - INFO - Saved SVG: Data\DataSet5_Align_cue_626_to_938_unc\Wilcoxon_03102025-1305\Cue_gDTF_10Hz\gDTF_10Hz_L-R_wilcoxon_circular_connectogram_negative_20250313-0902.svg
2025-03-13 09:02:32,657 - INFO - Saved connectivity report to: Data\DataSet5_Align_cue_626_to_938_unc\Wilcoxon_03102025-1305\Cue_gDTF_10Hz\gDTF_10Hz_connectivity_report_20250313-0902.txt
2025-03-13 09:02:32,657 - INFO - Processing Cue_gDTF_20Hz...
2025-03-13 09:02:32,659 - INFO - Processing Data\DataSet5_Align_cue_626_to_938_unc\Wilcoxon_03102025-1305\Cue_gDTF_20Hz\gDTF_20Hz_L-R_BG.csv
2025-03-13 09:02:32,660 - INFO - Matrix shape: (32, 32)
2025-03-13 09:02:32,660 - INFO - Found 1024 connections out of 1024 possible connections
2025-03-13 09:02:35,131 - INFO - Created 'positive connections' connectogram for gDTF_20Hz
2025-03-13 09:02:35,131 - INFO - Saved PNG: Data\DataSet5_Align_cue_626_to_938_unc\Wilcoxon_03102025-1305\Cue_gDTF_20Hz\gDTF_20Hz_L-R_wilcoxon_circular_connectogram_positive_20250313-0902.png
2025-03-13 09:02:35,132 - INFO - Saved SVG: Data\DataSet5_Align_cue_626_to_938_unc\Wilcoxon_03102025-1305\Cue_gDTF_20Hz\gDTF_20Hz_L-R_wilcoxon_circular_connectogram_positive_20250313-0902.svg
2025-03-13 09:02:38,122 - INFO - Created 'negative connections' connectogram for gDTF_20Hz
2025-03-13 09:02:38,123 - INFO - Saved PNG: Data\DataSet5_Align_cue_626_to_938_unc\Wilcoxon_03102025-1305\Cue_gDTF_20Hz\gDTF_20Hz_L-R_wilcoxon_circular_connectogram_negative_20250313-0902.png
2025-03-13 09:02:38,123 - INFO - Saved SVG: Data\DataSet5_Align_cue_626_to_938_unc\Wilcoxon_03102025-1305\Cue_gDTF_20Hz\gDTF_20Hz_L-R_wilcoxon_circular_connectogram_negative_20250313-0902.svg
2025-03-13 09:02:38,126 - INFO - Saved connectivity report to: Data\DataSet5_Align_cue_626_to_938_unc\Wilcoxon_03102025-1305\Cue_gDTF_20Hz\gDTF_20Hz_connectivity_report_20250313-0902.txt
2025-03-13 09:02:38,126 - INFO - Processing Cue_gPDC_100Hz...
2025-03-13 09:02:38,128 - INFO - Processing Data\DataSet5_Align_cue_626_to_938_unc\Wilcoxon_03102025-1305\Cue_gPDC_100Hz\gPDC_100Hz_L-R_BG.csv
2025-03-13 09:02:38,129 - INFO - Matrix shape: (32, 32)
2025-03-13 09:02:38,129 - INFO - Found 1024 connections out of 1024 possible connections
2025-03-13 09:02:40,973 - INFO - Created 'positive connections' connectogram for gPDC_100Hz
2025-03-13 09:02:40,973 - INFO - Saved PNG: Data\DataSet5_Align_cue_626_to_938_unc\Wilcoxon_03102025-1305\Cue_gPDC_100Hz\gPDC_100Hz_L-R_wilcoxon_circular_connectogram_positive_20250313-0902.png
2025-03-13 09:02:40,973 - INFO - Saved SVG: Data\DataSet5_Align_cue_626_to_938_unc\Wilcoxon_03102025-1305\Cue_gPDC_100Hz\gPDC_100Hz_L-R_wilcoxon_circular_connectogram_positive_20250313-0902.svg
2025-03-13 09:02:43,687 - INFO - Created 'negative connections' connectogram for gPDC_100Hz
2025-03-13 09:02:43,688 - INFO - Saved PNG: Data\DataSet5_Align_cue_626_to_938_unc\Wilcoxon_03102025-1305\Cue_gPDC_100Hz\gPDC_100Hz_L-R_wilcoxon_circular_connectogram_negative_20250313-0902.png
2025-03-13 09:02:43,688 - INFO - Saved SVG: Data\DataSet5_Align_cue_626_to_938_unc\Wilcoxon_03102025-1305\Cue_gPDC_100Hz\gPDC_100Hz_L-R_wilcoxon_circular_connectogram_negative_20250313-0902.svg
2025-03-13 09:02:43,691 - INFO - Saved connectivity report to: Data\DataSet5_Align_cue_626_to_938_unc\Wilcoxon_03102025-1305\Cue_gPDC_100Hz\gPDC_100Hz_connectivity_report_20250313-0902.txt
2025-03-13 09:02:43,691 - INFO - Processing Cue_gPDC_10Hz...
2025-03-13 09:02:43,693 - INFO - Processing Data\DataSet5_Align_cue_626_to_938_unc\Wilcoxon_03102025-1305\Cue_gPDC_10Hz\gPDC_10Hz_L-R_BG.csv
2025-03-13 09:02:43,693 - INFO - Matrix shape: (32, 32)
2025-03-13 09:02:43,693 - INFO - Found 1024 connections out of 1024 possible connections
2025-03-13 09:02:46,384 - INFO - Created 'positive connections' connectogram for gPDC_10Hz
2025-03-13 09:02:46,385 - INFO - Saved PNG: Data\DataSet5_Align_cue_626_to_938_unc\Wilcoxon_03102025-1305\Cue_gPDC_10Hz\gPDC_10Hz_L-R_wilcoxon_circular_connectogram_positive_20250313-0902.png
2025-03-13 09:02:46,385 - INFO - Saved SVG: Data\DataSet5_Align_cue_626_to_938_unc\Wilcoxon_03102025-1305\Cue_gPDC_10Hz\gPDC_10Hz_L-R_wilcoxon_circular_connectogram_positive_20250313-0902.svg
2025-03-13 09:02:49,128 - INFO - Created 'negative connections' connectogram for gPDC_10Hz
2025-03-13 09:02:49,128 - INFO - Saved PNG: Data\DataSet5_Align_cue_626_to_938_unc\Wilcoxon_03102025-1305\Cue_gPDC_10Hz\gPDC_10Hz_L-R_wilcoxon_circular_connectogram_negative_20250313-0902.png
2025-03-13 09:02:49,129 - INFO - Saved SVG: Data\DataSet5_Align_cue_626_to_938_unc\Wilcoxon_03102025-1305\Cue_gPDC_10Hz\gPDC_10Hz_L-R_wilcoxon_circular_connectogram_negative_20250313-0902.svg
2025-03-13 09:02:49,131 - INFO - Saved connectivity report to: Data\DataSet5_Align_cue_626_to_938_unc\Wilcoxon_03102025-1305\Cue_gPDC_10Hz\gPDC_10Hz_connectivity_report_20250313-0902.txt
2025-03-13 09:02:49,131 - INFO - Processing Cue_gPDC_20Hz...
2025-03-13 09:02:49,132 - INFO - Processing Data\DataSet5_Align_cue_626_to_938_unc\Wilcoxon_03102025-1305\Cue_gPDC_20Hz\gPDC_20Hz_L-R_BG.csv
2025-03-13 09:02:49,133 - INFO - Matrix shape: (32, 32)
2025-03-13 09:02:49,133 - INFO - Found 1024 connections out of 1024 possible connections
2025-03-13 09:02:51,667 - INFO - Created 'positive connections' connectogram for gPDC_20Hz
2025-03-13 09:02:51,667 - INFO - Saved PNG: Data\DataSet5_Align_cue_626_to_938_unc\Wilcoxon_03102025-1305\Cue_gPDC_20Hz\gPDC_20Hz_L-R_wilcoxon_circular_connectogram_positive_20250313-0902.png
2025-03-13 09:02:51,668 - INFO - Saved SVG: Data\DataSet5_Align_cue_626_to_938_unc\Wilcoxon_03102025-1305\Cue_gPDC_20Hz\gPDC_20Hz_L-R_wilcoxon_circular_connectogram_positive_20250313-0902.svg
2025-03-13 09:02:54,647 - INFO - Created 'negative connections' connectogram for gPDC_20Hz
2025-03-13 09:02:54,648 - INFO - Saved PNG: Data\DataSet5_Align_cue_626_to_938_unc\Wilcoxon_03102025-1305\Cue_gPDC_20Hz\gPDC_20Hz_L-R_wilcoxon_circular_connectogram_negative_20250313-0902.png
2025-03-13 09:02:54,648 - INFO - Saved SVG: Data\DataSet5_Align_cue_626_to_938_unc\Wilcoxon_03102025-1305\Cue_gPDC_20Hz\gPDC_20Hz_L-R_wilcoxon_circular_connectogram_negative_20250313-0902.svg
2025-03-13 09:02:54,650 - INFO - Saved connectivity report to: Data\DataSet5_Align_cue_626_to_938_unc\Wilcoxon_03102025-1305\Cue_gPDC_20Hz\gPDC_20Hz_connectivity_report_20250313-0902.txt
2025-03-13 09:02:54,651 - INFO - Processing Cue_iPDC_100Hz...
2025-03-13 09:02:54,653 - INFO - Processing Data\DataSet5_Align_cue_626_to_938_unc\Wilcoxon_03102025-1305\Cue_iPDC_100Hz\iPDC_100Hz_L-R_BG.csv
2025-03-13 09:02:54,653 - INFO - Matrix shape: (32, 32)
2025-03-13 09:02:54,654 - INFO - Found 1024 connections out of 1024 possible connections
2025-03-13 09:02:57,465 - INFO - Created 'positive connections' connectogram for iPDC_100Hz
2025-03-13 09:02:57,465 - INFO - Saved PNG: Data\DataSet5_Align_cue_626_to_938_unc\Wilcoxon_03102025-1305\Cue_iPDC_100Hz\iPDC_100Hz_L-R_wilcoxon_circular_connectogram_positive_20250313-0902.png
2025-03-13 09:02:57,465 - INFO - Saved SVG: Data\DataSet5_Align_cue_626_to_938_unc\Wilcoxon_03102025-1305\Cue_iPDC_100Hz\iPDC_100Hz_L-R_wilcoxon_circular_connectogram_positive_20250313-0902.svg
2025-03-13 09:03:00,089 - INFO - Created 'negative connections' connectogram for iPDC_100Hz
2025-03-13 09:03:00,089 - INFO - Saved PNG: Data\DataSet5_Align_cue_626_to_938_unc\Wilcoxon_03102025-1305\Cue_iPDC_100Hz\iPDC_100Hz_L-R_wilcoxon_circular_connectogram_negative_20250313-0902.png
2025-03-13 09:03:00,090 - INFO - Saved SVG: Data\DataSet5_Align_cue_626_to_938_unc\Wilcoxon_03102025-1305\Cue_iPDC_100Hz\iPDC_100Hz_L-R_wilcoxon_circular_connectogram_negative_20250313-0902.svg
2025-03-13 09:03:00,092 - INFO - Saved connectivity report to: Data\DataSet5_Align_cue_626_to_938_unc\Wilcoxon_03102025-1305\Cue_iPDC_100Hz\iPDC_100Hz_connectivity_report_20250313-0902.txt
2025-03-13 09:03:00,093 - INFO - Processing Cue_iPDC_10Hz...
2025-03-13 09:03:00,094 - INFO - Processing Data\DataSet5_Align_cue_626_to_938_unc\Wilcoxon_03102025-1305\Cue_iPDC_10Hz\iPDC_10Hz_L-R_BG.csv
2025-03-13 09:03:00,095 - INFO - Matrix shape: (32, 32)
2025-03-13 09:03:00,095 - INFO - Found 1024 connections out of 1024 possible connections
2025-03-13 09:03:02,853 - INFO - Created 'positive connections' connectogram for iPDC_10Hz
2025-03-13 09:03:02,854 - INFO - Saved PNG: Data\DataSet5_Align_cue_626_to_938_unc\Wilcoxon_03102025-1305\Cue_iPDC_10Hz\iPDC_10Hz_L-R_wilcoxon_circular_connectogram_positive_20250313-0903.png
2025-03-13 09:03:02,854 - INFO - Saved SVG: Data\DataSet5_Align_cue_626_to_938_unc\Wilcoxon_03102025-1305\Cue_iPDC_10Hz\iPDC_10Hz_L-R_wilcoxon_circular_connectogram_positive_20250313-0903.svg
2025-03-13 09:03:05,521 - INFO - Created 'negative connections' connectogram for iPDC_10Hz
2025-03-13 09:03:05,521 - INFO - Saved PNG: Data\DataSet5_Align_cue_626_to_938_unc\Wilcoxon_03102025-1305\Cue_iPDC_10Hz\iPDC_10Hz_L-R_wilcoxon_circular_connectogram_negative_20250313-0903.png
2025-03-13 09:03:05,522 - INFO - Saved SVG: Data\DataSet5_Align_cue_626_to_938_unc\Wilcoxon_03102025-1305\Cue_iPDC_10Hz\iPDC_10Hz_L-R_wilcoxon_circular_connectogram_negative_20250313-0903.svg
2025-03-13 09:03:05,524 - INFO - Saved connectivity report to: Data\DataSet5_Align_cue_626_to_938_unc\Wilcoxon_03102025-1305\Cue_iPDC_10Hz\iPDC_10Hz_connectivity_report_20250313-0903.txt
2025-03-13 09:03:05,525 - INFO - Processing Cue_iPDC_20Hz...
2025-03-13 09:03:05,528 - INFO - Processing Data\DataSet5_Align_cue_626_to_938_unc\Wilcoxon_03102025-1305\Cue_iPDC_20Hz\iPDC_20Hz_L-R_BG.csv
2025-03-13 09:03:05,529 - INFO - Matrix shape: (32, 32)
2025-03-13 09:03:05,529 - INFO - Found 1024 connections out of 1024 possible connections
2025-03-13 09:03:08,027 - INFO - Created 'positive connections' connectogram for iPDC_20Hz
2025-03-13 09:03:08,027 - INFO - Saved PNG: Data\DataSet5_Align_cue_626_to_938_unc\Wilcoxon_03102025-1305\Cue_iPDC_20Hz\iPDC_20Hz_L-R_wilcoxon_circular_connectogram_positive_20250313-0903.png
2025-03-13 09:03:08,027 - INFO - Saved SVG: Data\DataSet5_Align_cue_626_to_938_unc\Wilcoxon_03102025-1305\Cue_iPDC_20Hz\iPDC_20Hz_L-R_wilcoxon_circular_connectogram_positive_20250313-0903.svg
2025-03-13 09:03:10,870 - INFO - Created 'negative connections' connectogram for iPDC_20Hz
2025-03-13 09:03:10,871 - INFO - Saved PNG: Data\DataSet5_Align_cue_626_to_938_unc\Wilcoxon_03102025-1305\Cue_iPDC_20Hz\iPDC_20Hz_L-R_wilcoxon_circular_connectogram_negative_20250313-0903.png
2025-03-13 09:03:10,871 - INFO - Saved SVG: Data\DataSet5_Align_cue_626_to_938_unc\Wilcoxon_03102025-1305\Cue_iPDC_20Hz\iPDC_20Hz_L-R_wilcoxon_circular_connectogram_negative_20250313-0903.svg
2025-03-13 09:03:10,874 - INFO - Saved connectivity report to: Data\DataSet5_Align_cue_626_to_938_unc\Wilcoxon_03102025-1305\Cue_iPDC_20Hz\iPDC_20Hz_connectivity_report_20250313-0903.txt
2025-03-13 09:03:10,874 - INFO - 
---------------------
2025-03-13 09:03:10,874 - INFO - Processing complete!
2025-03-13 09:03:10,874 - INFO - Folders processed: 9
2025-03-13 09:03:10,874 - INFO - Visualizations created: 18
2025-03-13 09:03:10,874 - INFO - Errors encountered: 0
2025-03-13 09:03:10,875 - INFO - Process completed at: 2025-03-13 09:03:10
