2025-03-14 18:29:14,380 - INFO - Starting MEG Connectogram Visualization V2
2025-03-14 18:29:14,380 - INFO - Selected dataset: DataSet5_Align_cue_626_to_938_unc
2025-03-14 18:29:14,381 - INFO - Selected analysis type: Wilcoxon
2025-03-14 18:29:14,381 - INFO - Selected analysis folder: Wilcoxon_03102025-1305
2025-03-14 18:29:14,381 - INFO - Log file: Logs\connectogram_20250314-182914.log
2025-03-14 18:29:14,381 - INFO - Processing all folders in Wilcoxon_03102025-1305...
2025-03-14 18:29:14,382 - INFO - Processing Cue_gDTF_100Hz...
2025-03-14 18:29:14,382 - INFO - Processing folder: Cue_gDTF_100Hz
2025-03-14 18:29:14,383 - INFO - Found 1 statistical test files
2025-03-14 18:29:14,383 - INFO - Processing gDTF_100Hz_L-R (wilcoxon)
2025-03-14 18:29:14,383 - INFO - Reading connectivity matrix from gDTF_100Hz_L-R_wilcoxon.csv
2025-03-14 18:29:14,385 - INFO - Processing Cue_gDTF_10Hz...
2025-03-14 18:29:14,385 - INFO - Processing folder: Cue_gDTF_10Hz
2025-03-14 18:29:14,386 - INFO - Found 1 statistical test files
2025-03-14 18:29:14,386 - INFO - Processing gDTF_10Hz_L-R (wilcoxon)
2025-03-14 18:29:14,386 - INFO - Reading connectivity matrix from gDTF_10Hz_L-R_wilcoxon.csv
2025-03-14 18:29:14,387 - INFO - Processing Cue_gDTF_20Hz...
2025-03-14 18:29:14,387 - INFO - Processing folder: Cue_gDTF_20Hz
2025-03-14 18:29:14,388 - INFO - Found 1 statistical test files
2025-03-14 18:29:14,388 - INFO - Processing gDTF_20Hz_L-R (wilcoxon)
2025-03-14 18:29:14,388 - INFO - Reading connectivity matrix from gDTF_20Hz_L-R_wilcoxon.csv
2025-03-14 18:29:14,389 - INFO - Processing Cue_gPDC_100Hz...
2025-03-14 18:29:14,390 - INFO - Processing folder: Cue_gPDC_100Hz
2025-03-14 18:29:14,390 - INFO - Found 1 statistical test files
2025-03-14 18:29:14,390 - INFO - Processing gPDC_100Hz_L-R (wilcoxon)
2025-03-14 18:29:14,390 - INFO - Reading connectivity matrix from gPDC_100Hz_L-R_wilcoxon.csv
2025-03-14 18:29:14,391 - INFO - Processing Cue_gPDC_10Hz...
2025-03-14 18:29:14,392 - INFO - Processing folder: Cue_gPDC_10Hz
2025-03-14 18:29:14,392 - INFO - Found 1 statistical test files
2025-03-14 18:29:14,392 - INFO - Processing gPDC_10Hz_L-R (wilcoxon)
2025-03-14 18:29:14,393 - INFO - Reading connectivity matrix from gPDC_10Hz_L-R_wilcoxon.csv
2025-03-14 18:29:14,394 - INFO - Processing Cue_gPDC_20Hz...
2025-03-14 18:29:14,394 - INFO - Processing folder: Cue_gPDC_20Hz
2025-03-14 18:29:14,394 - INFO - Found 1 statistical test files
2025-03-14 18:29:14,394 - INFO - Processing gPDC_20Hz_L-R (wilcoxon)
2025-03-14 18:29:14,395 - INFO - Reading connectivity matrix from gPDC_20Hz_L-R_wilcoxon.csv
2025-03-14 18:29:14,396 - INFO - Processing Cue_iPDC_100Hz...
2025-03-14 18:29:14,396 - INFO - Processing folder: Cue_iPDC_100Hz
2025-03-14 18:29:14,396 - INFO - Found 1 statistical test files
2025-03-14 18:29:14,396 - INFO - Processing iPDC_100Hz_L-R (wilcoxon)
2025-03-14 18:29:14,397 - INFO - Reading connectivity matrix from iPDC_100Hz_L-R_wilcoxon.csv
2025-03-14 18:29:14,398 - INFO - Processing Cue_iPDC_10Hz...
2025-03-14 18:29:14,398 - INFO - Processing folder: Cue_iPDC_10Hz
2025-03-14 18:29:14,398 - INFO - Found 1 statistical test files
2025-03-14 18:29:14,398 - INFO - Processing iPDC_10Hz_L-R (wilcoxon)
2025-03-14 18:29:14,399 - INFO - Reading connectivity matrix from iPDC_10Hz_L-R_wilcoxon.csv
2025-03-14 18:29:14,400 - INFO - Processing Cue_iPDC_20Hz...
2025-03-14 18:29:14,400 - INFO - Processing folder: Cue_iPDC_20Hz
2025-03-14 18:29:14,400 - INFO - Found 1 statistical test files
2025-03-14 18:29:14,401 - INFO - Processing iPDC_20Hz_L-R (wilcoxon)
2025-03-14 18:29:14,401 - INFO - Reading connectivity matrix from iPDC_20Hz_L-R_wilcoxon.csv
2025-03-14 18:29:14,402 - INFO - 
---------------------
2025-03-14 18:29:14,402 - INFO - Processing complete!
2025-03-14 18:29:14,402 - INFO - Folders processed: 9
2025-03-14 18:29:14,402 - INFO - Visualizations created: 0
2025-03-14 18:29:14,403 - INFO - Errors encountered: 0
2025-03-14 18:29:14,403 - INFO - Process completed at: 2025-03-14 18:29:14
