2025-03-14 18:03:08,629 - INFO - Starting MEG Connectogram Visualization V2
2025-03-14 18:03:08,629 - INFO - Selected dataset: DataSet5_Align_cue_626_to_938_unc
2025-03-14 18:03:08,629 - INFO - Selected analysis type: Wilcoxon
2025-03-14 18:03:08,629 - INFO - Selected analysis folder: Wilcoxon_03102025-1305
2025-03-14 18:03:08,629 - INFO - Log file: Logs\connectogram_20250314-180308.log
2025-03-14 18:03:08,629 - INFO - Processing all folders in Wilcoxon_03102025-1305...
2025-03-14 18:03:08,630 - INFO - Processing Cue_gDTF_100Hz...
2025-03-14 18:03:08,630 - INFO - Processing folder: Cue_gDTF_100Hz
2025-03-14 18:03:08,630 - INFO - Found 1 statistical test files
2025-03-14 18:03:08,632 - INFO - Processing gDTF_100Hz_L-R (wilcoxon)
2025-03-14 18:03:08,632 - INFO - Reading connectivity matrix from gDTF_100Hz_L-R_wilcoxon.csv
2025-03-14 18:03:17,294 - INFO - Processing Cue_gDTF_10Hz...
2025-03-14 18:03:17,294 - INFO - Processing folder: Cue_gDTF_10Hz
2025-03-14 18:03:17,295 - INFO - Found 1 statistical test files
2025-03-14 18:03:17,295 - INFO - Processing gDTF_10Hz_L-R (wilcoxon)
2025-03-14 18:03:17,295 - INFO - Reading connectivity matrix from gDTF_10Hz_L-R_wilcoxon.csv
2025-03-14 18:03:26,561 - INFO - Processing Cue_gDTF_20Hz...
2025-03-14 18:03:26,562 - INFO - Processing folder: Cue_gDTF_20Hz
2025-03-14 18:03:26,562 - INFO - Found 1 statistical test files
2025-03-14 18:03:26,562 - INFO - Processing gDTF_20Hz_L-R (wilcoxon)
2025-03-14 18:03:26,563 - INFO - Reading connectivity matrix from gDTF_20Hz_L-R_wilcoxon.csv
2025-03-14 18:03:35,624 - INFO - Processing Cue_gPDC_100Hz...
2025-03-14 18:03:35,624 - INFO - Processing folder: Cue_gPDC_100Hz
2025-03-14 18:03:35,625 - INFO - Found 1 statistical test files
2025-03-14 18:03:35,625 - INFO - Processing gPDC_100Hz_L-R (wilcoxon)
2025-03-14 18:03:35,625 - INFO - Reading connectivity matrix from gPDC_100Hz_L-R_wilcoxon.csv
2025-03-14 18:03:44,899 - INFO - Processing Cue_gPDC_10Hz...
2025-03-14 18:03:44,899 - INFO - Processing folder: Cue_gPDC_10Hz
2025-03-14 18:03:44,899 - INFO - Found 1 statistical test files
2025-03-14 18:03:44,900 - INFO - Processing gPDC_10Hz_L-R (wilcoxon)
2025-03-14 18:03:44,900 - INFO - Reading connectivity matrix from gPDC_10Hz_L-R_wilcoxon.csv
2025-03-14 18:03:54,142 - INFO - Processing Cue_gPDC_20Hz...
2025-03-14 18:03:54,142 - INFO - Processing folder: Cue_gPDC_20Hz
2025-03-14 18:03:54,143 - INFO - Found 1 statistical test files
2025-03-14 18:03:54,143 - INFO - Processing gPDC_20Hz_L-R (wilcoxon)
2025-03-14 18:03:54,143 - INFO - Reading connectivity matrix from gPDC_20Hz_L-R_wilcoxon.csv
2025-03-14 18:04:03,571 - INFO - Processing Cue_iPDC_100Hz...
2025-03-14 18:04:03,571 - INFO - Processing folder: Cue_iPDC_100Hz
2025-03-14 18:04:03,572 - INFO - Found 1 statistical test files
2025-03-14 18:04:03,572 - INFO - Processing iPDC_100Hz_L-R (wilcoxon)
2025-03-14 18:04:03,572 - INFO - Reading connectivity matrix from iPDC_100Hz_L-R_wilcoxon.csv
2025-03-14 18:04:12,655 - INFO - Processing Cue_iPDC_10Hz...
2025-03-14 18:04:12,655 - INFO - Processing folder: Cue_iPDC_10Hz
2025-03-14 18:04:12,656 - INFO - Found 1 statistical test files
2025-03-14 18:04:12,656 - INFO - Processing iPDC_10Hz_L-R (wilcoxon)
2025-03-14 18:04:12,656 - INFO - Reading connectivity matrix from iPDC_10Hz_L-R_wilcoxon.csv
2025-03-14 18:04:22,068 - INFO - Processing Cue_iPDC_20Hz...
2025-03-14 18:04:22,068 - INFO - Processing folder: Cue_iPDC_20Hz
2025-03-14 18:04:22,069 - INFO - Found 1 statistical test files
2025-03-14 18:04:22,069 - INFO - Processing iPDC_20Hz_L-R (wilcoxon)
2025-03-14 18:04:22,069 - INFO - Reading connectivity matrix from iPDC_20Hz_L-R_wilcoxon.csv
2025-03-14 18:04:31,121 - INFO - 
---------------------
2025-03-14 18:04:31,121 - INFO - Processing complete!
2025-03-14 18:04:31,121 - INFO - Folders processed: 9
2025-03-14 18:04:31,122 - INFO - Visualizations created: 18
2025-03-14 18:04:31,122 - INFO - Errors encountered: 0
2025-03-14 18:04:31,122 - INFO - Process completed at: 2025-03-14 18:04:31
