2025-03-14 17:41:10,434 - INFO - Starting MEG Connectogram Visualization V2
2025-03-14 17:41:10,434 - INFO - Selected dataset: DataSet5_Align_cue_626_to_938_unc
2025-03-14 17:41:10,434 - INFO - Selected analysis type: Wilcoxon
2025-03-14 17:41:10,435 - INFO - Selected analysis folder: Wilcoxon_03102025-1305
2025-03-14 17:41:10,435 - INFO - Log file: Logs\connectogram_20250314-174110.log
2025-03-14 17:41:10,435 - INFO - Processing all folders in Wilcoxon_03102025-1305...
2025-03-14 17:41:10,435 - INFO - Processing Cue_gDTF_100Hz...
2025-03-14 17:41:10,436 - INFO - Processing folder: Cue_gDTF_100Hz
2025-03-14 17:41:10,436 - INFO - Found 1 statistical test files
2025-03-14 17:41:10,437 - INFO - Processing gDTF_100Hz_L-R (wilcoxon)
2025-03-14 17:41:10,437 - INFO - Reading connectivity matrix from gDTF_100Hz_L-R_wilcoxon.csv
2025-03-14 17:41:11,311 - INFO - Created brain connectivity matrix visualization: gDTF_100Hz_L-R_brain_positive_20250314-174110.png
2025-03-14 17:41:12,174 - INFO - Created brain connectivity matrix visualization: gDTF_100Hz_L-R_brain_negative_20250314-174110.png
2025-03-14 17:41:12,237 - INFO - Processing Cue_gDTF_10Hz...
2025-03-14 17:41:12,237 - INFO - Processing folder: Cue_gDTF_10Hz
2025-03-14 17:41:12,238 - INFO - Found 1 statistical test files
2025-03-14 17:41:12,238 - INFO - Processing gDTF_10Hz_L-R (wilcoxon)
2025-03-14 17:41:12,238 - INFO - Reading connectivity matrix from gDTF_10Hz_L-R_wilcoxon.csv
2025-03-14 17:41:13,038 - INFO - Created brain connectivity matrix visualization: gDTF_10Hz_L-R_brain_positive_20250314-174112.png
2025-03-14 17:41:13,960 - INFO - Created brain connectivity matrix visualization: gDTF_10Hz_L-R_brain_negative_20250314-174112.png
2025-03-14 17:41:14,024 - INFO - Processing Cue_gDTF_20Hz...
2025-03-14 17:41:14,024 - INFO - Processing folder: Cue_gDTF_20Hz
2025-03-14 17:41:14,025 - INFO - Found 1 statistical test files
2025-03-14 17:41:14,025 - INFO - Processing gDTF_20Hz_L-R (wilcoxon)
2025-03-14 17:41:14,025 - INFO - Reading connectivity matrix from gDTF_20Hz_L-R_wilcoxon.csv
2025-03-14 17:41:14,829 - INFO - Created brain connectivity matrix visualization: gDTF_20Hz_L-R_brain_positive_20250314-174114.png
2025-03-14 17:41:15,684 - INFO - Created brain connectivity matrix visualization: gDTF_20Hz_L-R_brain_negative_20250314-174114.png
2025-03-14 17:41:15,748 - INFO - Processing Cue_gPDC_100Hz...
2025-03-14 17:41:15,748 - INFO - Processing folder: Cue_gPDC_100Hz
2025-03-14 17:41:15,749 - INFO - Found 1 statistical test files
2025-03-14 17:41:15,749 - INFO - Processing gPDC_100Hz_L-R (wilcoxon)
2025-03-14 17:41:15,749 - INFO - Reading connectivity matrix from gPDC_100Hz_L-R_wilcoxon.csv
2025-03-14 17:41:16,550 - INFO - Created brain connectivity matrix visualization: gPDC_100Hz_L-R_brain_positive_20250314-174115.png
2025-03-14 17:41:17,473 - INFO - Created brain connectivity matrix visualization: gPDC_100Hz_L-R_brain_negative_20250314-174115.png
2025-03-14 17:41:17,538 - INFO - Processing Cue_gPDC_10Hz...
2025-03-14 17:41:17,538 - INFO - Processing folder: Cue_gPDC_10Hz
2025-03-14 17:41:17,539 - INFO - Found 1 statistical test files
2025-03-14 17:41:17,539 - INFO - Processing gPDC_10Hz_L-R (wilcoxon)
2025-03-14 17:41:17,539 - INFO - Reading connectivity matrix from gPDC_10Hz_L-R_wilcoxon.csv
2025-03-14 17:41:18,331 - INFO - Created brain connectivity matrix visualization: gPDC_10Hz_L-R_brain_positive_20250314-174117.png
2025-03-14 17:41:19,184 - INFO - Created brain connectivity matrix visualization: gPDC_10Hz_L-R_brain_negative_20250314-174117.png
2025-03-14 17:41:19,249 - INFO - Processing Cue_gPDC_20Hz...
2025-03-14 17:41:19,249 - INFO - Processing folder: Cue_gPDC_20Hz
2025-03-14 17:41:19,249 - INFO - Found 1 statistical test files
2025-03-14 17:41:19,250 - INFO - Processing gPDC_20Hz_L-R (wilcoxon)
2025-03-14 17:41:19,250 - INFO - Reading connectivity matrix from gPDC_20Hz_L-R_wilcoxon.csv
2025-03-14 17:41:20,102 - INFO - Created brain connectivity matrix visualization: gPDC_20Hz_L-R_brain_positive_20250314-174119.png
2025-03-14 17:41:20,964 - INFO - Created brain connectivity matrix visualization: gPDC_20Hz_L-R_brain_negative_20250314-174119.png
2025-03-14 17:41:21,029 - INFO - Processing Cue_iPDC_100Hz...
2025-03-14 17:41:21,029 - INFO - Processing folder: Cue_iPDC_100Hz
2025-03-14 17:41:21,030 - INFO - Found 1 statistical test files
2025-03-14 17:41:21,030 - INFO - Processing iPDC_100Hz_L-R (wilcoxon)
2025-03-14 17:41:21,030 - INFO - Reading connectivity matrix from iPDC_100Hz_L-R_wilcoxon.csv
2025-03-14 17:41:21,831 - INFO - Created brain connectivity matrix visualization: iPDC_100Hz_L-R_brain_positive_20250314-174121.png
2025-03-14 17:41:22,699 - INFO - Created brain connectivity matrix visualization: iPDC_100Hz_L-R_brain_negative_20250314-174121.png
2025-03-14 17:41:22,765 - INFO - Processing Cue_iPDC_10Hz...
2025-03-14 17:41:22,765 - INFO - Processing folder: Cue_iPDC_10Hz
2025-03-14 17:41:22,766 - INFO - Found 1 statistical test files
2025-03-14 17:41:22,766 - INFO - Processing iPDC_10Hz_L-R (wilcoxon)
2025-03-14 17:41:22,766 - INFO - Reading connectivity matrix from iPDC_10Hz_L-R_wilcoxon.csv
2025-03-14 17:41:23,634 - INFO - Created brain connectivity matrix visualization: iPDC_10Hz_L-R_brain_positive_20250314-174122.png
2025-03-14 17:41:24,513 - INFO - Created brain connectivity matrix visualization: iPDC_10Hz_L-R_brain_negative_20250314-174122.png
2025-03-14 17:41:24,580 - INFO - Processing Cue_iPDC_20Hz...
2025-03-14 17:41:24,580 - INFO - Processing folder: Cue_iPDC_20Hz
2025-03-14 17:41:24,581 - INFO - Found 1 statistical test files
2025-03-14 17:41:24,581 - INFO - Processing iPDC_20Hz_L-R (wilcoxon)
2025-03-14 17:41:24,581 - INFO - Reading connectivity matrix from iPDC_20Hz_L-R_wilcoxon.csv
2025-03-14 17:41:25,392 - INFO - Created brain connectivity matrix visualization: iPDC_20Hz_L-R_brain_positive_20250314-174124.png
2025-03-14 17:41:26,400 - INFO - Created brain connectivity matrix visualization: iPDC_20Hz_L-R_brain_negative_20250314-174124.png
2025-03-14 17:41:26,468 - INFO - 
---------------------
2025-03-14 17:41:26,469 - INFO - Processing complete!
2025-03-14 17:41:26,469 - INFO - Folders processed: 9
2025-03-14 17:41:26,469 - INFO - Visualizations created: 18
2025-03-14 17:41:26,469 - INFO - Errors encountered: 0
2025-03-14 17:41:26,469 - INFO - Process completed at: 2025-03-14 17:41:26
