2025-03-13 08:58:47,675 - INFO - Starting MEG Connectogram Visualization V2
2025-03-13 08:58:47,675 - INFO - Selected dataset: DataSet5_Align_cue_626_to_938_unc
2025-03-13 08:58:47,675 - INFO - Selected analysis type: Wilcoxon
2025-03-13 08:58:47,676 - INFO - Selected analysis folder: Wilcoxon_03102025-1305
2025-03-13 08:58:47,676 - INFO - Log file: Logs\connectogram_20250313-085847.log
2025-03-13 08:58:47,676 - INFO - Processing all folders in Wilcoxon_03102025-1305...
2025-03-13 08:58:47,676 - INFO - Processing Cue_gDTF_100Hz...
2025-03-13 08:58:47,678 - INFO - Processing Data\DataSet5_Align_cue_626_to_938_unc\Wilcoxon_03102025-1305\Cue_gDTF_100Hz\gDTF_100Hz_L-R_BG.csv
2025-03-13 08:58:47,678 - INFO - Matrix shape: (32, 32)
2025-03-13 08:58:47,678 - INFO - Found 1024 connections out of 1024 possible connections
2025-03-13 08:58:50,569 - INFO - Created 'positive connections' connectogram for gDTF_100Hz
2025-03-13 08:58:50,569 - INFO - Saved PNG: Data\DataSet5_Align_cue_626_to_938_unc\Wilcoxon_03102025-1305\Cue_gDTF_100Hz\gDTF_100Hz_L-R_wilcoxon_circular_connectogram_positive_20250313-0858.png
2025-03-13 08:58:50,569 - INFO - Saved SVG: Data\DataSet5_Align_cue_626_to_938_unc\Wilcoxon_03102025-1305\Cue_gDTF_100Hz\gDTF_100Hz_L-R_wilcoxon_circular_connectogram_positive_20250313-0858.svg
2025-03-13 08:58:53,826 - INFO - Created 'negative connections' connectogram for gDTF_100Hz
2025-03-13 08:58:53,827 - INFO - Saved PNG: Data\DataSet5_Align_cue_626_to_938_unc\Wilcoxon_03102025-1305\Cue_gDTF_100Hz\gDTF_100Hz_L-R_wilcoxon_circular_connectogram_negative_20250313-0858.png
2025-03-13 08:58:53,827 - INFO - Saved SVG: Data\DataSet5_Align_cue_626_to_938_unc\Wilcoxon_03102025-1305\Cue_gDTF_100Hz\gDTF_100Hz_L-R_wilcoxon_circular_connectogram_negative_20250313-0858.svg
2025-03-13 08:58:53,830 - INFO - Saved connectivity report to: Data\DataSet5_Align_cue_626_to_938_unc\Wilcoxon_03102025-1305\Cue_gDTF_100Hz\gDTF_100Hz_connectivity_report_20250313-0858.txt
2025-03-13 08:58:53,830 - INFO - Processing Cue_gDTF_10Hz...
2025-03-13 08:58:53,832 - INFO - Processing Data\DataSet5_Align_cue_626_to_938_unc\Wilcoxon_03102025-1305\Cue_gDTF_10Hz\gDTF_10Hz_L-R_BG.csv
2025-03-13 08:58:53,833 - INFO - Matrix shape: (32, 32)
2025-03-13 08:58:53,834 - INFO - Found 1024 connections out of 1024 possible connections
2025-03-13 08:58:56,631 - INFO - Created 'positive connections' connectogram for gDTF_10Hz
2025-03-13 08:58:56,631 - INFO - Saved PNG: Data\DataSet5_Align_cue_626_to_938_unc\Wilcoxon_03102025-1305\Cue_gDTF_10Hz\gDTF_10Hz_L-R_wilcoxon_circular_connectogram_positive_20250313-0858.png
2025-03-13 08:58:56,632 - INFO - Saved SVG: Data\DataSet5_Align_cue_626_to_938_unc\Wilcoxon_03102025-1305\Cue_gDTF_10Hz\gDTF_10Hz_L-R_wilcoxon_circular_connectogram_positive_20250313-0858.svg
2025-03-13 08:58:59,794 - INFO - Created 'negative connections' connectogram for gDTF_10Hz
2025-03-13 08:58:59,794 - INFO - Saved PNG: Data\DataSet5_Align_cue_626_to_938_unc\Wilcoxon_03102025-1305\Cue_gDTF_10Hz\gDTF_10Hz_L-R_wilcoxon_circular_connectogram_negative_20250313-0858.png
2025-03-13 08:58:59,795 - INFO - Saved SVG: Data\DataSet5_Align_cue_626_to_938_unc\Wilcoxon_03102025-1305\Cue_gDTF_10Hz\gDTF_10Hz_L-R_wilcoxon_circular_connectogram_negative_20250313-0858.svg
2025-03-13 08:58:59,797 - INFO - Saved connectivity report to: Data\DataSet5_Align_cue_626_to_938_unc\Wilcoxon_03102025-1305\Cue_gDTF_10Hz\gDTF_10Hz_connectivity_report_20250313-0858.txt
2025-03-13 08:58:59,798 - INFO - Processing Cue_gDTF_20Hz...
2025-03-13 08:58:59,800 - INFO - Processing Data\DataSet5_Align_cue_626_to_938_unc\Wilcoxon_03102025-1305\Cue_gDTF_20Hz\gDTF_20Hz_L-R_BG.csv
2025-03-13 08:58:59,801 - INFO - Matrix shape: (32, 32)
2025-03-13 08:58:59,801 - INFO - Found 1024 connections out of 1024 possible connections
2025-03-13 08:59:02,523 - INFO - Created 'positive connections' connectogram for gDTF_20Hz
2025-03-13 08:59:02,523 - INFO - Saved PNG: Data\DataSet5_Align_cue_626_to_938_unc\Wilcoxon_03102025-1305\Cue_gDTF_20Hz\gDTF_20Hz_L-R_wilcoxon_circular_connectogram_positive_20250313-0858.png
2025-03-13 08:59:02,523 - INFO - Saved SVG: Data\DataSet5_Align_cue_626_to_938_unc\Wilcoxon_03102025-1305\Cue_gDTF_20Hz\gDTF_20Hz_L-R_wilcoxon_circular_connectogram_positive_20250313-0858.svg
2025-03-13 08:59:05,855 - INFO - Created 'negative connections' connectogram for gDTF_20Hz
2025-03-13 08:59:05,855 - INFO - Saved PNG: Data\DataSet5_Align_cue_626_to_938_unc\Wilcoxon_03102025-1305\Cue_gDTF_20Hz\gDTF_20Hz_L-R_wilcoxon_circular_connectogram_negative_20250313-0858.png
2025-03-13 08:59:05,856 - INFO - Saved SVG: Data\DataSet5_Align_cue_626_to_938_unc\Wilcoxon_03102025-1305\Cue_gDTF_20Hz\gDTF_20Hz_L-R_wilcoxon_circular_connectogram_negative_20250313-0858.svg
2025-03-13 08:59:05,858 - INFO - Saved connectivity report to: Data\DataSet5_Align_cue_626_to_938_unc\Wilcoxon_03102025-1305\Cue_gDTF_20Hz\gDTF_20Hz_connectivity_report_20250313-0858.txt
2025-03-13 08:59:05,858 - INFO - Processing Cue_gPDC_100Hz...
2025-03-13 08:59:05,861 - INFO - Processing Data\DataSet5_Align_cue_626_to_938_unc\Wilcoxon_03102025-1305\Cue_gPDC_100Hz\gPDC_100Hz_L-R_BG.csv
2025-03-13 08:59:05,862 - INFO - Matrix shape: (32, 32)
2025-03-13 08:59:05,863 - INFO - Found 1024 connections out of 1024 possible connections
2025-03-13 08:59:08,992 - INFO - Created 'positive connections' connectogram for gPDC_100Hz
2025-03-13 08:59:08,992 - INFO - Saved PNG: Data\DataSet5_Align_cue_626_to_938_unc\Wilcoxon_03102025-1305\Cue_gPDC_100Hz\gPDC_100Hz_L-R_wilcoxon_circular_connectogram_positive_20250313-0859.png
2025-03-13 08:59:08,992 - INFO - Saved SVG: Data\DataSet5_Align_cue_626_to_938_unc\Wilcoxon_03102025-1305\Cue_gPDC_100Hz\gPDC_100Hz_L-R_wilcoxon_circular_connectogram_positive_20250313-0859.svg
2025-03-13 08:59:11,989 - INFO - Created 'negative connections' connectogram for gPDC_100Hz
2025-03-13 08:59:11,989 - INFO - Saved PNG: Data\DataSet5_Align_cue_626_to_938_unc\Wilcoxon_03102025-1305\Cue_gPDC_100Hz\gPDC_100Hz_L-R_wilcoxon_circular_connectogram_negative_20250313-0859.png
2025-03-13 08:59:11,989 - INFO - Saved SVG: Data\DataSet5_Align_cue_626_to_938_unc\Wilcoxon_03102025-1305\Cue_gPDC_100Hz\gPDC_100Hz_L-R_wilcoxon_circular_connectogram_negative_20250313-0859.svg
2025-03-13 08:59:11,992 - INFO - Saved connectivity report to: Data\DataSet5_Align_cue_626_to_938_unc\Wilcoxon_03102025-1305\Cue_gPDC_100Hz\gPDC_100Hz_connectivity_report_20250313-0859.txt
2025-03-13 08:59:11,992 - INFO - Processing Cue_gPDC_10Hz...
2025-03-13 08:59:11,995 - INFO - Processing Data\DataSet5_Align_cue_626_to_938_unc\Wilcoxon_03102025-1305\Cue_gPDC_10Hz\gPDC_10Hz_L-R_BG.csv
2025-03-13 08:59:11,996 - INFO - Matrix shape: (32, 32)
2025-03-13 08:59:11,996 - INFO - Found 1024 connections out of 1024 possible connections
2025-03-13 08:59:14,969 - INFO - Created 'positive connections' connectogram for gPDC_10Hz
2025-03-13 08:59:14,969 - INFO - Saved PNG: Data\DataSet5_Align_cue_626_to_938_unc\Wilcoxon_03102025-1305\Cue_gPDC_10Hz\gPDC_10Hz_L-R_wilcoxon_circular_connectogram_positive_20250313-0859.png
2025-03-13 08:59:14,970 - INFO - Saved SVG: Data\DataSet5_Align_cue_626_to_938_unc\Wilcoxon_03102025-1305\Cue_gPDC_10Hz\gPDC_10Hz_L-R_wilcoxon_circular_connectogram_positive_20250313-0859.svg
2025-03-13 08:59:18,050 - INFO - Created 'negative connections' connectogram for gPDC_10Hz
2025-03-13 08:59:18,050 - INFO - Saved PNG: Data\DataSet5_Align_cue_626_to_938_unc\Wilcoxon_03102025-1305\Cue_gPDC_10Hz\gPDC_10Hz_L-R_wilcoxon_circular_connectogram_negative_20250313-0859.png
2025-03-13 08:59:18,050 - INFO - Saved SVG: Data\DataSet5_Align_cue_626_to_938_unc\Wilcoxon_03102025-1305\Cue_gPDC_10Hz\gPDC_10Hz_L-R_wilcoxon_circular_connectogram_negative_20250313-0859.svg
2025-03-13 08:59:18,053 - INFO - Saved connectivity report to: Data\DataSet5_Align_cue_626_to_938_unc\Wilcoxon_03102025-1305\Cue_gPDC_10Hz\gPDC_10Hz_connectivity_report_20250313-0859.txt
2025-03-13 08:59:18,054 - INFO - Processing Cue_gPDC_20Hz...
2025-03-13 08:59:18,054 - INFO - Processing Data\DataSet5_Align_cue_626_to_938_unc\Wilcoxon_03102025-1305\Cue_gPDC_20Hz\gPDC_20Hz_L-R_BG.csv
2025-03-13 08:59:18,055 - INFO - Matrix shape: (32, 32)
2025-03-13 08:59:18,055 - INFO - Found 1024 connections out of 1024 possible connections
2025-03-13 08:59:20,764 - INFO - Created 'positive connections' connectogram for gPDC_20Hz
2025-03-13 08:59:20,764 - INFO - Saved PNG: Data\DataSet5_Align_cue_626_to_938_unc\Wilcoxon_03102025-1305\Cue_gPDC_20Hz\gPDC_20Hz_L-R_wilcoxon_circular_connectogram_positive_20250313-0859.png
2025-03-13 08:59:20,764 - INFO - Saved SVG: Data\DataSet5_Align_cue_626_to_938_unc\Wilcoxon_03102025-1305\Cue_gPDC_20Hz\gPDC_20Hz_L-R_wilcoxon_circular_connectogram_positive_20250313-0859.svg
2025-03-13 08:59:24,054 - INFO - Created 'negative connections' connectogram for gPDC_20Hz
2025-03-13 08:59:24,054 - INFO - Saved PNG: Data\DataSet5_Align_cue_626_to_938_unc\Wilcoxon_03102025-1305\Cue_gPDC_20Hz\gPDC_20Hz_L-R_wilcoxon_circular_connectogram_negative_20250313-0859.png
2025-03-13 08:59:24,054 - INFO - Saved SVG: Data\DataSet5_Align_cue_626_to_938_unc\Wilcoxon_03102025-1305\Cue_gPDC_20Hz\gPDC_20Hz_L-R_wilcoxon_circular_connectogram_negative_20250313-0859.svg
2025-03-13 08:59:24,057 - INFO - Saved connectivity report to: Data\DataSet5_Align_cue_626_to_938_unc\Wilcoxon_03102025-1305\Cue_gPDC_20Hz\gPDC_20Hz_connectivity_report_20250313-0859.txt
2025-03-13 08:59:24,057 - INFO - Processing Cue_iPDC_100Hz...
2025-03-13 08:59:24,061 - INFO - Processing Data\DataSet5_Align_cue_626_to_938_unc\Wilcoxon_03102025-1305\Cue_iPDC_100Hz\iPDC_100Hz_L-R_BG.csv
2025-03-13 08:59:24,062 - INFO - Matrix shape: (32, 32)
2025-03-13 08:59:24,062 - INFO - Found 1024 connections out of 1024 possible connections
2025-03-13 08:59:27,232 - INFO - Created 'positive connections' connectogram for iPDC_100Hz
2025-03-13 08:59:27,233 - INFO - Saved PNG: Data\DataSet5_Align_cue_626_to_938_unc\Wilcoxon_03102025-1305\Cue_iPDC_100Hz\iPDC_100Hz_L-R_wilcoxon_circular_connectogram_positive_20250313-0859.png
2025-03-13 08:59:27,233 - INFO - Saved SVG: Data\DataSet5_Align_cue_626_to_938_unc\Wilcoxon_03102025-1305\Cue_iPDC_100Hz\iPDC_100Hz_L-R_wilcoxon_circular_connectogram_positive_20250313-0859.svg
2025-03-13 08:59:30,745 - INFO - Created 'negative connections' connectogram for iPDC_100Hz
2025-03-13 08:59:30,746 - INFO - Saved PNG: Data\DataSet5_Align_cue_626_to_938_unc\Wilcoxon_03102025-1305\Cue_iPDC_100Hz\iPDC_100Hz_L-R_wilcoxon_circular_connectogram_negative_20250313-0859.png
2025-03-13 08:59:30,746 - INFO - Saved SVG: Data\DataSet5_Align_cue_626_to_938_unc\Wilcoxon_03102025-1305\Cue_iPDC_100Hz\iPDC_100Hz_L-R_wilcoxon_circular_connectogram_negative_20250313-0859.svg
2025-03-13 08:59:30,749 - INFO - Saved connectivity report to: Data\DataSet5_Align_cue_626_to_938_unc\Wilcoxon_03102025-1305\Cue_iPDC_100Hz\iPDC_100Hz_connectivity_report_20250313-0859.txt
2025-03-13 08:59:30,749 - INFO - Processing Cue_iPDC_10Hz...
2025-03-13 08:59:30,752 - INFO - Processing Data\DataSet5_Align_cue_626_to_938_unc\Wilcoxon_03102025-1305\Cue_iPDC_10Hz\iPDC_10Hz_L-R_BG.csv
2025-03-13 08:59:30,753 - INFO - Matrix shape: (32, 32)
2025-03-13 08:59:30,753 - INFO - Found 1024 connections out of 1024 possible connections
2025-03-13 08:59:33,901 - INFO - Created 'positive connections' connectogram for iPDC_10Hz
2025-03-13 08:59:33,902 - INFO - Saved PNG: Data\DataSet5_Align_cue_626_to_938_unc\Wilcoxon_03102025-1305\Cue_iPDC_10Hz\iPDC_10Hz_L-R_wilcoxon_circular_connectogram_positive_20250313-0859.png
2025-03-13 08:59:33,902 - INFO - Saved SVG: Data\DataSet5_Align_cue_626_to_938_unc\Wilcoxon_03102025-1305\Cue_iPDC_10Hz\iPDC_10Hz_L-R_wilcoxon_circular_connectogram_positive_20250313-0859.svg
2025-03-13 08:59:36,849 - INFO - Created 'negative connections' connectogram for iPDC_10Hz
2025-03-13 08:59:36,850 - INFO - Saved PNG: Data\DataSet5_Align_cue_626_to_938_unc\Wilcoxon_03102025-1305\Cue_iPDC_10Hz\iPDC_10Hz_L-R_wilcoxon_circular_connectogram_negative_20250313-0859.png
2025-03-13 08:59:36,850 - INFO - Saved SVG: Data\DataSet5_Align_cue_626_to_938_unc\Wilcoxon_03102025-1305\Cue_iPDC_10Hz\iPDC_10Hz_L-R_wilcoxon_circular_connectogram_negative_20250313-0859.svg
2025-03-13 08:59:36,854 - INFO - Saved connectivity report to: Data\DataSet5_Align_cue_626_to_938_unc\Wilcoxon_03102025-1305\Cue_iPDC_10Hz\iPDC_10Hz_connectivity_report_20250313-0859.txt
2025-03-13 08:59:36,854 - INFO - Processing Cue_iPDC_20Hz...
2025-03-13 08:59:36,857 - INFO - Processing Data\DataSet5_Align_cue_626_to_938_unc\Wilcoxon_03102025-1305\Cue_iPDC_20Hz\iPDC_20Hz_L-R_BG.csv
2025-03-13 08:59:36,858 - INFO - Matrix shape: (32, 32)
2025-03-13 08:59:36,858 - INFO - Found 1024 connections out of 1024 possible connections
2025-03-13 08:59:39,719 - INFO - Created 'positive connections' connectogram for iPDC_20Hz
2025-03-13 08:59:39,719 - INFO - Saved PNG: Data\DataSet5_Align_cue_626_to_938_unc\Wilcoxon_03102025-1305\Cue_iPDC_20Hz\iPDC_20Hz_L-R_wilcoxon_circular_connectogram_positive_20250313-0859.png
2025-03-13 08:59:39,719 - INFO - Saved SVG: Data\DataSet5_Align_cue_626_to_938_unc\Wilcoxon_03102025-1305\Cue_iPDC_20Hz\iPDC_20Hz_L-R_wilcoxon_circular_connectogram_positive_20250313-0859.svg
2025-03-13 08:59:43,125 - INFO - Created 'negative connections' connectogram for iPDC_20Hz
2025-03-13 08:59:43,125 - INFO - Saved PNG: Data\DataSet5_Align_cue_626_to_938_unc\Wilcoxon_03102025-1305\Cue_iPDC_20Hz\iPDC_20Hz_L-R_wilcoxon_circular_connectogram_negative_20250313-0859.png
2025-03-13 08:59:43,126 - INFO - Saved SVG: Data\DataSet5_Align_cue_626_to_938_unc\Wilcoxon_03102025-1305\Cue_iPDC_20Hz\iPDC_20Hz_L-R_wilcoxon_circular_connectogram_negative_20250313-0859.svg
2025-03-13 08:59:43,129 - INFO - Saved connectivity report to: Data\DataSet5_Align_cue_626_to_938_unc\Wilcoxon_03102025-1305\Cue_iPDC_20Hz\iPDC_20Hz_connectivity_report_20250313-0859.txt
2025-03-13 08:59:43,129 - INFO - 
---------------------
2025-03-13 08:59:43,129 - INFO - Processing complete!
2025-03-13 08:59:43,129 - INFO - Folders processed: 9
2025-03-13 08:59:43,129 - INFO - Visualizations created: 18
2025-03-13 08:59:43,130 - INFO - Errors encountered: 0
2025-03-13 08:59:43,130 - INFO - Process completed at: 2025-03-13 08:59:43
