2025-03-14 18:36:27,328 - INFO - Starting MEG Connectogram Visualization V2
2025-03-14 18:36:27,328 - INFO - Selected dataset: DataSet5_Align_cue_626_to_938_unc
2025-03-14 18:36:27,328 - INFO - Selected analysis type: Wilcoxon
2025-03-14 18:36:27,329 - INFO - Selected analysis folder: Wilcoxon_03102025-1305
2025-03-14 18:36:27,329 - INFO - Log file: Logs\connectogram_20250314-183627.log
2025-03-14 18:36:27,329 - INFO - Processing all folders in Wilcoxon_03102025-1305...
2025-03-14 18:36:27,329 - INFO - Processing Cue_gDTF_100Hz...
2025-03-14 18:36:27,329 - INFO - Processing folder: Cue_gDTF_100Hz
2025-03-14 18:36:27,331 - INFO - Found 1 statistical test files
2025-03-14 18:36:27,331 - INFO - Processing gDTF_100Hz_L-R (wilcoxon)
2025-03-14 18:36:27,331 - INFO - Reading connectivity matrix from gDTF_100Hz_L-R_wilcoxon.csv
2025-03-14 18:36:27,334 - WARNING - Requested visualization type 3D-mayavi not available. Falling back to 2D.
2025-03-14 18:36:27,334 - WARNING - Requested visualization type 3D-mayavi not available. Falling back to 2D.
2025-03-14 18:36:27,334 - INFO - Processing Cue_gDTF_10Hz...
2025-03-14 18:36:27,334 - INFO - Processing folder: Cue_gDTF_10Hz
2025-03-14 18:36:27,335 - INFO - Found 1 statistical test files
2025-03-14 18:36:27,335 - INFO - Processing gDTF_10Hz_L-R (wilcoxon)
2025-03-14 18:36:27,335 - INFO - Reading connectivity matrix from gDTF_10Hz_L-R_wilcoxon.csv
2025-03-14 18:36:27,336 - WARNING - Requested visualization type 3D-mayavi not available. Falling back to 2D.
2025-03-14 18:36:27,336 - WARNING - Requested visualization type 3D-mayavi not available. Falling back to 2D.
2025-03-14 18:36:27,336 - INFO - Processing Cue_gDTF_20Hz...
2025-03-14 18:36:27,337 - INFO - Processing folder: Cue_gDTF_20Hz
2025-03-14 18:36:27,337 - INFO - Found 1 statistical test files
2025-03-14 18:36:27,337 - INFO - Processing gDTF_20Hz_L-R (wilcoxon)
2025-03-14 18:36:27,337 - INFO - Reading connectivity matrix from gDTF_20Hz_L-R_wilcoxon.csv
2025-03-14 18:36:27,339 - WARNING - Requested visualization type 3D-mayavi not available. Falling back to 2D.
2025-03-14 18:36:27,339 - WARNING - Requested visualization type 3D-mayavi not available. Falling back to 2D.
2025-03-14 18:36:27,339 - INFO - Processing Cue_gPDC_100Hz...
2025-03-14 18:36:27,339 - INFO - Processing folder: Cue_gPDC_100Hz
2025-03-14 18:36:27,340 - INFO - Found 1 statistical test files
2025-03-14 18:36:27,340 - INFO - Processing gPDC_100Hz_L-R (wilcoxon)
2025-03-14 18:36:27,340 - INFO - Reading connectivity matrix from gPDC_100Hz_L-R_wilcoxon.csv
2025-03-14 18:36:27,341 - WARNING - Requested visualization type 3D-mayavi not available. Falling back to 2D.
2025-03-14 18:36:27,341 - WARNING - Requested visualization type 3D-mayavi not available. Falling back to 2D.
2025-03-14 18:36:27,341 - INFO - Processing Cue_gPDC_10Hz...
2025-03-14 18:36:27,342 - INFO - Processing folder: Cue_gPDC_10Hz
2025-03-14 18:36:27,342 - INFO - Found 1 statistical test files
2025-03-14 18:36:27,342 - INFO - Processing gPDC_10Hz_L-R (wilcoxon)
2025-03-14 18:36:27,342 - INFO - Reading connectivity matrix from gPDC_10Hz_L-R_wilcoxon.csv
2025-03-14 18:36:27,343 - WARNING - Requested visualization type 3D-mayavi not available. Falling back to 2D.
2025-03-14 18:36:27,344 - WARNING - Requested visualization type 3D-mayavi not available. Falling back to 2D.
2025-03-14 18:36:27,344 - INFO - Processing Cue_gPDC_20Hz...
2025-03-14 18:36:27,344 - INFO - Processing folder: Cue_gPDC_20Hz
2025-03-14 18:36:27,344 - INFO - Found 1 statistical test files
2025-03-14 18:36:27,345 - INFO - Processing gPDC_20Hz_L-R (wilcoxon)
2025-03-14 18:36:27,345 - INFO - Reading connectivity matrix from gPDC_20Hz_L-R_wilcoxon.csv
2025-03-14 18:36:27,346 - WARNING - Requested visualization type 3D-mayavi not available. Falling back to 2D.
2025-03-14 18:36:27,346 - WARNING - Requested visualization type 3D-mayavi not available. Falling back to 2D.
2025-03-14 18:36:27,346 - INFO - Processing Cue_iPDC_100Hz...
2025-03-14 18:36:27,346 - INFO - Processing folder: Cue_iPDC_100Hz
2025-03-14 18:36:27,347 - INFO - Found 1 statistical test files
2025-03-14 18:36:27,347 - INFO - Processing iPDC_100Hz_L-R (wilcoxon)
2025-03-14 18:36:27,347 - INFO - Reading connectivity matrix from iPDC_100Hz_L-R_wilcoxon.csv
2025-03-14 18:36:27,348 - WARNING - Requested visualization type 3D-mayavi not available. Falling back to 2D.
2025-03-14 18:36:27,348 - WARNING - Requested visualization type 3D-mayavi not available. Falling back to 2D.
2025-03-14 18:36:27,348 - INFO - Processing Cue_iPDC_10Hz...
2025-03-14 18:36:27,348 - INFO - Processing folder: Cue_iPDC_10Hz
2025-03-14 18:36:27,349 - INFO - Found 1 statistical test files
2025-03-14 18:36:27,349 - INFO - Processing iPDC_10Hz_L-R (wilcoxon)
2025-03-14 18:36:27,349 - INFO - Reading connectivity matrix from iPDC_10Hz_L-R_wilcoxon.csv
2025-03-14 18:36:27,350 - WARNING - Requested visualization type 3D-mayavi not available. Falling back to 2D.
2025-03-14 18:36:27,350 - WARNING - Requested visualization type 3D-mayavi not available. Falling back to 2D.
2025-03-14 18:36:27,351 - INFO - Processing Cue_iPDC_20Hz...
2025-03-14 18:36:27,351 - INFO - Processing folder: Cue_iPDC_20Hz
2025-03-14 18:36:27,351 - INFO - Found 1 statistical test files
2025-03-14 18:36:27,351 - INFO - Processing iPDC_20Hz_L-R (wilcoxon)
2025-03-14 18:36:27,351 - INFO - Reading connectivity matrix from iPDC_20Hz_L-R_wilcoxon.csv
2025-03-14 18:36:27,353 - WARNING - Requested visualization type 3D-mayavi not available. Falling back to 2D.
2025-03-14 18:36:27,353 - WARNING - Requested visualization type 3D-mayavi not available. Falling back to 2D.
2025-03-14 18:36:27,353 - INFO - 
---------------------
2025-03-14 18:36:27,353 - INFO - Processing complete!
2025-03-14 18:36:27,353 - INFO - Folders processed: 9
2025-03-14 18:36:27,353 - INFO - Visualizations created: 0
2025-03-14 18:36:27,353 - INFO - Errors encountered: 0
2025-03-14 18:36:27,354 - INFO - Process completed at: 2025-03-14 18:36:27
