2025-03-13 20:09:44,082 - INFO - Starting MEG Connectogram Visualization V2
2025-03-13 20:09:44,082 - INFO - Selected dataset: DataSet5_Align_cue_626_to_938_unc
2025-03-13 20:09:44,083 - INFO - Selected analysis type: Wilcoxon
2025-03-13 20:09:44,083 - INFO - Selected analysis folder: Wilcoxon_03102025-1305
2025-03-13 20:09:44,083 - INFO - Log file: Logs\connectogram_20250313-200944.log
2025-03-13 20:09:44,083 - INFO - Processing all folders in Wilcoxon_03102025-1305...
2025-03-13 20:09:44,083 - INFO - Processing Cue_gDTF_100Hz...
2025-03-13 20:09:44,085 - INFO - Processing Data\DataSet5_Align_cue_626_to_938_unc\Wilcoxon_03102025-1305\Cue_gDTF_100Hz\gDTF_100Hz_L-R_wilcoxon.csv
2025-03-13 20:09:44,085 - INFO - Matrix shape: (32, 32)
2025-03-13 20:09:44,085 - INFO - Found 45 connections out of 1024 possible connections
2025-03-13 20:09:44,982 - INFO - Created 'positive connections' connectogram for gDTF_100Hz
2025-03-13 20:09:44,983 - INFO - Saved PNG: Data\DataSet5_Align_cue_626_to_938_unc\Wilcoxon_03102025-1305\Cue_gDTF_100Hz\gDTF_100Hz_L-R_wilcoxon_circular_connectogram_positive_20250313-2009.png
2025-03-13 20:09:44,983 - INFO - Saved SVG: Data\DataSet5_Align_cue_626_to_938_unc\Wilcoxon_03102025-1305\Cue_gDTF_100Hz\gDTF_100Hz_L-R_wilcoxon_circular_connectogram_positive_20250313-2009.svg
2025-03-13 20:09:45,802 - INFO - Created 'negative connections' connectogram for gDTF_100Hz
2025-03-13 20:09:45,803 - INFO - Saved PNG: Data\DataSet5_Align_cue_626_to_938_unc\Wilcoxon_03102025-1305\Cue_gDTF_100Hz\gDTF_100Hz_L-R_wilcoxon_circular_connectogram_negative_20250313-2009.png
2025-03-13 20:09:45,803 - INFO - Saved SVG: Data\DataSet5_Align_cue_626_to_938_unc\Wilcoxon_03102025-1305\Cue_gDTF_100Hz\gDTF_100Hz_L-R_wilcoxon_circular_connectogram_negative_20250313-2009.svg
2025-03-13 20:09:45,804 - INFO - Saved connectivity report to: Data\DataSet5_Align_cue_626_to_938_unc\Wilcoxon_03102025-1305\Cue_gDTF_100Hz\gDTF_100Hz_connectivity_report_20250313-2009.txt
2025-03-13 20:09:45,804 - INFO - Processing Cue_gDTF_10Hz...
2025-03-13 20:09:45,804 - INFO - Processing Data\DataSet5_Align_cue_626_to_938_unc\Wilcoxon_03102025-1305\Cue_gDTF_10Hz\gDTF_10Hz_L-R_wilcoxon.csv
2025-03-13 20:09:45,805 - INFO - Matrix shape: (32, 32)
2025-03-13 20:09:45,805 - INFO - Found 74 connections out of 1024 possible connections
2025-03-13 20:09:46,790 - INFO - Created 'positive connections' connectogram for gDTF_10Hz
2025-03-13 20:09:46,791 - INFO - Saved PNG: Data\DataSet5_Align_cue_626_to_938_unc\Wilcoxon_03102025-1305\Cue_gDTF_10Hz\gDTF_10Hz_L-R_wilcoxon_circular_connectogram_positive_20250313-2009.png
2025-03-13 20:09:46,791 - INFO - Saved SVG: Data\DataSet5_Align_cue_626_to_938_unc\Wilcoxon_03102025-1305\Cue_gDTF_10Hz\gDTF_10Hz_L-R_wilcoxon_circular_connectogram_positive_20250313-2009.svg
2025-03-13 20:09:47,636 - INFO - Created 'negative connections' connectogram for gDTF_10Hz
2025-03-13 20:09:47,636 - INFO - Saved PNG: Data\DataSet5_Align_cue_626_to_938_unc\Wilcoxon_03102025-1305\Cue_gDTF_10Hz\gDTF_10Hz_L-R_wilcoxon_circular_connectogram_negative_20250313-2009.png
2025-03-13 20:09:47,636 - INFO - Saved SVG: Data\DataSet5_Align_cue_626_to_938_unc\Wilcoxon_03102025-1305\Cue_gDTF_10Hz\gDTF_10Hz_L-R_wilcoxon_circular_connectogram_negative_20250313-2009.svg
2025-03-13 20:09:47,637 - INFO - Saved connectivity report to: Data\DataSet5_Align_cue_626_to_938_unc\Wilcoxon_03102025-1305\Cue_gDTF_10Hz\gDTF_10Hz_connectivity_report_20250313-2009.txt
2025-03-13 20:09:47,637 - INFO - Processing Cue_gDTF_20Hz...
2025-03-13 20:09:47,638 - INFO - Processing Data\DataSet5_Align_cue_626_to_938_unc\Wilcoxon_03102025-1305\Cue_gDTF_20Hz\gDTF_20Hz_L-R_wilcoxon.csv
2025-03-13 20:09:47,639 - INFO - Matrix shape: (32, 32)
2025-03-13 20:09:47,639 - INFO - Found 59 connections out of 1024 possible connections
2025-03-13 20:09:48,494 - INFO - Created 'positive connections' connectogram for gDTF_20Hz
2025-03-13 20:09:48,495 - INFO - Saved PNG: Data\DataSet5_Align_cue_626_to_938_unc\Wilcoxon_03102025-1305\Cue_gDTF_20Hz\gDTF_20Hz_L-R_wilcoxon_circular_connectogram_positive_20250313-2009.png
2025-03-13 20:09:48,495 - INFO - Saved SVG: Data\DataSet5_Align_cue_626_to_938_unc\Wilcoxon_03102025-1305\Cue_gDTF_20Hz\gDTF_20Hz_L-R_wilcoxon_circular_connectogram_positive_20250313-2009.svg
2025-03-13 20:09:49,309 - INFO - Created 'negative connections' connectogram for gDTF_20Hz
2025-03-13 20:09:49,309 - INFO - Saved PNG: Data\DataSet5_Align_cue_626_to_938_unc\Wilcoxon_03102025-1305\Cue_gDTF_20Hz\gDTF_20Hz_L-R_wilcoxon_circular_connectogram_negative_20250313-2009.png
2025-03-13 20:09:49,310 - INFO - Saved SVG: Data\DataSet5_Align_cue_626_to_938_unc\Wilcoxon_03102025-1305\Cue_gDTF_20Hz\gDTF_20Hz_L-R_wilcoxon_circular_connectogram_negative_20250313-2009.svg
2025-03-13 20:09:49,311 - INFO - Saved connectivity report to: Data\DataSet5_Align_cue_626_to_938_unc\Wilcoxon_03102025-1305\Cue_gDTF_20Hz\gDTF_20Hz_connectivity_report_20250313-2009.txt
2025-03-13 20:09:49,311 - INFO - Processing Cue_gPDC_100Hz...
2025-03-13 20:09:49,312 - INFO - Processing Data\DataSet5_Align_cue_626_to_938_unc\Wilcoxon_03102025-1305\Cue_gPDC_100Hz\gPDC_100Hz_L-R_wilcoxon.csv
2025-03-13 20:09:49,313 - INFO - Matrix shape: (32, 32)
2025-03-13 20:09:49,313 - INFO - Found 62 connections out of 1024 possible connections
2025-03-13 20:09:50,154 - INFO - Created 'positive connections' connectogram for gPDC_100Hz
2025-03-13 20:09:50,154 - INFO - Saved PNG: Data\DataSet5_Align_cue_626_to_938_unc\Wilcoxon_03102025-1305\Cue_gPDC_100Hz\gPDC_100Hz_L-R_wilcoxon_circular_connectogram_positive_20250313-2009.png
2025-03-13 20:09:50,154 - INFO - Saved SVG: Data\DataSet5_Align_cue_626_to_938_unc\Wilcoxon_03102025-1305\Cue_gPDC_100Hz\gPDC_100Hz_L-R_wilcoxon_circular_connectogram_positive_20250313-2009.svg
2025-03-13 20:09:50,990 - INFO - Created 'negative connections' connectogram for gPDC_100Hz
2025-03-13 20:09:50,990 - INFO - Saved PNG: Data\DataSet5_Align_cue_626_to_938_unc\Wilcoxon_03102025-1305\Cue_gPDC_100Hz\gPDC_100Hz_L-R_wilcoxon_circular_connectogram_negative_20250313-2009.png
2025-03-13 20:09:50,991 - INFO - Saved SVG: Data\DataSet5_Align_cue_626_to_938_unc\Wilcoxon_03102025-1305\Cue_gPDC_100Hz\gPDC_100Hz_L-R_wilcoxon_circular_connectogram_negative_20250313-2009.svg
2025-03-13 20:09:50,992 - INFO - Saved connectivity report to: Data\DataSet5_Align_cue_626_to_938_unc\Wilcoxon_03102025-1305\Cue_gPDC_100Hz\gPDC_100Hz_connectivity_report_20250313-2009.txt
2025-03-13 20:09:50,992 - INFO - Processing Cue_gPDC_10Hz...
2025-03-13 20:09:50,993 - INFO - Processing Data\DataSet5_Align_cue_626_to_938_unc\Wilcoxon_03102025-1305\Cue_gPDC_10Hz\gPDC_10Hz_L-R_wilcoxon.csv
2025-03-13 20:09:50,994 - INFO - Matrix shape: (32, 32)
2025-03-13 20:09:50,994 - INFO - Found 67 connections out of 1024 possible connections
2025-03-13 20:09:51,938 - INFO - Created 'positive connections' connectogram for gPDC_10Hz
2025-03-13 20:09:51,939 - INFO - Saved PNG: Data\DataSet5_Align_cue_626_to_938_unc\Wilcoxon_03102025-1305\Cue_gPDC_10Hz\gPDC_10Hz_L-R_wilcoxon_circular_connectogram_positive_20250313-2009.png
2025-03-13 20:09:51,939 - INFO - Saved SVG: Data\DataSet5_Align_cue_626_to_938_unc\Wilcoxon_03102025-1305\Cue_gPDC_10Hz\gPDC_10Hz_L-R_wilcoxon_circular_connectogram_positive_20250313-2009.svg
2025-03-13 20:09:52,797 - INFO - Created 'negative connections' connectogram for gPDC_10Hz
2025-03-13 20:09:52,797 - INFO - Saved PNG: Data\DataSet5_Align_cue_626_to_938_unc\Wilcoxon_03102025-1305\Cue_gPDC_10Hz\gPDC_10Hz_L-R_wilcoxon_circular_connectogram_negative_20250313-2009.png
2025-03-13 20:09:52,797 - INFO - Saved SVG: Data\DataSet5_Align_cue_626_to_938_unc\Wilcoxon_03102025-1305\Cue_gPDC_10Hz\gPDC_10Hz_L-R_wilcoxon_circular_connectogram_negative_20250313-2009.svg
2025-03-13 20:09:52,798 - INFO - Saved connectivity report to: Data\DataSet5_Align_cue_626_to_938_unc\Wilcoxon_03102025-1305\Cue_gPDC_10Hz\gPDC_10Hz_connectivity_report_20250313-2009.txt
2025-03-13 20:09:52,799 - INFO - Processing Cue_gPDC_20Hz...
2025-03-13 20:09:52,799 - INFO - Processing Data\DataSet5_Align_cue_626_to_938_unc\Wilcoxon_03102025-1305\Cue_gPDC_20Hz\gPDC_20Hz_L-R_wilcoxon.csv
2025-03-13 20:09:52,799 - INFO - Matrix shape: (32, 32)
2025-03-13 20:09:52,800 - INFO - Found 70 connections out of 1024 possible connections
2025-03-13 20:09:53,711 - INFO - Created 'positive connections' connectogram for gPDC_20Hz
2025-03-13 20:09:53,711 - INFO - Saved PNG: Data\DataSet5_Align_cue_626_to_938_unc\Wilcoxon_03102025-1305\Cue_gPDC_20Hz\gPDC_20Hz_L-R_wilcoxon_circular_connectogram_positive_20250313-2009.png
2025-03-13 20:09:53,712 - INFO - Saved SVG: Data\DataSet5_Align_cue_626_to_938_unc\Wilcoxon_03102025-1305\Cue_gPDC_20Hz\gPDC_20Hz_L-R_wilcoxon_circular_connectogram_positive_20250313-2009.svg
2025-03-13 20:09:54,609 - INFO - Created 'negative connections' connectogram for gPDC_20Hz
2025-03-13 20:09:54,609 - INFO - Saved PNG: Data\DataSet5_Align_cue_626_to_938_unc\Wilcoxon_03102025-1305\Cue_gPDC_20Hz\gPDC_20Hz_L-R_wilcoxon_circular_connectogram_negative_20250313-2009.png
2025-03-13 20:09:54,609 - INFO - Saved SVG: Data\DataSet5_Align_cue_626_to_938_unc\Wilcoxon_03102025-1305\Cue_gPDC_20Hz\gPDC_20Hz_L-R_wilcoxon_circular_connectogram_negative_20250313-2009.svg
2025-03-13 20:09:54,611 - INFO - Saved connectivity report to: Data\DataSet5_Align_cue_626_to_938_unc\Wilcoxon_03102025-1305\Cue_gPDC_20Hz\gPDC_20Hz_connectivity_report_20250313-2009.txt
2025-03-13 20:09:54,611 - INFO - Processing Cue_iPDC_100Hz...
2025-03-13 20:09:54,612 - INFO - Processing Data\DataSet5_Align_cue_626_to_938_unc\Wilcoxon_03102025-1305\Cue_iPDC_100Hz\iPDC_100Hz_L-R_wilcoxon.csv
2025-03-13 20:09:54,612 - INFO - Matrix shape: (32, 32)
2025-03-13 20:09:54,613 - INFO - Found 59 connections out of 1024 possible connections
2025-03-13 20:09:55,502 - INFO - Created 'positive connections' connectogram for iPDC_100Hz
2025-03-13 20:09:55,502 - INFO - Saved PNG: Data\DataSet5_Align_cue_626_to_938_unc\Wilcoxon_03102025-1305\Cue_iPDC_100Hz\iPDC_100Hz_L-R_wilcoxon_circular_connectogram_positive_20250313-2009.png
2025-03-13 20:09:55,502 - INFO - Saved SVG: Data\DataSet5_Align_cue_626_to_938_unc\Wilcoxon_03102025-1305\Cue_iPDC_100Hz\iPDC_100Hz_L-R_wilcoxon_circular_connectogram_positive_20250313-2009.svg
2025-03-13 20:09:56,450 - INFO - Created 'negative connections' connectogram for iPDC_100Hz
2025-03-13 20:09:56,450 - INFO - Saved PNG: Data\DataSet5_Align_cue_626_to_938_unc\Wilcoxon_03102025-1305\Cue_iPDC_100Hz\iPDC_100Hz_L-R_wilcoxon_circular_connectogram_negative_20250313-2009.png
2025-03-13 20:09:56,450 - INFO - Saved SVG: Data\DataSet5_Align_cue_626_to_938_unc\Wilcoxon_03102025-1305\Cue_iPDC_100Hz\iPDC_100Hz_L-R_wilcoxon_circular_connectogram_negative_20250313-2009.svg
2025-03-13 20:09:56,451 - INFO - Saved connectivity report to: Data\DataSet5_Align_cue_626_to_938_unc\Wilcoxon_03102025-1305\Cue_iPDC_100Hz\iPDC_100Hz_connectivity_report_20250313-2009.txt
2025-03-13 20:09:56,451 - INFO - Processing Cue_iPDC_10Hz...
2025-03-13 20:09:56,453 - INFO - Processing Data\DataSet5_Align_cue_626_to_938_unc\Wilcoxon_03102025-1305\Cue_iPDC_10Hz\iPDC_10Hz_L-R_wilcoxon.csv
2025-03-13 20:09:56,453 - INFO - Matrix shape: (32, 32)
2025-03-13 20:09:56,453 - INFO - Found 65 connections out of 1024 possible connections
2025-03-13 20:09:57,350 - INFO - Created 'positive connections' connectogram for iPDC_10Hz
2025-03-13 20:09:57,351 - INFO - Saved PNG: Data\DataSet5_Align_cue_626_to_938_unc\Wilcoxon_03102025-1305\Cue_iPDC_10Hz\iPDC_10Hz_L-R_wilcoxon_circular_connectogram_positive_20250313-2009.png
2025-03-13 20:09:57,351 - INFO - Saved SVG: Data\DataSet5_Align_cue_626_to_938_unc\Wilcoxon_03102025-1305\Cue_iPDC_10Hz\iPDC_10Hz_L-R_wilcoxon_circular_connectogram_positive_20250313-2009.svg
2025-03-13 20:09:58,292 - INFO - Created 'negative connections' connectogram for iPDC_10Hz
2025-03-13 20:09:58,292 - INFO - Saved PNG: Data\DataSet5_Align_cue_626_to_938_unc\Wilcoxon_03102025-1305\Cue_iPDC_10Hz\iPDC_10Hz_L-R_wilcoxon_circular_connectogram_negative_20250313-2009.png
2025-03-13 20:09:58,292 - INFO - Saved SVG: Data\DataSet5_Align_cue_626_to_938_unc\Wilcoxon_03102025-1305\Cue_iPDC_10Hz\iPDC_10Hz_L-R_wilcoxon_circular_connectogram_negative_20250313-2009.svg
2025-03-13 20:09:58,294 - INFO - Saved connectivity report to: Data\DataSet5_Align_cue_626_to_938_unc\Wilcoxon_03102025-1305\Cue_iPDC_10Hz\iPDC_10Hz_connectivity_report_20250313-2009.txt
2025-03-13 20:09:58,294 - INFO - Processing Cue_iPDC_20Hz...
2025-03-13 20:09:58,295 - INFO - Processing Data\DataSet5_Align_cue_626_to_938_unc\Wilcoxon_03102025-1305\Cue_iPDC_20Hz\iPDC_20Hz_L-R_wilcoxon.csv
2025-03-13 20:09:58,296 - INFO - Matrix shape: (32, 32)
2025-03-13 20:09:58,296 - INFO - Found 62 connections out of 1024 possible connections
2025-03-13 20:09:59,161 - INFO - Created 'positive connections' connectogram for iPDC_20Hz
2025-03-13 20:09:59,162 - INFO - Saved PNG: Data\DataSet5_Align_cue_626_to_938_unc\Wilcoxon_03102025-1305\Cue_iPDC_20Hz\iPDC_20Hz_L-R_wilcoxon_circular_connectogram_positive_20250313-2009.png
2025-03-13 20:09:59,162 - INFO - Saved SVG: Data\DataSet5_Align_cue_626_to_938_unc\Wilcoxon_03102025-1305\Cue_iPDC_20Hz\iPDC_20Hz_L-R_wilcoxon_circular_connectogram_positive_20250313-2009.svg
2025-03-13 20:10:00,033 - INFO - Created 'negative connections' connectogram for iPDC_20Hz
2025-03-13 20:10:00,033 - INFO - Saved PNG: Data\DataSet5_Align_cue_626_to_938_unc\Wilcoxon_03102025-1305\Cue_iPDC_20Hz\iPDC_20Hz_L-R_wilcoxon_circular_connectogram_negative_20250313-2009.png
2025-03-13 20:10:00,033 - INFO - Saved SVG: Data\DataSet5_Align_cue_626_to_938_unc\Wilcoxon_03102025-1305\Cue_iPDC_20Hz\iPDC_20Hz_L-R_wilcoxon_circular_connectogram_negative_20250313-2009.svg
2025-03-13 20:10:00,035 - INFO - Saved connectivity report to: Data\DataSet5_Align_cue_626_to_938_unc\Wilcoxon_03102025-1305\Cue_iPDC_20Hz\iPDC_20Hz_connectivity_report_20250313-2009.txt
2025-03-13 20:10:00,035 - INFO - 
---------------------
2025-03-13 20:10:00,035 - INFO - Processing complete!
2025-03-13 20:10:00,035 - INFO - Folders processed: 9
2025-03-13 20:10:00,035 - INFO - Visualizations created: 18
2025-03-13 20:10:00,036 - INFO - Errors encountered: 0
2025-03-13 20:10:00,036 - INFO - Process completed at: 2025-03-13 20:10:00
