2025-03-14 18:00:22,022 - INFO - Starting MEG Connectogram Visualization V2
2025-03-14 18:00:22,022 - INFO - Selected dataset: DataSet5_Align_cue_626_to_938_unc
2025-03-14 18:00:22,023 - INFO - Selected analysis type: Wilcoxon
2025-03-14 18:00:22,023 - INFO - Selected analysis folder: Wilcoxon_03102025-1305
2025-03-14 18:00:22,023 - INFO - Log file: Logs\connectogram_20250314-180022.log
2025-03-14 18:00:22,023 - INFO - Processing all folders in Wilcoxon_03102025-1305...
2025-03-14 18:00:22,023 - INFO - Processing Cue_gDTF_100Hz...
2025-03-14 18:00:22,024 - INFO - Processing folder: Cue_gDTF_100Hz
2025-03-14 18:00:22,024 - INFO - Found 1 statistical test files
2025-03-14 18:00:22,025 - INFO - Processing gDTF_100Hz_L-R (wilcoxon)
2025-03-14 18:00:22,025 - INFO - Reading connectivity matrix from gDTF_100Hz_L-R_wilcoxon.csv
2025-03-14 18:00:31,072 - INFO - Processing Cue_gDTF_10Hz...
2025-03-14 18:00:31,072 - INFO - Processing folder: Cue_gDTF_10Hz
2025-03-14 18:00:31,073 - INFO - Found 1 statistical test files
2025-03-14 18:00:31,073 - INFO - Processing gDTF_10Hz_L-R (wilcoxon)
2025-03-14 18:00:31,073 - INFO - Reading connectivity matrix from gDTF_10Hz_L-R_wilcoxon.csv
2025-03-14 18:00:40,371 - INFO - Processing Cue_gDTF_20Hz...
2025-03-14 18:00:40,371 - INFO - Processing folder: Cue_gDTF_20Hz
2025-03-14 18:00:40,372 - INFO - Found 1 statistical test files
2025-03-14 18:00:40,372 - INFO - Processing gDTF_20Hz_L-R (wilcoxon)
2025-03-14 18:00:40,372 - INFO - Reading connectivity matrix from gDTF_20Hz_L-R_wilcoxon.csv
2025-03-14 18:00:49,978 - INFO - Processing Cue_gPDC_100Hz...
2025-03-14 18:00:49,978 - INFO - Processing folder: Cue_gPDC_100Hz
2025-03-14 18:00:49,978 - INFO - Found 1 statistical test files
2025-03-14 18:00:49,979 - INFO - Processing gPDC_100Hz_L-R (wilcoxon)
2025-03-14 18:00:49,979 - INFO - Reading connectivity matrix from gPDC_100Hz_L-R_wilcoxon.csv
2025-03-14 18:00:59,287 - INFO - Processing Cue_gPDC_10Hz...
2025-03-14 18:00:59,288 - INFO - Processing folder: Cue_gPDC_10Hz
2025-03-14 18:00:59,288 - INFO - Found 1 statistical test files
2025-03-14 18:00:59,288 - INFO - Processing gPDC_10Hz_L-R (wilcoxon)
2025-03-14 18:00:59,289 - INFO - Reading connectivity matrix from gPDC_10Hz_L-R_wilcoxon.csv
2025-03-14 18:01:08,629 - INFO - Processing Cue_gPDC_20Hz...
2025-03-14 18:01:08,630 - INFO - Processing folder: Cue_gPDC_20Hz
2025-03-14 18:01:08,630 - INFO - Found 1 statistical test files
2025-03-14 18:01:08,630 - INFO - Processing gPDC_20Hz_L-R (wilcoxon)
2025-03-14 18:01:08,631 - INFO - Reading connectivity matrix from gPDC_20Hz_L-R_wilcoxon.csv
2025-03-14 18:01:18,213 - INFO - Processing Cue_iPDC_100Hz...
2025-03-14 18:01:18,214 - INFO - Processing folder: Cue_iPDC_100Hz
2025-03-14 18:01:18,214 - INFO - Found 1 statistical test files
2025-03-14 18:01:18,214 - INFO - Processing iPDC_100Hz_L-R (wilcoxon)
2025-03-14 18:01:18,214 - INFO - Reading connectivity matrix from iPDC_100Hz_L-R_wilcoxon.csv
2025-03-14 18:01:27,782 - INFO - Processing Cue_iPDC_10Hz...
2025-03-14 18:01:27,782 - INFO - Processing folder: Cue_iPDC_10Hz
2025-03-14 18:01:27,783 - INFO - Found 1 statistical test files
2025-03-14 18:01:27,783 - INFO - Processing iPDC_10Hz_L-R (wilcoxon)
2025-03-14 18:01:27,783 - INFO - Reading connectivity matrix from iPDC_10Hz_L-R_wilcoxon.csv
2025-03-14 18:01:37,189 - INFO - Processing Cue_iPDC_20Hz...
2025-03-14 18:01:37,190 - INFO - Processing folder: Cue_iPDC_20Hz
2025-03-14 18:01:37,190 - INFO - Found 1 statistical test files
2025-03-14 18:01:37,191 - INFO - Processing iPDC_20Hz_L-R (wilcoxon)
2025-03-14 18:01:37,191 - INFO - Reading connectivity matrix from iPDC_20Hz_L-R_wilcoxon.csv
2025-03-14 18:01:46,535 - INFO - 
---------------------
2025-03-14 18:01:46,536 - INFO - Processing complete!
2025-03-14 18:01:46,536 - INFO - Folders processed: 9
2025-03-14 18:01:46,536 - INFO - Visualizations created: 18
2025-03-14 18:01:46,536 - INFO - Errors encountered: 0
2025-03-14 18:01:46,536 - INFO - Process completed at: 2025-03-14 18:01:46
