2025-03-13 17:52:48,451 - INFO - Starting MEG Connectogram Visualization V2
2025-03-13 17:52:48,451 - INFO - Selected dataset: DataSet5_Align_cue_626_to_938_unc
2025-03-13 17:52:48,451 - INFO - Selected analysis type: Wilcoxon
2025-03-13 17:52:48,451 - INFO - Selected analysis folder: Wilcoxon_03102025-1305
2025-03-13 17:52:48,451 - INFO - Log file: Logs\connectogram_20250313-175248.log
2025-03-13 17:52:48,452 - INFO - Processing all folders in Wilcoxon_03102025-1305...
2025-03-13 17:52:48,452 - INFO - Processing Cue_gDTF_100Hz...
2025-03-13 17:52:48,454 - INFO - Processing Data\DataSet5_Align_cue_626_to_938_unc\Wilcoxon_03102025-1305\Cue_gDTF_100Hz\gDTF_100Hz_L-R_wilcoxon.csv
2025-03-13 17:52:48,454 - INFO - Matrix shape: (32, 32)
2025-03-13 17:52:48,454 - INFO - Found 45 connections out of 1024 possible connections
2025-03-13 17:52:49,304 - INFO - Created 'positive connections' connectogram for gDTF_100Hz
2025-03-13 17:52:49,304 - INFO - Saved PNG: Data\DataSet5_Align_cue_626_to_938_unc\Wilcoxon_03102025-1305\Cue_gDTF_100Hz\gDTF_100Hz_L-R_wilcoxon_circular_connectogram_positive_20250313-1752.png
2025-03-13 17:52:49,304 - INFO - Saved SVG: Data\DataSet5_Align_cue_626_to_938_unc\Wilcoxon_03102025-1305\Cue_gDTF_100Hz\gDTF_100Hz_L-R_wilcoxon_circular_connectogram_positive_20250313-1752.svg
2025-03-13 17:52:50,014 - INFO - Created 'negative connections' connectogram for gDTF_100Hz
2025-03-13 17:52:50,015 - INFO - Saved PNG: Data\DataSet5_Align_cue_626_to_938_unc\Wilcoxon_03102025-1305\Cue_gDTF_100Hz\gDTF_100Hz_L-R_wilcoxon_circular_connectogram_negative_20250313-1752.png
2025-03-13 17:52:50,015 - INFO - Saved SVG: Data\DataSet5_Align_cue_626_to_938_unc\Wilcoxon_03102025-1305\Cue_gDTF_100Hz\gDTF_100Hz_L-R_wilcoxon_circular_connectogram_negative_20250313-1752.svg
2025-03-13 17:52:50,016 - INFO - Saved connectivity report to: Data\DataSet5_Align_cue_626_to_938_unc\Wilcoxon_03102025-1305\Cue_gDTF_100Hz\gDTF_100Hz_connectivity_report_20250313-1752.txt
2025-03-13 17:52:50,016 - INFO - Processing Cue_gDTF_10Hz...
2025-03-13 17:52:50,016 - INFO - Processing Data\DataSet5_Align_cue_626_to_938_unc\Wilcoxon_03102025-1305\Cue_gDTF_10Hz\gDTF_10Hz_L-R_wilcoxon.csv
2025-03-13 17:52:50,017 - INFO - Matrix shape: (32, 32)
2025-03-13 17:52:50,017 - INFO - Found 74 connections out of 1024 possible connections
2025-03-13 17:52:50,871 - INFO - Created 'positive connections' connectogram for gDTF_10Hz
2025-03-13 17:52:50,871 - INFO - Saved PNG: Data\DataSet5_Align_cue_626_to_938_unc\Wilcoxon_03102025-1305\Cue_gDTF_10Hz\gDTF_10Hz_L-R_wilcoxon_circular_connectogram_positive_20250313-1752.png
2025-03-13 17:52:50,871 - INFO - Saved SVG: Data\DataSet5_Align_cue_626_to_938_unc\Wilcoxon_03102025-1305\Cue_gDTF_10Hz\gDTF_10Hz_L-R_wilcoxon_circular_connectogram_positive_20250313-1752.svg
2025-03-13 17:52:51,633 - INFO - Created 'negative connections' connectogram for gDTF_10Hz
2025-03-13 17:52:51,633 - INFO - Saved PNG: Data\DataSet5_Align_cue_626_to_938_unc\Wilcoxon_03102025-1305\Cue_gDTF_10Hz\gDTF_10Hz_L-R_wilcoxon_circular_connectogram_negative_20250313-1752.png
2025-03-13 17:52:51,633 - INFO - Saved SVG: Data\DataSet5_Align_cue_626_to_938_unc\Wilcoxon_03102025-1305\Cue_gDTF_10Hz\gDTF_10Hz_L-R_wilcoxon_circular_connectogram_negative_20250313-1752.svg
2025-03-13 17:52:51,635 - INFO - Saved connectivity report to: Data\DataSet5_Align_cue_626_to_938_unc\Wilcoxon_03102025-1305\Cue_gDTF_10Hz\gDTF_10Hz_connectivity_report_20250313-1752.txt
2025-03-13 17:52:51,635 - INFO - Processing Cue_gDTF_20Hz...
2025-03-13 17:52:51,636 - INFO - Processing Data\DataSet5_Align_cue_626_to_938_unc\Wilcoxon_03102025-1305\Cue_gDTF_20Hz\gDTF_20Hz_L-R_wilcoxon.csv
2025-03-13 17:52:51,636 - INFO - Matrix shape: (32, 32)
2025-03-13 17:52:51,636 - INFO - Found 59 connections out of 1024 possible connections
2025-03-13 17:52:52,450 - INFO - Created 'positive connections' connectogram for gDTF_20Hz
2025-03-13 17:52:52,451 - INFO - Saved PNG: Data\DataSet5_Align_cue_626_to_938_unc\Wilcoxon_03102025-1305\Cue_gDTF_20Hz\gDTF_20Hz_L-R_wilcoxon_circular_connectogram_positive_20250313-1752.png
2025-03-13 17:52:52,451 - INFO - Saved SVG: Data\DataSet5_Align_cue_626_to_938_unc\Wilcoxon_03102025-1305\Cue_gDTF_20Hz\gDTF_20Hz_L-R_wilcoxon_circular_connectogram_positive_20250313-1752.svg
2025-03-13 17:52:53,188 - INFO - Created 'negative connections' connectogram for gDTF_20Hz
2025-03-13 17:52:53,189 - INFO - Saved PNG: Data\DataSet5_Align_cue_626_to_938_unc\Wilcoxon_03102025-1305\Cue_gDTF_20Hz\gDTF_20Hz_L-R_wilcoxon_circular_connectogram_negative_20250313-1752.png
2025-03-13 17:52:53,189 - INFO - Saved SVG: Data\DataSet5_Align_cue_626_to_938_unc\Wilcoxon_03102025-1305\Cue_gDTF_20Hz\gDTF_20Hz_L-R_wilcoxon_circular_connectogram_negative_20250313-1752.svg
2025-03-13 17:52:53,190 - INFO - Saved connectivity report to: Data\DataSet5_Align_cue_626_to_938_unc\Wilcoxon_03102025-1305\Cue_gDTF_20Hz\gDTF_20Hz_connectivity_report_20250313-1752.txt
2025-03-13 17:52:53,190 - INFO - Processing Cue_gPDC_100Hz...
2025-03-13 17:52:53,191 - INFO - Processing Data\DataSet5_Align_cue_626_to_938_unc\Wilcoxon_03102025-1305\Cue_gPDC_100Hz\gPDC_100Hz_L-R_wilcoxon.csv
2025-03-13 17:52:53,191 - INFO - Matrix shape: (32, 32)
2025-03-13 17:52:53,191 - INFO - Found 62 connections out of 1024 possible connections
2025-03-13 17:52:54,030 - INFO - Created 'positive connections' connectogram for gPDC_100Hz
2025-03-13 17:52:54,030 - INFO - Saved PNG: Data\DataSet5_Align_cue_626_to_938_unc\Wilcoxon_03102025-1305\Cue_gPDC_100Hz\gPDC_100Hz_L-R_wilcoxon_circular_connectogram_positive_20250313-1752.png
2025-03-13 17:52:54,031 - INFO - Saved SVG: Data\DataSet5_Align_cue_626_to_938_unc\Wilcoxon_03102025-1305\Cue_gPDC_100Hz\gPDC_100Hz_L-R_wilcoxon_circular_connectogram_positive_20250313-1752.svg
2025-03-13 17:52:54,764 - INFO - Created 'negative connections' connectogram for gPDC_100Hz
2025-03-13 17:52:54,765 - INFO - Saved PNG: Data\DataSet5_Align_cue_626_to_938_unc\Wilcoxon_03102025-1305\Cue_gPDC_100Hz\gPDC_100Hz_L-R_wilcoxon_circular_connectogram_negative_20250313-1752.png
2025-03-13 17:52:54,765 - INFO - Saved SVG: Data\DataSet5_Align_cue_626_to_938_unc\Wilcoxon_03102025-1305\Cue_gPDC_100Hz\gPDC_100Hz_L-R_wilcoxon_circular_connectogram_negative_20250313-1752.svg
2025-03-13 17:52:54,766 - INFO - Saved connectivity report to: Data\DataSet5_Align_cue_626_to_938_unc\Wilcoxon_03102025-1305\Cue_gPDC_100Hz\gPDC_100Hz_connectivity_report_20250313-1752.txt
2025-03-13 17:52:54,766 - INFO - Processing Cue_gPDC_10Hz...
2025-03-13 17:52:54,767 - INFO - Processing Data\DataSet5_Align_cue_626_to_938_unc\Wilcoxon_03102025-1305\Cue_gPDC_10Hz\gPDC_10Hz_L-R_wilcoxon.csv
2025-03-13 17:52:54,767 - INFO - Matrix shape: (32, 32)
2025-03-13 17:52:54,767 - INFO - Found 67 connections out of 1024 possible connections
2025-03-13 17:52:55,569 - INFO - Created 'positive connections' connectogram for gPDC_10Hz
2025-03-13 17:52:55,569 - INFO - Saved PNG: Data\DataSet5_Align_cue_626_to_938_unc\Wilcoxon_03102025-1305\Cue_gPDC_10Hz\gPDC_10Hz_L-R_wilcoxon_circular_connectogram_positive_20250313-1752.png
2025-03-13 17:52:55,569 - INFO - Saved SVG: Data\DataSet5_Align_cue_626_to_938_unc\Wilcoxon_03102025-1305\Cue_gPDC_10Hz\gPDC_10Hz_L-R_wilcoxon_circular_connectogram_positive_20250313-1752.svg
2025-03-13 17:52:56,322 - INFO - Created 'negative connections' connectogram for gPDC_10Hz
2025-03-13 17:52:56,322 - INFO - Saved PNG: Data\DataSet5_Align_cue_626_to_938_unc\Wilcoxon_03102025-1305\Cue_gPDC_10Hz\gPDC_10Hz_L-R_wilcoxon_circular_connectogram_negative_20250313-1752.png
2025-03-13 17:52:56,322 - INFO - Saved SVG: Data\DataSet5_Align_cue_626_to_938_unc\Wilcoxon_03102025-1305\Cue_gPDC_10Hz\gPDC_10Hz_L-R_wilcoxon_circular_connectogram_negative_20250313-1752.svg
2025-03-13 17:52:56,323 - INFO - Saved connectivity report to: Data\DataSet5_Align_cue_626_to_938_unc\Wilcoxon_03102025-1305\Cue_gPDC_10Hz\gPDC_10Hz_connectivity_report_20250313-1752.txt
2025-03-13 17:52:56,323 - INFO - Processing Cue_gPDC_20Hz...
2025-03-13 17:52:56,324 - INFO - Processing Data\DataSet5_Align_cue_626_to_938_unc\Wilcoxon_03102025-1305\Cue_gPDC_20Hz\gPDC_20Hz_L-R_wilcoxon.csv
2025-03-13 17:52:56,324 - INFO - Matrix shape: (32, 32)
2025-03-13 17:52:56,324 - INFO - Found 70 connections out of 1024 possible connections
2025-03-13 17:52:57,111 - INFO - Created 'positive connections' connectogram for gPDC_20Hz
2025-03-13 17:52:57,112 - INFO - Saved PNG: Data\DataSet5_Align_cue_626_to_938_unc\Wilcoxon_03102025-1305\Cue_gPDC_20Hz\gPDC_20Hz_L-R_wilcoxon_circular_connectogram_positive_20250313-1752.png
2025-03-13 17:52:57,112 - INFO - Saved SVG: Data\DataSet5_Align_cue_626_to_938_unc\Wilcoxon_03102025-1305\Cue_gPDC_20Hz\gPDC_20Hz_L-R_wilcoxon_circular_connectogram_positive_20250313-1752.svg
2025-03-13 17:52:57,886 - INFO - Created 'negative connections' connectogram for gPDC_20Hz
2025-03-13 17:52:57,886 - INFO - Saved PNG: Data\DataSet5_Align_cue_626_to_938_unc\Wilcoxon_03102025-1305\Cue_gPDC_20Hz\gPDC_20Hz_L-R_wilcoxon_circular_connectogram_negative_20250313-1752.png
2025-03-13 17:52:57,886 - INFO - Saved SVG: Data\DataSet5_Align_cue_626_to_938_unc\Wilcoxon_03102025-1305\Cue_gPDC_20Hz\gPDC_20Hz_L-R_wilcoxon_circular_connectogram_negative_20250313-1752.svg
2025-03-13 17:52:57,888 - INFO - Saved connectivity report to: Data\DataSet5_Align_cue_626_to_938_unc\Wilcoxon_03102025-1305\Cue_gPDC_20Hz\gPDC_20Hz_connectivity_report_20250313-1752.txt
2025-03-13 17:52:57,888 - INFO - Processing Cue_iPDC_100Hz...
2025-03-13 17:52:57,889 - INFO - Processing Data\DataSet5_Align_cue_626_to_938_unc\Wilcoxon_03102025-1305\Cue_iPDC_100Hz\iPDC_100Hz_L-R_wilcoxon.csv
2025-03-13 17:52:57,889 - INFO - Matrix shape: (32, 32)
2025-03-13 17:52:57,889 - INFO - Found 59 connections out of 1024 possible connections
2025-03-13 17:52:58,631 - INFO - Created 'positive connections' connectogram for iPDC_100Hz
2025-03-13 17:52:58,632 - INFO - Saved PNG: Data\DataSet5_Align_cue_626_to_938_unc\Wilcoxon_03102025-1305\Cue_iPDC_100Hz\iPDC_100Hz_L-R_wilcoxon_circular_connectogram_positive_20250313-1752.png
2025-03-13 17:52:58,632 - INFO - Saved SVG: Data\DataSet5_Align_cue_626_to_938_unc\Wilcoxon_03102025-1305\Cue_iPDC_100Hz\iPDC_100Hz_L-R_wilcoxon_circular_connectogram_positive_20250313-1752.svg
2025-03-13 17:52:59,387 - INFO - Created 'negative connections' connectogram for iPDC_100Hz
2025-03-13 17:52:59,388 - INFO - Saved PNG: Data\DataSet5_Align_cue_626_to_938_unc\Wilcoxon_03102025-1305\Cue_iPDC_100Hz\iPDC_100Hz_L-R_wilcoxon_circular_connectogram_negative_20250313-1752.png
2025-03-13 17:52:59,388 - INFO - Saved SVG: Data\DataSet5_Align_cue_626_to_938_unc\Wilcoxon_03102025-1305\Cue_iPDC_100Hz\iPDC_100Hz_L-R_wilcoxon_circular_connectogram_negative_20250313-1752.svg
2025-03-13 17:52:59,389 - INFO - Saved connectivity report to: Data\DataSet5_Align_cue_626_to_938_unc\Wilcoxon_03102025-1305\Cue_iPDC_100Hz\iPDC_100Hz_connectivity_report_20250313-1752.txt
2025-03-13 17:52:59,389 - INFO - Processing Cue_iPDC_10Hz...
2025-03-13 17:52:59,390 - INFO - Processing Data\DataSet5_Align_cue_626_to_938_unc\Wilcoxon_03102025-1305\Cue_iPDC_10Hz\iPDC_10Hz_L-R_wilcoxon.csv
2025-03-13 17:52:59,390 - INFO - Matrix shape: (32, 32)
2025-03-13 17:52:59,390 - INFO - Found 65 connections out of 1024 possible connections
2025-03-13 17:53:00,297 - INFO - Created 'positive connections' connectogram for iPDC_10Hz
2025-03-13 17:53:00,297 - INFO - Saved PNG: Data\DataSet5_Align_cue_626_to_938_unc\Wilcoxon_03102025-1305\Cue_iPDC_10Hz\iPDC_10Hz_L-R_wilcoxon_circular_connectogram_positive_20250313-1752.png
2025-03-13 17:53:00,297 - INFO - Saved SVG: Data\DataSet5_Align_cue_626_to_938_unc\Wilcoxon_03102025-1305\Cue_iPDC_10Hz\iPDC_10Hz_L-R_wilcoxon_circular_connectogram_positive_20250313-1752.svg
2025-03-13 17:53:01,018 - INFO - Created 'negative connections' connectogram for iPDC_10Hz
2025-03-13 17:53:01,018 - INFO - Saved PNG: Data\DataSet5_Align_cue_626_to_938_unc\Wilcoxon_03102025-1305\Cue_iPDC_10Hz\iPDC_10Hz_L-R_wilcoxon_circular_connectogram_negative_20250313-1752.png
2025-03-13 17:53:01,018 - INFO - Saved SVG: Data\DataSet5_Align_cue_626_to_938_unc\Wilcoxon_03102025-1305\Cue_iPDC_10Hz\iPDC_10Hz_L-R_wilcoxon_circular_connectogram_negative_20250313-1752.svg
2025-03-13 17:53:01,019 - INFO - Saved connectivity report to: Data\DataSet5_Align_cue_626_to_938_unc\Wilcoxon_03102025-1305\Cue_iPDC_10Hz\iPDC_10Hz_connectivity_report_20250313-1752.txt
2025-03-13 17:53:01,019 - INFO - Processing Cue_iPDC_20Hz...
2025-03-13 17:53:01,021 - INFO - Processing Data\DataSet5_Align_cue_626_to_938_unc\Wilcoxon_03102025-1305\Cue_iPDC_20Hz\iPDC_20Hz_L-R_wilcoxon.csv
2025-03-13 17:53:01,021 - INFO - Matrix shape: (32, 32)
2025-03-13 17:53:01,022 - INFO - Found 62 connections out of 1024 possible connections
2025-03-13 17:53:01,803 - INFO - Created 'positive connections' connectogram for iPDC_20Hz
2025-03-13 17:53:01,803 - INFO - Saved PNG: Data\DataSet5_Align_cue_626_to_938_unc\Wilcoxon_03102025-1305\Cue_iPDC_20Hz\iPDC_20Hz_L-R_wilcoxon_circular_connectogram_positive_20250313-1753.png
2025-03-13 17:53:01,805 - INFO - Saved SVG: Data\DataSet5_Align_cue_626_to_938_unc\Wilcoxon_03102025-1305\Cue_iPDC_20Hz\iPDC_20Hz_L-R_wilcoxon_circular_connectogram_positive_20250313-1753.svg
2025-03-13 17:53:02,557 - INFO - Created 'negative connections' connectogram for iPDC_20Hz
2025-03-13 17:53:02,557 - INFO - Saved PNG: Data\DataSet5_Align_cue_626_to_938_unc\Wilcoxon_03102025-1305\Cue_iPDC_20Hz\iPDC_20Hz_L-R_wilcoxon_circular_connectogram_negative_20250313-1753.png
2025-03-13 17:53:02,557 - INFO - Saved SVG: Data\DataSet5_Align_cue_626_to_938_unc\Wilcoxon_03102025-1305\Cue_iPDC_20Hz\iPDC_20Hz_L-R_wilcoxon_circular_connectogram_negative_20250313-1753.svg
2025-03-13 17:53:02,558 - INFO - Saved connectivity report to: Data\DataSet5_Align_cue_626_to_938_unc\Wilcoxon_03102025-1305\Cue_iPDC_20Hz\iPDC_20Hz_connectivity_report_20250313-1753.txt
2025-03-13 17:53:02,558 - INFO - 
---------------------
2025-03-13 17:53:02,558 - INFO - Processing complete!
2025-03-13 17:53:02,558 - INFO - Folders processed: 9
2025-03-13 17:53:02,559 - INFO - Visualizations created: 18
2025-03-13 17:53:02,559 - INFO - Errors encountered: 0
2025-03-13 17:53:02,559 - INFO - Process completed at: 2025-03-13 17:53:02
