2025-03-14 18:59:08,834 - INFO - Starting MEG Connectogram Visualization V2
2025-03-14 18:59:08,834 - INFO - Selected dataset: DataSet5_Align_cue_626_to_938_unc
2025-03-14 18:59:08,835 - INFO - Selected analysis type: Wilcoxon
2025-03-14 18:59:08,835 - INFO - Selected analysis folder: Wilcoxon_03102025-1305
2025-03-14 18:59:08,835 - INFO - Log file: Logs\connectogram_20250314-185908.log
2025-03-14 18:59:08,835 - INFO - Processing all folders in Wilcoxon_03102025-1305...
2025-03-14 18:59:08,835 - INFO - Processing Cue_gDTF_100Hz...
2025-03-14 18:59:08,835 - INFO - Processing folder: Cue_gDTF_100Hz
2025-03-14 18:59:08,837 - INFO - Found 1 statistical test files
2025-03-14 18:59:08,837 - INFO - Processing gDTF_100Hz_L-R (wilcoxon)
2025-03-14 18:59:08,837 - INFO - Reading connectivity matrix from gDTF_100Hz_L-R_wilcoxon.csv
2025-03-14 18:59:11,544 - INFO - Processing Cue_gDTF_10Hz...
2025-03-14 18:59:11,545 - INFO - Processing folder: Cue_gDTF_10Hz
2025-03-14 18:59:11,545 - INFO - Found 1 statistical test files
2025-03-14 18:59:11,545 - INFO - Processing gDTF_10Hz_L-R (wilcoxon)
2025-03-14 18:59:11,545 - INFO - Reading connectivity matrix from gDTF_10Hz_L-R_wilcoxon.csv
2025-03-14 18:59:14,477 - INFO - Processing Cue_gDTF_20Hz...
2025-03-14 18:59:14,478 - INFO - Processing folder: Cue_gDTF_20Hz
2025-03-14 18:59:14,478 - INFO - Found 1 statistical test files
2025-03-14 18:59:14,478 - INFO - Processing gDTF_20Hz_L-R (wilcoxon)
2025-03-14 18:59:14,478 - INFO - Reading connectivity matrix from gDTF_20Hz_L-R_wilcoxon.csv
2025-03-14 18:59:17,289 - INFO - Processing Cue_gPDC_100Hz...
2025-03-14 18:59:17,289 - INFO - Processing folder: Cue_gPDC_100Hz
2025-03-14 18:59:17,290 - INFO - Found 1 statistical test files
2025-03-14 18:59:17,290 - INFO - Processing gPDC_100Hz_L-R (wilcoxon)
2025-03-14 18:59:17,290 - INFO - Reading connectivity matrix from gPDC_100Hz_L-R_wilcoxon.csv
2025-03-14 18:59:20,108 - INFO - Processing Cue_gPDC_10Hz...
2025-03-14 18:59:20,108 - INFO - Processing folder: Cue_gPDC_10Hz
2025-03-14 18:59:20,109 - INFO - Found 1 statistical test files
2025-03-14 18:59:20,109 - INFO - Processing gPDC_10Hz_L-R (wilcoxon)
2025-03-14 18:59:20,109 - INFO - Reading connectivity matrix from gPDC_10Hz_L-R_wilcoxon.csv
2025-03-14 18:59:23,019 - INFO - Processing Cue_gPDC_20Hz...
2025-03-14 18:59:23,019 - INFO - Processing folder: Cue_gPDC_20Hz
2025-03-14 18:59:23,020 - INFO - Found 1 statistical test files
2025-03-14 18:59:23,020 - INFO - Processing gPDC_20Hz_L-R (wilcoxon)
2025-03-14 18:59:23,020 - INFO - Reading connectivity matrix from gPDC_20Hz_L-R_wilcoxon.csv
2025-03-14 18:59:25,897 - INFO - Processing Cue_iPDC_100Hz...
2025-03-14 18:59:25,897 - INFO - Processing folder: Cue_iPDC_100Hz
2025-03-14 18:59:25,898 - INFO - Found 1 statistical test files
2025-03-14 18:59:25,898 - INFO - Processing iPDC_100Hz_L-R (wilcoxon)
2025-03-14 18:59:25,898 - INFO - Reading connectivity matrix from iPDC_100Hz_L-R_wilcoxon.csv
2025-03-14 18:59:28,648 - INFO - Processing Cue_iPDC_10Hz...
2025-03-14 18:59:28,648 - INFO - Processing folder: Cue_iPDC_10Hz
2025-03-14 18:59:28,649 - INFO - Found 1 statistical test files
2025-03-14 18:59:28,649 - INFO - Processing iPDC_10Hz_L-R (wilcoxon)
2025-03-14 18:59:28,649 - INFO - Reading connectivity matrix from iPDC_10Hz_L-R_wilcoxon.csv
2025-03-14 18:59:31,492 - INFO - Processing Cue_iPDC_20Hz...
2025-03-14 18:59:31,492 - INFO - Processing folder: Cue_iPDC_20Hz
2025-03-14 18:59:31,493 - INFO - Found 1 statistical test files
2025-03-14 18:59:31,493 - INFO - Processing iPDC_20Hz_L-R (wilcoxon)
2025-03-14 18:59:31,493 - INFO - Reading connectivity matrix from iPDC_20Hz_L-R_wilcoxon.csv
2025-03-14 18:59:34,343 - INFO - 
---------------------
2025-03-14 18:59:34,343 - INFO - Processing complete!
2025-03-14 18:59:34,344 - INFO - Folders processed: 9
2025-03-14 18:59:34,344 - INFO - Visualizations created: 18
2025-03-14 18:59:34,344 - INFO - Errors encountered: 0
2025-03-14 18:59:34,344 - INFO - Process completed at: 2025-03-14 18:59:34
