2025-03-15 21:12:56,838 - INFO - Starting MEG Visualization V1
2025-03-15 21:13:07,319 - INFO - Selected dataset: DataSet5_Align_cue_626_to_938_unc
2025-03-15 21:13:07,319 - INFO - Selected analysis type: Wilcoxon
2025-03-15 21:13:07,320 - INFO - Selected analysis folder: Wilcoxon_03102025-1305
2025-03-15 21:13:07,320 - INFO - Selected visualization type: circular
2025-03-15 21:13:07,320 - INFO - Connection display mode: separate
2025-03-15 21:13:07,320 - INFO - Processing all folders in Wilcoxon_03102025-1305...
2025-03-15 21:13:07,321 - INFO - Found 9 folders to process
2025-03-15 21:13:07,321 - INFO - Processing folder 1/9: Cue_gDTF_100Hz
2025-03-15 21:13:07,322 - INFO - Reading connectivity matrix from gDTF_100Hz_L-R_wilcoxon.csv
2025-03-15 21:13:07,327 - INFO - Created connectivity report: Data\DataSet5_Align_cue_626_to_938_unc\Wilcoxon_03102025-1305\Cue_gDTF_100Hz\gDTF_100Hz_L-R_wilcoxon_connectivity_report.txt
2025-03-15 21:13:08,506 - INFO - Created circular connectogram: Data\DataSet5_Align_cue_626_to_938_unc\Wilcoxon_03102025-1305\Cue_gDTF_100Hz\gDTF_100Hz_L-R_wilcoxon_circular_connectogram_positive_20250315_211307.png
2025-03-15 21:13:09,345 - INFO - Created circular connectogram: Data\DataSet5_Align_cue_626_to_938_unc\Wilcoxon_03102025-1305\Cue_gDTF_100Hz\gDTF_100Hz_L-R_wilcoxon_circular_connectogram_negative_20250315_211307.png
2025-03-15 21:13:09,346 - INFO - Progress: 1/9 folders completed
2025-03-15 21:13:09,346 - INFO - Processing folder 2/9: Cue_gDTF_10Hz
2025-03-15 21:13:09,346 - INFO - Reading connectivity matrix from gDTF_10Hz_L-R_wilcoxon.csv
2025-03-15 21:13:09,349 - INFO - Created connectivity report: Data\DataSet5_Align_cue_626_to_938_unc\Wilcoxon_03102025-1305\Cue_gDTF_10Hz\gDTF_10Hz_L-R_wilcoxon_connectivity_report.txt
2025-03-15 21:13:10,516 - INFO - Created circular connectogram: Data\DataSet5_Align_cue_626_to_938_unc\Wilcoxon_03102025-1305\Cue_gDTF_10Hz\gDTF_10Hz_L-R_wilcoxon_circular_connectogram_positive_20250315_211309.png
2025-03-15 21:13:11,411 - INFO - Created circular connectogram: Data\DataSet5_Align_cue_626_to_938_unc\Wilcoxon_03102025-1305\Cue_gDTF_10Hz\gDTF_10Hz_L-R_wilcoxon_circular_connectogram_negative_20250315_211309.png
2025-03-15 21:13:11,411 - INFO - Progress: 2/9 folders completed
2025-03-15 21:13:11,411 - INFO - Processing folder 3/9: Cue_gDTF_20Hz
2025-03-15 21:13:11,412 - INFO - Reading connectivity matrix from gDTF_20Hz_L-R_wilcoxon.csv
2025-03-15 21:13:11,415 - INFO - Created connectivity report: Data\DataSet5_Align_cue_626_to_938_unc\Wilcoxon_03102025-1305\Cue_gDTF_20Hz\gDTF_20Hz_L-R_wilcoxon_connectivity_report.txt
2025-03-15 21:13:12,383 - INFO - Created circular connectogram: Data\DataSet5_Align_cue_626_to_938_unc\Wilcoxon_03102025-1305\Cue_gDTF_20Hz\gDTF_20Hz_L-R_wilcoxon_circular_connectogram_positive_20250315_211311.png
2025-03-15 21:13:13,234 - INFO - Created circular connectogram: Data\DataSet5_Align_cue_626_to_938_unc\Wilcoxon_03102025-1305\Cue_gDTF_20Hz\gDTF_20Hz_L-R_wilcoxon_circular_connectogram_negative_20250315_211311.png
2025-03-15 21:13:13,234 - INFO - Progress: 3/9 folders completed
2025-03-15 21:13:13,234 - INFO - Processing folder 4/9: Cue_gPDC_100Hz
2025-03-15 21:13:13,235 - INFO - Reading connectivity matrix from gPDC_100Hz_L-R_wilcoxon.csv
2025-03-15 21:13:13,238 - INFO - Created connectivity report: Data\DataSet5_Align_cue_626_to_938_unc\Wilcoxon_03102025-1305\Cue_gPDC_100Hz\gPDC_100Hz_L-R_wilcoxon_connectivity_report.txt
2025-03-15 21:13:14,260 - INFO - Created circular connectogram: Data\DataSet5_Align_cue_626_to_938_unc\Wilcoxon_03102025-1305\Cue_gPDC_100Hz\gPDC_100Hz_L-R_wilcoxon_circular_connectogram_positive_20250315_211313.png
2025-03-15 21:13:15,152 - INFO - Created circular connectogram: Data\DataSet5_Align_cue_626_to_938_unc\Wilcoxon_03102025-1305\Cue_gPDC_100Hz\gPDC_100Hz_L-R_wilcoxon_circular_connectogram_negative_20250315_211313.png
2025-03-15 21:13:15,152 - INFO - Progress: 4/9 folders completed
2025-03-15 21:13:15,152 - INFO - Processing folder 5/9: Cue_gPDC_10Hz
2025-03-15 21:13:15,154 - INFO - Reading connectivity matrix from gPDC_10Hz_L-R_wilcoxon.csv
2025-03-15 21:13:15,163 - INFO - Created connectivity report: Data\DataSet5_Align_cue_626_to_938_unc\Wilcoxon_03102025-1305\Cue_gPDC_10Hz\gPDC_10Hz_L-R_wilcoxon_connectivity_report.txt
2025-03-15 21:13:16,116 - INFO - Created circular connectogram: Data\DataSet5_Align_cue_626_to_938_unc\Wilcoxon_03102025-1305\Cue_gPDC_10Hz\gPDC_10Hz_L-R_wilcoxon_circular_connectogram_positive_20250315_211315.png
2025-03-15 21:13:17,027 - INFO - Created circular connectogram: Data\DataSet5_Align_cue_626_to_938_unc\Wilcoxon_03102025-1305\Cue_gPDC_10Hz\gPDC_10Hz_L-R_wilcoxon_circular_connectogram_negative_20250315_211315.png
2025-03-15 21:13:17,027 - INFO - Progress: 5/9 folders completed
2025-03-15 21:13:17,027 - INFO - Processing folder 6/9: Cue_gPDC_20Hz
2025-03-15 21:13:17,028 - INFO - Reading connectivity matrix from gPDC_20Hz_L-R_wilcoxon.csv
2025-03-15 21:13:17,038 - INFO - Created connectivity report: Data\DataSet5_Align_cue_626_to_938_unc\Wilcoxon_03102025-1305\Cue_gPDC_20Hz\gPDC_20Hz_L-R_wilcoxon_connectivity_report.txt
2025-03-15 21:13:18,084 - INFO - Created circular connectogram: Data\DataSet5_Align_cue_626_to_938_unc\Wilcoxon_03102025-1305\Cue_gPDC_20Hz\gPDC_20Hz_L-R_wilcoxon_circular_connectogram_positive_20250315_211317.png
2025-03-15 21:13:19,060 - INFO - Created circular connectogram: Data\DataSet5_Align_cue_626_to_938_unc\Wilcoxon_03102025-1305\Cue_gPDC_20Hz\gPDC_20Hz_L-R_wilcoxon_circular_connectogram_negative_20250315_211317.png
2025-03-15 21:13:19,060 - INFO - Progress: 6/9 folders completed
2025-03-15 21:13:19,061 - INFO - Processing folder 7/9: Cue_iPDC_100Hz
2025-03-15 21:13:19,062 - INFO - Reading connectivity matrix from iPDC_100Hz_L-R_wilcoxon.csv
2025-03-15 21:13:19,071 - INFO - Created connectivity report: Data\DataSet5_Align_cue_626_to_938_unc\Wilcoxon_03102025-1305\Cue_iPDC_100Hz\iPDC_100Hz_L-R_wilcoxon_connectivity_report.txt
2025-03-15 21:13:20,004 - INFO - Created circular connectogram: Data\DataSet5_Align_cue_626_to_938_unc\Wilcoxon_03102025-1305\Cue_iPDC_100Hz\iPDC_100Hz_L-R_wilcoxon_circular_connectogram_positive_20250315_211319.png
2025-03-15 21:13:20,989 - INFO - Created circular connectogram: Data\DataSet5_Align_cue_626_to_938_unc\Wilcoxon_03102025-1305\Cue_iPDC_100Hz\iPDC_100Hz_L-R_wilcoxon_circular_connectogram_negative_20250315_211319.png
2025-03-15 21:13:20,990 - INFO - Progress: 7/9 folders completed
2025-03-15 21:13:20,990 - INFO - Processing folder 8/9: Cue_iPDC_10Hz
2025-03-15 21:13:20,990 - INFO - Reading connectivity matrix from iPDC_10Hz_L-R_wilcoxon.csv
2025-03-15 21:13:20,994 - INFO - Created connectivity report: Data\DataSet5_Align_cue_626_to_938_unc\Wilcoxon_03102025-1305\Cue_iPDC_10Hz\iPDC_10Hz_L-R_wilcoxon_connectivity_report.txt
2025-03-15 21:13:22,004 - INFO - Created circular connectogram: Data\DataSet5_Align_cue_626_to_938_unc\Wilcoxon_03102025-1305\Cue_iPDC_10Hz\iPDC_10Hz_L-R_wilcoxon_circular_connectogram_positive_20250315_211320.png
2025-03-15 21:13:22,882 - INFO - Created circular connectogram: Data\DataSet5_Align_cue_626_to_938_unc\Wilcoxon_03102025-1305\Cue_iPDC_10Hz\iPDC_10Hz_L-R_wilcoxon_circular_connectogram_negative_20250315_211320.png
2025-03-15 21:13:22,882 - INFO - Progress: 8/9 folders completed
2025-03-15 21:13:22,882 - INFO - Processing folder 9/9: Cue_iPDC_20Hz
2025-03-15 21:13:22,883 - INFO - Reading connectivity matrix from iPDC_20Hz_L-R_wilcoxon.csv
2025-03-15 21:13:22,886 - INFO - Created connectivity report: Data\DataSet5_Align_cue_626_to_938_unc\Wilcoxon_03102025-1305\Cue_iPDC_20Hz\iPDC_20Hz_L-R_wilcoxon_connectivity_report.txt
2025-03-15 21:13:23,799 - INFO - Created circular connectogram: Data\DataSet5_Align_cue_626_to_938_unc\Wilcoxon_03102025-1305\Cue_iPDC_20Hz\iPDC_20Hz_L-R_wilcoxon_circular_connectogram_positive_20250315_211322.png
2025-03-15 21:13:24,935 - INFO - Created circular connectogram: Data\DataSet5_Align_cue_626_to_938_unc\Wilcoxon_03102025-1305\Cue_iPDC_20Hz\iPDC_20Hz_L-R_wilcoxon_circular_connectogram_negative_20250315_211322.png
2025-03-15 21:13:24,935 - INFO - Progress: 9/9 folders completed
2025-03-15 21:13:24,936 - INFO - 
=== Processing Summary ===
2025-03-15 21:13:24,936 - INFO - Folders processed: 9
2025-03-15 21:13:24,936 - INFO - Visualizations created: 18
2025-03-15 21:13:24,936 - INFO - Errors encountered: 0
2025-03-15 21:13:24,936 - INFO - Process completed at: 2025-03-15 21:13:24
