2025-03-15 23:28:44,044 - INFO - Starting MEG Visualization V1
2025-03-15 23:28:54,242 - INFO - Selected dataset: DataSet5_Align_cue_626_to_938_unc
2025-03-15 23:28:54,243 - INFO - Selected analysis type: Wilcoxon
2025-03-15 23:28:54,243 - INFO - Selected analysis folder: Wilcoxon_03102025-1305
2025-03-15 23:28:54,243 - INFO - Selected visualization type: circular
2025-03-15 23:28:54,243 - INFO - Connection display mode: separate
2025-03-15 23:28:54,243 - INFO - Processing all folders in Wilcoxon_03102025-1305...
2025-03-15 23:28:54,244 - INFO - Found 9 folders to process
2025-03-15 23:28:54,244 - INFO - Processing folder 1/9: Cue_gDTF_100Hz
2025-03-15 23:28:54,246 - INFO - Reading connectivity matrix from gDTF_100Hz_L-R_wilcoxon.csv
2025-03-15 23:28:54,248 - INFO - Created connectivity report: Data\DataSet5_Align_cue_626_to_938_unc\Wilcoxon_03102025-1305\Cue_gDTF_100Hz\gDTF_100Hz_L-R_wilcoxon_connectivity_report.txt
2025-03-15 23:28:54,375 - ERROR - Error creating visualizations: name 'pos' is not defined
2025-03-15 23:28:54,376 - ERROR - Traceback (most recent call last):
  File "c:\Users\dgane\Apps\MEG\Scripts\meg_visualization_v1.py", line 1256, in create_visualizations
    fig_circular = self.circular_viz.create_connectogram(
                   ^^^^^^^^^^^^^^^^^^^^^^^^^^^^^^^^^^^^^^
  File "c:\Users\dgane\Apps\MEG\Scripts\meg_visualization_v1.py", line 585, in create_connectogram
    source_x, source_y = pos[source]
                         ^^^
NameError: name 'pos' is not defined

2025-03-15 23:28:54,387 - INFO - Progress: 1/9 folders completed
2025-03-15 23:28:54,387 - INFO - Processing folder 2/9: Cue_gDTF_10Hz
2025-03-15 23:28:54,388 - INFO - Reading connectivity matrix from gDTF_10Hz_L-R_wilcoxon.csv
2025-03-15 23:28:54,390 - INFO - Created connectivity report: Data\DataSet5_Align_cue_626_to_938_unc\Wilcoxon_03102025-1305\Cue_gDTF_10Hz\gDTF_10Hz_L-R_wilcoxon_connectivity_report.txt
2025-03-15 23:28:54,458 - ERROR - Error creating visualizations: name 'pos' is not defined
2025-03-15 23:28:54,459 - ERROR - Traceback (most recent call last):
  File "c:\Users\dgane\Apps\MEG\Scripts\meg_visualization_v1.py", line 1256, in create_visualizations
    fig_circular = self.circular_viz.create_connectogram(
                   ^^^^^^^^^^^^^^^^^^^^^^^^^^^^^^^^^^^^^^
  File "c:\Users\dgane\Apps\MEG\Scripts\meg_visualization_v1.py", line 585, in create_connectogram
    source_x, source_y = pos[source]
                         ^^^
NameError: name 'pos' is not defined

2025-03-15 23:28:54,467 - INFO - Progress: 2/9 folders completed
2025-03-15 23:28:54,468 - INFO - Processing folder 3/9: Cue_gDTF_20Hz
2025-03-15 23:28:54,469 - INFO - Reading connectivity matrix from gDTF_20Hz_L-R_wilcoxon.csv
2025-03-15 23:28:54,471 - INFO - Created connectivity report: Data\DataSet5_Align_cue_626_to_938_unc\Wilcoxon_03102025-1305\Cue_gDTF_20Hz\gDTF_20Hz_L-R_wilcoxon_connectivity_report.txt
2025-03-15 23:28:54,537 - ERROR - Error creating visualizations: name 'pos' is not defined
2025-03-15 23:28:54,537 - ERROR - Traceback (most recent call last):
  File "c:\Users\dgane\Apps\MEG\Scripts\meg_visualization_v1.py", line 1256, in create_visualizations
    fig_circular = self.circular_viz.create_connectogram(
                   ^^^^^^^^^^^^^^^^^^^^^^^^^^^^^^^^^^^^^^
  File "c:\Users\dgane\Apps\MEG\Scripts\meg_visualization_v1.py", line 585, in create_connectogram
    source_x, source_y = pos[source]
                         ^^^
NameError: name 'pos' is not defined

2025-03-15 23:28:54,547 - INFO - Progress: 3/9 folders completed
2025-03-15 23:28:54,547 - INFO - Processing folder 4/9: Cue_gPDC_100Hz
2025-03-15 23:28:54,548 - INFO - Reading connectivity matrix from gPDC_100Hz_L-R_wilcoxon.csv
2025-03-15 23:28:54,551 - INFO - Created connectivity report: Data\DataSet5_Align_cue_626_to_938_unc\Wilcoxon_03102025-1305\Cue_gPDC_100Hz\gPDC_100Hz_L-R_wilcoxon_connectivity_report.txt
2025-03-15 23:28:54,616 - ERROR - Error creating visualizations: name 'pos' is not defined
2025-03-15 23:28:54,617 - ERROR - Traceback (most recent call last):
  File "c:\Users\dgane\Apps\MEG\Scripts\meg_visualization_v1.py", line 1256, in create_visualizations
    fig_circular = self.circular_viz.create_connectogram(
                   ^^^^^^^^^^^^^^^^^^^^^^^^^^^^^^^^^^^^^^
  File "c:\Users\dgane\Apps\MEG\Scripts\meg_visualization_v1.py", line 585, in create_connectogram
    source_x, source_y = pos[source]
                         ^^^
NameError: name 'pos' is not defined

2025-03-15 23:28:54,626 - INFO - Progress: 4/9 folders completed
2025-03-15 23:28:54,626 - INFO - Processing folder 5/9: Cue_gPDC_10Hz
2025-03-15 23:28:54,627 - INFO - Reading connectivity matrix from gPDC_10Hz_L-R_wilcoxon.csv
2025-03-15 23:28:54,629 - INFO - Created connectivity report: Data\DataSet5_Align_cue_626_to_938_unc\Wilcoxon_03102025-1305\Cue_gPDC_10Hz\gPDC_10Hz_L-R_wilcoxon_connectivity_report.txt
2025-03-15 23:28:54,698 - ERROR - Error creating visualizations: name 'pos' is not defined
2025-03-15 23:28:54,699 - ERROR - Traceback (most recent call last):
  File "c:\Users\dgane\Apps\MEG\Scripts\meg_visualization_v1.py", line 1256, in create_visualizations
    fig_circular = self.circular_viz.create_connectogram(
                   ^^^^^^^^^^^^^^^^^^^^^^^^^^^^^^^^^^^^^^
  File "c:\Users\dgane\Apps\MEG\Scripts\meg_visualization_v1.py", line 585, in create_connectogram
    source_x, source_y = pos[source]
                         ^^^
NameError: name 'pos' is not defined

2025-03-15 23:28:54,708 - INFO - Progress: 5/9 folders completed
2025-03-15 23:28:54,708 - INFO - Processing folder 6/9: Cue_gPDC_20Hz
2025-03-15 23:28:54,709 - INFO - Reading connectivity matrix from gPDC_20Hz_L-R_wilcoxon.csv
2025-03-15 23:28:54,711 - INFO - Created connectivity report: Data\DataSet5_Align_cue_626_to_938_unc\Wilcoxon_03102025-1305\Cue_gPDC_20Hz\gPDC_20Hz_L-R_wilcoxon_connectivity_report.txt
2025-03-15 23:28:54,776 - ERROR - Error creating visualizations: name 'pos' is not defined
2025-03-15 23:28:54,776 - ERROR - Traceback (most recent call last):
  File "c:\Users\dgane\Apps\MEG\Scripts\meg_visualization_v1.py", line 1256, in create_visualizations
    fig_circular = self.circular_viz.create_connectogram(
                   ^^^^^^^^^^^^^^^^^^^^^^^^^^^^^^^^^^^^^^
  File "c:\Users\dgane\Apps\MEG\Scripts\meg_visualization_v1.py", line 585, in create_connectogram
    source_x, source_y = pos[source]
                         ^^^
NameError: name 'pos' is not defined

2025-03-15 23:28:54,785 - INFO - Progress: 6/9 folders completed
2025-03-15 23:28:54,785 - INFO - Processing folder 7/9: Cue_iPDC_100Hz
2025-03-15 23:28:54,787 - INFO - Reading connectivity matrix from iPDC_100Hz_L-R_wilcoxon.csv
2025-03-15 23:28:54,789 - INFO - Created connectivity report: Data\DataSet5_Align_cue_626_to_938_unc\Wilcoxon_03102025-1305\Cue_iPDC_100Hz\iPDC_100Hz_L-R_wilcoxon_connectivity_report.txt
2025-03-15 23:28:54,853 - ERROR - Error creating visualizations: name 'pos' is not defined
2025-03-15 23:28:54,854 - ERROR - Traceback (most recent call last):
  File "c:\Users\dgane\Apps\MEG\Scripts\meg_visualization_v1.py", line 1256, in create_visualizations
    fig_circular = self.circular_viz.create_connectogram(
                   ^^^^^^^^^^^^^^^^^^^^^^^^^^^^^^^^^^^^^^
  File "c:\Users\dgane\Apps\MEG\Scripts\meg_visualization_v1.py", line 585, in create_connectogram
    source_x, source_y = pos[source]
                         ^^^
NameError: name 'pos' is not defined

2025-03-15 23:28:54,862 - INFO - Progress: 7/9 folders completed
2025-03-15 23:28:54,862 - INFO - Processing folder 8/9: Cue_iPDC_10Hz
2025-03-15 23:28:54,863 - INFO - Reading connectivity matrix from iPDC_10Hz_L-R_wilcoxon.csv
2025-03-15 23:28:54,866 - INFO - Created connectivity report: Data\DataSet5_Align_cue_626_to_938_unc\Wilcoxon_03102025-1305\Cue_iPDC_10Hz\iPDC_10Hz_L-R_wilcoxon_connectivity_report.txt
2025-03-15 23:28:54,930 - ERROR - Error creating visualizations: name 'pos' is not defined
2025-03-15 23:28:54,931 - ERROR - Traceback (most recent call last):
  File "c:\Users\dgane\Apps\MEG\Scripts\meg_visualization_v1.py", line 1256, in create_visualizations
    fig_circular = self.circular_viz.create_connectogram(
                   ^^^^^^^^^^^^^^^^^^^^^^^^^^^^^^^^^^^^^^
  File "c:\Users\dgane\Apps\MEG\Scripts\meg_visualization_v1.py", line 585, in create_connectogram
    source_x, source_y = pos[source]
                         ^^^
NameError: name 'pos' is not defined

2025-03-15 23:28:54,940 - INFO - Progress: 8/9 folders completed
2025-03-15 23:28:54,941 - INFO - Processing folder 9/9: Cue_iPDC_20Hz
2025-03-15 23:28:54,942 - INFO - Reading connectivity matrix from iPDC_20Hz_L-R_wilcoxon.csv
2025-03-15 23:28:54,944 - INFO - Created connectivity report: Data\DataSet5_Align_cue_626_to_938_unc\Wilcoxon_03102025-1305\Cue_iPDC_20Hz\iPDC_20Hz_L-R_wilcoxon_connectivity_report.txt
2025-03-15 23:28:55,008 - ERROR - Error creating visualizations: name 'pos' is not defined
2025-03-15 23:28:55,009 - ERROR - Traceback (most recent call last):
  File "c:\Users\dgane\Apps\MEG\Scripts\meg_visualization_v1.py", line 1256, in create_visualizations
    fig_circular = self.circular_viz.create_connectogram(
                   ^^^^^^^^^^^^^^^^^^^^^^^^^^^^^^^^^^^^^^
  File "c:\Users\dgane\Apps\MEG\Scripts\meg_visualization_v1.py", line 585, in create_connectogram
    source_x, source_y = pos[source]
                         ^^^
NameError: name 'pos' is not defined

2025-03-15 23:28:55,018 - INFO - Progress: 9/9 folders completed
2025-03-15 23:28:55,018 - INFO - 
=== Processing Summary ===
2025-03-15 23:28:55,018 - INFO - Folders processed: 9
2025-03-15 23:28:55,018 - INFO - Visualizations created: 0
2025-03-15 23:28:55,019 - INFO - Errors encountered: 9
2025-03-15 23:28:55,019 - INFO - Process completed at: 2025-03-15 23:28:55
