2025-03-15 22:25:10,310 - INFO - Starting MEG Visualization V1
2025-03-15 22:25:22,826 - INFO - Selected dataset: DataSet5_Align_cue_626_to_938_unc
2025-03-15 22:25:22,826 - INFO - Selected analysis type: Wilcoxon
2025-03-15 22:25:22,826 - INFO - Selected analysis folder: Wilcoxon_03102025-1305
2025-03-15 22:25:22,826 - INFO - Selected visualization type: circular
2025-03-15 22:25:22,826 - INFO - Connection display mode: separate
2025-03-15 22:25:22,826 - INFO - Processing all folders in Wilcoxon_03102025-1305...
2025-03-15 22:25:22,827 - INFO - Found 9 folders to process
2025-03-15 22:25:22,827 - INFO - Processing folder 1/9: Cue_gDTF_100Hz
2025-03-15 22:25:22,828 - INFO - Reading connectivity matrix from gDTF_100Hz_L-R_wilcoxon.csv
2025-03-15 22:25:22,831 - INFO - Created connectivity report: Data\DataSet5_Align_cue_626_to_938_unc\Wilcoxon_03102025-1305\Cue_gDTF_100Hz\gDTF_100Hz_L-R_wilcoxon_connectivity_report.txt
2025-03-15 22:25:23,770 - INFO - Created circular connectogram: Data\DataSet5_Align_cue_626_to_938_unc\Wilcoxon_03102025-1305\Cue_gDTF_100Hz\gDTF_100Hz_L-R_wilcoxon_circular_connectogram_positive_20250315_222522.png
2025-03-15 22:25:24,615 - INFO - Created circular connectogram: Data\DataSet5_Align_cue_626_to_938_unc\Wilcoxon_03102025-1305\Cue_gDTF_100Hz\gDTF_100Hz_L-R_wilcoxon_circular_connectogram_negative_20250315_222522.png
2025-03-15 22:25:24,615 - INFO - Progress: 1/9 folders completed
2025-03-15 22:25:24,615 - INFO - Processing folder 2/9: Cue_gDTF_10Hz
2025-03-15 22:25:24,615 - INFO - Reading connectivity matrix from gDTF_10Hz_L-R_wilcoxon.csv
2025-03-15 22:25:24,619 - INFO - Created connectivity report: Data\DataSet5_Align_cue_626_to_938_unc\Wilcoxon_03102025-1305\Cue_gDTF_10Hz\gDTF_10Hz_L-R_wilcoxon_connectivity_report.txt
2025-03-15 22:25:25,740 - INFO - Created circular connectogram: Data\DataSet5_Align_cue_626_to_938_unc\Wilcoxon_03102025-1305\Cue_gDTF_10Hz\gDTF_10Hz_L-R_wilcoxon_circular_connectogram_positive_20250315_222524.png
2025-03-15 22:25:26,785 - INFO - Created circular connectogram: Data\DataSet5_Align_cue_626_to_938_unc\Wilcoxon_03102025-1305\Cue_gDTF_10Hz\gDTF_10Hz_L-R_wilcoxon_circular_connectogram_negative_20250315_222524.png
2025-03-15 22:25:26,786 - INFO - Progress: 2/9 folders completed
2025-03-15 22:25:26,786 - INFO - Processing folder 3/9: Cue_gDTF_20Hz
2025-03-15 22:25:26,787 - INFO - Reading connectivity matrix from gDTF_20Hz_L-R_wilcoxon.csv
2025-03-15 22:25:26,789 - INFO - Created connectivity report: Data\DataSet5_Align_cue_626_to_938_unc\Wilcoxon_03102025-1305\Cue_gDTF_20Hz\gDTF_20Hz_L-R_wilcoxon_connectivity_report.txt
2025-03-15 22:25:27,727 - INFO - Created circular connectogram: Data\DataSet5_Align_cue_626_to_938_unc\Wilcoxon_03102025-1305\Cue_gDTF_20Hz\gDTF_20Hz_L-R_wilcoxon_circular_connectogram_positive_20250315_222526.png
2025-03-15 22:25:28,580 - INFO - Created circular connectogram: Data\DataSet5_Align_cue_626_to_938_unc\Wilcoxon_03102025-1305\Cue_gDTF_20Hz\gDTF_20Hz_L-R_wilcoxon_circular_connectogram_negative_20250315_222526.png
2025-03-15 22:25:28,581 - INFO - Progress: 3/9 folders completed
2025-03-15 22:25:28,581 - INFO - Processing folder 4/9: Cue_gPDC_100Hz
2025-03-15 22:25:28,582 - INFO - Reading connectivity matrix from gPDC_100Hz_L-R_wilcoxon.csv
2025-03-15 22:25:28,584 - INFO - Created connectivity report: Data\DataSet5_Align_cue_626_to_938_unc\Wilcoxon_03102025-1305\Cue_gPDC_100Hz\gPDC_100Hz_L-R_wilcoxon_connectivity_report.txt
2025-03-15 22:25:29,586 - INFO - Created circular connectogram: Data\DataSet5_Align_cue_626_to_938_unc\Wilcoxon_03102025-1305\Cue_gPDC_100Hz\gPDC_100Hz_L-R_wilcoxon_circular_connectogram_positive_20250315_222528.png
2025-03-15 22:25:30,516 - INFO - Created circular connectogram: Data\DataSet5_Align_cue_626_to_938_unc\Wilcoxon_03102025-1305\Cue_gPDC_100Hz\gPDC_100Hz_L-R_wilcoxon_circular_connectogram_negative_20250315_222528.png
2025-03-15 22:25:30,516 - INFO - Progress: 4/9 folders completed
2025-03-15 22:25:30,516 - INFO - Processing folder 5/9: Cue_gPDC_10Hz
2025-03-15 22:25:30,517 - INFO - Reading connectivity matrix from gPDC_10Hz_L-R_wilcoxon.csv
2025-03-15 22:25:30,520 - INFO - Created connectivity report: Data\DataSet5_Align_cue_626_to_938_unc\Wilcoxon_03102025-1305\Cue_gPDC_10Hz\gPDC_10Hz_L-R_wilcoxon_connectivity_report.txt
2025-03-15 22:25:31,581 - INFO - Created circular connectogram: Data\DataSet5_Align_cue_626_to_938_unc\Wilcoxon_03102025-1305\Cue_gPDC_10Hz\gPDC_10Hz_L-R_wilcoxon_circular_connectogram_positive_20250315_222530.png
2025-03-15 22:25:32,516 - INFO - Created circular connectogram: Data\DataSet5_Align_cue_626_to_938_unc\Wilcoxon_03102025-1305\Cue_gPDC_10Hz\gPDC_10Hz_L-R_wilcoxon_circular_connectogram_negative_20250315_222530.png
2025-03-15 22:25:32,516 - INFO - Progress: 5/9 folders completed
2025-03-15 22:25:32,516 - INFO - Processing folder 6/9: Cue_gPDC_20Hz
2025-03-15 22:25:32,517 - INFO - Reading connectivity matrix from gPDC_20Hz_L-R_wilcoxon.csv
2025-03-15 22:25:32,519 - INFO - Created connectivity report: Data\DataSet5_Align_cue_626_to_938_unc\Wilcoxon_03102025-1305\Cue_gPDC_20Hz\gPDC_20Hz_L-R_wilcoxon_connectivity_report.txt
2025-03-15 22:25:33,543 - INFO - Created circular connectogram: Data\DataSet5_Align_cue_626_to_938_unc\Wilcoxon_03102025-1305\Cue_gPDC_20Hz\gPDC_20Hz_L-R_wilcoxon_circular_connectogram_positive_20250315_222532.png
2025-03-15 22:25:34,569 - INFO - Created circular connectogram: Data\DataSet5_Align_cue_626_to_938_unc\Wilcoxon_03102025-1305\Cue_gPDC_20Hz\gPDC_20Hz_L-R_wilcoxon_circular_connectogram_negative_20250315_222532.png
2025-03-15 22:25:34,570 - INFO - Progress: 6/9 folders completed
2025-03-15 22:25:34,570 - INFO - Processing folder 7/9: Cue_iPDC_100Hz
2025-03-15 22:25:34,571 - INFO - Reading connectivity matrix from iPDC_100Hz_L-R_wilcoxon.csv
2025-03-15 22:25:34,574 - INFO - Created connectivity report: Data\DataSet5_Align_cue_626_to_938_unc\Wilcoxon_03102025-1305\Cue_iPDC_100Hz\iPDC_100Hz_L-R_wilcoxon_connectivity_report.txt
2025-03-15 22:25:35,570 - INFO - Created circular connectogram: Data\DataSet5_Align_cue_626_to_938_unc\Wilcoxon_03102025-1305\Cue_iPDC_100Hz\iPDC_100Hz_L-R_wilcoxon_circular_connectogram_positive_20250315_222534.png
2025-03-15 22:25:36,495 - INFO - Created circular connectogram: Data\DataSet5_Align_cue_626_to_938_unc\Wilcoxon_03102025-1305\Cue_iPDC_100Hz\iPDC_100Hz_L-R_wilcoxon_circular_connectogram_negative_20250315_222534.png
2025-03-15 22:25:36,496 - INFO - Progress: 7/9 folders completed
2025-03-15 22:25:36,496 - INFO - Processing folder 8/9: Cue_iPDC_10Hz
2025-03-15 22:25:36,497 - INFO - Reading connectivity matrix from iPDC_10Hz_L-R_wilcoxon.csv
2025-03-15 22:25:36,499 - INFO - Created connectivity report: Data\DataSet5_Align_cue_626_to_938_unc\Wilcoxon_03102025-1305\Cue_iPDC_10Hz\iPDC_10Hz_L-R_wilcoxon_connectivity_report.txt
2025-03-15 22:25:37,499 - INFO - Created circular connectogram: Data\DataSet5_Align_cue_626_to_938_unc\Wilcoxon_03102025-1305\Cue_iPDC_10Hz\iPDC_10Hz_L-R_wilcoxon_circular_connectogram_positive_20250315_222536.png
2025-03-15 22:25:38,405 - INFO - Created circular connectogram: Data\DataSet5_Align_cue_626_to_938_unc\Wilcoxon_03102025-1305\Cue_iPDC_10Hz\iPDC_10Hz_L-R_wilcoxon_circular_connectogram_negative_20250315_222536.png
2025-03-15 22:25:38,405 - INFO - Progress: 8/9 folders completed
2025-03-15 22:25:38,405 - INFO - Processing folder 9/9: Cue_iPDC_20Hz
2025-03-15 22:25:38,406 - INFO - Reading connectivity matrix from iPDC_20Hz_L-R_wilcoxon.csv
2025-03-15 22:25:38,408 - INFO - Created connectivity report: Data\DataSet5_Align_cue_626_to_938_unc\Wilcoxon_03102025-1305\Cue_iPDC_20Hz\iPDC_20Hz_L-R_wilcoxon_connectivity_report.txt
2025-03-15 22:25:39,425 - INFO - Created circular connectogram: Data\DataSet5_Align_cue_626_to_938_unc\Wilcoxon_03102025-1305\Cue_iPDC_20Hz\iPDC_20Hz_L-R_wilcoxon_circular_connectogram_positive_20250315_222538.png
2025-03-15 22:25:40,373 - INFO - Created circular connectogram: Data\DataSet5_Align_cue_626_to_938_unc\Wilcoxon_03102025-1305\Cue_iPDC_20Hz\iPDC_20Hz_L-R_wilcoxon_circular_connectogram_negative_20250315_222538.png
2025-03-15 22:25:40,373 - INFO - Progress: 9/9 folders completed
2025-03-15 22:25:40,374 - INFO - 
=== Processing Summary ===
2025-03-15 22:25:40,374 - INFO - Folders processed: 9
2025-03-15 22:25:40,374 - INFO - Visualizations created: 18
2025-03-15 22:25:40,374 - INFO - Errors encountered: 0
2025-03-15 22:25:40,374 - INFO - Process completed at: 2025-03-15 22:25:40
