2025-03-15 13:59:23,354 - INFO - Starting MEG Visualization V1
2025-03-15 13:59:51,366 - INFO - Selected dataset: DataSet5_Align_cue_626_to_938_unc
2025-03-15 13:59:51,366 - INFO - Selected analysis type: Wilcoxon
2025-03-15 13:59:51,367 - INFO - Selected analysis folder: Wilcoxon_03102025-1305
2025-03-15 13:59:51,367 - INFO - Selected visualization type: circular
2025-03-15 13:59:51,367 - INFO - Connection display mode: separate
2025-03-15 13:59:51,367 - INFO - Processing all folders in Wilcoxon_03102025-1305...
2025-03-15 13:59:51,368 - INFO - Found 9 folders to process
2025-03-15 13:59:51,368 - INFO - Processing folder 1/9: Cue_gDTF_100Hz
2025-03-15 13:59:51,368 - INFO - Reading connectivity matrix from gDTF_100Hz_L-R_wilcoxon.csv
2025-03-15 13:59:52,177 - INFO - Created circular connectogram: Data\DataSet5_Align_cue_626_to_938_unc\Wilcoxon_03102025-1305\Cue_gDTF_100Hz\circular_positive_20250315_135951.png
2025-03-15 13:59:52,898 - INFO - Created circular connectogram: Data\DataSet5_Align_cue_626_to_938_unc\Wilcoxon_03102025-1305\Cue_gDTF_100Hz\circular_negative_20250315_135951.png
2025-03-15 13:59:52,898 - INFO - Progress: 1/9 folders completed
2025-03-15 13:59:52,898 - INFO - Processing folder 2/9: Cue_gDTF_10Hz
2025-03-15 13:59:52,899 - INFO - Reading connectivity matrix from gDTF_10Hz_L-R_wilcoxon.csv
2025-03-15 13:59:53,720 - INFO - Created circular connectogram: Data\DataSet5_Align_cue_626_to_938_unc\Wilcoxon_03102025-1305\Cue_gDTF_10Hz\circular_positive_20250315_135952.png
2025-03-15 13:59:54,479 - INFO - Created circular connectogram: Data\DataSet5_Align_cue_626_to_938_unc\Wilcoxon_03102025-1305\Cue_gDTF_10Hz\circular_negative_20250315_135952.png
2025-03-15 13:59:54,479 - INFO - Progress: 2/9 folders completed
2025-03-15 13:59:54,479 - INFO - Processing folder 3/9: Cue_gDTF_20Hz
2025-03-15 13:59:54,480 - INFO - Reading connectivity matrix from gDTF_20Hz_L-R_wilcoxon.csv
2025-03-15 13:59:55,277 - INFO - Created circular connectogram: Data\DataSet5_Align_cue_626_to_938_unc\Wilcoxon_03102025-1305\Cue_gDTF_20Hz\circular_positive_20250315_135954.png
2025-03-15 13:59:56,009 - INFO - Created circular connectogram: Data\DataSet5_Align_cue_626_to_938_unc\Wilcoxon_03102025-1305\Cue_gDTF_20Hz\circular_negative_20250315_135954.png
2025-03-15 13:59:56,010 - INFO - Progress: 3/9 folders completed
2025-03-15 13:59:56,010 - INFO - Processing folder 4/9: Cue_gPDC_100Hz
2025-03-15 13:59:56,010 - INFO - Reading connectivity matrix from gPDC_100Hz_L-R_wilcoxon.csv
2025-03-15 13:59:56,807 - INFO - Created circular connectogram: Data\DataSet5_Align_cue_626_to_938_unc\Wilcoxon_03102025-1305\Cue_gPDC_100Hz\circular_positive_20250315_135956.png
2025-03-15 13:59:57,627 - INFO - Created circular connectogram: Data\DataSet5_Align_cue_626_to_938_unc\Wilcoxon_03102025-1305\Cue_gPDC_100Hz\circular_negative_20250315_135956.png
2025-03-15 13:59:57,628 - INFO - Progress: 4/9 folders completed
2025-03-15 13:59:57,628 - INFO - Processing folder 5/9: Cue_gPDC_10Hz
2025-03-15 13:59:57,628 - INFO - Reading connectivity matrix from gPDC_10Hz_L-R_wilcoxon.csv
2025-03-15 13:59:58,434 - INFO - Created circular connectogram: Data\DataSet5_Align_cue_626_to_938_unc\Wilcoxon_03102025-1305\Cue_gPDC_10Hz\circular_positive_20250315_135957.png
2025-03-15 13:59:59,177 - INFO - Created circular connectogram: Data\DataSet5_Align_cue_626_to_938_unc\Wilcoxon_03102025-1305\Cue_gPDC_10Hz\circular_negative_20250315_135957.png
2025-03-15 13:59:59,178 - INFO - Progress: 5/9 folders completed
2025-03-15 13:59:59,178 - INFO - Processing folder 6/9: Cue_gPDC_20Hz
2025-03-15 13:59:59,178 - INFO - Reading connectivity matrix from gPDC_20Hz_L-R_wilcoxon.csv
2025-03-15 13:59:59,962 - INFO - Created circular connectogram: Data\DataSet5_Align_cue_626_to_938_unc\Wilcoxon_03102025-1305\Cue_gPDC_20Hz\circular_positive_20250315_135959.png
2025-03-15 14:00:00,750 - INFO - Created circular connectogram: Data\DataSet5_Align_cue_626_to_938_unc\Wilcoxon_03102025-1305\Cue_gPDC_20Hz\circular_negative_20250315_135959.png
2025-03-15 14:00:00,750 - INFO - Progress: 6/9 folders completed
2025-03-15 14:00:00,750 - INFO - Processing folder 7/9: Cue_iPDC_100Hz
2025-03-15 14:00:00,750 - INFO - Reading connectivity matrix from iPDC_100Hz_L-R_wilcoxon.csv
2025-03-15 14:00:01,510 - INFO - Created circular connectogram: Data\DataSet5_Align_cue_626_to_938_unc\Wilcoxon_03102025-1305\Cue_iPDC_100Hz\circular_positive_20250315_140000.png
2025-03-15 14:00:02,261 - INFO - Created circular connectogram: Data\DataSet5_Align_cue_626_to_938_unc\Wilcoxon_03102025-1305\Cue_iPDC_100Hz\circular_negative_20250315_140000.png
2025-03-15 14:00:02,261 - INFO - Progress: 7/9 folders completed
2025-03-15 14:00:02,261 - INFO - Processing folder 8/9: Cue_iPDC_10Hz
2025-03-15 14:00:02,263 - INFO - Reading connectivity matrix from iPDC_10Hz_L-R_wilcoxon.csv
2025-03-15 14:00:03,069 - INFO - Created circular connectogram: Data\DataSet5_Align_cue_626_to_938_unc\Wilcoxon_03102025-1305\Cue_iPDC_10Hz\circular_positive_20250315_140002.png
2025-03-15 14:00:03,874 - INFO - Created circular connectogram: Data\DataSet5_Align_cue_626_to_938_unc\Wilcoxon_03102025-1305\Cue_iPDC_10Hz\circular_negative_20250315_140002.png
2025-03-15 14:00:03,874 - INFO - Progress: 8/9 folders completed
2025-03-15 14:00:03,874 - INFO - Processing folder 9/9: Cue_iPDC_20Hz
2025-03-15 14:00:03,875 - INFO - Reading connectivity matrix from iPDC_20Hz_L-R_wilcoxon.csv
2025-03-15 14:00:04,636 - INFO - Created circular connectogram: Data\DataSet5_Align_cue_626_to_938_unc\Wilcoxon_03102025-1305\Cue_iPDC_20Hz\circular_positive_20250315_140003.png
2025-03-15 14:00:05,401 - INFO - Created circular connectogram: Data\DataSet5_Align_cue_626_to_938_unc\Wilcoxon_03102025-1305\Cue_iPDC_20Hz\circular_negative_20250315_140003.png
2025-03-15 14:00:05,401 - INFO - Progress: 9/9 folders completed
2025-03-15 14:00:05,401 - INFO - 
=== Processing Summary ===
2025-03-15 14:00:05,401 - INFO - Folders processed: 9
2025-03-15 14:00:05,401 - INFO - Visualizations created: 18
2025-03-15 14:00:05,402 - INFO - Errors encountered: 0
2025-03-15 14:00:05,402 - INFO - Process completed at: 2025-03-15 14:00:05
