2025-03-15 15:37:45,495 - INFO - Starting MEG Visualization V1
2025-03-15 15:37:56,263 - INFO - Selected dataset: DataSet5_Align_cue_626_to_938_unc
2025-03-15 15:37:56,264 - INFO - Selected analysis type: Wilcoxon
2025-03-15 15:37:56,264 - INFO - Selected analysis folder: Wilcoxon_03102025-1305
2025-03-15 15:37:56,264 - INFO - Selected visualization type: circular
2025-03-15 15:37:56,264 - INFO - Connection display mode: separate
2025-03-15 15:37:56,264 - INFO - Processing all folders in Wilcoxon_03102025-1305...
2025-03-15 15:37:56,265 - INFO - Found 9 folders to process
2025-03-15 15:37:56,265 - INFO - Processing folder 1/9: Cue_gDTF_100Hz
2025-03-15 15:37:56,266 - INFO - Reading connectivity matrix from gDTF_100Hz_L-R_wilcoxon.csv
2025-03-15 15:37:57,116 - INFO - Created circular connectogram: Data\DataSet5_Align_cue_626_to_938_unc\Wilcoxon_03102025-1305\Cue_gDTF_100Hz\gDTF_100Hz_L-R_wilcoxon_circular_connectogram_positive_20250315_153756.png
2025-03-15 15:37:57,878 - INFO - Created circular connectogram: Data\DataSet5_Align_cue_626_to_938_unc\Wilcoxon_03102025-1305\Cue_gDTF_100Hz\gDTF_100Hz_L-R_wilcoxon_circular_connectogram_negative_20250315_153756.png
2025-03-15 15:37:57,878 - INFO - Progress: 1/9 folders completed
2025-03-15 15:37:57,879 - INFO - Processing folder 2/9: Cue_gDTF_10Hz
2025-03-15 15:37:57,879 - INFO - Reading connectivity matrix from gDTF_10Hz_L-R_wilcoxon.csv
2025-03-15 15:37:58,711 - INFO - Created circular connectogram: Data\DataSet5_Align_cue_626_to_938_unc\Wilcoxon_03102025-1305\Cue_gDTF_10Hz\gDTF_10Hz_L-R_wilcoxon_circular_connectogram_positive_20250315_153757.png
2025-03-15 15:37:59,508 - INFO - Created circular connectogram: Data\DataSet5_Align_cue_626_to_938_unc\Wilcoxon_03102025-1305\Cue_gDTF_10Hz\gDTF_10Hz_L-R_wilcoxon_circular_connectogram_negative_20250315_153757.png
2025-03-15 15:37:59,508 - INFO - Progress: 2/9 folders completed
2025-03-15 15:37:59,509 - INFO - Processing folder 3/9: Cue_gDTF_20Hz
2025-03-15 15:37:59,509 - INFO - Reading connectivity matrix from gDTF_20Hz_L-R_wilcoxon.csv
2025-03-15 15:38:00,324 - INFO - Created circular connectogram: Data\DataSet5_Align_cue_626_to_938_unc\Wilcoxon_03102025-1305\Cue_gDTF_20Hz\gDTF_20Hz_L-R_wilcoxon_circular_connectogram_positive_20250315_153759.png
2025-03-15 15:38:01,161 - INFO - Created circular connectogram: Data\DataSet5_Align_cue_626_to_938_unc\Wilcoxon_03102025-1305\Cue_gDTF_20Hz\gDTF_20Hz_L-R_wilcoxon_circular_connectogram_negative_20250315_153759.png
2025-03-15 15:38:01,162 - INFO - Progress: 3/9 folders completed
2025-03-15 15:38:01,162 - INFO - Processing folder 4/9: Cue_gPDC_100Hz
2025-03-15 15:38:01,162 - INFO - Reading connectivity matrix from gPDC_100Hz_L-R_wilcoxon.csv
2025-03-15 15:38:01,982 - INFO - Created circular connectogram: Data\DataSet5_Align_cue_626_to_938_unc\Wilcoxon_03102025-1305\Cue_gPDC_100Hz\gPDC_100Hz_L-R_wilcoxon_circular_connectogram_positive_20250315_153801.png
2025-03-15 15:38:02,781 - INFO - Created circular connectogram: Data\DataSet5_Align_cue_626_to_938_unc\Wilcoxon_03102025-1305\Cue_gPDC_100Hz\gPDC_100Hz_L-R_wilcoxon_circular_connectogram_negative_20250315_153801.png
2025-03-15 15:38:02,781 - INFO - Progress: 4/9 folders completed
2025-03-15 15:38:02,782 - INFO - Processing folder 5/9: Cue_gPDC_10Hz
2025-03-15 15:38:02,782 - INFO - Reading connectivity matrix from gPDC_10Hz_L-R_wilcoxon.csv
2025-03-15 15:38:03,676 - INFO - Created circular connectogram: Data\DataSet5_Align_cue_626_to_938_unc\Wilcoxon_03102025-1305\Cue_gPDC_10Hz\gPDC_10Hz_L-R_wilcoxon_circular_connectogram_positive_20250315_153802.png
2025-03-15 15:38:04,458 - INFO - Created circular connectogram: Data\DataSet5_Align_cue_626_to_938_unc\Wilcoxon_03102025-1305\Cue_gPDC_10Hz\gPDC_10Hz_L-R_wilcoxon_circular_connectogram_negative_20250315_153802.png
2025-03-15 15:38:04,459 - INFO - Progress: 5/9 folders completed
2025-03-15 15:38:04,459 - INFO - Processing folder 6/9: Cue_gPDC_20Hz
2025-03-15 15:38:04,459 - INFO - Reading connectivity matrix from gPDC_20Hz_L-R_wilcoxon.csv
2025-03-15 15:38:05,264 - INFO - Created circular connectogram: Data\DataSet5_Align_cue_626_to_938_unc\Wilcoxon_03102025-1305\Cue_gPDC_20Hz\gPDC_20Hz_L-R_wilcoxon_circular_connectogram_positive_20250315_153804.png
2025-03-15 15:38:06,153 - INFO - Created circular connectogram: Data\DataSet5_Align_cue_626_to_938_unc\Wilcoxon_03102025-1305\Cue_gPDC_20Hz\gPDC_20Hz_L-R_wilcoxon_circular_connectogram_negative_20250315_153804.png
2025-03-15 15:38:06,153 - INFO - Progress: 6/9 folders completed
2025-03-15 15:38:06,153 - INFO - Processing folder 7/9: Cue_iPDC_100Hz
2025-03-15 15:38:06,153 - INFO - Reading connectivity matrix from iPDC_100Hz_L-R_wilcoxon.csv
2025-03-15 15:38:06,984 - INFO - Created circular connectogram: Data\DataSet5_Align_cue_626_to_938_unc\Wilcoxon_03102025-1305\Cue_iPDC_100Hz\iPDC_100Hz_L-R_wilcoxon_circular_connectogram_positive_20250315_153806.png
2025-03-15 15:38:07,830 - INFO - Created circular connectogram: Data\DataSet5_Align_cue_626_to_938_unc\Wilcoxon_03102025-1305\Cue_iPDC_100Hz\iPDC_100Hz_L-R_wilcoxon_circular_connectogram_negative_20250315_153806.png
2025-03-15 15:38:07,830 - INFO - Progress: 7/9 folders completed
2025-03-15 15:38:07,830 - INFO - Processing folder 8/9: Cue_iPDC_10Hz
2025-03-15 15:38:07,830 - INFO - Reading connectivity matrix from iPDC_10Hz_L-R_wilcoxon.csv
2025-03-15 15:38:08,715 - INFO - Created circular connectogram: Data\DataSet5_Align_cue_626_to_938_unc\Wilcoxon_03102025-1305\Cue_iPDC_10Hz\iPDC_10Hz_L-R_wilcoxon_circular_connectogram_positive_20250315_153807.png
2025-03-15 15:38:09,519 - INFO - Created circular connectogram: Data\DataSet5_Align_cue_626_to_938_unc\Wilcoxon_03102025-1305\Cue_iPDC_10Hz\iPDC_10Hz_L-R_wilcoxon_circular_connectogram_negative_20250315_153807.png
2025-03-15 15:38:09,519 - INFO - Progress: 8/9 folders completed
2025-03-15 15:38:09,519 - INFO - Processing folder 9/9: Cue_iPDC_20Hz
2025-03-15 15:38:09,520 - INFO - Reading connectivity matrix from iPDC_20Hz_L-R_wilcoxon.csv
2025-03-15 15:38:10,353 - INFO - Created circular connectogram: Data\DataSet5_Align_cue_626_to_938_unc\Wilcoxon_03102025-1305\Cue_iPDC_20Hz\iPDC_20Hz_L-R_wilcoxon_circular_connectogram_positive_20250315_153809.png
2025-03-15 15:38:11,267 - INFO - Created circular connectogram: Data\DataSet5_Align_cue_626_to_938_unc\Wilcoxon_03102025-1305\Cue_iPDC_20Hz\iPDC_20Hz_L-R_wilcoxon_circular_connectogram_negative_20250315_153809.png
2025-03-15 15:38:11,267 - INFO - Progress: 9/9 folders completed
2025-03-15 15:38:11,268 - INFO - 
=== Processing Summary ===
2025-03-15 15:38:11,268 - INFO - Folders processed: 9
2025-03-15 15:38:11,268 - INFO - Visualizations created: 18
2025-03-15 15:38:11,268 - INFO - Errors encountered: 0
2025-03-15 15:38:11,268 - INFO - Process completed at: 2025-03-15 15:38:11
