2025-03-15 18:33:21,941 - INFO - Starting MEG Visualization V1
2025-03-15 18:33:34,592 - INFO - Selected dataset: DataSet5_Align_cue_626_to_938_unc
2025-03-15 18:33:34,594 - INFO - Selected analysis type: Wilcoxon
2025-03-15 18:33:34,594 - INFO - Selected analysis folder: Wilcoxon_03102025-1305
2025-03-15 18:33:34,594 - INFO - Selected visualization type: circular
2025-03-15 18:33:34,594 - INFO - Connection display mode: separate
2025-03-15 18:33:34,594 - INFO - Processing all folders in Wilcoxon_03102025-1305...
2025-03-15 18:33:34,595 - INFO - Found 9 folders to process
2025-03-15 18:33:34,595 - INFO - Processing folder 1/9: Cue_gDTF_100Hz
2025-03-15 18:33:34,596 - INFO - Reading connectivity matrix from gDTF_100Hz_L-R_wilcoxon.csv
2025-03-15 18:33:34,599 - INFO - Created connectivity report: Data\DataSet5_Align_cue_626_to_938_unc\Wilcoxon_03102025-1305\Cue_gDTF_100Hz\gDTF_100Hz_L-R_wilcoxon_connectivity_report.txt
2025-03-15 18:33:35,408 - INFO - Created circular connectogram: Data\DataSet5_Align_cue_626_to_938_unc\Wilcoxon_03102025-1305\Cue_gDTF_100Hz\gDTF_100Hz_L-R_wilcoxon_circular_connectogram_positive_20250315_183334.png
2025-03-15 18:33:36,117 - INFO - Created circular connectogram: Data\DataSet5_Align_cue_626_to_938_unc\Wilcoxon_03102025-1305\Cue_gDTF_100Hz\gDTF_100Hz_L-R_wilcoxon_circular_connectogram_negative_20250315_183334.png
2025-03-15 18:33:36,117 - INFO - Progress: 1/9 folders completed
2025-03-15 18:33:36,118 - INFO - Processing folder 2/9: Cue_gDTF_10Hz
2025-03-15 18:33:36,118 - INFO - Reading connectivity matrix from gDTF_10Hz_L-R_wilcoxon.csv
2025-03-15 18:33:36,120 - INFO - Created connectivity report: Data\DataSet5_Align_cue_626_to_938_unc\Wilcoxon_03102025-1305\Cue_gDTF_10Hz\gDTF_10Hz_L-R_wilcoxon_connectivity_report.txt
2025-03-15 18:33:36,947 - INFO - Created circular connectogram: Data\DataSet5_Align_cue_626_to_938_unc\Wilcoxon_03102025-1305\Cue_gDTF_10Hz\gDTF_10Hz_L-R_wilcoxon_circular_connectogram_positive_20250315_183336.png
2025-03-15 18:33:37,701 - INFO - Created circular connectogram: Data\DataSet5_Align_cue_626_to_938_unc\Wilcoxon_03102025-1305\Cue_gDTF_10Hz\gDTF_10Hz_L-R_wilcoxon_circular_connectogram_negative_20250315_183336.png
2025-03-15 18:33:37,701 - INFO - Progress: 2/9 folders completed
2025-03-15 18:33:37,702 - INFO - Processing folder 3/9: Cue_gDTF_20Hz
2025-03-15 18:33:37,702 - INFO - Reading connectivity matrix from gDTF_20Hz_L-R_wilcoxon.csv
2025-03-15 18:33:37,704 - INFO - Created connectivity report: Data\DataSet5_Align_cue_626_to_938_unc\Wilcoxon_03102025-1305\Cue_gDTF_20Hz\gDTF_20Hz_L-R_wilcoxon_connectivity_report.txt
2025-03-15 18:33:38,510 - INFO - Created circular connectogram: Data\DataSet5_Align_cue_626_to_938_unc\Wilcoxon_03102025-1305\Cue_gDTF_20Hz\gDTF_20Hz_L-R_wilcoxon_circular_connectogram_positive_20250315_183337.png
2025-03-15 18:33:39,246 - INFO - Created circular connectogram: Data\DataSet5_Align_cue_626_to_938_unc\Wilcoxon_03102025-1305\Cue_gDTF_20Hz\gDTF_20Hz_L-R_wilcoxon_circular_connectogram_negative_20250315_183337.png
2025-03-15 18:33:39,246 - INFO - Progress: 3/9 folders completed
2025-03-15 18:33:39,246 - INFO - Processing folder 4/9: Cue_gPDC_100Hz
2025-03-15 18:33:39,247 - INFO - Reading connectivity matrix from gPDC_100Hz_L-R_wilcoxon.csv
2025-03-15 18:33:39,249 - INFO - Created connectivity report: Data\DataSet5_Align_cue_626_to_938_unc\Wilcoxon_03102025-1305\Cue_gPDC_100Hz\gPDC_100Hz_L-R_wilcoxon_connectivity_report.txt
2025-03-15 18:33:40,028 - INFO - Created circular connectogram: Data\DataSet5_Align_cue_626_to_938_unc\Wilcoxon_03102025-1305\Cue_gPDC_100Hz\gPDC_100Hz_L-R_wilcoxon_circular_connectogram_positive_20250315_183339.png
2025-03-15 18:33:40,769 - INFO - Created circular connectogram: Data\DataSet5_Align_cue_626_to_938_unc\Wilcoxon_03102025-1305\Cue_gPDC_100Hz\gPDC_100Hz_L-R_wilcoxon_circular_connectogram_negative_20250315_183339.png
2025-03-15 18:33:40,770 - INFO - Progress: 4/9 folders completed
2025-03-15 18:33:40,770 - INFO - Processing folder 5/9: Cue_gPDC_10Hz
2025-03-15 18:33:40,771 - INFO - Reading connectivity matrix from gPDC_10Hz_L-R_wilcoxon.csv
2025-03-15 18:33:40,773 - INFO - Created connectivity report: Data\DataSet5_Align_cue_626_to_938_unc\Wilcoxon_03102025-1305\Cue_gPDC_10Hz\gPDC_10Hz_L-R_wilcoxon_connectivity_report.txt
2025-03-15 18:33:41,653 - INFO - Created circular connectogram: Data\DataSet5_Align_cue_626_to_938_unc\Wilcoxon_03102025-1305\Cue_gPDC_10Hz\gPDC_10Hz_L-R_wilcoxon_circular_connectogram_positive_20250315_183340.png
2025-03-15 18:33:42,394 - INFO - Created circular connectogram: Data\DataSet5_Align_cue_626_to_938_unc\Wilcoxon_03102025-1305\Cue_gPDC_10Hz\gPDC_10Hz_L-R_wilcoxon_circular_connectogram_negative_20250315_183340.png
2025-03-15 18:33:42,395 - INFO - Progress: 5/9 folders completed
2025-03-15 18:33:42,395 - INFO - Processing folder 6/9: Cue_gPDC_20Hz
2025-03-15 18:33:42,396 - INFO - Reading connectivity matrix from gPDC_20Hz_L-R_wilcoxon.csv
2025-03-15 18:33:42,398 - INFO - Created connectivity report: Data\DataSet5_Align_cue_626_to_938_unc\Wilcoxon_03102025-1305\Cue_gPDC_20Hz\gPDC_20Hz_L-R_wilcoxon_connectivity_report.txt
2025-03-15 18:33:43,183 - INFO - Created circular connectogram: Data\DataSet5_Align_cue_626_to_938_unc\Wilcoxon_03102025-1305\Cue_gPDC_20Hz\gPDC_20Hz_L-R_wilcoxon_circular_connectogram_positive_20250315_183342.png
2025-03-15 18:33:43,952 - INFO - Created circular connectogram: Data\DataSet5_Align_cue_626_to_938_unc\Wilcoxon_03102025-1305\Cue_gPDC_20Hz\gPDC_20Hz_L-R_wilcoxon_circular_connectogram_negative_20250315_183342.png
2025-03-15 18:33:43,952 - INFO - Progress: 6/9 folders completed
2025-03-15 18:33:43,952 - INFO - Processing folder 7/9: Cue_iPDC_100Hz
2025-03-15 18:33:43,953 - INFO - Reading connectivity matrix from iPDC_100Hz_L-R_wilcoxon.csv
2025-03-15 18:33:43,955 - INFO - Created connectivity report: Data\DataSet5_Align_cue_626_to_938_unc\Wilcoxon_03102025-1305\Cue_iPDC_100Hz\iPDC_100Hz_L-R_wilcoxon_connectivity_report.txt
2025-03-15 18:33:44,720 - INFO - Created circular connectogram: Data\DataSet5_Align_cue_626_to_938_unc\Wilcoxon_03102025-1305\Cue_iPDC_100Hz\iPDC_100Hz_L-R_wilcoxon_circular_connectogram_positive_20250315_183343.png
2025-03-15 18:33:45,527 - INFO - Created circular connectogram: Data\DataSet5_Align_cue_626_to_938_unc\Wilcoxon_03102025-1305\Cue_iPDC_100Hz\iPDC_100Hz_L-R_wilcoxon_circular_connectogram_negative_20250315_183343.png
2025-03-15 18:33:45,527 - INFO - Progress: 7/9 folders completed
2025-03-15 18:33:45,527 - INFO - Processing folder 8/9: Cue_iPDC_10Hz
2025-03-15 18:33:45,528 - INFO - Reading connectivity matrix from iPDC_10Hz_L-R_wilcoxon.csv
2025-03-15 18:33:45,530 - INFO - Created connectivity report: Data\DataSet5_Align_cue_626_to_938_unc\Wilcoxon_03102025-1305\Cue_iPDC_10Hz\iPDC_10Hz_L-R_wilcoxon_connectivity_report.txt
2025-03-15 18:33:46,353 - INFO - Created circular connectogram: Data\DataSet5_Align_cue_626_to_938_unc\Wilcoxon_03102025-1305\Cue_iPDC_10Hz\iPDC_10Hz_L-R_wilcoxon_circular_connectogram_positive_20250315_183345.png
2025-03-15 18:33:47,074 - INFO - Created circular connectogram: Data\DataSet5_Align_cue_626_to_938_unc\Wilcoxon_03102025-1305\Cue_iPDC_10Hz\iPDC_10Hz_L-R_wilcoxon_circular_connectogram_negative_20250315_183345.png
2025-03-15 18:33:47,074 - INFO - Progress: 8/9 folders completed
2025-03-15 18:33:47,074 - INFO - Processing folder 9/9: Cue_iPDC_20Hz
2025-03-15 18:33:47,075 - INFO - Reading connectivity matrix from iPDC_20Hz_L-R_wilcoxon.csv
2025-03-15 18:33:47,077 - INFO - Created connectivity report: Data\DataSet5_Align_cue_626_to_938_unc\Wilcoxon_03102025-1305\Cue_iPDC_20Hz\iPDC_20Hz_L-R_wilcoxon_connectivity_report.txt
2025-03-15 18:33:47,949 - INFO - Created circular connectogram: Data\DataSet5_Align_cue_626_to_938_unc\Wilcoxon_03102025-1305\Cue_iPDC_20Hz\iPDC_20Hz_L-R_wilcoxon_circular_connectogram_positive_20250315_183347.png
2025-03-15 18:33:48,705 - INFO - Created circular connectogram: Data\DataSet5_Align_cue_626_to_938_unc\Wilcoxon_03102025-1305\Cue_iPDC_20Hz\iPDC_20Hz_L-R_wilcoxon_circular_connectogram_negative_20250315_183347.png
2025-03-15 18:33:48,706 - INFO - Progress: 9/9 folders completed
2025-03-15 18:33:48,706 - INFO - 
=== Processing Summary ===
2025-03-15 18:33:48,706 - INFO - Folders processed: 9
2025-03-15 18:33:48,706 - INFO - Visualizations created: 18
2025-03-15 18:33:48,706 - INFO - Errors encountered: 0
2025-03-15 18:33:48,706 - INFO - Process completed at: 2025-03-15 18:33:48
