2025-03-15 21:37:07,440 - INFO - Starting MEG Visualization V1
2025-03-15 21:37:21,807 - INFO - Selected dataset: DataSet5_Align_cue_626_to_938_unc
2025-03-15 21:37:21,808 - INFO - Selected analysis type: Wilcoxon
2025-03-15 21:37:21,808 - INFO - Selected analysis folder: Wilcoxon_03102025-1305
2025-03-15 21:37:21,808 - INFO - Selected visualization type: circular
2025-03-15 21:37:21,808 - INFO - Connection display mode: separate
2025-03-15 21:37:21,808 - INFO - Processing all folders in Wilcoxon_03102025-1305...
2025-03-15 21:37:21,809 - INFO - Found 9 folders to process
2025-03-15 21:37:21,809 - INFO - Processing folder 1/9: Cue_gDTF_100Hz
2025-03-15 21:37:21,810 - INFO - Reading connectivity matrix from gDTF_100Hz_L-R_wilcoxon.csv
2025-03-15 21:37:21,814 - INFO - Created connectivity report: Data\DataSet5_Align_cue_626_to_938_unc\Wilcoxon_03102025-1305\Cue_gDTF_100Hz\gDTF_100Hz_L-R_wilcoxon_connectivity_report.txt
2025-03-15 21:37:22,739 - INFO - Created circular connectogram: Data\DataSet5_Align_cue_626_to_938_unc\Wilcoxon_03102025-1305\Cue_gDTF_100Hz\gDTF_100Hz_L-R_wilcoxon_circular_connectogram_positive_20250315_213721.png
2025-03-15 21:37:23,559 - INFO - Created circular connectogram: Data\DataSet5_Align_cue_626_to_938_unc\Wilcoxon_03102025-1305\Cue_gDTF_100Hz\gDTF_100Hz_L-R_wilcoxon_circular_connectogram_negative_20250315_213721.png
2025-03-15 21:37:23,559 - INFO - Progress: 1/9 folders completed
2025-03-15 21:37:23,559 - INFO - Processing folder 2/9: Cue_gDTF_10Hz
2025-03-15 21:37:23,560 - INFO - Reading connectivity matrix from gDTF_10Hz_L-R_wilcoxon.csv
2025-03-15 21:37:23,562 - INFO - Created connectivity report: Data\DataSet5_Align_cue_626_to_938_unc\Wilcoxon_03102025-1305\Cue_gDTF_10Hz\gDTF_10Hz_L-R_wilcoxon_connectivity_report.txt
2025-03-15 21:37:24,532 - INFO - Created circular connectogram: Data\DataSet5_Align_cue_626_to_938_unc\Wilcoxon_03102025-1305\Cue_gDTF_10Hz\gDTF_10Hz_L-R_wilcoxon_circular_connectogram_positive_20250315_213723.png
2025-03-15 21:37:25,426 - INFO - Created circular connectogram: Data\DataSet5_Align_cue_626_to_938_unc\Wilcoxon_03102025-1305\Cue_gDTF_10Hz\gDTF_10Hz_L-R_wilcoxon_circular_connectogram_negative_20250315_213723.png
2025-03-15 21:37:25,426 - INFO - Progress: 2/9 folders completed
2025-03-15 21:37:25,426 - INFO - Processing folder 3/9: Cue_gDTF_20Hz
2025-03-15 21:37:25,428 - INFO - Reading connectivity matrix from gDTF_20Hz_L-R_wilcoxon.csv
2025-03-15 21:37:25,430 - INFO - Created connectivity report: Data\DataSet5_Align_cue_626_to_938_unc\Wilcoxon_03102025-1305\Cue_gDTF_20Hz\gDTF_20Hz_L-R_wilcoxon_connectivity_report.txt
2025-03-15 21:37:26,368 - INFO - Created circular connectogram: Data\DataSet5_Align_cue_626_to_938_unc\Wilcoxon_03102025-1305\Cue_gDTF_20Hz\gDTF_20Hz_L-R_wilcoxon_circular_connectogram_positive_20250315_213725.png
2025-03-15 21:37:27,263 - INFO - Created circular connectogram: Data\DataSet5_Align_cue_626_to_938_unc\Wilcoxon_03102025-1305\Cue_gDTF_20Hz\gDTF_20Hz_L-R_wilcoxon_circular_connectogram_negative_20250315_213725.png
2025-03-15 21:37:27,263 - INFO - Progress: 3/9 folders completed
2025-03-15 21:37:27,263 - INFO - Processing folder 4/9: Cue_gPDC_100Hz
2025-03-15 21:37:27,264 - INFO - Reading connectivity matrix from gPDC_100Hz_L-R_wilcoxon.csv
2025-03-15 21:37:27,266 - INFO - Created connectivity report: Data\DataSet5_Align_cue_626_to_938_unc\Wilcoxon_03102025-1305\Cue_gPDC_100Hz\gPDC_100Hz_L-R_wilcoxon_connectivity_report.txt
2025-03-15 21:37:28,266 - INFO - Created circular connectogram: Data\DataSet5_Align_cue_626_to_938_unc\Wilcoxon_03102025-1305\Cue_gPDC_100Hz\gPDC_100Hz_L-R_wilcoxon_circular_connectogram_positive_20250315_213727.png
2025-03-15 21:37:29,130 - INFO - Created circular connectogram: Data\DataSet5_Align_cue_626_to_938_unc\Wilcoxon_03102025-1305\Cue_gPDC_100Hz\gPDC_100Hz_L-R_wilcoxon_circular_connectogram_negative_20250315_213727.png
2025-03-15 21:37:29,130 - INFO - Progress: 4/9 folders completed
2025-03-15 21:37:29,130 - INFO - Processing folder 5/9: Cue_gPDC_10Hz
2025-03-15 21:37:29,131 - INFO - Reading connectivity matrix from gPDC_10Hz_L-R_wilcoxon.csv
2025-03-15 21:37:29,133 - INFO - Created connectivity report: Data\DataSet5_Align_cue_626_to_938_unc\Wilcoxon_03102025-1305\Cue_gPDC_10Hz\gPDC_10Hz_L-R_wilcoxon_connectivity_report.txt
2025-03-15 21:37:30,052 - INFO - Created circular connectogram: Data\DataSet5_Align_cue_626_to_938_unc\Wilcoxon_03102025-1305\Cue_gPDC_10Hz\gPDC_10Hz_L-R_wilcoxon_circular_connectogram_positive_20250315_213729.png
2025-03-15 21:37:30,925 - INFO - Created circular connectogram: Data\DataSet5_Align_cue_626_to_938_unc\Wilcoxon_03102025-1305\Cue_gPDC_10Hz\gPDC_10Hz_L-R_wilcoxon_circular_connectogram_negative_20250315_213729.png
2025-03-15 21:37:30,925 - INFO - Progress: 5/9 folders completed
2025-03-15 21:37:30,926 - INFO - Processing folder 6/9: Cue_gPDC_20Hz
2025-03-15 21:37:30,926 - INFO - Reading connectivity matrix from gPDC_20Hz_L-R_wilcoxon.csv
2025-03-15 21:37:30,929 - INFO - Created connectivity report: Data\DataSet5_Align_cue_626_to_938_unc\Wilcoxon_03102025-1305\Cue_gPDC_20Hz\gPDC_20Hz_L-R_wilcoxon_connectivity_report.txt
2025-03-15 21:37:31,906 - INFO - Created circular connectogram: Data\DataSet5_Align_cue_626_to_938_unc\Wilcoxon_03102025-1305\Cue_gPDC_20Hz\gPDC_20Hz_L-R_wilcoxon_circular_connectogram_positive_20250315_213730.png
2025-03-15 21:37:32,893 - INFO - Created circular connectogram: Data\DataSet5_Align_cue_626_to_938_unc\Wilcoxon_03102025-1305\Cue_gPDC_20Hz\gPDC_20Hz_L-R_wilcoxon_circular_connectogram_negative_20250315_213730.png
2025-03-15 21:37:32,893 - INFO - Progress: 6/9 folders completed
2025-03-15 21:37:32,893 - INFO - Processing folder 7/9: Cue_iPDC_100Hz
2025-03-15 21:37:32,894 - INFO - Reading connectivity matrix from iPDC_100Hz_L-R_wilcoxon.csv
2025-03-15 21:37:32,898 - INFO - Created connectivity report: Data\DataSet5_Align_cue_626_to_938_unc\Wilcoxon_03102025-1305\Cue_iPDC_100Hz\iPDC_100Hz_L-R_wilcoxon_connectivity_report.txt
2025-03-15 21:37:33,857 - INFO - Created circular connectogram: Data\DataSet5_Align_cue_626_to_938_unc\Wilcoxon_03102025-1305\Cue_iPDC_100Hz\iPDC_100Hz_L-R_wilcoxon_circular_connectogram_positive_20250315_213732.png
2025-03-15 21:37:34,857 - INFO - Created circular connectogram: Data\DataSet5_Align_cue_626_to_938_unc\Wilcoxon_03102025-1305\Cue_iPDC_100Hz\iPDC_100Hz_L-R_wilcoxon_circular_connectogram_negative_20250315_213732.png
2025-03-15 21:37:34,857 - INFO - Progress: 7/9 folders completed
2025-03-15 21:37:34,857 - INFO - Processing folder 8/9: Cue_iPDC_10Hz
2025-03-15 21:37:34,858 - INFO - Reading connectivity matrix from iPDC_10Hz_L-R_wilcoxon.csv
2025-03-15 21:37:34,861 - INFO - Created connectivity report: Data\DataSet5_Align_cue_626_to_938_unc\Wilcoxon_03102025-1305\Cue_iPDC_10Hz\iPDC_10Hz_L-R_wilcoxon_connectivity_report.txt
2025-03-15 21:37:35,916 - INFO - Created circular connectogram: Data\DataSet5_Align_cue_626_to_938_unc\Wilcoxon_03102025-1305\Cue_iPDC_10Hz\iPDC_10Hz_L-R_wilcoxon_circular_connectogram_positive_20250315_213734.png
2025-03-15 21:37:36,844 - INFO - Created circular connectogram: Data\DataSet5_Align_cue_626_to_938_unc\Wilcoxon_03102025-1305\Cue_iPDC_10Hz\iPDC_10Hz_L-R_wilcoxon_circular_connectogram_negative_20250315_213734.png
2025-03-15 21:37:36,844 - INFO - Progress: 8/9 folders completed
2025-03-15 21:37:36,844 - INFO - Processing folder 9/9: Cue_iPDC_20Hz
2025-03-15 21:37:36,845 - INFO - Reading connectivity matrix from iPDC_20Hz_L-R_wilcoxon.csv
2025-03-15 21:37:36,848 - INFO - Created connectivity report: Data\DataSet5_Align_cue_626_to_938_unc\Wilcoxon_03102025-1305\Cue_iPDC_20Hz\iPDC_20Hz_L-R_wilcoxon_connectivity_report.txt
2025-03-15 21:37:37,769 - INFO - Created circular connectogram: Data\DataSet5_Align_cue_626_to_938_unc\Wilcoxon_03102025-1305\Cue_iPDC_20Hz\iPDC_20Hz_L-R_wilcoxon_circular_connectogram_positive_20250315_213736.png
2025-03-15 21:37:38,687 - INFO - Created circular connectogram: Data\DataSet5_Align_cue_626_to_938_unc\Wilcoxon_03102025-1305\Cue_iPDC_20Hz\iPDC_20Hz_L-R_wilcoxon_circular_connectogram_negative_20250315_213736.png
2025-03-15 21:37:38,687 - INFO - Progress: 9/9 folders completed
2025-03-15 21:37:38,688 - INFO - 
=== Processing Summary ===
2025-03-15 21:37:38,688 - INFO - Folders processed: 9
2025-03-15 21:37:38,688 - INFO - Visualizations created: 18
2025-03-15 21:37:38,688 - INFO - Errors encountered: 0
2025-03-15 21:37:38,688 - INFO - Process completed at: 2025-03-15 21:37:38
