2025-03-15 14:16:35,040 - INFO - Starting MEG Visualization V1
2025-03-15 14:16:50,603 - INFO - Selected dataset: DataSet5_Align_cue_626_to_938_unc
2025-03-15 14:16:50,604 - INFO - Selected analysis type: Wilcoxon
2025-03-15 14:16:50,604 - INFO - Selected analysis folder: Wilcoxon_03102025-1305
2025-03-15 14:16:50,604 - INFO - Selected visualization type: circular
2025-03-15 14:16:50,604 - INFO - Connection display mode: separate
2025-03-15 14:16:50,604 - INFO - Processing all folders in Wilcoxon_03102025-1305...
2025-03-15 14:16:50,605 - INFO - Found 9 folders to process
2025-03-15 14:16:50,605 - INFO - Processing folder 1/9: Cue_gDTF_100Hz
2025-03-15 14:16:50,605 - INFO - Reading connectivity matrix from gDTF_100Hz_L-R_wilcoxon.csv
2025-03-15 14:16:51,501 - INFO - Created circular connectogram: Data\DataSet5_Align_cue_626_to_938_unc\Wilcoxon_03102025-1305\Cue_gDTF_100Hz\gDTF_100Hz_L-R_wilcoxon_circular_connectogram_positive_20250315_141650.png
2025-03-15 14:16:52,316 - INFO - Created circular connectogram: Data\DataSet5_Align_cue_626_to_938_unc\Wilcoxon_03102025-1305\Cue_gDTF_100Hz\gDTF_100Hz_L-R_wilcoxon_circular_connectogram_negative_20250315_141650.png
2025-03-15 14:16:52,316 - INFO - Progress: 1/9 folders completed
2025-03-15 14:16:52,316 - INFO - Processing folder 2/9: Cue_gDTF_10Hz
2025-03-15 14:16:52,317 - INFO - Reading connectivity matrix from gDTF_10Hz_L-R_wilcoxon.csv
2025-03-15 14:16:53,207 - INFO - Created circular connectogram: Data\DataSet5_Align_cue_626_to_938_unc\Wilcoxon_03102025-1305\Cue_gDTF_10Hz\gDTF_10Hz_L-R_wilcoxon_circular_connectogram_positive_20250315_141652.png
2025-03-15 14:16:54,051 - INFO - Created circular connectogram: Data\DataSet5_Align_cue_626_to_938_unc\Wilcoxon_03102025-1305\Cue_gDTF_10Hz\gDTF_10Hz_L-R_wilcoxon_circular_connectogram_negative_20250315_141652.png
2025-03-15 14:16:54,051 - INFO - Progress: 2/9 folders completed
2025-03-15 14:16:54,051 - INFO - Processing folder 3/9: Cue_gDTF_20Hz
2025-03-15 14:16:54,051 - INFO - Reading connectivity matrix from gDTF_20Hz_L-R_wilcoxon.csv
2025-03-15 14:16:54,915 - INFO - Created circular connectogram: Data\DataSet5_Align_cue_626_to_938_unc\Wilcoxon_03102025-1305\Cue_gDTF_20Hz\gDTF_20Hz_L-R_wilcoxon_circular_connectogram_positive_20250315_141654.png
2025-03-15 14:16:55,804 - INFO - Created circular connectogram: Data\DataSet5_Align_cue_626_to_938_unc\Wilcoxon_03102025-1305\Cue_gDTF_20Hz\gDTF_20Hz_L-R_wilcoxon_circular_connectogram_negative_20250315_141654.png
2025-03-15 14:16:55,804 - INFO - Progress: 3/9 folders completed
2025-03-15 14:16:55,804 - INFO - Processing folder 4/9: Cue_gPDC_100Hz
2025-03-15 14:16:55,805 - INFO - Reading connectivity matrix from gPDC_100Hz_L-R_wilcoxon.csv
2025-03-15 14:16:56,671 - INFO - Created circular connectogram: Data\DataSet5_Align_cue_626_to_938_unc\Wilcoxon_03102025-1305\Cue_gPDC_100Hz\gPDC_100Hz_L-R_wilcoxon_circular_connectogram_positive_20250315_141655.png
2025-03-15 14:16:57,502 - INFO - Created circular connectogram: Data\DataSet5_Align_cue_626_to_938_unc\Wilcoxon_03102025-1305\Cue_gPDC_100Hz\gPDC_100Hz_L-R_wilcoxon_circular_connectogram_negative_20250315_141655.png
2025-03-15 14:16:57,502 - INFO - Progress: 4/9 folders completed
2025-03-15 14:16:57,502 - INFO - Processing folder 5/9: Cue_gPDC_10Hz
2025-03-15 14:16:57,502 - INFO - Reading connectivity matrix from gPDC_10Hz_L-R_wilcoxon.csv
2025-03-15 14:16:58,358 - INFO - Created circular connectogram: Data\DataSet5_Align_cue_626_to_938_unc\Wilcoxon_03102025-1305\Cue_gPDC_10Hz\gPDC_10Hz_L-R_wilcoxon_circular_connectogram_positive_20250315_141657.png
2025-03-15 14:16:59,185 - INFO - Created circular connectogram: Data\DataSet5_Align_cue_626_to_938_unc\Wilcoxon_03102025-1305\Cue_gPDC_10Hz\gPDC_10Hz_L-R_wilcoxon_circular_connectogram_negative_20250315_141657.png
2025-03-15 14:16:59,186 - INFO - Progress: 5/9 folders completed
2025-03-15 14:16:59,186 - INFO - Processing folder 6/9: Cue_gPDC_20Hz
2025-03-15 14:16:59,186 - INFO - Reading connectivity matrix from gPDC_20Hz_L-R_wilcoxon.csv
2025-03-15 14:17:00,041 - INFO - Created circular connectogram: Data\DataSet5_Align_cue_626_to_938_unc\Wilcoxon_03102025-1305\Cue_gPDC_20Hz\gPDC_20Hz_L-R_wilcoxon_circular_connectogram_positive_20250315_141659.png
2025-03-15 14:17:00,991 - INFO - Created circular connectogram: Data\DataSet5_Align_cue_626_to_938_unc\Wilcoxon_03102025-1305\Cue_gPDC_20Hz\gPDC_20Hz_L-R_wilcoxon_circular_connectogram_negative_20250315_141659.png
2025-03-15 14:17:00,993 - INFO - Progress: 6/9 folders completed
2025-03-15 14:17:00,993 - INFO - Processing folder 7/9: Cue_iPDC_100Hz
2025-03-15 14:17:00,993 - INFO - Reading connectivity matrix from iPDC_100Hz_L-R_wilcoxon.csv
2025-03-15 14:17:01,825 - INFO - Created circular connectogram: Data\DataSet5_Align_cue_626_to_938_unc\Wilcoxon_03102025-1305\Cue_iPDC_100Hz\iPDC_100Hz_L-R_wilcoxon_circular_connectogram_positive_20250315_141700.png
2025-03-15 14:17:02,654 - INFO - Created circular connectogram: Data\DataSet5_Align_cue_626_to_938_unc\Wilcoxon_03102025-1305\Cue_iPDC_100Hz\iPDC_100Hz_L-R_wilcoxon_circular_connectogram_negative_20250315_141700.png
2025-03-15 14:17:02,654 - INFO - Progress: 7/9 folders completed
2025-03-15 14:17:02,654 - INFO - Processing folder 8/9: Cue_iPDC_10Hz
2025-03-15 14:17:02,655 - INFO - Reading connectivity matrix from iPDC_10Hz_L-R_wilcoxon.csv
2025-03-15 14:17:03,538 - INFO - Created circular connectogram: Data\DataSet5_Align_cue_626_to_938_unc\Wilcoxon_03102025-1305\Cue_iPDC_10Hz\iPDC_10Hz_L-R_wilcoxon_circular_connectogram_positive_20250315_141702.png
2025-03-15 14:17:04,360 - INFO - Created circular connectogram: Data\DataSet5_Align_cue_626_to_938_unc\Wilcoxon_03102025-1305\Cue_iPDC_10Hz\iPDC_10Hz_L-R_wilcoxon_circular_connectogram_negative_20250315_141702.png
2025-03-15 14:17:04,360 - INFO - Progress: 8/9 folders completed
2025-03-15 14:17:04,361 - INFO - Processing folder 9/9: Cue_iPDC_20Hz
2025-03-15 14:17:04,361 - INFO - Reading connectivity matrix from iPDC_20Hz_L-R_wilcoxon.csv
2025-03-15 14:17:05,209 - INFO - Created circular connectogram: Data\DataSet5_Align_cue_626_to_938_unc\Wilcoxon_03102025-1305\Cue_iPDC_20Hz\iPDC_20Hz_L-R_wilcoxon_circular_connectogram_positive_20250315_141704.png
2025-03-15 14:17:06,148 - INFO - Created circular connectogram: Data\DataSet5_Align_cue_626_to_938_unc\Wilcoxon_03102025-1305\Cue_iPDC_20Hz\iPDC_20Hz_L-R_wilcoxon_circular_connectogram_negative_20250315_141704.png
2025-03-15 14:17:06,149 - INFO - Progress: 9/9 folders completed
2025-03-15 14:17:06,149 - INFO - 
=== Processing Summary ===
2025-03-15 14:17:06,149 - INFO - Folders processed: 9
2025-03-15 14:17:06,149 - INFO - Visualizations created: 18
2025-03-15 14:17:06,149 - INFO - Errors encountered: 0
2025-03-15 14:17:06,150 - INFO - Process completed at: 2025-03-15 14:17:06
