2025-03-15 14:23:48,664 - INFO - Starting MEG Visualization V1
2025-03-15 14:24:08,111 - INFO - Selected dataset: DataSet5_Align_cue_626_to_938_unc
2025-03-15 14:24:08,111 - INFO - Selected analysis type: Wilcoxon
2025-03-15 14:24:08,111 - INFO - Selected analysis folder: Wilcoxon_03102025-1305
2025-03-15 14:24:08,111 - INFO - Selected visualization type: circular
2025-03-15 14:24:08,112 - INFO - Connection display mode: separate
2025-03-15 14:24:08,112 - INFO - Processing all folders in Wilcoxon_03102025-1305...
2025-03-15 14:24:08,112 - INFO - Found 9 folders to process
2025-03-15 14:24:08,113 - INFO - Processing folder 1/9: Cue_gDTF_100Hz
2025-03-15 14:24:08,114 - INFO - Reading connectivity matrix from gDTF_100Hz_L-R_wilcoxon.csv
2025-03-15 14:24:09,006 - INFO - Created circular connectogram: Data\DataSet5_Align_cue_626_to_938_unc\Wilcoxon_03102025-1305\Cue_gDTF_100Hz\gDTF_100Hz_L-R_wilcoxon_circular_connectogram_positive_20250315_142408.png
2025-03-15 14:24:09,815 - INFO - Created circular connectogram: Data\DataSet5_Align_cue_626_to_938_unc\Wilcoxon_03102025-1305\Cue_gDTF_100Hz\gDTF_100Hz_L-R_wilcoxon_circular_connectogram_negative_20250315_142408.png
2025-03-15 14:24:09,815 - INFO - Progress: 1/9 folders completed
2025-03-15 14:24:09,815 - INFO - Processing folder 2/9: Cue_gDTF_10Hz
2025-03-15 14:24:09,816 - INFO - Reading connectivity matrix from gDTF_10Hz_L-R_wilcoxon.csv
2025-03-15 14:24:10,707 - INFO - Created circular connectogram: Data\DataSet5_Align_cue_626_to_938_unc\Wilcoxon_03102025-1305\Cue_gDTF_10Hz\gDTF_10Hz_L-R_wilcoxon_circular_connectogram_positive_20250315_142409.png
2025-03-15 14:24:11,540 - INFO - Created circular connectogram: Data\DataSet5_Align_cue_626_to_938_unc\Wilcoxon_03102025-1305\Cue_gDTF_10Hz\gDTF_10Hz_L-R_wilcoxon_circular_connectogram_negative_20250315_142409.png
2025-03-15 14:24:11,541 - INFO - Progress: 2/9 folders completed
2025-03-15 14:24:11,541 - INFO - Processing folder 3/9: Cue_gDTF_20Hz
2025-03-15 14:24:11,541 - INFO - Reading connectivity matrix from gDTF_20Hz_L-R_wilcoxon.csv
2025-03-15 14:24:12,426 - INFO - Created circular connectogram: Data\DataSet5_Align_cue_626_to_938_unc\Wilcoxon_03102025-1305\Cue_gDTF_20Hz\gDTF_20Hz_L-R_wilcoxon_circular_connectogram_positive_20250315_142411.png
2025-03-15 14:24:13,307 - INFO - Created circular connectogram: Data\DataSet5_Align_cue_626_to_938_unc\Wilcoxon_03102025-1305\Cue_gDTF_20Hz\gDTF_20Hz_L-R_wilcoxon_circular_connectogram_negative_20250315_142411.png
2025-03-15 14:24:13,307 - INFO - Progress: 3/9 folders completed
2025-03-15 14:24:13,308 - INFO - Processing folder 4/9: Cue_gPDC_100Hz
2025-03-15 14:24:13,308 - INFO - Reading connectivity matrix from gPDC_100Hz_L-R_wilcoxon.csv
2025-03-15 14:24:14,174 - INFO - Created circular connectogram: Data\DataSet5_Align_cue_626_to_938_unc\Wilcoxon_03102025-1305\Cue_gPDC_100Hz\gPDC_100Hz_L-R_wilcoxon_circular_connectogram_positive_20250315_142413.png
2025-03-15 14:24:15,003 - INFO - Created circular connectogram: Data\DataSet5_Align_cue_626_to_938_unc\Wilcoxon_03102025-1305\Cue_gPDC_100Hz\gPDC_100Hz_L-R_wilcoxon_circular_connectogram_negative_20250315_142413.png
2025-03-15 14:24:15,003 - INFO - Progress: 4/9 folders completed
2025-03-15 14:24:15,003 - INFO - Processing folder 5/9: Cue_gPDC_10Hz
2025-03-15 14:24:15,004 - INFO - Reading connectivity matrix from gPDC_10Hz_L-R_wilcoxon.csv
2025-03-15 14:24:15,856 - INFO - Created circular connectogram: Data\DataSet5_Align_cue_626_to_938_unc\Wilcoxon_03102025-1305\Cue_gPDC_10Hz\gPDC_10Hz_L-R_wilcoxon_circular_connectogram_positive_20250315_142415.png
2025-03-15 14:24:16,688 - INFO - Created circular connectogram: Data\DataSet5_Align_cue_626_to_938_unc\Wilcoxon_03102025-1305\Cue_gPDC_10Hz\gPDC_10Hz_L-R_wilcoxon_circular_connectogram_negative_20250315_142415.png
2025-03-15 14:24:16,688 - INFO - Progress: 5/9 folders completed
2025-03-15 14:24:16,688 - INFO - Processing folder 6/9: Cue_gPDC_20Hz
2025-03-15 14:24:16,689 - INFO - Reading connectivity matrix from gPDC_20Hz_L-R_wilcoxon.csv
2025-03-15 14:24:17,550 - INFO - Created circular connectogram: Data\DataSet5_Align_cue_626_to_938_unc\Wilcoxon_03102025-1305\Cue_gPDC_20Hz\gPDC_20Hz_L-R_wilcoxon_circular_connectogram_positive_20250315_142416.png
2025-03-15 14:24:18,524 - INFO - Created circular connectogram: Data\DataSet5_Align_cue_626_to_938_unc\Wilcoxon_03102025-1305\Cue_gPDC_20Hz\gPDC_20Hz_L-R_wilcoxon_circular_connectogram_negative_20250315_142416.png
2025-03-15 14:24:18,524 - INFO - Progress: 6/9 folders completed
2025-03-15 14:24:18,525 - INFO - Processing folder 7/9: Cue_iPDC_100Hz
2025-03-15 14:24:18,525 - INFO - Reading connectivity matrix from iPDC_100Hz_L-R_wilcoxon.csv
2025-03-15 14:24:19,378 - INFO - Created circular connectogram: Data\DataSet5_Align_cue_626_to_938_unc\Wilcoxon_03102025-1305\Cue_iPDC_100Hz\iPDC_100Hz_L-R_wilcoxon_circular_connectogram_positive_20250315_142418.png
2025-03-15 14:24:20,235 - INFO - Created circular connectogram: Data\DataSet5_Align_cue_626_to_938_unc\Wilcoxon_03102025-1305\Cue_iPDC_100Hz\iPDC_100Hz_L-R_wilcoxon_circular_connectogram_negative_20250315_142418.png
2025-03-15 14:24:20,235 - INFO - Progress: 7/9 folders completed
2025-03-15 14:24:20,235 - INFO - Processing folder 8/9: Cue_iPDC_10Hz
2025-03-15 14:24:20,236 - INFO - Reading connectivity matrix from iPDC_10Hz_L-R_wilcoxon.csv
2025-03-15 14:24:21,124 - INFO - Created circular connectogram: Data\DataSet5_Align_cue_626_to_938_unc\Wilcoxon_03102025-1305\Cue_iPDC_10Hz\iPDC_10Hz_L-R_wilcoxon_circular_connectogram_positive_20250315_142420.png
2025-03-15 14:24:21,951 - INFO - Created circular connectogram: Data\DataSet5_Align_cue_626_to_938_unc\Wilcoxon_03102025-1305\Cue_iPDC_10Hz\iPDC_10Hz_L-R_wilcoxon_circular_connectogram_negative_20250315_142420.png
2025-03-15 14:24:21,951 - INFO - Progress: 8/9 folders completed
2025-03-15 14:24:21,951 - INFO - Processing folder 9/9: Cue_iPDC_20Hz
2025-03-15 14:24:21,951 - INFO - Reading connectivity matrix from iPDC_20Hz_L-R_wilcoxon.csv
2025-03-15 14:24:22,808 - INFO - Created circular connectogram: Data\DataSet5_Align_cue_626_to_938_unc\Wilcoxon_03102025-1305\Cue_iPDC_20Hz\iPDC_20Hz_L-R_wilcoxon_circular_connectogram_positive_20250315_142421.png
2025-03-15 14:24:23,735 - INFO - Created circular connectogram: Data\DataSet5_Align_cue_626_to_938_unc\Wilcoxon_03102025-1305\Cue_iPDC_20Hz\iPDC_20Hz_L-R_wilcoxon_circular_connectogram_negative_20250315_142421.png
2025-03-15 14:24:23,735 - INFO - Progress: 9/9 folders completed
2025-03-15 14:24:23,735 - INFO - 
=== Processing Summary ===
2025-03-15 14:24:23,735 - INFO - Folders processed: 9
2025-03-15 14:24:23,735 - INFO - Visualizations created: 18
2025-03-15 14:24:23,736 - INFO - Errors encountered: 0
2025-03-15 14:24:23,736 - INFO - Process completed at: 2025-03-15 14:24:23
