2025-03-15 19:09:31,654 - INFO - Starting MEG Visualization V1
2025-03-15 19:09:53,266 - INFO - Selected dataset: DataSet5_Align_cue_626_to_938_unc
2025-03-15 19:09:53,267 - INFO - Selected analysis type: Wilcoxon
2025-03-15 19:09:53,267 - INFO - Selected analysis folder: Wilcoxon_03102025-1305
2025-03-15 19:09:53,267 - INFO - Selected visualization type: circular
2025-03-15 19:09:53,267 - INFO - Connection display mode: separate
2025-03-15 19:09:53,267 - INFO - Processing all folders in Wilcoxon_03102025-1305...
2025-03-15 19:09:53,268 - INFO - Found 9 folders to process
2025-03-15 19:09:53,268 - INFO - Processing folder 1/9: Cue_gDTF_100Hz
2025-03-15 19:09:53,269 - INFO - Reading connectivity matrix from gDTF_100Hz_L-R_wilcoxon.csv
2025-03-15 19:09:53,273 - INFO - Created connectivity report: Data\DataSet5_Align_cue_626_to_938_unc\Wilcoxon_03102025-1305\Cue_gDTF_100Hz\gDTF_100Hz_L-R_wilcoxon_connectivity_report.txt
2025-03-15 19:09:54,138 - INFO - Created circular connectogram: Data\DataSet5_Align_cue_626_to_938_unc\Wilcoxon_03102025-1305\Cue_gDTF_100Hz\gDTF_100Hz_L-R_wilcoxon_circular_connectogram_positive_20250315_190953.png
2025-03-15 19:09:54,884 - INFO - Created circular connectogram: Data\DataSet5_Align_cue_626_to_938_unc\Wilcoxon_03102025-1305\Cue_gDTF_100Hz\gDTF_100Hz_L-R_wilcoxon_circular_connectogram_negative_20250315_190953.png
2025-03-15 19:09:54,885 - INFO - Progress: 1/9 folders completed
2025-03-15 19:09:54,885 - INFO - Processing folder 2/9: Cue_gDTF_10Hz
2025-03-15 19:09:54,885 - INFO - Reading connectivity matrix from gDTF_10Hz_L-R_wilcoxon.csv
2025-03-15 19:09:54,888 - INFO - Created connectivity report: Data\DataSet5_Align_cue_626_to_938_unc\Wilcoxon_03102025-1305\Cue_gDTF_10Hz\gDTF_10Hz_L-R_wilcoxon_connectivity_report.txt
2025-03-15 19:09:55,777 - INFO - Created circular connectogram: Data\DataSet5_Align_cue_626_to_938_unc\Wilcoxon_03102025-1305\Cue_gDTF_10Hz\gDTF_10Hz_L-R_wilcoxon_circular_connectogram_positive_20250315_190954.png
2025-03-15 19:09:56,633 - INFO - Created circular connectogram: Data\DataSet5_Align_cue_626_to_938_unc\Wilcoxon_03102025-1305\Cue_gDTF_10Hz\gDTF_10Hz_L-R_wilcoxon_circular_connectogram_negative_20250315_190954.png
2025-03-15 19:09:56,633 - INFO - Progress: 2/9 folders completed
2025-03-15 19:09:56,633 - INFO - Processing folder 3/9: Cue_gDTF_20Hz
2025-03-15 19:09:56,634 - INFO - Reading connectivity matrix from gDTF_20Hz_L-R_wilcoxon.csv
2025-03-15 19:09:56,636 - INFO - Created connectivity report: Data\DataSet5_Align_cue_626_to_938_unc\Wilcoxon_03102025-1305\Cue_gDTF_20Hz\gDTF_20Hz_L-R_wilcoxon_connectivity_report.txt
2025-03-15 19:09:57,525 - INFO - Created circular connectogram: Data\DataSet5_Align_cue_626_to_938_unc\Wilcoxon_03102025-1305\Cue_gDTF_20Hz\gDTF_20Hz_L-R_wilcoxon_circular_connectogram_positive_20250315_190956.png
2025-03-15 19:09:58,309 - INFO - Created circular connectogram: Data\DataSet5_Align_cue_626_to_938_unc\Wilcoxon_03102025-1305\Cue_gDTF_20Hz\gDTF_20Hz_L-R_wilcoxon_circular_connectogram_negative_20250315_190956.png
2025-03-15 19:09:58,309 - INFO - Progress: 3/9 folders completed
2025-03-15 19:09:58,309 - INFO - Processing folder 4/9: Cue_gPDC_100Hz
2025-03-15 19:09:58,310 - INFO - Reading connectivity matrix from gPDC_100Hz_L-R_wilcoxon.csv
2025-03-15 19:09:58,312 - INFO - Created connectivity report: Data\DataSet5_Align_cue_626_to_938_unc\Wilcoxon_03102025-1305\Cue_gPDC_100Hz\gPDC_100Hz_L-R_wilcoxon_connectivity_report.txt
2025-03-15 19:09:59,184 - INFO - Created circular connectogram: Data\DataSet5_Align_cue_626_to_938_unc\Wilcoxon_03102025-1305\Cue_gPDC_100Hz\gPDC_100Hz_L-R_wilcoxon_circular_connectogram_positive_20250315_190958.png
2025-03-15 19:10:00,045 - INFO - Created circular connectogram: Data\DataSet5_Align_cue_626_to_938_unc\Wilcoxon_03102025-1305\Cue_gPDC_100Hz\gPDC_100Hz_L-R_wilcoxon_circular_connectogram_negative_20250315_190958.png
2025-03-15 19:10:00,045 - INFO - Progress: 4/9 folders completed
2025-03-15 19:10:00,045 - INFO - Processing folder 5/9: Cue_gPDC_10Hz
2025-03-15 19:10:00,046 - INFO - Reading connectivity matrix from gPDC_10Hz_L-R_wilcoxon.csv
2025-03-15 19:10:00,048 - INFO - Created connectivity report: Data\DataSet5_Align_cue_626_to_938_unc\Wilcoxon_03102025-1305\Cue_gPDC_10Hz\gPDC_10Hz_L-R_wilcoxon_connectivity_report.txt
2025-03-15 19:10:00,912 - INFO - Created circular connectogram: Data\DataSet5_Align_cue_626_to_938_unc\Wilcoxon_03102025-1305\Cue_gPDC_10Hz\gPDC_10Hz_L-R_wilcoxon_circular_connectogram_positive_20250315_191000.png
2025-03-15 19:10:01,806 - INFO - Created circular connectogram: Data\DataSet5_Align_cue_626_to_938_unc\Wilcoxon_03102025-1305\Cue_gPDC_10Hz\gPDC_10Hz_L-R_wilcoxon_circular_connectogram_negative_20250315_191000.png
2025-03-15 19:10:01,807 - INFO - Progress: 5/9 folders completed
2025-03-15 19:10:01,807 - INFO - Processing folder 6/9: Cue_gPDC_20Hz
2025-03-15 19:10:01,808 - INFO - Reading connectivity matrix from gPDC_20Hz_L-R_wilcoxon.csv
2025-03-15 19:10:01,810 - INFO - Created connectivity report: Data\DataSet5_Align_cue_626_to_938_unc\Wilcoxon_03102025-1305\Cue_gPDC_20Hz\gPDC_20Hz_L-R_wilcoxon_connectivity_report.txt
2025-03-15 19:10:02,649 - INFO - Created circular connectogram: Data\DataSet5_Align_cue_626_to_938_unc\Wilcoxon_03102025-1305\Cue_gPDC_20Hz\gPDC_20Hz_L-R_wilcoxon_circular_connectogram_positive_20250315_191001.png
2025-03-15 19:10:03,483 - INFO - Created circular connectogram: Data\DataSet5_Align_cue_626_to_938_unc\Wilcoxon_03102025-1305\Cue_gPDC_20Hz\gPDC_20Hz_L-R_wilcoxon_circular_connectogram_negative_20250315_191001.png
2025-03-15 19:10:03,483 - INFO - Progress: 6/9 folders completed
2025-03-15 19:10:03,483 - INFO - Processing folder 7/9: Cue_iPDC_100Hz
2025-03-15 19:10:03,484 - INFO - Reading connectivity matrix from iPDC_100Hz_L-R_wilcoxon.csv
2025-03-15 19:10:03,486 - INFO - Created connectivity report: Data\DataSet5_Align_cue_626_to_938_unc\Wilcoxon_03102025-1305\Cue_iPDC_100Hz\iPDC_100Hz_L-R_wilcoxon_connectivity_report.txt
2025-03-15 19:10:04,307 - INFO - Created circular connectogram: Data\DataSet5_Align_cue_626_to_938_unc\Wilcoxon_03102025-1305\Cue_iPDC_100Hz\iPDC_100Hz_L-R_wilcoxon_circular_connectogram_positive_20250315_191003.png
2025-03-15 19:10:05,193 - INFO - Created circular connectogram: Data\DataSet5_Align_cue_626_to_938_unc\Wilcoxon_03102025-1305\Cue_iPDC_100Hz\iPDC_100Hz_L-R_wilcoxon_circular_connectogram_negative_20250315_191003.png
2025-03-15 19:10:05,193 - INFO - Progress: 7/9 folders completed
2025-03-15 19:10:05,194 - INFO - Processing folder 8/9: Cue_iPDC_10Hz
2025-03-15 19:10:05,194 - INFO - Reading connectivity matrix from iPDC_10Hz_L-R_wilcoxon.csv
2025-03-15 19:10:05,197 - INFO - Created connectivity report: Data\DataSet5_Align_cue_626_to_938_unc\Wilcoxon_03102025-1305\Cue_iPDC_10Hz\iPDC_10Hz_L-R_wilcoxon_connectivity_report.txt
2025-03-15 19:10:06,104 - INFO - Created circular connectogram: Data\DataSet5_Align_cue_626_to_938_unc\Wilcoxon_03102025-1305\Cue_iPDC_10Hz\iPDC_10Hz_L-R_wilcoxon_circular_connectogram_positive_20250315_191005.png
2025-03-15 19:10:06,967 - INFO - Created circular connectogram: Data\DataSet5_Align_cue_626_to_938_unc\Wilcoxon_03102025-1305\Cue_iPDC_10Hz\iPDC_10Hz_L-R_wilcoxon_circular_connectogram_negative_20250315_191005.png
2025-03-15 19:10:06,968 - INFO - Progress: 8/9 folders completed
2025-03-15 19:10:06,968 - INFO - Processing folder 9/9: Cue_iPDC_20Hz
2025-03-15 19:10:06,969 - INFO - Reading connectivity matrix from iPDC_20Hz_L-R_wilcoxon.csv
2025-03-15 19:10:06,971 - INFO - Created connectivity report: Data\DataSet5_Align_cue_626_to_938_unc\Wilcoxon_03102025-1305\Cue_iPDC_20Hz\iPDC_20Hz_L-R_wilcoxon_connectivity_report.txt
2025-03-15 19:10:07,879 - INFO - Created circular connectogram: Data\DataSet5_Align_cue_626_to_938_unc\Wilcoxon_03102025-1305\Cue_iPDC_20Hz\iPDC_20Hz_L-R_wilcoxon_circular_connectogram_positive_20250315_191006.png
2025-03-15 19:10:08,734 - INFO - Created circular connectogram: Data\DataSet5_Align_cue_626_to_938_unc\Wilcoxon_03102025-1305\Cue_iPDC_20Hz\iPDC_20Hz_L-R_wilcoxon_circular_connectogram_negative_20250315_191006.png
2025-03-15 19:10:08,735 - INFO - Progress: 9/9 folders completed
2025-03-15 19:10:08,735 - INFO - 
=== Processing Summary ===
2025-03-15 19:10:08,735 - INFO - Folders processed: 9
2025-03-15 19:10:08,735 - INFO - Visualizations created: 18
2025-03-15 19:10:08,735 - INFO - Errors encountered: 0
2025-03-15 19:10:08,736 - INFO - Process completed at: 2025-03-15 19:10:08
