2025-03-15 19:15:35,095 - INFO - Starting MEG Visualization V1
2025-03-15 19:15:59,695 - INFO - Selected dataset: DataSet5_Align_cue_626_to_938_unc
2025-03-15 19:15:59,695 - INFO - Selected analysis type: Wilcoxon
2025-03-15 19:15:59,695 - INFO - Selected analysis folder: Wilcoxon_03102025-1305
2025-03-15 19:15:59,696 - INFO - Selected visualization type: circular
2025-03-15 19:15:59,696 - INFO - Connection display mode: separate
2025-03-15 19:15:59,696 - INFO - Processing all folders in Wilcoxon_03102025-1305...
2025-03-15 19:15:59,697 - INFO - Found 9 folders to process
2025-03-15 19:15:59,697 - INFO - Processing folder 1/9: Cue_gDTF_100Hz
2025-03-15 19:15:59,697 - INFO - Reading connectivity matrix from gDTF_100Hz_L-R_wilcoxon.csv
2025-03-15 19:15:59,701 - INFO - Created connectivity report: Data\DataSet5_Align_cue_626_to_938_unc\Wilcoxon_03102025-1305\Cue_gDTF_100Hz\gDTF_100Hz_L-R_wilcoxon_connectivity_report.txt
2025-03-15 19:16:00,495 - INFO - Created circular connectogram: Data\DataSet5_Align_cue_626_to_938_unc\Wilcoxon_03102025-1305\Cue_gDTF_100Hz\gDTF_100Hz_L-R_wilcoxon_circular_connectogram_positive_20250315_191559.png
2025-03-15 19:16:01,196 - INFO - Created circular connectogram: Data\DataSet5_Align_cue_626_to_938_unc\Wilcoxon_03102025-1305\Cue_gDTF_100Hz\gDTF_100Hz_L-R_wilcoxon_circular_connectogram_negative_20250315_191559.png
2025-03-15 19:16:01,196 - INFO - Progress: 1/9 folders completed
2025-03-15 19:16:01,196 - INFO - Processing folder 2/9: Cue_gDTF_10Hz
2025-03-15 19:16:01,197 - INFO - Reading connectivity matrix from gDTF_10Hz_L-R_wilcoxon.csv
2025-03-15 19:16:01,199 - INFO - Created connectivity report: Data\DataSet5_Align_cue_626_to_938_unc\Wilcoxon_03102025-1305\Cue_gDTF_10Hz\gDTF_10Hz_L-R_wilcoxon_connectivity_report.txt
2025-03-15 19:16:01,964 - INFO - Created circular connectogram: Data\DataSet5_Align_cue_626_to_938_unc\Wilcoxon_03102025-1305\Cue_gDTF_10Hz\gDTF_10Hz_L-R_wilcoxon_circular_connectogram_positive_20250315_191601.png
2025-03-15 19:16:02,697 - INFO - Created circular connectogram: Data\DataSet5_Align_cue_626_to_938_unc\Wilcoxon_03102025-1305\Cue_gDTF_10Hz\gDTF_10Hz_L-R_wilcoxon_circular_connectogram_negative_20250315_191601.png
2025-03-15 19:16:02,698 - INFO - Progress: 2/9 folders completed
2025-03-15 19:16:02,698 - INFO - Processing folder 3/9: Cue_gDTF_20Hz
2025-03-15 19:16:02,699 - INFO - Reading connectivity matrix from gDTF_20Hz_L-R_wilcoxon.csv
2025-03-15 19:16:02,701 - INFO - Created connectivity report: Data\DataSet5_Align_cue_626_to_938_unc\Wilcoxon_03102025-1305\Cue_gDTF_20Hz\gDTF_20Hz_L-R_wilcoxon_connectivity_report.txt
2025-03-15 19:16:03,456 - INFO - Created circular connectogram: Data\DataSet5_Align_cue_626_to_938_unc\Wilcoxon_03102025-1305\Cue_gDTF_20Hz\gDTF_20Hz_L-R_wilcoxon_circular_connectogram_positive_20250315_191602.png
2025-03-15 19:16:04,175 - INFO - Created circular connectogram: Data\DataSet5_Align_cue_626_to_938_unc\Wilcoxon_03102025-1305\Cue_gDTF_20Hz\gDTF_20Hz_L-R_wilcoxon_circular_connectogram_negative_20250315_191602.png
2025-03-15 19:16:04,176 - INFO - Progress: 3/9 folders completed
2025-03-15 19:16:04,176 - INFO - Processing folder 4/9: Cue_gPDC_100Hz
2025-03-15 19:16:04,177 - INFO - Reading connectivity matrix from gPDC_100Hz_L-R_wilcoxon.csv
2025-03-15 19:16:04,179 - INFO - Created connectivity report: Data\DataSet5_Align_cue_626_to_938_unc\Wilcoxon_03102025-1305\Cue_gPDC_100Hz\gPDC_100Hz_L-R_wilcoxon_connectivity_report.txt
2025-03-15 19:16:05,016 - INFO - Created circular connectogram: Data\DataSet5_Align_cue_626_to_938_unc\Wilcoxon_03102025-1305\Cue_gPDC_100Hz\gPDC_100Hz_L-R_wilcoxon_circular_connectogram_positive_20250315_191604.png
2025-03-15 19:16:05,761 - INFO - Created circular connectogram: Data\DataSet5_Align_cue_626_to_938_unc\Wilcoxon_03102025-1305\Cue_gPDC_100Hz\gPDC_100Hz_L-R_wilcoxon_circular_connectogram_negative_20250315_191604.png
2025-03-15 19:16:05,761 - INFO - Progress: 4/9 folders completed
2025-03-15 19:16:05,761 - INFO - Processing folder 5/9: Cue_gPDC_10Hz
2025-03-15 19:16:05,762 - INFO - Reading connectivity matrix from gPDC_10Hz_L-R_wilcoxon.csv
2025-03-15 19:16:05,764 - INFO - Created connectivity report: Data\DataSet5_Align_cue_626_to_938_unc\Wilcoxon_03102025-1305\Cue_gPDC_10Hz\gPDC_10Hz_L-R_wilcoxon_connectivity_report.txt
2025-03-15 19:16:06,520 - INFO - Created circular connectogram: Data\DataSet5_Align_cue_626_to_938_unc\Wilcoxon_03102025-1305\Cue_gPDC_10Hz\gPDC_10Hz_L-R_wilcoxon_circular_connectogram_positive_20250315_191605.png
2025-03-15 19:16:07,345 - INFO - Created circular connectogram: Data\DataSet5_Align_cue_626_to_938_unc\Wilcoxon_03102025-1305\Cue_gPDC_10Hz\gPDC_10Hz_L-R_wilcoxon_circular_connectogram_negative_20250315_191605.png
2025-03-15 19:16:07,345 - INFO - Progress: 5/9 folders completed
2025-03-15 19:16:07,346 - INFO - Processing folder 6/9: Cue_gPDC_20Hz
2025-03-15 19:16:07,346 - INFO - Reading connectivity matrix from gPDC_20Hz_L-R_wilcoxon.csv
2025-03-15 19:16:07,348 - INFO - Created connectivity report: Data\DataSet5_Align_cue_626_to_938_unc\Wilcoxon_03102025-1305\Cue_gPDC_20Hz\gPDC_20Hz_L-R_wilcoxon_connectivity_report.txt
2025-03-15 19:16:08,101 - INFO - Created circular connectogram: Data\DataSet5_Align_cue_626_to_938_unc\Wilcoxon_03102025-1305\Cue_gPDC_20Hz\gPDC_20Hz_L-R_wilcoxon_circular_connectogram_positive_20250315_191607.png
2025-03-15 19:16:08,855 - INFO - Created circular connectogram: Data\DataSet5_Align_cue_626_to_938_unc\Wilcoxon_03102025-1305\Cue_gPDC_20Hz\gPDC_20Hz_L-R_wilcoxon_circular_connectogram_negative_20250315_191607.png
2025-03-15 19:16:08,855 - INFO - Progress: 6/9 folders completed
2025-03-15 19:16:08,855 - INFO - Processing folder 7/9: Cue_iPDC_100Hz
2025-03-15 19:16:08,856 - INFO - Reading connectivity matrix from iPDC_100Hz_L-R_wilcoxon.csv
2025-03-15 19:16:08,859 - INFO - Created connectivity report: Data\DataSet5_Align_cue_626_to_938_unc\Wilcoxon_03102025-1305\Cue_iPDC_100Hz\iPDC_100Hz_L-R_wilcoxon_connectivity_report.txt
2025-03-15 19:16:09,613 - INFO - Created circular connectogram: Data\DataSet5_Align_cue_626_to_938_unc\Wilcoxon_03102025-1305\Cue_iPDC_100Hz\iPDC_100Hz_L-R_wilcoxon_circular_connectogram_positive_20250315_191608.png
2025-03-15 19:16:10,372 - INFO - Created circular connectogram: Data\DataSet5_Align_cue_626_to_938_unc\Wilcoxon_03102025-1305\Cue_iPDC_100Hz\iPDC_100Hz_L-R_wilcoxon_circular_connectogram_negative_20250315_191608.png
2025-03-15 19:16:10,373 - INFO - Progress: 7/9 folders completed
2025-03-15 19:16:10,373 - INFO - Processing folder 8/9: Cue_iPDC_10Hz
2025-03-15 19:16:10,374 - INFO - Reading connectivity matrix from iPDC_10Hz_L-R_wilcoxon.csv
2025-03-15 19:16:10,376 - INFO - Created connectivity report: Data\DataSet5_Align_cue_626_to_938_unc\Wilcoxon_03102025-1305\Cue_iPDC_10Hz\iPDC_10Hz_L-R_wilcoxon_connectivity_report.txt
2025-03-15 19:16:11,164 - INFO - Created circular connectogram: Data\DataSet5_Align_cue_626_to_938_unc\Wilcoxon_03102025-1305\Cue_iPDC_10Hz\iPDC_10Hz_L-R_wilcoxon_circular_connectogram_positive_20250315_191610.png
2025-03-15 19:16:11,987 - INFO - Created circular connectogram: Data\DataSet5_Align_cue_626_to_938_unc\Wilcoxon_03102025-1305\Cue_iPDC_10Hz\iPDC_10Hz_L-R_wilcoxon_circular_connectogram_negative_20250315_191610.png
2025-03-15 19:16:11,988 - INFO - Progress: 8/9 folders completed
2025-03-15 19:16:11,988 - INFO - Processing folder 9/9: Cue_iPDC_20Hz
2025-03-15 19:16:11,989 - INFO - Reading connectivity matrix from iPDC_20Hz_L-R_wilcoxon.csv
2025-03-15 19:16:11,991 - INFO - Created connectivity report: Data\DataSet5_Align_cue_626_to_938_unc\Wilcoxon_03102025-1305\Cue_iPDC_20Hz\iPDC_20Hz_L-R_wilcoxon_connectivity_report.txt
2025-03-15 19:16:12,780 - INFO - Created circular connectogram: Data\DataSet5_Align_cue_626_to_938_unc\Wilcoxon_03102025-1305\Cue_iPDC_20Hz\iPDC_20Hz_L-R_wilcoxon_circular_connectogram_positive_20250315_191611.png
2025-03-15 19:16:13,558 - INFO - Created circular connectogram: Data\DataSet5_Align_cue_626_to_938_unc\Wilcoxon_03102025-1305\Cue_iPDC_20Hz\iPDC_20Hz_L-R_wilcoxon_circular_connectogram_negative_20250315_191611.png
2025-03-15 19:16:13,559 - INFO - Progress: 9/9 folders completed
2025-03-15 19:16:13,559 - INFO - 
=== Processing Summary ===
2025-03-15 19:16:13,559 - INFO - Folders processed: 9
2025-03-15 19:16:13,559 - INFO - Visualizations created: 18
2025-03-15 19:16:13,559 - INFO - Errors encountered: 0
2025-03-15 19:16:13,560 - INFO - Process completed at: 2025-03-15 19:16:13
