2025-03-15 19:56:46,064 - INFO - Starting MEG Visualization V1
2025-03-15 19:56:57,219 - INFO - Selected dataset: DataSet5_Align_cue_626_to_938_unc
2025-03-15 19:56:57,219 - INFO - Selected analysis type: Wilcoxon
2025-03-15 19:56:57,219 - INFO - Selected analysis folder: Wilcoxon_03102025-1305
2025-03-15 19:56:57,219 - INFO - Selected visualization type: circular
2025-03-15 19:56:57,219 - INFO - Connection display mode: separate
2025-03-15 19:56:57,220 - INFO - Processing all folders in Wilcoxon_03102025-1305...
2025-03-15 19:56:57,220 - INFO - Found 9 folders to process
2025-03-15 19:56:57,220 - INFO - Processing folder 1/9: Cue_gDTF_100Hz
2025-03-15 19:56:57,222 - INFO - Reading connectivity matrix from gDTF_100Hz_L-R_wilcoxon.csv
2025-03-15 19:56:57,225 - INFO - Created connectivity report: Data\DataSet5_Align_cue_626_to_938_unc\Wilcoxon_03102025-1305\Cue_gDTF_100Hz\gDTF_100Hz_L-R_wilcoxon_connectivity_report.txt
2025-03-15 19:56:58,169 - INFO - Created circular connectogram: Data\DataSet5_Align_cue_626_to_938_unc\Wilcoxon_03102025-1305\Cue_gDTF_100Hz\gDTF_100Hz_L-R_wilcoxon_circular_connectogram_positive_20250315_195657.png
2025-03-15 19:56:58,992 - INFO - Created circular connectogram: Data\DataSet5_Align_cue_626_to_938_unc\Wilcoxon_03102025-1305\Cue_gDTF_100Hz\gDTF_100Hz_L-R_wilcoxon_circular_connectogram_negative_20250315_195657.png
2025-03-15 19:56:58,992 - INFO - Progress: 1/9 folders completed
2025-03-15 19:56:58,992 - INFO - Processing folder 2/9: Cue_gDTF_10Hz
2025-03-15 19:56:58,993 - INFO - Reading connectivity matrix from gDTF_10Hz_L-R_wilcoxon.csv
2025-03-15 19:56:58,995 - INFO - Created connectivity report: Data\DataSet5_Align_cue_626_to_938_unc\Wilcoxon_03102025-1305\Cue_gDTF_10Hz\gDTF_10Hz_L-R_wilcoxon_connectivity_report.txt
2025-03-15 19:57:00,081 - INFO - Created circular connectogram: Data\DataSet5_Align_cue_626_to_938_unc\Wilcoxon_03102025-1305\Cue_gDTF_10Hz\gDTF_10Hz_L-R_wilcoxon_circular_connectogram_positive_20250315_195658.png
2025-03-15 19:57:01,080 - INFO - Created circular connectogram: Data\DataSet5_Align_cue_626_to_938_unc\Wilcoxon_03102025-1305\Cue_gDTF_10Hz\gDTF_10Hz_L-R_wilcoxon_circular_connectogram_negative_20250315_195658.png
2025-03-15 19:57:01,081 - INFO - Progress: 2/9 folders completed
2025-03-15 19:57:01,081 - INFO - Processing folder 3/9: Cue_gDTF_20Hz
2025-03-15 19:57:01,082 - INFO - Reading connectivity matrix from gDTF_20Hz_L-R_wilcoxon.csv
2025-03-15 19:57:01,084 - INFO - Created connectivity report: Data\DataSet5_Align_cue_626_to_938_unc\Wilcoxon_03102025-1305\Cue_gDTF_20Hz\gDTF_20Hz_L-R_wilcoxon_connectivity_report.txt
2025-03-15 19:57:01,998 - INFO - Created circular connectogram: Data\DataSet5_Align_cue_626_to_938_unc\Wilcoxon_03102025-1305\Cue_gDTF_20Hz\gDTF_20Hz_L-R_wilcoxon_circular_connectogram_positive_20250315_195701.png
2025-03-15 19:57:02,837 - INFO - Created circular connectogram: Data\DataSet5_Align_cue_626_to_938_unc\Wilcoxon_03102025-1305\Cue_gDTF_20Hz\gDTF_20Hz_L-R_wilcoxon_circular_connectogram_negative_20250315_195701.png
2025-03-15 19:57:02,837 - INFO - Progress: 3/9 folders completed
2025-03-15 19:57:02,837 - INFO - Processing folder 4/9: Cue_gPDC_100Hz
2025-03-15 19:57:02,838 - INFO - Reading connectivity matrix from gPDC_100Hz_L-R_wilcoxon.csv
2025-03-15 19:57:02,840 - INFO - Created connectivity report: Data\DataSet5_Align_cue_626_to_938_unc\Wilcoxon_03102025-1305\Cue_gPDC_100Hz\gPDC_100Hz_L-R_wilcoxon_connectivity_report.txt
2025-03-15 19:57:03,838 - INFO - Created circular connectogram: Data\DataSet5_Align_cue_626_to_938_unc\Wilcoxon_03102025-1305\Cue_gPDC_100Hz\gPDC_100Hz_L-R_wilcoxon_circular_connectogram_positive_20250315_195702.png
2025-03-15 19:57:04,730 - INFO - Created circular connectogram: Data\DataSet5_Align_cue_626_to_938_unc\Wilcoxon_03102025-1305\Cue_gPDC_100Hz\gPDC_100Hz_L-R_wilcoxon_circular_connectogram_negative_20250315_195702.png
2025-03-15 19:57:04,730 - INFO - Progress: 4/9 folders completed
2025-03-15 19:57:04,731 - INFO - Processing folder 5/9: Cue_gPDC_10Hz
2025-03-15 19:57:04,731 - INFO - Reading connectivity matrix from gPDC_10Hz_L-R_wilcoxon.csv
2025-03-15 19:57:04,734 - INFO - Created connectivity report: Data\DataSet5_Align_cue_626_to_938_unc\Wilcoxon_03102025-1305\Cue_gPDC_10Hz\gPDC_10Hz_L-R_wilcoxon_connectivity_report.txt
2025-03-15 19:57:05,695 - INFO - Created circular connectogram: Data\DataSet5_Align_cue_626_to_938_unc\Wilcoxon_03102025-1305\Cue_gPDC_10Hz\gPDC_10Hz_L-R_wilcoxon_circular_connectogram_positive_20250315_195704.png
2025-03-15 19:57:06,593 - INFO - Created circular connectogram: Data\DataSet5_Align_cue_626_to_938_unc\Wilcoxon_03102025-1305\Cue_gPDC_10Hz\gPDC_10Hz_L-R_wilcoxon_circular_connectogram_negative_20250315_195704.png
2025-03-15 19:57:06,593 - INFO - Progress: 5/9 folders completed
2025-03-15 19:57:06,593 - INFO - Processing folder 6/9: Cue_gPDC_20Hz
2025-03-15 19:57:06,594 - INFO - Reading connectivity matrix from gPDC_20Hz_L-R_wilcoxon.csv
2025-03-15 19:57:06,596 - INFO - Created connectivity report: Data\DataSet5_Align_cue_626_to_938_unc\Wilcoxon_03102025-1305\Cue_gPDC_20Hz\gPDC_20Hz_L-R_wilcoxon_connectivity_report.txt
2025-03-15 19:57:07,601 - INFO - Created circular connectogram: Data\DataSet5_Align_cue_626_to_938_unc\Wilcoxon_03102025-1305\Cue_gPDC_20Hz\gPDC_20Hz_L-R_wilcoxon_circular_connectogram_positive_20250315_195706.png
2025-03-15 19:57:08,687 - INFO - Created circular connectogram: Data\DataSet5_Align_cue_626_to_938_unc\Wilcoxon_03102025-1305\Cue_gPDC_20Hz\gPDC_20Hz_L-R_wilcoxon_circular_connectogram_negative_20250315_195706.png
2025-03-15 19:57:08,687 - INFO - Progress: 6/9 folders completed
2025-03-15 19:57:08,687 - INFO - Processing folder 7/9: Cue_iPDC_100Hz
2025-03-15 19:57:08,689 - INFO - Reading connectivity matrix from iPDC_100Hz_L-R_wilcoxon.csv
2025-03-15 19:57:08,691 - INFO - Created connectivity report: Data\DataSet5_Align_cue_626_to_938_unc\Wilcoxon_03102025-1305\Cue_iPDC_100Hz\iPDC_100Hz_L-R_wilcoxon_connectivity_report.txt
2025-03-15 19:57:09,670 - INFO - Created circular connectogram: Data\DataSet5_Align_cue_626_to_938_unc\Wilcoxon_03102025-1305\Cue_iPDC_100Hz\iPDC_100Hz_L-R_wilcoxon_circular_connectogram_positive_20250315_195708.png
2025-03-15 19:57:10,659 - INFO - Created circular connectogram: Data\DataSet5_Align_cue_626_to_938_unc\Wilcoxon_03102025-1305\Cue_iPDC_100Hz\iPDC_100Hz_L-R_wilcoxon_circular_connectogram_negative_20250315_195708.png
2025-03-15 19:57:10,660 - INFO - Progress: 7/9 folders completed
2025-03-15 19:57:10,660 - INFO - Processing folder 8/9: Cue_iPDC_10Hz
2025-03-15 19:57:10,661 - INFO - Reading connectivity matrix from iPDC_10Hz_L-R_wilcoxon.csv
2025-03-15 19:57:10,663 - INFO - Created connectivity report: Data\DataSet5_Align_cue_626_to_938_unc\Wilcoxon_03102025-1305\Cue_iPDC_10Hz\iPDC_10Hz_L-R_wilcoxon_connectivity_report.txt
2025-03-15 19:57:11,730 - INFO - Created circular connectogram: Data\DataSet5_Align_cue_626_to_938_unc\Wilcoxon_03102025-1305\Cue_iPDC_10Hz\iPDC_10Hz_L-R_wilcoxon_circular_connectogram_positive_20250315_195710.png
2025-03-15 19:57:12,619 - INFO - Created circular connectogram: Data\DataSet5_Align_cue_626_to_938_unc\Wilcoxon_03102025-1305\Cue_iPDC_10Hz\iPDC_10Hz_L-R_wilcoxon_circular_connectogram_negative_20250315_195710.png
2025-03-15 19:57:12,619 - INFO - Progress: 8/9 folders completed
2025-03-15 19:57:12,620 - INFO - Processing folder 9/9: Cue_iPDC_20Hz
2025-03-15 19:57:12,620 - INFO - Reading connectivity matrix from iPDC_20Hz_L-R_wilcoxon.csv
2025-03-15 19:57:12,622 - INFO - Created connectivity report: Data\DataSet5_Align_cue_626_to_938_unc\Wilcoxon_03102025-1305\Cue_iPDC_20Hz\iPDC_20Hz_L-R_wilcoxon_connectivity_report.txt
2025-03-15 19:57:13,560 - INFO - Created circular connectogram: Data\DataSet5_Align_cue_626_to_938_unc\Wilcoxon_03102025-1305\Cue_iPDC_20Hz\iPDC_20Hz_L-R_wilcoxon_circular_connectogram_positive_20250315_195712.png
2025-03-15 19:57:14,480 - INFO - Created circular connectogram: Data\DataSet5_Align_cue_626_to_938_unc\Wilcoxon_03102025-1305\Cue_iPDC_20Hz\iPDC_20Hz_L-R_wilcoxon_circular_connectogram_negative_20250315_195712.png
2025-03-15 19:57:14,480 - INFO - Progress: 9/9 folders completed
2025-03-15 19:57:14,481 - INFO - 
=== Processing Summary ===
2025-03-15 19:57:14,481 - INFO - Folders processed: 9
2025-03-15 19:57:14,481 - INFO - Visualizations created: 18
2025-03-15 19:57:14,481 - INFO - Errors encountered: 0
2025-03-15 19:57:14,481 - INFO - Process completed at: 2025-03-15 19:57:14
