2025-03-15 19:52:34,919 - INFO - Starting MEG Visualization V1
2025-03-15 19:52:52,151 - INFO - Selected dataset: DataSet5_Align_cue_626_to_938_unc
2025-03-15 19:52:52,152 - INFO - Selected analysis type: Wilcoxon
2025-03-15 19:52:52,152 - INFO - Selected analysis folder: Wilcoxon_03102025-1305
2025-03-15 19:52:52,152 - INFO - Selected visualization type: circular
2025-03-15 19:52:52,152 - INFO - Connection display mode: separate
2025-03-15 19:52:52,152 - INFO - Processing all folders in Wilcoxon_03102025-1305...
2025-03-15 19:52:52,153 - INFO - Found 9 folders to process
2025-03-15 19:52:52,153 - INFO - Processing folder 1/9: Cue_gDTF_100Hz
2025-03-15 19:52:52,154 - INFO - Reading connectivity matrix from gDTF_100Hz_L-R_wilcoxon.csv
2025-03-15 19:52:52,158 - INFO - Created connectivity report: Data\DataSet5_Align_cue_626_to_938_unc\Wilcoxon_03102025-1305\Cue_gDTF_100Hz\gDTF_100Hz_L-R_wilcoxon_connectivity_report.txt
2025-03-15 19:52:53,090 - INFO - Created circular connectogram: Data\DataSet5_Align_cue_626_to_938_unc\Wilcoxon_03102025-1305\Cue_gDTF_100Hz\gDTF_100Hz_L-R_wilcoxon_circular_connectogram_positive_20250315_195252.png
2025-03-15 19:52:53,912 - INFO - Created circular connectogram: Data\DataSet5_Align_cue_626_to_938_unc\Wilcoxon_03102025-1305\Cue_gDTF_100Hz\gDTF_100Hz_L-R_wilcoxon_circular_connectogram_negative_20250315_195252.png
2025-03-15 19:52:53,913 - INFO - Progress: 1/9 folders completed
2025-03-15 19:52:53,913 - INFO - Processing folder 2/9: Cue_gDTF_10Hz
2025-03-15 19:52:53,913 - INFO - Reading connectivity matrix from gDTF_10Hz_L-R_wilcoxon.csv
2025-03-15 19:52:53,915 - INFO - Created connectivity report: Data\DataSet5_Align_cue_626_to_938_unc\Wilcoxon_03102025-1305\Cue_gDTF_10Hz\gDTF_10Hz_L-R_wilcoxon_connectivity_report.txt
2025-03-15 19:52:54,957 - INFO - Created circular connectogram: Data\DataSet5_Align_cue_626_to_938_unc\Wilcoxon_03102025-1305\Cue_gDTF_10Hz\gDTF_10Hz_L-R_wilcoxon_circular_connectogram_positive_20250315_195253.png
2025-03-15 19:52:55,929 - INFO - Created circular connectogram: Data\DataSet5_Align_cue_626_to_938_unc\Wilcoxon_03102025-1305\Cue_gDTF_10Hz\gDTF_10Hz_L-R_wilcoxon_circular_connectogram_negative_20250315_195253.png
2025-03-15 19:52:55,930 - INFO - Progress: 2/9 folders completed
2025-03-15 19:52:55,930 - INFO - Processing folder 3/9: Cue_gDTF_20Hz
2025-03-15 19:52:55,931 - INFO - Reading connectivity matrix from gDTF_20Hz_L-R_wilcoxon.csv
2025-03-15 19:52:55,933 - INFO - Created connectivity report: Data\DataSet5_Align_cue_626_to_938_unc\Wilcoxon_03102025-1305\Cue_gDTF_20Hz\gDTF_20Hz_L-R_wilcoxon_connectivity_report.txt
2025-03-15 19:52:56,840 - INFO - Created circular connectogram: Data\DataSet5_Align_cue_626_to_938_unc\Wilcoxon_03102025-1305\Cue_gDTF_20Hz\gDTF_20Hz_L-R_wilcoxon_circular_connectogram_positive_20250315_195255.png
2025-03-15 19:52:57,683 - INFO - Created circular connectogram: Data\DataSet5_Align_cue_626_to_938_unc\Wilcoxon_03102025-1305\Cue_gDTF_20Hz\gDTF_20Hz_L-R_wilcoxon_circular_connectogram_negative_20250315_195255.png
2025-03-15 19:52:57,683 - INFO - Progress: 3/9 folders completed
2025-03-15 19:52:57,683 - INFO - Processing folder 4/9: Cue_gPDC_100Hz
2025-03-15 19:52:57,684 - INFO - Reading connectivity matrix from gPDC_100Hz_L-R_wilcoxon.csv
2025-03-15 19:52:57,686 - INFO - Created connectivity report: Data\DataSet5_Align_cue_626_to_938_unc\Wilcoxon_03102025-1305\Cue_gPDC_100Hz\gPDC_100Hz_L-R_wilcoxon_connectivity_report.txt
2025-03-15 19:52:58,688 - INFO - Created circular connectogram: Data\DataSet5_Align_cue_626_to_938_unc\Wilcoxon_03102025-1305\Cue_gPDC_100Hz\gPDC_100Hz_L-R_wilcoxon_circular_connectogram_positive_20250315_195257.png
2025-03-15 19:52:59,581 - INFO - Created circular connectogram: Data\DataSet5_Align_cue_626_to_938_unc\Wilcoxon_03102025-1305\Cue_gPDC_100Hz\gPDC_100Hz_L-R_wilcoxon_circular_connectogram_negative_20250315_195257.png
2025-03-15 19:52:59,581 - INFO - Progress: 4/9 folders completed
2025-03-15 19:52:59,581 - INFO - Processing folder 5/9: Cue_gPDC_10Hz
2025-03-15 19:52:59,582 - INFO - Reading connectivity matrix from gPDC_10Hz_L-R_wilcoxon.csv
2025-03-15 19:52:59,585 - INFO - Created connectivity report: Data\DataSet5_Align_cue_626_to_938_unc\Wilcoxon_03102025-1305\Cue_gPDC_10Hz\gPDC_10Hz_L-R_wilcoxon_connectivity_report.txt
2025-03-15 19:53:00,542 - INFO - Created circular connectogram: Data\DataSet5_Align_cue_626_to_938_unc\Wilcoxon_03102025-1305\Cue_gPDC_10Hz\gPDC_10Hz_L-R_wilcoxon_circular_connectogram_positive_20250315_195259.png
2025-03-15 19:53:01,457 - INFO - Created circular connectogram: Data\DataSet5_Align_cue_626_to_938_unc\Wilcoxon_03102025-1305\Cue_gPDC_10Hz\gPDC_10Hz_L-R_wilcoxon_circular_connectogram_negative_20250315_195259.png
2025-03-15 19:53:01,457 - INFO - Progress: 5/9 folders completed
2025-03-15 19:53:01,457 - INFO - Processing folder 6/9: Cue_gPDC_20Hz
2025-03-15 19:53:01,458 - INFO - Reading connectivity matrix from gPDC_20Hz_L-R_wilcoxon.csv
2025-03-15 19:53:01,460 - INFO - Created connectivity report: Data\DataSet5_Align_cue_626_to_938_unc\Wilcoxon_03102025-1305\Cue_gPDC_20Hz\gPDC_20Hz_L-R_wilcoxon_connectivity_report.txt
2025-03-15 19:53:02,396 - INFO - Created circular connectogram: Data\DataSet5_Align_cue_626_to_938_unc\Wilcoxon_03102025-1305\Cue_gPDC_20Hz\gPDC_20Hz_L-R_wilcoxon_circular_connectogram_positive_20250315_195301.png
2025-03-15 19:53:03,344 - INFO - Created circular connectogram: Data\DataSet5_Align_cue_626_to_938_unc\Wilcoxon_03102025-1305\Cue_gPDC_20Hz\gPDC_20Hz_L-R_wilcoxon_circular_connectogram_negative_20250315_195301.png
2025-03-15 19:53:03,345 - INFO - Progress: 6/9 folders completed
2025-03-15 19:53:03,345 - INFO - Processing folder 7/9: Cue_iPDC_100Hz
2025-03-15 19:53:03,346 - INFO - Reading connectivity matrix from iPDC_100Hz_L-R_wilcoxon.csv
2025-03-15 19:53:03,348 - INFO - Created connectivity report: Data\DataSet5_Align_cue_626_to_938_unc\Wilcoxon_03102025-1305\Cue_iPDC_100Hz\iPDC_100Hz_L-R_wilcoxon_connectivity_report.txt
2025-03-15 19:53:04,274 - INFO - Created circular connectogram: Data\DataSet5_Align_cue_626_to_938_unc\Wilcoxon_03102025-1305\Cue_iPDC_100Hz\iPDC_100Hz_L-R_wilcoxon_circular_connectogram_positive_20250315_195303.png
2025-03-15 19:53:05,277 - INFO - Created circular connectogram: Data\DataSet5_Align_cue_626_to_938_unc\Wilcoxon_03102025-1305\Cue_iPDC_100Hz\iPDC_100Hz_L-R_wilcoxon_circular_connectogram_negative_20250315_195303.png
2025-03-15 19:53:05,278 - INFO - Progress: 7/9 folders completed
2025-03-15 19:53:05,278 - INFO - Processing folder 8/9: Cue_iPDC_10Hz
2025-03-15 19:53:05,279 - INFO - Reading connectivity matrix from iPDC_10Hz_L-R_wilcoxon.csv
2025-03-15 19:53:05,281 - INFO - Created connectivity report: Data\DataSet5_Align_cue_626_to_938_unc\Wilcoxon_03102025-1305\Cue_iPDC_10Hz\iPDC_10Hz_L-R_wilcoxon_connectivity_report.txt
2025-03-15 19:53:06,359 - INFO - Created circular connectogram: Data\DataSet5_Align_cue_626_to_938_unc\Wilcoxon_03102025-1305\Cue_iPDC_10Hz\iPDC_10Hz_L-R_wilcoxon_circular_connectogram_positive_20250315_195305.png
2025-03-15 19:53:07,244 - INFO - Created circular connectogram: Data\DataSet5_Align_cue_626_to_938_unc\Wilcoxon_03102025-1305\Cue_iPDC_10Hz\iPDC_10Hz_L-R_wilcoxon_circular_connectogram_negative_20250315_195305.png
2025-03-15 19:53:07,244 - INFO - Progress: 8/9 folders completed
2025-03-15 19:53:07,245 - INFO - Processing folder 9/9: Cue_iPDC_20Hz
2025-03-15 19:53:07,245 - INFO - Reading connectivity matrix from iPDC_20Hz_L-R_wilcoxon.csv
2025-03-15 19:53:07,248 - INFO - Created connectivity report: Data\DataSet5_Align_cue_626_to_938_unc\Wilcoxon_03102025-1305\Cue_iPDC_20Hz\iPDC_20Hz_L-R_wilcoxon_connectivity_report.txt
2025-03-15 19:53:08,173 - INFO - Created circular connectogram: Data\DataSet5_Align_cue_626_to_938_unc\Wilcoxon_03102025-1305\Cue_iPDC_20Hz\iPDC_20Hz_L-R_wilcoxon_circular_connectogram_positive_20250315_195307.png
2025-03-15 19:53:09,115 - INFO - Created circular connectogram: Data\DataSet5_Align_cue_626_to_938_unc\Wilcoxon_03102025-1305\Cue_iPDC_20Hz\iPDC_20Hz_L-R_wilcoxon_circular_connectogram_negative_20250315_195307.png
2025-03-15 19:53:09,115 - INFO - Progress: 9/9 folders completed
2025-03-15 19:53:09,115 - INFO - 
=== Processing Summary ===
2025-03-15 19:53:09,116 - INFO - Folders processed: 9
2025-03-15 19:53:09,116 - INFO - Visualizations created: 18
2025-03-15 19:53:09,116 - INFO - Errors encountered: 0
2025-03-15 19:53:09,116 - INFO - Process completed at: 2025-03-15 19:53:09
