2025-03-15 19:50:15,463 - INFO - Starting MEG Visualization V1
2025-03-15 19:50:24,377 - INFO - Selected dataset: DataSet5_Align_cue_626_to_938_unc
2025-03-15 19:50:24,378 - INFO - Selected analysis type: Wilcoxon
2025-03-15 19:50:24,378 - INFO - Selected analysis folder: Wilcoxon_03102025-1305
2025-03-15 19:50:24,378 - INFO - Selected visualization type: circular
2025-03-15 19:50:24,378 - INFO - Connection display mode: separate
2025-03-15 19:50:24,378 - INFO - Processing all folders in Wilcoxon_03102025-1305...
2025-03-15 19:50:24,379 - INFO - Found 9 folders to process
2025-03-15 19:50:24,379 - INFO - Processing folder 1/9: Cue_gDTF_100Hz
2025-03-15 19:50:24,380 - INFO - Reading connectivity matrix from gDTF_100Hz_L-R_wilcoxon.csv
2025-03-15 19:50:24,384 - INFO - Created connectivity report: Data\DataSet5_Align_cue_626_to_938_unc\Wilcoxon_03102025-1305\Cue_gDTF_100Hz\gDTF_100Hz_L-R_wilcoxon_connectivity_report.txt
2025-03-15 19:50:25,444 - INFO - Created circular connectogram: Data\DataSet5_Align_cue_626_to_938_unc\Wilcoxon_03102025-1305\Cue_gDTF_100Hz\gDTF_100Hz_L-R_wilcoxon_circular_connectogram_positive_20250315_195024.png
2025-03-15 19:50:26,386 - INFO - Created circular connectogram: Data\DataSet5_Align_cue_626_to_938_unc\Wilcoxon_03102025-1305\Cue_gDTF_100Hz\gDTF_100Hz_L-R_wilcoxon_circular_connectogram_negative_20250315_195024.png
2025-03-15 19:50:26,386 - INFO - Progress: 1/9 folders completed
2025-03-15 19:50:26,387 - INFO - Processing folder 2/9: Cue_gDTF_10Hz
2025-03-15 19:50:26,387 - INFO - Reading connectivity matrix from gDTF_10Hz_L-R_wilcoxon.csv
2025-03-15 19:50:26,389 - INFO - Created connectivity report: Data\DataSet5_Align_cue_626_to_938_unc\Wilcoxon_03102025-1305\Cue_gDTF_10Hz\gDTF_10Hz_L-R_wilcoxon_connectivity_report.txt
2025-03-15 19:50:27,404 - INFO - Created circular connectogram: Data\DataSet5_Align_cue_626_to_938_unc\Wilcoxon_03102025-1305\Cue_gDTF_10Hz\gDTF_10Hz_L-R_wilcoxon_circular_connectogram_positive_20250315_195026.png
2025-03-15 19:50:28,392 - INFO - Created circular connectogram: Data\DataSet5_Align_cue_626_to_938_unc\Wilcoxon_03102025-1305\Cue_gDTF_10Hz\gDTF_10Hz_L-R_wilcoxon_circular_connectogram_negative_20250315_195026.png
2025-03-15 19:50:28,392 - INFO - Progress: 2/9 folders completed
2025-03-15 19:50:28,392 - INFO - Processing folder 3/9: Cue_gDTF_20Hz
2025-03-15 19:50:28,393 - INFO - Reading connectivity matrix from gDTF_20Hz_L-R_wilcoxon.csv
2025-03-15 19:50:28,395 - INFO - Created connectivity report: Data\DataSet5_Align_cue_626_to_938_unc\Wilcoxon_03102025-1305\Cue_gDTF_20Hz\gDTF_20Hz_L-R_wilcoxon_connectivity_report.txt
2025-03-15 19:50:29,357 - INFO - Created circular connectogram: Data\DataSet5_Align_cue_626_to_938_unc\Wilcoxon_03102025-1305\Cue_gDTF_20Hz\gDTF_20Hz_L-R_wilcoxon_circular_connectogram_positive_20250315_195028.png
2025-03-15 19:50:30,258 - INFO - Created circular connectogram: Data\DataSet5_Align_cue_626_to_938_unc\Wilcoxon_03102025-1305\Cue_gDTF_20Hz\gDTF_20Hz_L-R_wilcoxon_circular_connectogram_negative_20250315_195028.png
2025-03-15 19:50:30,258 - INFO - Progress: 3/9 folders completed
2025-03-15 19:50:30,258 - INFO - Processing folder 4/9: Cue_gPDC_100Hz
2025-03-15 19:50:30,259 - INFO - Reading connectivity matrix from gPDC_100Hz_L-R_wilcoxon.csv
2025-03-15 19:50:30,261 - INFO - Created connectivity report: Data\DataSet5_Align_cue_626_to_938_unc\Wilcoxon_03102025-1305\Cue_gPDC_100Hz\gPDC_100Hz_L-R_wilcoxon_connectivity_report.txt
2025-03-15 19:50:31,309 - INFO - Created circular connectogram: Data\DataSet5_Align_cue_626_to_938_unc\Wilcoxon_03102025-1305\Cue_gPDC_100Hz\gPDC_100Hz_L-R_wilcoxon_circular_connectogram_positive_20250315_195030.png
2025-03-15 19:50:32,262 - INFO - Created circular connectogram: Data\DataSet5_Align_cue_626_to_938_unc\Wilcoxon_03102025-1305\Cue_gPDC_100Hz\gPDC_100Hz_L-R_wilcoxon_circular_connectogram_negative_20250315_195030.png
2025-03-15 19:50:32,263 - INFO - Progress: 4/9 folders completed
2025-03-15 19:50:32,263 - INFO - Processing folder 5/9: Cue_gPDC_10Hz
2025-03-15 19:50:32,264 - INFO - Reading connectivity matrix from gPDC_10Hz_L-R_wilcoxon.csv
2025-03-15 19:50:32,267 - INFO - Created connectivity report: Data\DataSet5_Align_cue_626_to_938_unc\Wilcoxon_03102025-1305\Cue_gPDC_10Hz\gPDC_10Hz_L-R_wilcoxon_connectivity_report.txt
2025-03-15 19:50:33,300 - INFO - Created circular connectogram: Data\DataSet5_Align_cue_626_to_938_unc\Wilcoxon_03102025-1305\Cue_gPDC_10Hz\gPDC_10Hz_L-R_wilcoxon_circular_connectogram_positive_20250315_195032.png
2025-03-15 19:50:34,256 - INFO - Created circular connectogram: Data\DataSet5_Align_cue_626_to_938_unc\Wilcoxon_03102025-1305\Cue_gPDC_10Hz\gPDC_10Hz_L-R_wilcoxon_circular_connectogram_negative_20250315_195032.png
2025-03-15 19:50:34,257 - INFO - Progress: 5/9 folders completed
2025-03-15 19:50:34,257 - INFO - Processing folder 6/9: Cue_gPDC_20Hz
2025-03-15 19:50:34,258 - INFO - Reading connectivity matrix from gPDC_20Hz_L-R_wilcoxon.csv
2025-03-15 19:50:34,260 - INFO - Created connectivity report: Data\DataSet5_Align_cue_626_to_938_unc\Wilcoxon_03102025-1305\Cue_gPDC_20Hz\gPDC_20Hz_L-R_wilcoxon_connectivity_report.txt
2025-03-15 19:50:35,290 - INFO - Created circular connectogram: Data\DataSet5_Align_cue_626_to_938_unc\Wilcoxon_03102025-1305\Cue_gPDC_20Hz\gPDC_20Hz_L-R_wilcoxon_circular_connectogram_positive_20250315_195034.png
2025-03-15 19:50:36,286 - INFO - Created circular connectogram: Data\DataSet5_Align_cue_626_to_938_unc\Wilcoxon_03102025-1305\Cue_gPDC_20Hz\gPDC_20Hz_L-R_wilcoxon_circular_connectogram_negative_20250315_195034.png
2025-03-15 19:50:36,286 - INFO - Progress: 6/9 folders completed
2025-03-15 19:50:36,286 - INFO - Processing folder 7/9: Cue_iPDC_100Hz
2025-03-15 19:50:36,287 - INFO - Reading connectivity matrix from iPDC_100Hz_L-R_wilcoxon.csv
2025-03-15 19:50:36,289 - INFO - Created connectivity report: Data\DataSet5_Align_cue_626_to_938_unc\Wilcoxon_03102025-1305\Cue_iPDC_100Hz\iPDC_100Hz_L-R_wilcoxon_connectivity_report.txt
2025-03-15 19:50:37,230 - INFO - Created circular connectogram: Data\DataSet5_Align_cue_626_to_938_unc\Wilcoxon_03102025-1305\Cue_iPDC_100Hz\iPDC_100Hz_L-R_wilcoxon_circular_connectogram_positive_20250315_195036.png
2025-03-15 19:50:38,274 - INFO - Created circular connectogram: Data\DataSet5_Align_cue_626_to_938_unc\Wilcoxon_03102025-1305\Cue_iPDC_100Hz\iPDC_100Hz_L-R_wilcoxon_circular_connectogram_negative_20250315_195036.png
2025-03-15 19:50:38,274 - INFO - Progress: 7/9 folders completed
2025-03-15 19:50:38,275 - INFO - Processing folder 8/9: Cue_iPDC_10Hz
2025-03-15 19:50:38,276 - INFO - Reading connectivity matrix from iPDC_10Hz_L-R_wilcoxon.csv
2025-03-15 19:50:38,278 - INFO - Created connectivity report: Data\DataSet5_Align_cue_626_to_938_unc\Wilcoxon_03102025-1305\Cue_iPDC_10Hz\iPDC_10Hz_L-R_wilcoxon_connectivity_report.txt
2025-03-15 19:50:39,302 - INFO - Created circular connectogram: Data\DataSet5_Align_cue_626_to_938_unc\Wilcoxon_03102025-1305\Cue_iPDC_10Hz\iPDC_10Hz_L-R_wilcoxon_circular_connectogram_positive_20250315_195038.png
2025-03-15 19:50:40,237 - INFO - Created circular connectogram: Data\DataSet5_Align_cue_626_to_938_unc\Wilcoxon_03102025-1305\Cue_iPDC_10Hz\iPDC_10Hz_L-R_wilcoxon_circular_connectogram_negative_20250315_195038.png
2025-03-15 19:50:40,238 - INFO - Progress: 8/9 folders completed
2025-03-15 19:50:40,238 - INFO - Processing folder 9/9: Cue_iPDC_20Hz
2025-03-15 19:50:40,239 - INFO - Reading connectivity matrix from iPDC_20Hz_L-R_wilcoxon.csv
2025-03-15 19:50:40,241 - INFO - Created connectivity report: Data\DataSet5_Align_cue_626_to_938_unc\Wilcoxon_03102025-1305\Cue_iPDC_20Hz\iPDC_20Hz_L-R_wilcoxon_connectivity_report.txt
2025-03-15 19:50:41,223 - INFO - Created circular connectogram: Data\DataSet5_Align_cue_626_to_938_unc\Wilcoxon_03102025-1305\Cue_iPDC_20Hz\iPDC_20Hz_L-R_wilcoxon_circular_connectogram_positive_20250315_195040.png
2025-03-15 19:50:42,191 - INFO - Created circular connectogram: Data\DataSet5_Align_cue_626_to_938_unc\Wilcoxon_03102025-1305\Cue_iPDC_20Hz\iPDC_20Hz_L-R_wilcoxon_circular_connectogram_negative_20250315_195040.png
2025-03-15 19:50:42,191 - INFO - Progress: 9/9 folders completed
2025-03-15 19:50:42,192 - INFO - 
=== Processing Summary ===
2025-03-15 19:50:42,192 - INFO - Folders processed: 9
2025-03-15 19:50:42,192 - INFO - Visualizations created: 18
2025-03-15 19:50:42,192 - INFO - Errors encountered: 0
2025-03-15 19:50:42,192 - INFO - Process completed at: 2025-03-15 19:50:42
