2025-03-15 23:32:04,856 - INFO - Starting MEG Visualization V1
2025-03-15 23:32:15,320 - INFO - Selected dataset: DataSet5_Align_cue_626_to_938_unc
2025-03-15 23:32:15,320 - INFO - Selected analysis type: Wilcoxon
2025-03-15 23:32:15,320 - INFO - Selected analysis folder: Wilcoxon_03102025-1305
2025-03-15 23:32:15,320 - INFO - Selected visualization type: circular
2025-03-15 23:32:15,320 - INFO - Connection display mode: separate
2025-03-15 23:32:15,321 - INFO - Processing all folders in Wilcoxon_03102025-1305...
2025-03-15 23:32:15,321 - INFO - Found 9 folders to process
2025-03-15 23:32:15,322 - INFO - Processing folder 1/9: Cue_gDTF_100Hz
2025-03-15 23:32:15,322 - INFO - Reading connectivity matrix from gDTF_100Hz_L-R_wilcoxon.csv
2025-03-15 23:32:15,327 - INFO - Created connectivity report: Data\DataSet5_Align_cue_626_to_938_unc\Wilcoxon_03102025-1305\Cue_gDTF_100Hz\gDTF_100Hz_L-R_wilcoxon_connectivity_report.txt
2025-03-15 23:32:16,239 - INFO - Created circular connectogram: Data\DataSet5_Align_cue_626_to_938_unc\Wilcoxon_03102025-1305\Cue_gDTF_100Hz\gDTF_100Hz_L-R_wilcoxon_circular_connectogram_positive_20250315_233215.png
2025-03-15 23:32:17,049 - INFO - Created circular connectogram: Data\DataSet5_Align_cue_626_to_938_unc\Wilcoxon_03102025-1305\Cue_gDTF_100Hz\gDTF_100Hz_L-R_wilcoxon_circular_connectogram_negative_20250315_233215.png
2025-03-15 23:32:17,049 - INFO - Progress: 1/9 folders completed
2025-03-15 23:32:17,049 - INFO - Processing folder 2/9: Cue_gDTF_10Hz
2025-03-15 23:32:17,050 - INFO - Reading connectivity matrix from gDTF_10Hz_L-R_wilcoxon.csv
2025-03-15 23:32:17,052 - INFO - Created connectivity report: Data\DataSet5_Align_cue_626_to_938_unc\Wilcoxon_03102025-1305\Cue_gDTF_10Hz\gDTF_10Hz_L-R_wilcoxon_connectivity_report.txt
2025-03-15 23:32:17,991 - INFO - Created circular connectogram: Data\DataSet5_Align_cue_626_to_938_unc\Wilcoxon_03102025-1305\Cue_gDTF_10Hz\gDTF_10Hz_L-R_wilcoxon_circular_connectogram_positive_20250315_233217.png
2025-03-15 23:32:18,882 - INFO - Created circular connectogram: Data\DataSet5_Align_cue_626_to_938_unc\Wilcoxon_03102025-1305\Cue_gDTF_10Hz\gDTF_10Hz_L-R_wilcoxon_circular_connectogram_negative_20250315_233217.png
2025-03-15 23:32:18,883 - INFO - Progress: 2/9 folders completed
2025-03-15 23:32:18,883 - INFO - Processing folder 3/9: Cue_gDTF_20Hz
2025-03-15 23:32:18,884 - INFO - Reading connectivity matrix from gDTF_20Hz_L-R_wilcoxon.csv
2025-03-15 23:32:18,886 - INFO - Created connectivity report: Data\DataSet5_Align_cue_626_to_938_unc\Wilcoxon_03102025-1305\Cue_gDTF_20Hz\gDTF_20Hz_L-R_wilcoxon_connectivity_report.txt
2025-03-15 23:32:19,810 - INFO - Created circular connectogram: Data\DataSet5_Align_cue_626_to_938_unc\Wilcoxon_03102025-1305\Cue_gDTF_20Hz\gDTF_20Hz_L-R_wilcoxon_circular_connectogram_positive_20250315_233218.png
2025-03-15 23:32:20,847 - INFO - Created circular connectogram: Data\DataSet5_Align_cue_626_to_938_unc\Wilcoxon_03102025-1305\Cue_gDTF_20Hz\gDTF_20Hz_L-R_wilcoxon_circular_connectogram_negative_20250315_233218.png
2025-03-15 23:32:20,848 - INFO - Progress: 3/9 folders completed
2025-03-15 23:32:20,848 - INFO - Processing folder 4/9: Cue_gPDC_100Hz
2025-03-15 23:32:20,849 - INFO - Reading connectivity matrix from gPDC_100Hz_L-R_wilcoxon.csv
2025-03-15 23:32:20,852 - INFO - Created connectivity report: Data\DataSet5_Align_cue_626_to_938_unc\Wilcoxon_03102025-1305\Cue_gPDC_100Hz\gPDC_100Hz_L-R_wilcoxon_connectivity_report.txt
2025-03-15 23:32:22,101 - INFO - Created circular connectogram: Data\DataSet5_Align_cue_626_to_938_unc\Wilcoxon_03102025-1305\Cue_gPDC_100Hz\gPDC_100Hz_L-R_wilcoxon_circular_connectogram_positive_20250315_233220.png
2025-03-15 23:32:23,017 - INFO - Created circular connectogram: Data\DataSet5_Align_cue_626_to_938_unc\Wilcoxon_03102025-1305\Cue_gPDC_100Hz\gPDC_100Hz_L-R_wilcoxon_circular_connectogram_negative_20250315_233220.png
2025-03-15 23:32:23,017 - INFO - Progress: 4/9 folders completed
2025-03-15 23:32:23,017 - INFO - Processing folder 5/9: Cue_gPDC_10Hz
2025-03-15 23:32:23,019 - INFO - Reading connectivity matrix from gPDC_10Hz_L-R_wilcoxon.csv
2025-03-15 23:32:23,021 - INFO - Created connectivity report: Data\DataSet5_Align_cue_626_to_938_unc\Wilcoxon_03102025-1305\Cue_gPDC_10Hz\gPDC_10Hz_L-R_wilcoxon_connectivity_report.txt
2025-03-15 23:32:23,929 - INFO - Created circular connectogram: Data\DataSet5_Align_cue_626_to_938_unc\Wilcoxon_03102025-1305\Cue_gPDC_10Hz\gPDC_10Hz_L-R_wilcoxon_circular_connectogram_positive_20250315_233223.png
2025-03-15 23:32:24,796 - INFO - Created circular connectogram: Data\DataSet5_Align_cue_626_to_938_unc\Wilcoxon_03102025-1305\Cue_gPDC_10Hz\gPDC_10Hz_L-R_wilcoxon_circular_connectogram_negative_20250315_233223.png
2025-03-15 23:32:24,796 - INFO - Progress: 5/9 folders completed
2025-03-15 23:32:24,797 - INFO - Processing folder 6/9: Cue_gPDC_20Hz
2025-03-15 23:32:24,798 - INFO - Reading connectivity matrix from gPDC_20Hz_L-R_wilcoxon.csv
2025-03-15 23:32:24,800 - INFO - Created connectivity report: Data\DataSet5_Align_cue_626_to_938_unc\Wilcoxon_03102025-1305\Cue_gPDC_20Hz\gPDC_20Hz_L-R_wilcoxon_connectivity_report.txt
2025-03-15 23:32:25,855 - INFO - Created circular connectogram: Data\DataSet5_Align_cue_626_to_938_unc\Wilcoxon_03102025-1305\Cue_gPDC_20Hz\gPDC_20Hz_L-R_wilcoxon_circular_connectogram_positive_20250315_233224.png
2025-03-15 23:32:27,027 - INFO - Created circular connectogram: Data\DataSet5_Align_cue_626_to_938_unc\Wilcoxon_03102025-1305\Cue_gPDC_20Hz\gPDC_20Hz_L-R_wilcoxon_circular_connectogram_negative_20250315_233224.png
2025-03-15 23:32:27,028 - INFO - Progress: 6/9 folders completed
2025-03-15 23:32:27,028 - INFO - Processing folder 7/9: Cue_iPDC_100Hz
2025-03-15 23:32:27,029 - INFO - Reading connectivity matrix from iPDC_100Hz_L-R_wilcoxon.csv
2025-03-15 23:32:27,032 - INFO - Created connectivity report: Data\DataSet5_Align_cue_626_to_938_unc\Wilcoxon_03102025-1305\Cue_iPDC_100Hz\iPDC_100Hz_L-R_wilcoxon_connectivity_report.txt
2025-03-15 23:32:28,017 - INFO - Created circular connectogram: Data\DataSet5_Align_cue_626_to_938_unc\Wilcoxon_03102025-1305\Cue_iPDC_100Hz\iPDC_100Hz_L-R_wilcoxon_circular_connectogram_positive_20250315_233227.png
2025-03-15 23:32:28,928 - INFO - Created circular connectogram: Data\DataSet5_Align_cue_626_to_938_unc\Wilcoxon_03102025-1305\Cue_iPDC_100Hz\iPDC_100Hz_L-R_wilcoxon_circular_connectogram_negative_20250315_233227.png
2025-03-15 23:32:28,928 - INFO - Progress: 7/9 folders completed
2025-03-15 23:32:28,929 - INFO - Processing folder 8/9: Cue_iPDC_10Hz
2025-03-15 23:32:28,930 - INFO - Reading connectivity matrix from iPDC_10Hz_L-R_wilcoxon.csv
2025-03-15 23:32:28,933 - INFO - Created connectivity report: Data\DataSet5_Align_cue_626_to_938_unc\Wilcoxon_03102025-1305\Cue_iPDC_10Hz\iPDC_10Hz_L-R_wilcoxon_connectivity_report.txt
2025-03-15 23:32:29,907 - INFO - Created circular connectogram: Data\DataSet5_Align_cue_626_to_938_unc\Wilcoxon_03102025-1305\Cue_iPDC_10Hz\iPDC_10Hz_L-R_wilcoxon_circular_connectogram_positive_20250315_233228.png
2025-03-15 23:32:30,817 - INFO - Created circular connectogram: Data\DataSet5_Align_cue_626_to_938_unc\Wilcoxon_03102025-1305\Cue_iPDC_10Hz\iPDC_10Hz_L-R_wilcoxon_circular_connectogram_negative_20250315_233228.png
2025-03-15 23:32:30,818 - INFO - Progress: 8/9 folders completed
2025-03-15 23:32:30,818 - INFO - Processing folder 9/9: Cue_iPDC_20Hz
2025-03-15 23:32:30,819 - INFO - Reading connectivity matrix from iPDC_20Hz_L-R_wilcoxon.csv
2025-03-15 23:32:30,822 - INFO - Created connectivity report: Data\DataSet5_Align_cue_626_to_938_unc\Wilcoxon_03102025-1305\Cue_iPDC_20Hz\iPDC_20Hz_L-R_wilcoxon_connectivity_report.txt
2025-03-15 23:32:31,723 - INFO - Created circular connectogram: Data\DataSet5_Align_cue_626_to_938_unc\Wilcoxon_03102025-1305\Cue_iPDC_20Hz\iPDC_20Hz_L-R_wilcoxon_circular_connectogram_positive_20250315_233230.png
2025-03-15 23:32:32,676 - INFO - Created circular connectogram: Data\DataSet5_Align_cue_626_to_938_unc\Wilcoxon_03102025-1305\Cue_iPDC_20Hz\iPDC_20Hz_L-R_wilcoxon_circular_connectogram_negative_20250315_233230.png
2025-03-15 23:32:32,676 - INFO - Progress: 9/9 folders completed
2025-03-15 23:32:32,676 - INFO - 
=== Processing Summary ===
2025-03-15 23:32:32,677 - INFO - Folders processed: 9
2025-03-15 23:32:32,677 - INFO - Visualizations created: 18
2025-03-15 23:32:32,677 - INFO - Errors encountered: 0
2025-03-15 23:32:32,677 - INFO - Process completed at: 2025-03-15 23:32:32
