2025-03-15 16:39:56,524 - INFO - Starting MEG Visualization V1
2025-03-15 16:40:10,407 - INFO - Selected dataset: DataSet5_Align_cue_626_to_938_unc
2025-03-15 16:40:10,408 - INFO - Selected analysis type: Wilcoxon
2025-03-15 16:40:10,408 - INFO - Selected analysis folder: Wilcoxon_03102025-1305
2025-03-15 16:40:10,408 - INFO - Selected visualization type: circular
2025-03-15 16:40:10,408 - INFO - Connection display mode: separate
2025-03-15 16:40:10,408 - INFO - Processing all folders in Wilcoxon_03102025-1305...
2025-03-15 16:40:10,409 - INFO - Found 9 folders to process
2025-03-15 16:40:10,409 - INFO - Processing folder 1/9: Cue_gDTF_100Hz
2025-03-15 16:40:10,410 - INFO - Reading connectivity matrix from gDTF_100Hz_L-R_wilcoxon.csv
2025-03-15 16:40:11,216 - INFO - Created circular connectogram: Data\DataSet5_Align_cue_626_to_938_unc\Wilcoxon_03102025-1305\Cue_gDTF_100Hz\gDTF_100Hz_L-R_wilcoxon_circular_connectogram_positive_20250315_164010.png
2025-03-15 16:40:11,940 - INFO - Created circular connectogram: Data\DataSet5_Align_cue_626_to_938_unc\Wilcoxon_03102025-1305\Cue_gDTF_100Hz\gDTF_100Hz_L-R_wilcoxon_circular_connectogram_negative_20250315_164010.png
2025-03-15 16:40:11,941 - INFO - Progress: 1/9 folders completed
2025-03-15 16:40:11,941 - INFO - Processing folder 2/9: Cue_gDTF_10Hz
2025-03-15 16:40:11,941 - INFO - Reading connectivity matrix from gDTF_10Hz_L-R_wilcoxon.csv
2025-03-15 16:40:12,714 - INFO - Created circular connectogram: Data\DataSet5_Align_cue_626_to_938_unc\Wilcoxon_03102025-1305\Cue_gDTF_10Hz\gDTF_10Hz_L-R_wilcoxon_circular_connectogram_positive_20250315_164011.png
2025-03-15 16:40:13,462 - INFO - Created circular connectogram: Data\DataSet5_Align_cue_626_to_938_unc\Wilcoxon_03102025-1305\Cue_gDTF_10Hz\gDTF_10Hz_L-R_wilcoxon_circular_connectogram_negative_20250315_164011.png
2025-03-15 16:40:13,462 - INFO - Progress: 2/9 folders completed
2025-03-15 16:40:13,462 - INFO - Processing folder 3/9: Cue_gDTF_20Hz
2025-03-15 16:40:13,463 - INFO - Reading connectivity matrix from gDTF_20Hz_L-R_wilcoxon.csv
2025-03-15 16:40:14,216 - INFO - Created circular connectogram: Data\DataSet5_Align_cue_626_to_938_unc\Wilcoxon_03102025-1305\Cue_gDTF_20Hz\gDTF_20Hz_L-R_wilcoxon_circular_connectogram_positive_20250315_164013.png
2025-03-15 16:40:14,997 - INFO - Created circular connectogram: Data\DataSet5_Align_cue_626_to_938_unc\Wilcoxon_03102025-1305\Cue_gDTF_20Hz\gDTF_20Hz_L-R_wilcoxon_circular_connectogram_negative_20250315_164013.png
2025-03-15 16:40:14,997 - INFO - Progress: 3/9 folders completed
2025-03-15 16:40:14,997 - INFO - Processing folder 4/9: Cue_gPDC_100Hz
2025-03-15 16:40:14,998 - INFO - Reading connectivity matrix from gPDC_100Hz_L-R_wilcoxon.csv
2025-03-15 16:40:15,759 - INFO - Created circular connectogram: Data\DataSet5_Align_cue_626_to_938_unc\Wilcoxon_03102025-1305\Cue_gPDC_100Hz\gPDC_100Hz_L-R_wilcoxon_circular_connectogram_positive_20250315_164014.png
2025-03-15 16:40:16,494 - INFO - Created circular connectogram: Data\DataSet5_Align_cue_626_to_938_unc\Wilcoxon_03102025-1305\Cue_gPDC_100Hz\gPDC_100Hz_L-R_wilcoxon_circular_connectogram_negative_20250315_164014.png
2025-03-15 16:40:16,495 - INFO - Progress: 4/9 folders completed
2025-03-15 16:40:16,495 - INFO - Processing folder 5/9: Cue_gPDC_10Hz
2025-03-15 16:40:16,495 - INFO - Reading connectivity matrix from gPDC_10Hz_L-R_wilcoxon.csv
2025-03-15 16:40:17,244 - INFO - Created circular connectogram: Data\DataSet5_Align_cue_626_to_938_unc\Wilcoxon_03102025-1305\Cue_gPDC_10Hz\gPDC_10Hz_L-R_wilcoxon_circular_connectogram_positive_20250315_164016.png
2025-03-15 16:40:17,984 - INFO - Created circular connectogram: Data\DataSet5_Align_cue_626_to_938_unc\Wilcoxon_03102025-1305\Cue_gPDC_10Hz\gPDC_10Hz_L-R_wilcoxon_circular_connectogram_negative_20250315_164016.png
2025-03-15 16:40:17,984 - INFO - Progress: 5/9 folders completed
2025-03-15 16:40:17,984 - INFO - Processing folder 6/9: Cue_gPDC_20Hz
2025-03-15 16:40:17,985 - INFO - Reading connectivity matrix from gPDC_20Hz_L-R_wilcoxon.csv
2025-03-15 16:40:18,746 - INFO - Created circular connectogram: Data\DataSet5_Align_cue_626_to_938_unc\Wilcoxon_03102025-1305\Cue_gPDC_20Hz\gPDC_20Hz_L-R_wilcoxon_circular_connectogram_positive_20250315_164017.png
2025-03-15 16:40:19,568 - INFO - Created circular connectogram: Data\DataSet5_Align_cue_626_to_938_unc\Wilcoxon_03102025-1305\Cue_gPDC_20Hz\gPDC_20Hz_L-R_wilcoxon_circular_connectogram_negative_20250315_164017.png
2025-03-15 16:40:19,568 - INFO - Progress: 6/9 folders completed
2025-03-15 16:40:19,568 - INFO - Processing folder 7/9: Cue_iPDC_100Hz
2025-03-15 16:40:19,569 - INFO - Reading connectivity matrix from iPDC_100Hz_L-R_wilcoxon.csv
2025-03-15 16:40:20,312 - INFO - Created circular connectogram: Data\DataSet5_Align_cue_626_to_938_unc\Wilcoxon_03102025-1305\Cue_iPDC_100Hz\iPDC_100Hz_L-R_wilcoxon_circular_connectogram_positive_20250315_164019.png
2025-03-15 16:40:21,057 - INFO - Created circular connectogram: Data\DataSet5_Align_cue_626_to_938_unc\Wilcoxon_03102025-1305\Cue_iPDC_100Hz\iPDC_100Hz_L-R_wilcoxon_circular_connectogram_negative_20250315_164019.png
2025-03-15 16:40:21,057 - INFO - Progress: 7/9 folders completed
2025-03-15 16:40:21,057 - INFO - Processing folder 8/9: Cue_iPDC_10Hz
2025-03-15 16:40:21,058 - INFO - Reading connectivity matrix from iPDC_10Hz_L-R_wilcoxon.csv
2025-03-15 16:40:21,848 - INFO - Created circular connectogram: Data\DataSet5_Align_cue_626_to_938_unc\Wilcoxon_03102025-1305\Cue_iPDC_10Hz\iPDC_10Hz_L-R_wilcoxon_circular_connectogram_positive_20250315_164021.png
2025-03-15 16:40:22,581 - INFO - Created circular connectogram: Data\DataSet5_Align_cue_626_to_938_unc\Wilcoxon_03102025-1305\Cue_iPDC_10Hz\iPDC_10Hz_L-R_wilcoxon_circular_connectogram_negative_20250315_164021.png
2025-03-15 16:40:22,581 - INFO - Progress: 8/9 folders completed
2025-03-15 16:40:22,581 - INFO - Processing folder 9/9: Cue_iPDC_20Hz
2025-03-15 16:40:22,582 - INFO - Reading connectivity matrix from iPDC_20Hz_L-R_wilcoxon.csv
2025-03-15 16:40:23,331 - INFO - Created circular connectogram: Data\DataSet5_Align_cue_626_to_938_unc\Wilcoxon_03102025-1305\Cue_iPDC_20Hz\iPDC_20Hz_L-R_wilcoxon_circular_connectogram_positive_20250315_164022.png
2025-03-15 16:40:24,158 - INFO - Created circular connectogram: Data\DataSet5_Align_cue_626_to_938_unc\Wilcoxon_03102025-1305\Cue_iPDC_20Hz\iPDC_20Hz_L-R_wilcoxon_circular_connectogram_negative_20250315_164022.png
2025-03-15 16:40:24,158 - INFO - Progress: 9/9 folders completed
2025-03-15 16:40:24,158 - INFO - 
=== Processing Summary ===
2025-03-15 16:40:24,159 - INFO - Folders processed: 9
2025-03-15 16:40:24,159 - INFO - Visualizations created: 18
2025-03-15 16:40:24,159 - INFO - Errors encountered: 0
2025-03-15 16:40:24,159 - INFO - Process completed at: 2025-03-15 16:40:24
