2025-03-15 22:20:38,233 - INFO - Starting MEG Visualization V1
2025-03-15 22:20:46,909 - INFO - Selected dataset: DataSet5_Align_cue_626_to_938_unc
2025-03-15 22:20:46,909 - INFO - Selected analysis type: Wilcoxon
2025-03-15 22:20:46,909 - INFO - Selected analysis folder: Wilcoxon_03102025-1305
2025-03-15 22:20:46,910 - INFO - Selected visualization type: circular
2025-03-15 22:20:46,910 - INFO - Connection display mode: separate
2025-03-15 22:20:46,910 - INFO - Processing all folders in Wilcoxon_03102025-1305...
2025-03-15 22:20:46,911 - INFO - Found 9 folders to process
2025-03-15 22:20:46,911 - INFO - Processing folder 1/9: Cue_gDTF_100Hz
2025-03-15 22:20:46,912 - INFO - Reading connectivity matrix from gDTF_100Hz_L-R_wilcoxon.csv
2025-03-15 22:20:46,914 - INFO - Created connectivity report: Data\DataSet5_Align_cue_626_to_938_unc\Wilcoxon_03102025-1305\Cue_gDTF_100Hz\gDTF_100Hz_L-R_wilcoxon_connectivity_report.txt
2025-03-15 22:20:47,845 - INFO - Created circular connectogram: Data\DataSet5_Align_cue_626_to_938_unc\Wilcoxon_03102025-1305\Cue_gDTF_100Hz\gDTF_100Hz_L-R_wilcoxon_circular_connectogram_positive_20250315_222046.png
2025-03-15 22:20:48,679 - INFO - Created circular connectogram: Data\DataSet5_Align_cue_626_to_938_unc\Wilcoxon_03102025-1305\Cue_gDTF_100Hz\gDTF_100Hz_L-R_wilcoxon_circular_connectogram_negative_20250315_222046.png
2025-03-15 22:20:48,680 - INFO - Progress: 1/9 folders completed
2025-03-15 22:20:48,680 - INFO - Processing folder 2/9: Cue_gDTF_10Hz
2025-03-15 22:20:48,680 - INFO - Reading connectivity matrix from gDTF_10Hz_L-R_wilcoxon.csv
2025-03-15 22:20:48,682 - INFO - Created connectivity report: Data\DataSet5_Align_cue_626_to_938_unc\Wilcoxon_03102025-1305\Cue_gDTF_10Hz\gDTF_10Hz_L-R_wilcoxon_connectivity_report.txt
2025-03-15 22:20:49,856 - INFO - Created circular connectogram: Data\DataSet5_Align_cue_626_to_938_unc\Wilcoxon_03102025-1305\Cue_gDTF_10Hz\gDTF_10Hz_L-R_wilcoxon_circular_connectogram_positive_20250315_222048.png
2025-03-15 22:20:50,794 - INFO - Created circular connectogram: Data\DataSet5_Align_cue_626_to_938_unc\Wilcoxon_03102025-1305\Cue_gDTF_10Hz\gDTF_10Hz_L-R_wilcoxon_circular_connectogram_negative_20250315_222048.png
2025-03-15 22:20:50,794 - INFO - Progress: 2/9 folders completed
2025-03-15 22:20:50,795 - INFO - Processing folder 3/9: Cue_gDTF_20Hz
2025-03-15 22:20:50,796 - INFO - Reading connectivity matrix from gDTF_20Hz_L-R_wilcoxon.csv
2025-03-15 22:20:50,798 - INFO - Created connectivity report: Data\DataSet5_Align_cue_626_to_938_unc\Wilcoxon_03102025-1305\Cue_gDTF_20Hz\gDTF_20Hz_L-R_wilcoxon_connectivity_report.txt
2025-03-15 22:20:51,716 - INFO - Created circular connectogram: Data\DataSet5_Align_cue_626_to_938_unc\Wilcoxon_03102025-1305\Cue_gDTF_20Hz\gDTF_20Hz_L-R_wilcoxon_circular_connectogram_positive_20250315_222050.png
2025-03-15 22:20:52,547 - INFO - Created circular connectogram: Data\DataSet5_Align_cue_626_to_938_unc\Wilcoxon_03102025-1305\Cue_gDTF_20Hz\gDTF_20Hz_L-R_wilcoxon_circular_connectogram_negative_20250315_222050.png
2025-03-15 22:20:52,547 - INFO - Progress: 3/9 folders completed
2025-03-15 22:20:52,547 - INFO - Processing folder 4/9: Cue_gPDC_100Hz
2025-03-15 22:20:52,548 - INFO - Reading connectivity matrix from gPDC_100Hz_L-R_wilcoxon.csv
2025-03-15 22:20:52,550 - INFO - Created connectivity report: Data\DataSet5_Align_cue_626_to_938_unc\Wilcoxon_03102025-1305\Cue_gPDC_100Hz\gPDC_100Hz_L-R_wilcoxon_connectivity_report.txt
2025-03-15 22:20:53,545 - INFO - Created circular connectogram: Data\DataSet5_Align_cue_626_to_938_unc\Wilcoxon_03102025-1305\Cue_gPDC_100Hz\gPDC_100Hz_L-R_wilcoxon_circular_connectogram_positive_20250315_222052.png
2025-03-15 22:20:54,485 - INFO - Created circular connectogram: Data\DataSet5_Align_cue_626_to_938_unc\Wilcoxon_03102025-1305\Cue_gPDC_100Hz\gPDC_100Hz_L-R_wilcoxon_circular_connectogram_negative_20250315_222052.png
2025-03-15 22:20:54,485 - INFO - Progress: 4/9 folders completed
2025-03-15 22:20:54,485 - INFO - Processing folder 5/9: Cue_gPDC_10Hz
2025-03-15 22:20:54,486 - INFO - Reading connectivity matrix from gPDC_10Hz_L-R_wilcoxon.csv
2025-03-15 22:20:54,489 - INFO - Created connectivity report: Data\DataSet5_Align_cue_626_to_938_unc\Wilcoxon_03102025-1305\Cue_gPDC_10Hz\gPDC_10Hz_L-R_wilcoxon_connectivity_report.txt
2025-03-15 22:20:55,721 - INFO - Created circular connectogram: Data\DataSet5_Align_cue_626_to_938_unc\Wilcoxon_03102025-1305\Cue_gPDC_10Hz\gPDC_10Hz_L-R_wilcoxon_circular_connectogram_positive_20250315_222054.png
2025-03-15 22:20:56,727 - INFO - Created circular connectogram: Data\DataSet5_Align_cue_626_to_938_unc\Wilcoxon_03102025-1305\Cue_gPDC_10Hz\gPDC_10Hz_L-R_wilcoxon_circular_connectogram_negative_20250315_222054.png
2025-03-15 22:20:56,727 - INFO - Progress: 5/9 folders completed
2025-03-15 22:20:56,728 - INFO - Processing folder 6/9: Cue_gPDC_20Hz
2025-03-15 22:20:56,728 - INFO - Reading connectivity matrix from gPDC_20Hz_L-R_wilcoxon.csv
2025-03-15 22:20:56,730 - INFO - Created connectivity report: Data\DataSet5_Align_cue_626_to_938_unc\Wilcoxon_03102025-1305\Cue_gPDC_20Hz\gPDC_20Hz_L-R_wilcoxon_connectivity_report.txt
2025-03-15 22:20:57,681 - INFO - Created circular connectogram: Data\DataSet5_Align_cue_626_to_938_unc\Wilcoxon_03102025-1305\Cue_gPDC_20Hz\gPDC_20Hz_L-R_wilcoxon_circular_connectogram_positive_20250315_222056.png
2025-03-15 22:20:58,694 - INFO - Created circular connectogram: Data\DataSet5_Align_cue_626_to_938_unc\Wilcoxon_03102025-1305\Cue_gPDC_20Hz\gPDC_20Hz_L-R_wilcoxon_circular_connectogram_negative_20250315_222056.png
2025-03-15 22:20:58,694 - INFO - Progress: 6/9 folders completed
2025-03-15 22:20:58,694 - INFO - Processing folder 7/9: Cue_iPDC_100Hz
2025-03-15 22:20:58,695 - INFO - Reading connectivity matrix from iPDC_100Hz_L-R_wilcoxon.csv
2025-03-15 22:20:58,698 - INFO - Created connectivity report: Data\DataSet5_Align_cue_626_to_938_unc\Wilcoxon_03102025-1305\Cue_iPDC_100Hz\iPDC_100Hz_L-R_wilcoxon_connectivity_report.txt
2025-03-15 22:20:59,624 - INFO - Created circular connectogram: Data\DataSet5_Align_cue_626_to_938_unc\Wilcoxon_03102025-1305\Cue_iPDC_100Hz\iPDC_100Hz_L-R_wilcoxon_circular_connectogram_positive_20250315_222058.png
2025-03-15 22:21:00,625 - INFO - Created circular connectogram: Data\DataSet5_Align_cue_626_to_938_unc\Wilcoxon_03102025-1305\Cue_iPDC_100Hz\iPDC_100Hz_L-R_wilcoxon_circular_connectogram_negative_20250315_222058.png
2025-03-15 22:21:00,626 - INFO - Progress: 7/9 folders completed
2025-03-15 22:21:00,626 - INFO - Processing folder 8/9: Cue_iPDC_10Hz
2025-03-15 22:21:00,627 - INFO - Reading connectivity matrix from iPDC_10Hz_L-R_wilcoxon.csv
2025-03-15 22:21:00,630 - INFO - Created connectivity report: Data\DataSet5_Align_cue_626_to_938_unc\Wilcoxon_03102025-1305\Cue_iPDC_10Hz\iPDC_10Hz_L-R_wilcoxon_connectivity_report.txt
2025-03-15 22:21:01,597 - INFO - Created circular connectogram: Data\DataSet5_Align_cue_626_to_938_unc\Wilcoxon_03102025-1305\Cue_iPDC_10Hz\iPDC_10Hz_L-R_wilcoxon_circular_connectogram_positive_20250315_222100.png
2025-03-15 22:21:02,470 - INFO - Created circular connectogram: Data\DataSet5_Align_cue_626_to_938_unc\Wilcoxon_03102025-1305\Cue_iPDC_10Hz\iPDC_10Hz_L-R_wilcoxon_circular_connectogram_negative_20250315_222100.png
2025-03-15 22:21:02,470 - INFO - Progress: 8/9 folders completed
2025-03-15 22:21:02,470 - INFO - Processing folder 9/9: Cue_iPDC_20Hz
2025-03-15 22:21:02,471 - INFO - Reading connectivity matrix from iPDC_20Hz_L-R_wilcoxon.csv
2025-03-15 22:21:02,473 - INFO - Created connectivity report: Data\DataSet5_Align_cue_626_to_938_unc\Wilcoxon_03102025-1305\Cue_iPDC_20Hz\iPDC_20Hz_L-R_wilcoxon_connectivity_report.txt
2025-03-15 22:21:03,397 - INFO - Created circular connectogram: Data\DataSet5_Align_cue_626_to_938_unc\Wilcoxon_03102025-1305\Cue_iPDC_20Hz\iPDC_20Hz_L-R_wilcoxon_circular_connectogram_positive_20250315_222102.png
2025-03-15 22:21:04,355 - INFO - Created circular connectogram: Data\DataSet5_Align_cue_626_to_938_unc\Wilcoxon_03102025-1305\Cue_iPDC_20Hz\iPDC_20Hz_L-R_wilcoxon_circular_connectogram_negative_20250315_222102.png
2025-03-15 22:21:04,355 - INFO - Progress: 9/9 folders completed
2025-03-15 22:21:04,356 - INFO - 
=== Processing Summary ===
2025-03-15 22:21:04,356 - INFO - Folders processed: 9
2025-03-15 22:21:04,356 - INFO - Visualizations created: 18
2025-03-15 22:21:04,356 - INFO - Errors encountered: 0
2025-03-15 22:21:04,356 - INFO - Process completed at: 2025-03-15 22:21:04
