2025-03-15 22:02:34,265 - INFO - Starting MEG Visualization V1
2025-03-15 22:02:47,000 - INFO - Selected dataset: DataSet5_Align_cue_626_to_938_unc
2025-03-15 22:02:47,000 - INFO - Selected analysis type: Wilcoxon
2025-03-15 22:02:47,000 - INFO - Selected analysis folder: Wilcoxon_03102025-1305
2025-03-15 22:02:47,000 - INFO - Selected visualization type: circular
2025-03-15 22:02:47,000 - INFO - Connection display mode: separate
2025-03-15 22:02:47,001 - INFO - Processing all folders in Wilcoxon_03102025-1305...
2025-03-15 22:02:47,001 - INFO - Found 9 folders to process
2025-03-15 22:02:47,002 - INFO - Processing folder 1/9: Cue_gDTF_100Hz
2025-03-15 22:02:47,003 - INFO - Reading connectivity matrix from gDTF_100Hz_L-R_wilcoxon.csv
2025-03-15 22:02:47,005 - INFO - Created connectivity report: Data\DataSet5_Align_cue_626_to_938_unc\Wilcoxon_03102025-1305\Cue_gDTF_100Hz\gDTF_100Hz_L-R_wilcoxon_connectivity_report.txt
2025-03-15 22:02:47,946 - INFO - Created circular connectogram: Data\DataSet5_Align_cue_626_to_938_unc\Wilcoxon_03102025-1305\Cue_gDTF_100Hz\gDTF_100Hz_L-R_wilcoxon_circular_connectogram_positive_20250315_220247.png
2025-03-15 22:02:48,786 - INFO - Created circular connectogram: Data\DataSet5_Align_cue_626_to_938_unc\Wilcoxon_03102025-1305\Cue_gDTF_100Hz\gDTF_100Hz_L-R_wilcoxon_circular_connectogram_negative_20250315_220247.png
2025-03-15 22:02:48,787 - INFO - Progress: 1/9 folders completed
2025-03-15 22:02:48,787 - INFO - Processing folder 2/9: Cue_gDTF_10Hz
2025-03-15 22:02:48,787 - INFO - Reading connectivity matrix from gDTF_10Hz_L-R_wilcoxon.csv
2025-03-15 22:02:48,789 - INFO - Created connectivity report: Data\DataSet5_Align_cue_626_to_938_unc\Wilcoxon_03102025-1305\Cue_gDTF_10Hz\gDTF_10Hz_L-R_wilcoxon_connectivity_report.txt
2025-03-15 22:02:49,755 - INFO - Created circular connectogram: Data\DataSet5_Align_cue_626_to_938_unc\Wilcoxon_03102025-1305\Cue_gDTF_10Hz\gDTF_10Hz_L-R_wilcoxon_circular_connectogram_positive_20250315_220248.png
2025-03-15 22:02:50,657 - INFO - Created circular connectogram: Data\DataSet5_Align_cue_626_to_938_unc\Wilcoxon_03102025-1305\Cue_gDTF_10Hz\gDTF_10Hz_L-R_wilcoxon_circular_connectogram_negative_20250315_220248.png
2025-03-15 22:02:50,658 - INFO - Progress: 2/9 folders completed
2025-03-15 22:02:50,658 - INFO - Processing folder 3/9: Cue_gDTF_20Hz
2025-03-15 22:02:50,659 - INFO - Reading connectivity matrix from gDTF_20Hz_L-R_wilcoxon.csv
2025-03-15 22:02:50,661 - INFO - Created connectivity report: Data\DataSet5_Align_cue_626_to_938_unc\Wilcoxon_03102025-1305\Cue_gDTF_20Hz\gDTF_20Hz_L-R_wilcoxon_connectivity_report.txt
2025-03-15 22:02:51,645 - INFO - Created circular connectogram: Data\DataSet5_Align_cue_626_to_938_unc\Wilcoxon_03102025-1305\Cue_gDTF_20Hz\gDTF_20Hz_L-R_wilcoxon_circular_connectogram_positive_20250315_220250.png
2025-03-15 22:02:52,725 - INFO - Created circular connectogram: Data\DataSet5_Align_cue_626_to_938_unc\Wilcoxon_03102025-1305\Cue_gDTF_20Hz\gDTF_20Hz_L-R_wilcoxon_circular_connectogram_negative_20250315_220250.png
2025-03-15 22:02:52,725 - INFO - Progress: 3/9 folders completed
2025-03-15 22:02:52,725 - INFO - Processing folder 4/9: Cue_gPDC_100Hz
2025-03-15 22:02:52,726 - INFO - Reading connectivity matrix from gPDC_100Hz_L-R_wilcoxon.csv
2025-03-15 22:02:52,728 - INFO - Created connectivity report: Data\DataSet5_Align_cue_626_to_938_unc\Wilcoxon_03102025-1305\Cue_gPDC_100Hz\gPDC_100Hz_L-R_wilcoxon_connectivity_report.txt
2025-03-15 22:02:53,734 - INFO - Created circular connectogram: Data\DataSet5_Align_cue_626_to_938_unc\Wilcoxon_03102025-1305\Cue_gPDC_100Hz\gPDC_100Hz_L-R_wilcoxon_circular_connectogram_positive_20250315_220252.png
2025-03-15 22:02:54,616 - INFO - Created circular connectogram: Data\DataSet5_Align_cue_626_to_938_unc\Wilcoxon_03102025-1305\Cue_gPDC_100Hz\gPDC_100Hz_L-R_wilcoxon_circular_connectogram_negative_20250315_220252.png
2025-03-15 22:02:54,617 - INFO - Progress: 4/9 folders completed
2025-03-15 22:02:54,617 - INFO - Processing folder 5/9: Cue_gPDC_10Hz
2025-03-15 22:02:54,618 - INFO - Reading connectivity matrix from gPDC_10Hz_L-R_wilcoxon.csv
2025-03-15 22:02:54,621 - INFO - Created connectivity report: Data\DataSet5_Align_cue_626_to_938_unc\Wilcoxon_03102025-1305\Cue_gPDC_10Hz\gPDC_10Hz_L-R_wilcoxon_connectivity_report.txt
2025-03-15 22:02:55,605 - INFO - Created circular connectogram: Data\DataSet5_Align_cue_626_to_938_unc\Wilcoxon_03102025-1305\Cue_gPDC_10Hz\gPDC_10Hz_L-R_wilcoxon_circular_connectogram_positive_20250315_220254.png
2025-03-15 22:02:56,549 - INFO - Created circular connectogram: Data\DataSet5_Align_cue_626_to_938_unc\Wilcoxon_03102025-1305\Cue_gPDC_10Hz\gPDC_10Hz_L-R_wilcoxon_circular_connectogram_negative_20250315_220254.png
2025-03-15 22:02:56,550 - INFO - Progress: 5/9 folders completed
2025-03-15 22:02:56,550 - INFO - Processing folder 6/9: Cue_gPDC_20Hz
2025-03-15 22:02:56,551 - INFO - Reading connectivity matrix from gPDC_20Hz_L-R_wilcoxon.csv
2025-03-15 22:02:56,553 - INFO - Created connectivity report: Data\DataSet5_Align_cue_626_to_938_unc\Wilcoxon_03102025-1305\Cue_gPDC_20Hz\gPDC_20Hz_L-R_wilcoxon_connectivity_report.txt
2025-03-15 22:02:57,540 - INFO - Created circular connectogram: Data\DataSet5_Align_cue_626_to_938_unc\Wilcoxon_03102025-1305\Cue_gPDC_20Hz\gPDC_20Hz_L-R_wilcoxon_circular_connectogram_positive_20250315_220256.png
2025-03-15 22:02:58,486 - INFO - Created circular connectogram: Data\DataSet5_Align_cue_626_to_938_unc\Wilcoxon_03102025-1305\Cue_gPDC_20Hz\gPDC_20Hz_L-R_wilcoxon_circular_connectogram_negative_20250315_220256.png
2025-03-15 22:02:58,486 - INFO - Progress: 6/9 folders completed
2025-03-15 22:02:58,487 - INFO - Processing folder 7/9: Cue_iPDC_100Hz
2025-03-15 22:02:58,488 - INFO - Reading connectivity matrix from iPDC_100Hz_L-R_wilcoxon.csv
2025-03-15 22:02:58,490 - INFO - Created connectivity report: Data\DataSet5_Align_cue_626_to_938_unc\Wilcoxon_03102025-1305\Cue_iPDC_100Hz\iPDC_100Hz_L-R_wilcoxon_connectivity_report.txt
2025-03-15 22:02:59,416 - INFO - Created circular connectogram: Data\DataSet5_Align_cue_626_to_938_unc\Wilcoxon_03102025-1305\Cue_iPDC_100Hz\iPDC_100Hz_L-R_wilcoxon_circular_connectogram_positive_20250315_220258.png
2025-03-15 22:03:00,447 - INFO - Created circular connectogram: Data\DataSet5_Align_cue_626_to_938_unc\Wilcoxon_03102025-1305\Cue_iPDC_100Hz\iPDC_100Hz_L-R_wilcoxon_circular_connectogram_negative_20250315_220258.png
2025-03-15 22:03:00,447 - INFO - Progress: 7/9 folders completed
2025-03-15 22:03:00,447 - INFO - Processing folder 8/9: Cue_iPDC_10Hz
2025-03-15 22:03:00,448 - INFO - Reading connectivity matrix from iPDC_10Hz_L-R_wilcoxon.csv
2025-03-15 22:03:00,450 - INFO - Created connectivity report: Data\DataSet5_Align_cue_626_to_938_unc\Wilcoxon_03102025-1305\Cue_iPDC_10Hz\iPDC_10Hz_L-R_wilcoxon_connectivity_report.txt
2025-03-15 22:03:01,435 - INFO - Created circular connectogram: Data\DataSet5_Align_cue_626_to_938_unc\Wilcoxon_03102025-1305\Cue_iPDC_10Hz\iPDC_10Hz_L-R_wilcoxon_circular_connectogram_positive_20250315_220300.png
2025-03-15 22:03:02,333 - INFO - Created circular connectogram: Data\DataSet5_Align_cue_626_to_938_unc\Wilcoxon_03102025-1305\Cue_iPDC_10Hz\iPDC_10Hz_L-R_wilcoxon_circular_connectogram_negative_20250315_220300.png
2025-03-15 22:03:02,333 - INFO - Progress: 8/9 folders completed
2025-03-15 22:03:02,333 - INFO - Processing folder 9/9: Cue_iPDC_20Hz
2025-03-15 22:03:02,335 - INFO - Reading connectivity matrix from iPDC_20Hz_L-R_wilcoxon.csv
2025-03-15 22:03:02,337 - INFO - Created connectivity report: Data\DataSet5_Align_cue_626_to_938_unc\Wilcoxon_03102025-1305\Cue_iPDC_20Hz\iPDC_20Hz_L-R_wilcoxon_connectivity_report.txt
2025-03-15 22:03:03,247 - INFO - Created circular connectogram: Data\DataSet5_Align_cue_626_to_938_unc\Wilcoxon_03102025-1305\Cue_iPDC_20Hz\iPDC_20Hz_L-R_wilcoxon_circular_connectogram_positive_20250315_220302.png
2025-03-15 22:03:04,184 - INFO - Created circular connectogram: Data\DataSet5_Align_cue_626_to_938_unc\Wilcoxon_03102025-1305\Cue_iPDC_20Hz\iPDC_20Hz_L-R_wilcoxon_circular_connectogram_negative_20250315_220302.png
2025-03-15 22:03:04,184 - INFO - Progress: 9/9 folders completed
2025-03-15 22:03:04,185 - INFO - 
=== Processing Summary ===
2025-03-15 22:03:04,185 - INFO - Folders processed: 9
2025-03-15 22:03:04,185 - INFO - Visualizations created: 18
2025-03-15 22:03:04,185 - INFO - Errors encountered: 0
2025-03-15 22:03:04,185 - INFO - Process completed at: 2025-03-15 22:03:04
