2025-03-15 21:49:24,564 - INFO - Starting MEG Visualization V1
2025-03-15 21:49:36,424 - INFO - Selected dataset: DataSet5_Align_cue_626_to_938_unc
2025-03-15 21:49:36,425 - INFO - Selected analysis type: Wilcoxon
2025-03-15 21:49:36,425 - INFO - Selected analysis folder: Wilcoxon_03102025-1305
2025-03-15 21:49:36,425 - INFO - Selected visualization type: circular
2025-03-15 21:49:36,425 - INFO - Connection display mode: separate
2025-03-15 21:49:36,425 - INFO - Processing all folders in Wilcoxon_03102025-1305...
2025-03-15 21:49:36,426 - INFO - Found 9 folders to process
2025-03-15 21:49:36,426 - INFO - Processing folder 1/9: Cue_gDTF_100Hz
2025-03-15 21:49:36,427 - INFO - Reading connectivity matrix from gDTF_100Hz_L-R_wilcoxon.csv
2025-03-15 21:49:36,430 - INFO - Created connectivity report: Data\DataSet5_Align_cue_626_to_938_unc\Wilcoxon_03102025-1305\Cue_gDTF_100Hz\gDTF_100Hz_L-R_wilcoxon_connectivity_report.txt
2025-03-15 21:49:37,354 - INFO - Created circular connectogram: Data\DataSet5_Align_cue_626_to_938_unc\Wilcoxon_03102025-1305\Cue_gDTF_100Hz\gDTF_100Hz_L-R_wilcoxon_circular_connectogram_positive_20250315_214936.png
2025-03-15 21:49:38,196 - INFO - Created circular connectogram: Data\DataSet5_Align_cue_626_to_938_unc\Wilcoxon_03102025-1305\Cue_gDTF_100Hz\gDTF_100Hz_L-R_wilcoxon_circular_connectogram_negative_20250315_214936.png
2025-03-15 21:49:38,197 - INFO - Progress: 1/9 folders completed
2025-03-15 21:49:38,197 - INFO - Processing folder 2/9: Cue_gDTF_10Hz
2025-03-15 21:49:38,197 - INFO - Reading connectivity matrix from gDTF_10Hz_L-R_wilcoxon.csv
2025-03-15 21:49:38,199 - INFO - Created connectivity report: Data\DataSet5_Align_cue_626_to_938_unc\Wilcoxon_03102025-1305\Cue_gDTF_10Hz\gDTF_10Hz_L-R_wilcoxon_connectivity_report.txt
2025-03-15 21:49:39,230 - INFO - Created circular connectogram: Data\DataSet5_Align_cue_626_to_938_unc\Wilcoxon_03102025-1305\Cue_gDTF_10Hz\gDTF_10Hz_L-R_wilcoxon_circular_connectogram_positive_20250315_214938.png
2025-03-15 21:49:40,331 - INFO - Created circular connectogram: Data\DataSet5_Align_cue_626_to_938_unc\Wilcoxon_03102025-1305\Cue_gDTF_10Hz\gDTF_10Hz_L-R_wilcoxon_circular_connectogram_negative_20250315_214938.png
2025-03-15 21:49:40,331 - INFO - Progress: 2/9 folders completed
2025-03-15 21:49:40,331 - INFO - Processing folder 3/9: Cue_gDTF_20Hz
2025-03-15 21:49:40,332 - INFO - Reading connectivity matrix from gDTF_20Hz_L-R_wilcoxon.csv
2025-03-15 21:49:40,335 - INFO - Created connectivity report: Data\DataSet5_Align_cue_626_to_938_unc\Wilcoxon_03102025-1305\Cue_gDTF_20Hz\gDTF_20Hz_L-R_wilcoxon_connectivity_report.txt
2025-03-15 21:49:41,263 - INFO - Created circular connectogram: Data\DataSet5_Align_cue_626_to_938_unc\Wilcoxon_03102025-1305\Cue_gDTF_20Hz\gDTF_20Hz_L-R_wilcoxon_circular_connectogram_positive_20250315_214940.png
2025-03-15 21:49:42,087 - INFO - Created circular connectogram: Data\DataSet5_Align_cue_626_to_938_unc\Wilcoxon_03102025-1305\Cue_gDTF_20Hz\gDTF_20Hz_L-R_wilcoxon_circular_connectogram_negative_20250315_214940.png
2025-03-15 21:49:42,088 - INFO - Progress: 3/9 folders completed
2025-03-15 21:49:42,088 - INFO - Processing folder 4/9: Cue_gPDC_100Hz
2025-03-15 21:49:42,088 - INFO - Reading connectivity matrix from gPDC_100Hz_L-R_wilcoxon.csv
2025-03-15 21:49:42,091 - INFO - Created connectivity report: Data\DataSet5_Align_cue_626_to_938_unc\Wilcoxon_03102025-1305\Cue_gPDC_100Hz\gPDC_100Hz_L-R_wilcoxon_connectivity_report.txt
2025-03-15 21:49:43,090 - INFO - Created circular connectogram: Data\DataSet5_Align_cue_626_to_938_unc\Wilcoxon_03102025-1305\Cue_gPDC_100Hz\gPDC_100Hz_L-R_wilcoxon_circular_connectogram_positive_20250315_214942.png
2025-03-15 21:49:43,984 - INFO - Created circular connectogram: Data\DataSet5_Align_cue_626_to_938_unc\Wilcoxon_03102025-1305\Cue_gPDC_100Hz\gPDC_100Hz_L-R_wilcoxon_circular_connectogram_negative_20250315_214942.png
2025-03-15 21:49:43,985 - INFO - Progress: 4/9 folders completed
2025-03-15 21:49:43,985 - INFO - Processing folder 5/9: Cue_gPDC_10Hz
2025-03-15 21:49:43,986 - INFO - Reading connectivity matrix from gPDC_10Hz_L-R_wilcoxon.csv
2025-03-15 21:49:43,988 - INFO - Created connectivity report: Data\DataSet5_Align_cue_626_to_938_unc\Wilcoxon_03102025-1305\Cue_gPDC_10Hz\gPDC_10Hz_L-R_wilcoxon_connectivity_report.txt
2025-03-15 21:49:44,989 - INFO - Created circular connectogram: Data\DataSet5_Align_cue_626_to_938_unc\Wilcoxon_03102025-1305\Cue_gPDC_10Hz\gPDC_10Hz_L-R_wilcoxon_circular_connectogram_positive_20250315_214943.png
2025-03-15 21:49:45,939 - INFO - Created circular connectogram: Data\DataSet5_Align_cue_626_to_938_unc\Wilcoxon_03102025-1305\Cue_gPDC_10Hz\gPDC_10Hz_L-R_wilcoxon_circular_connectogram_negative_20250315_214943.png
2025-03-15 21:49:45,939 - INFO - Progress: 5/9 folders completed
2025-03-15 21:49:45,939 - INFO - Processing folder 6/9: Cue_gPDC_20Hz
2025-03-15 21:49:45,940 - INFO - Reading connectivity matrix from gPDC_20Hz_L-R_wilcoxon.csv
2025-03-15 21:49:45,942 - INFO - Created connectivity report: Data\DataSet5_Align_cue_626_to_938_unc\Wilcoxon_03102025-1305\Cue_gPDC_20Hz\gPDC_20Hz_L-R_wilcoxon_connectivity_report.txt
2025-03-15 21:49:46,912 - INFO - Created circular connectogram: Data\DataSet5_Align_cue_626_to_938_unc\Wilcoxon_03102025-1305\Cue_gPDC_20Hz\gPDC_20Hz_L-R_wilcoxon_circular_connectogram_positive_20250315_214945.png
2025-03-15 21:49:47,840 - INFO - Created circular connectogram: Data\DataSet5_Align_cue_626_to_938_unc\Wilcoxon_03102025-1305\Cue_gPDC_20Hz\gPDC_20Hz_L-R_wilcoxon_circular_connectogram_negative_20250315_214945.png
2025-03-15 21:49:47,840 - INFO - Progress: 6/9 folders completed
2025-03-15 21:49:47,841 - INFO - Processing folder 7/9: Cue_iPDC_100Hz
2025-03-15 21:49:47,841 - INFO - Reading connectivity matrix from iPDC_100Hz_L-R_wilcoxon.csv
2025-03-15 21:49:47,844 - INFO - Created connectivity report: Data\DataSet5_Align_cue_626_to_938_unc\Wilcoxon_03102025-1305\Cue_iPDC_100Hz\iPDC_100Hz_L-R_wilcoxon_connectivity_report.txt
2025-03-15 21:49:48,761 - INFO - Created circular connectogram: Data\DataSet5_Align_cue_626_to_938_unc\Wilcoxon_03102025-1305\Cue_iPDC_100Hz\iPDC_100Hz_L-R_wilcoxon_circular_connectogram_positive_20250315_214947.png
2025-03-15 21:49:49,761 - INFO - Created circular connectogram: Data\DataSet5_Align_cue_626_to_938_unc\Wilcoxon_03102025-1305\Cue_iPDC_100Hz\iPDC_100Hz_L-R_wilcoxon_circular_connectogram_negative_20250315_214947.png
2025-03-15 21:49:49,762 - INFO - Progress: 7/9 folders completed
2025-03-15 21:49:49,762 - INFO - Processing folder 8/9: Cue_iPDC_10Hz
2025-03-15 21:49:49,763 - INFO - Reading connectivity matrix from iPDC_10Hz_L-R_wilcoxon.csv
2025-03-15 21:49:49,765 - INFO - Created connectivity report: Data\DataSet5_Align_cue_626_to_938_unc\Wilcoxon_03102025-1305\Cue_iPDC_10Hz\iPDC_10Hz_L-R_wilcoxon_connectivity_report.txt
2025-03-15 21:49:50,749 - INFO - Created circular connectogram: Data\DataSet5_Align_cue_626_to_938_unc\Wilcoxon_03102025-1305\Cue_iPDC_10Hz\iPDC_10Hz_L-R_wilcoxon_circular_connectogram_positive_20250315_214949.png
2025-03-15 21:49:51,646 - INFO - Created circular connectogram: Data\DataSet5_Align_cue_626_to_938_unc\Wilcoxon_03102025-1305\Cue_iPDC_10Hz\iPDC_10Hz_L-R_wilcoxon_circular_connectogram_negative_20250315_214949.png
2025-03-15 21:49:51,646 - INFO - Progress: 8/9 folders completed
2025-03-15 21:49:51,646 - INFO - Processing folder 9/9: Cue_iPDC_20Hz
2025-03-15 21:49:51,647 - INFO - Reading connectivity matrix from iPDC_20Hz_L-R_wilcoxon.csv
2025-03-15 21:49:51,650 - INFO - Created connectivity report: Data\DataSet5_Align_cue_626_to_938_unc\Wilcoxon_03102025-1305\Cue_iPDC_20Hz\iPDC_20Hz_L-R_wilcoxon_connectivity_report.txt
2025-03-15 21:49:52,551 - INFO - Created circular connectogram: Data\DataSet5_Align_cue_626_to_938_unc\Wilcoxon_03102025-1305\Cue_iPDC_20Hz\iPDC_20Hz_L-R_wilcoxon_circular_connectogram_positive_20250315_214951.png
2025-03-15 21:49:53,510 - INFO - Created circular connectogram: Data\DataSet5_Align_cue_626_to_938_unc\Wilcoxon_03102025-1305\Cue_iPDC_20Hz\iPDC_20Hz_L-R_wilcoxon_circular_connectogram_negative_20250315_214951.png
2025-03-15 21:49:53,511 - INFO - Progress: 9/9 folders completed
2025-03-15 21:49:53,511 - INFO - 
=== Processing Summary ===
2025-03-15 21:49:53,511 - INFO - Folders processed: 9
2025-03-15 21:49:53,511 - INFO - Visualizations created: 18
2025-03-15 21:49:53,512 - INFO - Errors encountered: 0
2025-03-15 21:49:53,512 - INFO - Process completed at: 2025-03-15 21:49:53
