2025-03-15 18:20:18,228 - INFO - Starting MEG Visualization V1
2025-03-15 18:20:34,673 - INFO - Selected dataset: DataSet5_Align_cue_626_to_938_unc
2025-03-15 18:20:34,673 - INFO - Selected analysis type: Wilcoxon
2025-03-15 18:20:34,673 - INFO - Selected analysis folder: Wilcoxon_03102025-1305
2025-03-15 18:20:34,673 - INFO - Selected visualization type: circular
2025-03-15 18:20:34,673 - INFO - Connection display mode: separate
2025-03-15 18:20:34,674 - INFO - Processing all folders in Wilcoxon_03102025-1305...
2025-03-15 18:20:34,674 - INFO - Found 9 folders to process
2025-03-15 18:20:34,675 - INFO - Processing folder 1/9: Cue_gDTF_100Hz
2025-03-15 18:20:34,675 - INFO - Reading connectivity matrix from gDTF_100Hz_L-R_wilcoxon.csv
2025-03-15 18:20:34,679 - INFO - Created connectivity report: Data\DataSet5_Align_cue_626_to_938_unc\Wilcoxon_03102025-1305\Cue_gDTF_100Hz\gDTF_100Hz_L-R_wilcoxon_connectivity_report.txt
2025-03-15 18:20:36,098 - INFO - Created circular connectogram: Data\DataSet5_Align_cue_626_to_938_unc\Wilcoxon_03102025-1305\Cue_gDTF_100Hz\gDTF_100Hz_L-R_wilcoxon_circular_connectogram_positive_20250315_182034.png
2025-03-15 18:20:37,424 - INFO - Created circular connectogram: Data\DataSet5_Align_cue_626_to_938_unc\Wilcoxon_03102025-1305\Cue_gDTF_100Hz\gDTF_100Hz_L-R_wilcoxon_circular_connectogram_negative_20250315_182034.png
2025-03-15 18:20:37,425 - INFO - Progress: 1/9 folders completed
2025-03-15 18:20:37,425 - INFO - Processing folder 2/9: Cue_gDTF_10Hz
2025-03-15 18:20:37,425 - INFO - Reading connectivity matrix from gDTF_10Hz_L-R_wilcoxon.csv
2025-03-15 18:20:37,428 - INFO - Created connectivity report: Data\DataSet5_Align_cue_626_to_938_unc\Wilcoxon_03102025-1305\Cue_gDTF_10Hz\gDTF_10Hz_L-R_wilcoxon_connectivity_report.txt
2025-03-15 18:20:38,890 - INFO - Created circular connectogram: Data\DataSet5_Align_cue_626_to_938_unc\Wilcoxon_03102025-1305\Cue_gDTF_10Hz\gDTF_10Hz_L-R_wilcoxon_circular_connectogram_positive_20250315_182037.png
2025-03-15 18:20:40,350 - INFO - Created circular connectogram: Data\DataSet5_Align_cue_626_to_938_unc\Wilcoxon_03102025-1305\Cue_gDTF_10Hz\gDTF_10Hz_L-R_wilcoxon_circular_connectogram_negative_20250315_182037.png
2025-03-15 18:20:40,350 - INFO - Progress: 2/9 folders completed
2025-03-15 18:20:40,350 - INFO - Processing folder 3/9: Cue_gDTF_20Hz
2025-03-15 18:20:40,351 - INFO - Reading connectivity matrix from gDTF_20Hz_L-R_wilcoxon.csv
2025-03-15 18:20:40,354 - INFO - Created connectivity report: Data\DataSet5_Align_cue_626_to_938_unc\Wilcoxon_03102025-1305\Cue_gDTF_20Hz\gDTF_20Hz_L-R_wilcoxon_connectivity_report.txt
2025-03-15 18:20:41,861 - INFO - Created circular connectogram: Data\DataSet5_Align_cue_626_to_938_unc\Wilcoxon_03102025-1305\Cue_gDTF_20Hz\gDTF_20Hz_L-R_wilcoxon_circular_connectogram_positive_20250315_182040.png
2025-03-15 18:20:43,220 - INFO - Created circular connectogram: Data\DataSet5_Align_cue_626_to_938_unc\Wilcoxon_03102025-1305\Cue_gDTF_20Hz\gDTF_20Hz_L-R_wilcoxon_circular_connectogram_negative_20250315_182040.png
2025-03-15 18:20:43,220 - INFO - Progress: 3/9 folders completed
2025-03-15 18:20:43,220 - INFO - Processing folder 4/9: Cue_gPDC_100Hz
2025-03-15 18:20:43,221 - INFO - Reading connectivity matrix from gPDC_100Hz_L-R_wilcoxon.csv
2025-03-15 18:20:43,223 - INFO - Created connectivity report: Data\DataSet5_Align_cue_626_to_938_unc\Wilcoxon_03102025-1305\Cue_gPDC_100Hz\gPDC_100Hz_L-R_wilcoxon_connectivity_report.txt
2025-03-15 18:20:44,649 - INFO - Created circular connectogram: Data\DataSet5_Align_cue_626_to_938_unc\Wilcoxon_03102025-1305\Cue_gPDC_100Hz\gPDC_100Hz_L-R_wilcoxon_circular_connectogram_positive_20250315_182043.png
2025-03-15 18:20:46,081 - INFO - Created circular connectogram: Data\DataSet5_Align_cue_626_to_938_unc\Wilcoxon_03102025-1305\Cue_gPDC_100Hz\gPDC_100Hz_L-R_wilcoxon_circular_connectogram_negative_20250315_182043.png
2025-03-15 18:20:46,081 - INFO - Progress: 4/9 folders completed
2025-03-15 18:20:46,081 - INFO - Processing folder 5/9: Cue_gPDC_10Hz
2025-03-15 18:20:46,082 - INFO - Reading connectivity matrix from gPDC_10Hz_L-R_wilcoxon.csv
2025-03-15 18:20:46,084 - INFO - Created connectivity report: Data\DataSet5_Align_cue_626_to_938_unc\Wilcoxon_03102025-1305\Cue_gPDC_10Hz\gPDC_10Hz_L-R_wilcoxon_connectivity_report.txt
2025-03-15 18:20:47,688 - INFO - Created circular connectogram: Data\DataSet5_Align_cue_626_to_938_unc\Wilcoxon_03102025-1305\Cue_gPDC_10Hz\gPDC_10Hz_L-R_wilcoxon_circular_connectogram_positive_20250315_182046.png
2025-03-15 18:20:49,295 - INFO - Created circular connectogram: Data\DataSet5_Align_cue_626_to_938_unc\Wilcoxon_03102025-1305\Cue_gPDC_10Hz\gPDC_10Hz_L-R_wilcoxon_circular_connectogram_negative_20250315_182046.png
2025-03-15 18:20:49,295 - INFO - Progress: 5/9 folders completed
2025-03-15 18:20:49,296 - INFO - Processing folder 6/9: Cue_gPDC_20Hz
2025-03-15 18:20:49,296 - INFO - Reading connectivity matrix from gPDC_20Hz_L-R_wilcoxon.csv
2025-03-15 18:20:49,298 - INFO - Created connectivity report: Data\DataSet5_Align_cue_626_to_938_unc\Wilcoxon_03102025-1305\Cue_gPDC_20Hz\gPDC_20Hz_L-R_wilcoxon_connectivity_report.txt
2025-03-15 18:20:50,779 - INFO - Created circular connectogram: Data\DataSet5_Align_cue_626_to_938_unc\Wilcoxon_03102025-1305\Cue_gPDC_20Hz\gPDC_20Hz_L-R_wilcoxon_circular_connectogram_positive_20250315_182049.png
2025-03-15 18:20:52,234 - INFO - Created circular connectogram: Data\DataSet5_Align_cue_626_to_938_unc\Wilcoxon_03102025-1305\Cue_gPDC_20Hz\gPDC_20Hz_L-R_wilcoxon_circular_connectogram_negative_20250315_182049.png
2025-03-15 18:20:52,234 - INFO - Progress: 6/9 folders completed
2025-03-15 18:20:52,234 - INFO - Processing folder 7/9: Cue_iPDC_100Hz
2025-03-15 18:20:52,235 - INFO - Reading connectivity matrix from iPDC_100Hz_L-R_wilcoxon.csv
2025-03-15 18:20:52,237 - INFO - Created connectivity report: Data\DataSet5_Align_cue_626_to_938_unc\Wilcoxon_03102025-1305\Cue_iPDC_100Hz\iPDC_100Hz_L-R_wilcoxon_connectivity_report.txt
2025-03-15 18:20:53,666 - INFO - Created circular connectogram: Data\DataSet5_Align_cue_626_to_938_unc\Wilcoxon_03102025-1305\Cue_iPDC_100Hz\iPDC_100Hz_L-R_wilcoxon_circular_connectogram_positive_20250315_182052.png
2025-03-15 18:20:55,092 - INFO - Created circular connectogram: Data\DataSet5_Align_cue_626_to_938_unc\Wilcoxon_03102025-1305\Cue_iPDC_100Hz\iPDC_100Hz_L-R_wilcoxon_circular_connectogram_negative_20250315_182052.png
2025-03-15 18:20:55,092 - INFO - Progress: 7/9 folders completed
2025-03-15 18:20:55,093 - INFO - Processing folder 8/9: Cue_iPDC_10Hz
2025-03-15 18:20:55,093 - INFO - Reading connectivity matrix from iPDC_10Hz_L-R_wilcoxon.csv
2025-03-15 18:20:55,096 - INFO - Created connectivity report: Data\DataSet5_Align_cue_626_to_938_unc\Wilcoxon_03102025-1305\Cue_iPDC_10Hz\iPDC_10Hz_L-R_wilcoxon_connectivity_report.txt
2025-03-15 18:20:56,581 - INFO - Created circular connectogram: Data\DataSet5_Align_cue_626_to_938_unc\Wilcoxon_03102025-1305\Cue_iPDC_10Hz\iPDC_10Hz_L-R_wilcoxon_circular_connectogram_positive_20250315_182055.png
2025-03-15 18:20:57,978 - INFO - Created circular connectogram: Data\DataSet5_Align_cue_626_to_938_unc\Wilcoxon_03102025-1305\Cue_iPDC_10Hz\iPDC_10Hz_L-R_wilcoxon_circular_connectogram_negative_20250315_182055.png
2025-03-15 18:20:57,978 - INFO - Progress: 8/9 folders completed
2025-03-15 18:20:57,978 - INFO - Processing folder 9/9: Cue_iPDC_20Hz
2025-03-15 18:20:57,979 - INFO - Reading connectivity matrix from iPDC_20Hz_L-R_wilcoxon.csv
2025-03-15 18:20:57,981 - INFO - Created connectivity report: Data\DataSet5_Align_cue_626_to_938_unc\Wilcoxon_03102025-1305\Cue_iPDC_20Hz\iPDC_20Hz_L-R_wilcoxon_connectivity_report.txt
2025-03-15 18:20:59,507 - INFO - Created circular connectogram: Data\DataSet5_Align_cue_626_to_938_unc\Wilcoxon_03102025-1305\Cue_iPDC_20Hz\iPDC_20Hz_L-R_wilcoxon_circular_connectogram_positive_20250315_182057.png
2025-03-15 18:21:01,125 - INFO - Created circular connectogram: Data\DataSet5_Align_cue_626_to_938_unc\Wilcoxon_03102025-1305\Cue_iPDC_20Hz\iPDC_20Hz_L-R_wilcoxon_circular_connectogram_negative_20250315_182057.png
2025-03-15 18:21:01,126 - INFO - Progress: 9/9 folders completed
2025-03-15 18:21:01,126 - INFO - 
=== Processing Summary ===
2025-03-15 18:21:01,126 - INFO - Folders processed: 9
2025-03-15 18:21:01,126 - INFO - Visualizations created: 18
2025-03-15 18:21:01,126 - INFO - Errors encountered: 0
2025-03-15 18:21:01,127 - INFO - Process completed at: 2025-03-15 18:21:01
