2025-03-15 18:57:11,591 - INFO - Starting MEG Visualization V1
2025-03-15 18:57:23,530 - INFO - Selected dataset: DataSet5_Align_cue_626_to_938_unc
2025-03-15 18:57:23,530 - INFO - Selected analysis type: Wilcoxon
2025-03-15 18:57:23,530 - INFO - Selected analysis folder: Wilcoxon_03102025-1305
2025-03-15 18:57:23,531 - INFO - Selected visualization type: circular
2025-03-15 18:57:23,531 - INFO - Connection display mode: separate
2025-03-15 18:57:23,531 - INFO - Processing all folders in Wilcoxon_03102025-1305...
2025-03-15 18:57:23,532 - INFO - Found 9 folders to process
2025-03-15 18:57:23,532 - INFO - Processing folder 1/9: Cue_gDTF_100Hz
2025-03-15 18:57:23,532 - INFO - Reading connectivity matrix from gDTF_100Hz_L-R_wilcoxon.csv
2025-03-15 18:57:23,537 - INFO - Created connectivity report: Data\DataSet5_Align_cue_626_to_938_unc\Wilcoxon_03102025-1305\Cue_gDTF_100Hz\gDTF_100Hz_L-R_wilcoxon_connectivity_report.txt
2025-03-15 18:57:24,411 - INFO - Created circular connectogram: Data\DataSet5_Align_cue_626_to_938_unc\Wilcoxon_03102025-1305\Cue_gDTF_100Hz\gDTF_100Hz_L-R_wilcoxon_circular_connectogram_positive_20250315_185723.png
2025-03-15 18:57:25,185 - INFO - Created circular connectogram: Data\DataSet5_Align_cue_626_to_938_unc\Wilcoxon_03102025-1305\Cue_gDTF_100Hz\gDTF_100Hz_L-R_wilcoxon_circular_connectogram_negative_20250315_185723.png
2025-03-15 18:57:25,186 - INFO - Progress: 1/9 folders completed
2025-03-15 18:57:25,186 - INFO - Processing folder 2/9: Cue_gDTF_10Hz
2025-03-15 18:57:25,186 - INFO - Reading connectivity matrix from gDTF_10Hz_L-R_wilcoxon.csv
2025-03-15 18:57:25,189 - INFO - Created connectivity report: Data\DataSet5_Align_cue_626_to_938_unc\Wilcoxon_03102025-1305\Cue_gDTF_10Hz\gDTF_10Hz_L-R_wilcoxon_connectivity_report.txt
2025-03-15 18:57:26,109 - INFO - Created circular connectogram: Data\DataSet5_Align_cue_626_to_938_unc\Wilcoxon_03102025-1305\Cue_gDTF_10Hz\gDTF_10Hz_L-R_wilcoxon_circular_connectogram_positive_20250315_185725.png
2025-03-15 18:57:26,967 - INFO - Created circular connectogram: Data\DataSet5_Align_cue_626_to_938_unc\Wilcoxon_03102025-1305\Cue_gDTF_10Hz\gDTF_10Hz_L-R_wilcoxon_circular_connectogram_negative_20250315_185725.png
2025-03-15 18:57:26,967 - INFO - Progress: 2/9 folders completed
2025-03-15 18:57:26,967 - INFO - Processing folder 3/9: Cue_gDTF_20Hz
2025-03-15 18:57:26,968 - INFO - Reading connectivity matrix from gDTF_20Hz_L-R_wilcoxon.csv
2025-03-15 18:57:26,970 - INFO - Created connectivity report: Data\DataSet5_Align_cue_626_to_938_unc\Wilcoxon_03102025-1305\Cue_gDTF_20Hz\gDTF_20Hz_L-R_wilcoxon_connectivity_report.txt
2025-03-15 18:57:27,948 - INFO - Created circular connectogram: Data\DataSet5_Align_cue_626_to_938_unc\Wilcoxon_03102025-1305\Cue_gDTF_20Hz\gDTF_20Hz_L-R_wilcoxon_circular_connectogram_positive_20250315_185726.png
2025-03-15 18:57:28,750 - INFO - Created circular connectogram: Data\DataSet5_Align_cue_626_to_938_unc\Wilcoxon_03102025-1305\Cue_gDTF_20Hz\gDTF_20Hz_L-R_wilcoxon_circular_connectogram_negative_20250315_185726.png
2025-03-15 18:57:28,750 - INFO - Progress: 3/9 folders completed
2025-03-15 18:57:28,751 - INFO - Processing folder 4/9: Cue_gPDC_100Hz
2025-03-15 18:57:28,751 - INFO - Reading connectivity matrix from gPDC_100Hz_L-R_wilcoxon.csv
2025-03-15 18:57:28,754 - INFO - Created connectivity report: Data\DataSet5_Align_cue_626_to_938_unc\Wilcoxon_03102025-1305\Cue_gPDC_100Hz\gPDC_100Hz_L-R_wilcoxon_connectivity_report.txt
2025-03-15 18:57:29,608 - INFO - Created circular connectogram: Data\DataSet5_Align_cue_626_to_938_unc\Wilcoxon_03102025-1305\Cue_gPDC_100Hz\gPDC_100Hz_L-R_wilcoxon_circular_connectogram_positive_20250315_185728.png
2025-03-15 18:57:30,425 - INFO - Created circular connectogram: Data\DataSet5_Align_cue_626_to_938_unc\Wilcoxon_03102025-1305\Cue_gPDC_100Hz\gPDC_100Hz_L-R_wilcoxon_circular_connectogram_negative_20250315_185728.png
2025-03-15 18:57:30,426 - INFO - Progress: 4/9 folders completed
2025-03-15 18:57:30,426 - INFO - Processing folder 5/9: Cue_gPDC_10Hz
2025-03-15 18:57:30,427 - INFO - Reading connectivity matrix from gPDC_10Hz_L-R_wilcoxon.csv
2025-03-15 18:57:30,429 - INFO - Created connectivity report: Data\DataSet5_Align_cue_626_to_938_unc\Wilcoxon_03102025-1305\Cue_gPDC_10Hz\gPDC_10Hz_L-R_wilcoxon_connectivity_report.txt
2025-03-15 18:57:31,401 - INFO - Created circular connectogram: Data\DataSet5_Align_cue_626_to_938_unc\Wilcoxon_03102025-1305\Cue_gPDC_10Hz\gPDC_10Hz_L-R_wilcoxon_circular_connectogram_positive_20250315_185730.png
2025-03-15 18:57:32,246 - INFO - Created circular connectogram: Data\DataSet5_Align_cue_626_to_938_unc\Wilcoxon_03102025-1305\Cue_gPDC_10Hz\gPDC_10Hz_L-R_wilcoxon_circular_connectogram_negative_20250315_185730.png
2025-03-15 18:57:32,247 - INFO - Progress: 5/9 folders completed
2025-03-15 18:57:32,247 - INFO - Processing folder 6/9: Cue_gPDC_20Hz
2025-03-15 18:57:32,248 - INFO - Reading connectivity matrix from gPDC_20Hz_L-R_wilcoxon.csv
2025-03-15 18:57:32,250 - INFO - Created connectivity report: Data\DataSet5_Align_cue_626_to_938_unc\Wilcoxon_03102025-1305\Cue_gPDC_20Hz\gPDC_20Hz_L-R_wilcoxon_connectivity_report.txt
2025-03-15 18:57:33,154 - INFO - Created circular connectogram: Data\DataSet5_Align_cue_626_to_938_unc\Wilcoxon_03102025-1305\Cue_gPDC_20Hz\gPDC_20Hz_L-R_wilcoxon_circular_connectogram_positive_20250315_185732.png
2025-03-15 18:57:34,101 - INFO - Created circular connectogram: Data\DataSet5_Align_cue_626_to_938_unc\Wilcoxon_03102025-1305\Cue_gPDC_20Hz\gPDC_20Hz_L-R_wilcoxon_circular_connectogram_negative_20250315_185732.png
2025-03-15 18:57:34,102 - INFO - Progress: 6/9 folders completed
2025-03-15 18:57:34,102 - INFO - Processing folder 7/9: Cue_iPDC_100Hz
2025-03-15 18:57:34,103 - INFO - Reading connectivity matrix from iPDC_100Hz_L-R_wilcoxon.csv
2025-03-15 18:57:34,105 - INFO - Created connectivity report: Data\DataSet5_Align_cue_626_to_938_unc\Wilcoxon_03102025-1305\Cue_iPDC_100Hz\iPDC_100Hz_L-R_wilcoxon_connectivity_report.txt
2025-03-15 18:57:34,978 - INFO - Created circular connectogram: Data\DataSet5_Align_cue_626_to_938_unc\Wilcoxon_03102025-1305\Cue_iPDC_100Hz\iPDC_100Hz_L-R_wilcoxon_circular_connectogram_positive_20250315_185734.png
2025-03-15 18:57:35,854 - INFO - Created circular connectogram: Data\DataSet5_Align_cue_626_to_938_unc\Wilcoxon_03102025-1305\Cue_iPDC_100Hz\iPDC_100Hz_L-R_wilcoxon_circular_connectogram_negative_20250315_185734.png
2025-03-15 18:57:35,854 - INFO - Progress: 7/9 folders completed
2025-03-15 18:57:35,854 - INFO - Processing folder 8/9: Cue_iPDC_10Hz
2025-03-15 18:57:35,855 - INFO - Reading connectivity matrix from iPDC_10Hz_L-R_wilcoxon.csv
2025-03-15 18:57:35,858 - INFO - Created connectivity report: Data\DataSet5_Align_cue_626_to_938_unc\Wilcoxon_03102025-1305\Cue_iPDC_10Hz\iPDC_10Hz_L-R_wilcoxon_connectivity_report.txt
2025-03-15 18:57:36,809 - INFO - Created circular connectogram: Data\DataSet5_Align_cue_626_to_938_unc\Wilcoxon_03102025-1305\Cue_iPDC_10Hz\iPDC_10Hz_L-R_wilcoxon_circular_connectogram_positive_20250315_185735.png
2025-03-15 18:57:37,841 - INFO - Created circular connectogram: Data\DataSet5_Align_cue_626_to_938_unc\Wilcoxon_03102025-1305\Cue_iPDC_10Hz\iPDC_10Hz_L-R_wilcoxon_circular_connectogram_negative_20250315_185735.png
2025-03-15 18:57:37,842 - INFO - Progress: 8/9 folders completed
2025-03-15 18:57:37,842 - INFO - Processing folder 9/9: Cue_iPDC_20Hz
2025-03-15 18:57:37,843 - INFO - Reading connectivity matrix from iPDC_20Hz_L-R_wilcoxon.csv
2025-03-15 18:57:37,845 - INFO - Created connectivity report: Data\DataSet5_Align_cue_626_to_938_unc\Wilcoxon_03102025-1305\Cue_iPDC_20Hz\iPDC_20Hz_L-R_wilcoxon_connectivity_report.txt
2025-03-15 18:57:38,805 - INFO - Created circular connectogram: Data\DataSet5_Align_cue_626_to_938_unc\Wilcoxon_03102025-1305\Cue_iPDC_20Hz\iPDC_20Hz_L-R_wilcoxon_circular_connectogram_positive_20250315_185737.png
2025-03-15 18:57:39,710 - INFO - Created circular connectogram: Data\DataSet5_Align_cue_626_to_938_unc\Wilcoxon_03102025-1305\Cue_iPDC_20Hz\iPDC_20Hz_L-R_wilcoxon_circular_connectogram_negative_20250315_185737.png
2025-03-15 18:57:39,710 - INFO - Progress: 9/9 folders completed
2025-03-15 18:57:39,710 - INFO - 
=== Processing Summary ===
2025-03-15 18:57:39,711 - INFO - Folders processed: 9
2025-03-15 18:57:39,711 - INFO - Visualizations created: 18
2025-03-15 18:57:39,711 - INFO - Errors encountered: 0
2025-03-15 18:57:39,711 - INFO - Process completed at: 2025-03-15 18:57:39
