2025-03-15 17:03:35,828 - INFO - Starting MEG Visualization V1
2025-03-15 17:03:50,201 - INFO - Selected dataset: DataSet5_Align_cue_626_to_938_unc
2025-03-15 17:03:50,201 - INFO - Selected analysis type: Wilcoxon
2025-03-15 17:03:50,201 - INFO - Selected analysis folder: Wilcoxon_03102025-1305
2025-03-15 17:03:50,201 - INFO - Selected visualization type: circular
2025-03-15 17:03:50,202 - INFO - Connection display mode: separate
2025-03-15 17:03:50,202 - INFO - Processing all folders in Wilcoxon_03102025-1305...
2025-03-15 17:03:50,203 - INFO - Found 9 folders to process
2025-03-15 17:03:50,203 - INFO - Processing folder 1/9: Cue_gDTF_100Hz
2025-03-15 17:03:50,203 - INFO - Reading connectivity matrix from gDTF_100Hz_L-R_wilcoxon.csv
2025-03-15 17:03:50,206 - INFO - Created connectivity report: Data\DataSet5_Align_cue_626_to_938_unc\Wilcoxon_03102025-1305\gDTF_100Hz_L-R_wilcoxon_connectivity_report.txt
2025-03-15 17:03:51,010 - INFO - Created circular connectogram: Data\DataSet5_Align_cue_626_to_938_unc\Wilcoxon_03102025-1305\Cue_gDTF_100Hz\gDTF_100Hz_L-R_wilcoxon_circular_connectogram_positive_20250315_170350.png
2025-03-15 17:03:51,744 - INFO - Created circular connectogram: Data\DataSet5_Align_cue_626_to_938_unc\Wilcoxon_03102025-1305\Cue_gDTF_100Hz\gDTF_100Hz_L-R_wilcoxon_circular_connectogram_negative_20250315_170350.png
2025-03-15 17:03:51,744 - INFO - Progress: 1/9 folders completed
2025-03-15 17:03:51,744 - INFO - Processing folder 2/9: Cue_gDTF_10Hz
2025-03-15 17:03:51,745 - INFO - Reading connectivity matrix from gDTF_10Hz_L-R_wilcoxon.csv
2025-03-15 17:03:51,747 - INFO - Created connectivity report: Data\DataSet5_Align_cue_626_to_938_unc\Wilcoxon_03102025-1305\gDTF_10Hz_L-R_wilcoxon_connectivity_report.txt
2025-03-15 17:03:52,525 - INFO - Created circular connectogram: Data\DataSet5_Align_cue_626_to_938_unc\Wilcoxon_03102025-1305\Cue_gDTF_10Hz\gDTF_10Hz_L-R_wilcoxon_circular_connectogram_positive_20250315_170351.png
2025-03-15 17:03:53,279 - INFO - Created circular connectogram: Data\DataSet5_Align_cue_626_to_938_unc\Wilcoxon_03102025-1305\Cue_gDTF_10Hz\gDTF_10Hz_L-R_wilcoxon_circular_connectogram_negative_20250315_170351.png
2025-03-15 17:03:53,279 - INFO - Progress: 2/9 folders completed
2025-03-15 17:03:53,279 - INFO - Processing folder 3/9: Cue_gDTF_20Hz
2025-03-15 17:03:53,280 - INFO - Reading connectivity matrix from gDTF_20Hz_L-R_wilcoxon.csv
2025-03-15 17:03:53,282 - INFO - Created connectivity report: Data\DataSet5_Align_cue_626_to_938_unc\Wilcoxon_03102025-1305\gDTF_20Hz_L-R_wilcoxon_connectivity_report.txt
2025-03-15 17:03:54,038 - INFO - Created circular connectogram: Data\DataSet5_Align_cue_626_to_938_unc\Wilcoxon_03102025-1305\Cue_gDTF_20Hz\gDTF_20Hz_L-R_wilcoxon_circular_connectogram_positive_20250315_170353.png
2025-03-15 17:03:54,841 - INFO - Created circular connectogram: Data\DataSet5_Align_cue_626_to_938_unc\Wilcoxon_03102025-1305\Cue_gDTF_20Hz\gDTF_20Hz_L-R_wilcoxon_circular_connectogram_negative_20250315_170353.png
2025-03-15 17:03:54,842 - INFO - Progress: 3/9 folders completed
2025-03-15 17:03:54,842 - INFO - Processing folder 4/9: Cue_gPDC_100Hz
2025-03-15 17:03:54,842 - INFO - Reading connectivity matrix from gPDC_100Hz_L-R_wilcoxon.csv
2025-03-15 17:03:54,844 - INFO - Created connectivity report: Data\DataSet5_Align_cue_626_to_938_unc\Wilcoxon_03102025-1305\gPDC_100Hz_L-R_wilcoxon_connectivity_report.txt
2025-03-15 17:03:55,600 - INFO - Created circular connectogram: Data\DataSet5_Align_cue_626_to_938_unc\Wilcoxon_03102025-1305\Cue_gPDC_100Hz\gPDC_100Hz_L-R_wilcoxon_circular_connectogram_positive_20250315_170354.png
2025-03-15 17:03:56,345 - INFO - Created circular connectogram: Data\DataSet5_Align_cue_626_to_938_unc\Wilcoxon_03102025-1305\Cue_gPDC_100Hz\gPDC_100Hz_L-R_wilcoxon_circular_connectogram_negative_20250315_170354.png
2025-03-15 17:03:56,345 - INFO - Progress: 4/9 folders completed
2025-03-15 17:03:56,345 - INFO - Processing folder 5/9: Cue_gPDC_10Hz
2025-03-15 17:03:56,346 - INFO - Reading connectivity matrix from gPDC_10Hz_L-R_wilcoxon.csv
2025-03-15 17:03:56,348 - INFO - Created connectivity report: Data\DataSet5_Align_cue_626_to_938_unc\Wilcoxon_03102025-1305\gPDC_10Hz_L-R_wilcoxon_connectivity_report.txt
2025-03-15 17:03:57,106 - INFO - Created circular connectogram: Data\DataSet5_Align_cue_626_to_938_unc\Wilcoxon_03102025-1305\Cue_gPDC_10Hz\gPDC_10Hz_L-R_wilcoxon_circular_connectogram_positive_20250315_170356.png
2025-03-15 17:03:57,845 - INFO - Created circular connectogram: Data\DataSet5_Align_cue_626_to_938_unc\Wilcoxon_03102025-1305\Cue_gPDC_10Hz\gPDC_10Hz_L-R_wilcoxon_circular_connectogram_negative_20250315_170356.png
2025-03-15 17:03:57,845 - INFO - Progress: 5/9 folders completed
2025-03-15 17:03:57,845 - INFO - Processing folder 6/9: Cue_gPDC_20Hz
2025-03-15 17:03:57,846 - INFO - Reading connectivity matrix from gPDC_20Hz_L-R_wilcoxon.csv
2025-03-15 17:03:57,848 - INFO - Created connectivity report: Data\DataSet5_Align_cue_626_to_938_unc\Wilcoxon_03102025-1305\gPDC_20Hz_L-R_wilcoxon_connectivity_report.txt
2025-03-15 17:03:58,602 - INFO - Created circular connectogram: Data\DataSet5_Align_cue_626_to_938_unc\Wilcoxon_03102025-1305\Cue_gPDC_20Hz\gPDC_20Hz_L-R_wilcoxon_circular_connectogram_positive_20250315_170357.png
2025-03-15 17:03:59,508 - INFO - Created circular connectogram: Data\DataSet5_Align_cue_626_to_938_unc\Wilcoxon_03102025-1305\Cue_gPDC_20Hz\gPDC_20Hz_L-R_wilcoxon_circular_connectogram_negative_20250315_170357.png
2025-03-15 17:03:59,509 - INFO - Progress: 6/9 folders completed
2025-03-15 17:03:59,509 - INFO - Processing folder 7/9: Cue_iPDC_100Hz
2025-03-15 17:03:59,509 - INFO - Reading connectivity matrix from iPDC_100Hz_L-R_wilcoxon.csv
2025-03-15 17:03:59,512 - INFO - Created connectivity report: Data\DataSet5_Align_cue_626_to_938_unc\Wilcoxon_03102025-1305\iPDC_100Hz_L-R_wilcoxon_connectivity_report.txt
2025-03-15 17:04:00,361 - INFO - Created circular connectogram: Data\DataSet5_Align_cue_626_to_938_unc\Wilcoxon_03102025-1305\Cue_iPDC_100Hz\iPDC_100Hz_L-R_wilcoxon_circular_connectogram_positive_20250315_170359.png
2025-03-15 17:04:01,115 - INFO - Created circular connectogram: Data\DataSet5_Align_cue_626_to_938_unc\Wilcoxon_03102025-1305\Cue_iPDC_100Hz\iPDC_100Hz_L-R_wilcoxon_circular_connectogram_negative_20250315_170359.png
2025-03-15 17:04:01,116 - INFO - Progress: 7/9 folders completed
2025-03-15 17:04:01,116 - INFO - Processing folder 8/9: Cue_iPDC_10Hz
2025-03-15 17:04:01,116 - INFO - Reading connectivity matrix from iPDC_10Hz_L-R_wilcoxon.csv
2025-03-15 17:04:01,118 - INFO - Created connectivity report: Data\DataSet5_Align_cue_626_to_938_unc\Wilcoxon_03102025-1305\iPDC_10Hz_L-R_wilcoxon_connectivity_report.txt
2025-03-15 17:04:01,895 - INFO - Created circular connectogram: Data\DataSet5_Align_cue_626_to_938_unc\Wilcoxon_03102025-1305\Cue_iPDC_10Hz\iPDC_10Hz_L-R_wilcoxon_circular_connectogram_positive_20250315_170401.png
2025-03-15 17:04:02,639 - INFO - Created circular connectogram: Data\DataSet5_Align_cue_626_to_938_unc\Wilcoxon_03102025-1305\Cue_iPDC_10Hz\iPDC_10Hz_L-R_wilcoxon_circular_connectogram_negative_20250315_170401.png
2025-03-15 17:04:02,639 - INFO - Progress: 8/9 folders completed
2025-03-15 17:04:02,639 - INFO - Processing folder 9/9: Cue_iPDC_20Hz
2025-03-15 17:04:02,640 - INFO - Reading connectivity matrix from iPDC_20Hz_L-R_wilcoxon.csv
2025-03-15 17:04:02,642 - INFO - Created connectivity report: Data\DataSet5_Align_cue_626_to_938_unc\Wilcoxon_03102025-1305\iPDC_20Hz_L-R_wilcoxon_connectivity_report.txt
2025-03-15 17:04:03,396 - INFO - Created circular connectogram: Data\DataSet5_Align_cue_626_to_938_unc\Wilcoxon_03102025-1305\Cue_iPDC_20Hz\iPDC_20Hz_L-R_wilcoxon_circular_connectogram_positive_20250315_170402.png
2025-03-15 17:04:04,243 - INFO - Created circular connectogram: Data\DataSet5_Align_cue_626_to_938_unc\Wilcoxon_03102025-1305\Cue_iPDC_20Hz\iPDC_20Hz_L-R_wilcoxon_circular_connectogram_negative_20250315_170402.png
2025-03-15 17:04:04,243 - INFO - Progress: 9/9 folders completed
2025-03-15 17:04:04,243 - INFO - 
=== Processing Summary ===
2025-03-15 17:04:04,243 - INFO - Folders processed: 9
2025-03-15 17:04:04,244 - INFO - Visualizations created: 18
2025-03-15 17:04:04,244 - INFO - Errors encountered: 0
2025-03-15 17:04:04,244 - INFO - Process completed at: 2025-03-15 17:04:04
