2025-03-15 23:36:17,878 - INFO - Starting MEG Visualization V1
2025-03-15 23:36:27,446 - INFO - Selected dataset: DataSet5_Align_cue_626_to_938_unc
2025-03-15 23:36:27,447 - INFO - Selected analysis type: Wilcoxon
2025-03-15 23:36:27,447 - INFO - Selected analysis folder: Wilcoxon_03102025-1305
2025-03-15 23:36:27,447 - INFO - Selected visualization type: circular
2025-03-15 23:36:27,447 - INFO - Connection display mode: separate
2025-03-15 23:36:27,447 - INFO - Processing all folders in Wilcoxon_03102025-1305...
2025-03-15 23:36:27,448 - INFO - Found 9 folders to process
2025-03-15 23:36:27,448 - INFO - Processing folder 1/9: Cue_gDTF_100Hz
2025-03-15 23:36:27,449 - INFO - Reading connectivity matrix from gDTF_100Hz_L-R_wilcoxon.csv
2025-03-15 23:36:27,452 - INFO - Created connectivity report: Data\DataSet5_Align_cue_626_to_938_unc\Wilcoxon_03102025-1305\Cue_gDTF_100Hz\gDTF_100Hz_L-R_wilcoxon_connectivity_report.txt
2025-03-15 23:36:28,384 - INFO - Created circular connectogram: Data\DataSet5_Align_cue_626_to_938_unc\Wilcoxon_03102025-1305\Cue_gDTF_100Hz\gDTF_100Hz_L-R_wilcoxon_circular_connectogram_positive_20250315_233627.png
2025-03-15 23:36:29,187 - INFO - Created circular connectogram: Data\DataSet5_Align_cue_626_to_938_unc\Wilcoxon_03102025-1305\Cue_gDTF_100Hz\gDTF_100Hz_L-R_wilcoxon_circular_connectogram_negative_20250315_233627.png
2025-03-15 23:36:29,188 - INFO - Progress: 1/9 folders completed
2025-03-15 23:36:29,188 - INFO - Processing folder 2/9: Cue_gDTF_10Hz
2025-03-15 23:36:29,188 - INFO - Reading connectivity matrix from gDTF_10Hz_L-R_wilcoxon.csv
2025-03-15 23:36:29,190 - INFO - Created connectivity report: Data\DataSet5_Align_cue_626_to_938_unc\Wilcoxon_03102025-1305\Cue_gDTF_10Hz\gDTF_10Hz_L-R_wilcoxon_connectivity_report.txt
2025-03-15 23:36:30,122 - INFO - Created circular connectogram: Data\DataSet5_Align_cue_626_to_938_unc\Wilcoxon_03102025-1305\Cue_gDTF_10Hz\gDTF_10Hz_L-R_wilcoxon_circular_connectogram_positive_20250315_233629.png
2025-03-15 23:36:31,009 - INFO - Created circular connectogram: Data\DataSet5_Align_cue_626_to_938_unc\Wilcoxon_03102025-1305\Cue_gDTF_10Hz\gDTF_10Hz_L-R_wilcoxon_circular_connectogram_negative_20250315_233629.png
2025-03-15 23:36:31,010 - INFO - Progress: 2/9 folders completed
2025-03-15 23:36:31,010 - INFO - Processing folder 3/9: Cue_gDTF_20Hz
2025-03-15 23:36:31,011 - INFO - Reading connectivity matrix from gDTF_20Hz_L-R_wilcoxon.csv
2025-03-15 23:36:31,013 - INFO - Created connectivity report: Data\DataSet5_Align_cue_626_to_938_unc\Wilcoxon_03102025-1305\Cue_gDTF_20Hz\gDTF_20Hz_L-R_wilcoxon_connectivity_report.txt
2025-03-15 23:36:31,927 - INFO - Created circular connectogram: Data\DataSet5_Align_cue_626_to_938_unc\Wilcoxon_03102025-1305\Cue_gDTF_20Hz\gDTF_20Hz_L-R_wilcoxon_circular_connectogram_positive_20250315_233631.png
2025-03-15 23:36:32,866 - INFO - Created circular connectogram: Data\DataSet5_Align_cue_626_to_938_unc\Wilcoxon_03102025-1305\Cue_gDTF_20Hz\gDTF_20Hz_L-R_wilcoxon_circular_connectogram_negative_20250315_233631.png
2025-03-15 23:36:32,866 - INFO - Progress: 3/9 folders completed
2025-03-15 23:36:32,866 - INFO - Processing folder 4/9: Cue_gPDC_100Hz
2025-03-15 23:36:32,868 - INFO - Reading connectivity matrix from gPDC_100Hz_L-R_wilcoxon.csv
2025-03-15 23:36:32,870 - INFO - Created connectivity report: Data\DataSet5_Align_cue_626_to_938_unc\Wilcoxon_03102025-1305\Cue_gPDC_100Hz\gPDC_100Hz_L-R_wilcoxon_connectivity_report.txt
2025-03-15 23:36:33,854 - INFO - Created circular connectogram: Data\DataSet5_Align_cue_626_to_938_unc\Wilcoxon_03102025-1305\Cue_gPDC_100Hz\gPDC_100Hz_L-R_wilcoxon_circular_connectogram_positive_20250315_233632.png
2025-03-15 23:36:34,708 - INFO - Created circular connectogram: Data\DataSet5_Align_cue_626_to_938_unc\Wilcoxon_03102025-1305\Cue_gPDC_100Hz\gPDC_100Hz_L-R_wilcoxon_circular_connectogram_negative_20250315_233632.png
2025-03-15 23:36:34,708 - INFO - Progress: 4/9 folders completed
2025-03-15 23:36:34,708 - INFO - Processing folder 5/9: Cue_gPDC_10Hz
2025-03-15 23:36:34,709 - INFO - Reading connectivity matrix from gPDC_10Hz_L-R_wilcoxon.csv
2025-03-15 23:36:34,712 - INFO - Created connectivity report: Data\DataSet5_Align_cue_626_to_938_unc\Wilcoxon_03102025-1305\Cue_gPDC_10Hz\gPDC_10Hz_L-R_wilcoxon_connectivity_report.txt
2025-03-15 23:36:35,616 - INFO - Created circular connectogram: Data\DataSet5_Align_cue_626_to_938_unc\Wilcoxon_03102025-1305\Cue_gPDC_10Hz\gPDC_10Hz_L-R_wilcoxon_circular_connectogram_positive_20250315_233634.png
2025-03-15 23:36:36,474 - INFO - Created circular connectogram: Data\DataSet5_Align_cue_626_to_938_unc\Wilcoxon_03102025-1305\Cue_gPDC_10Hz\gPDC_10Hz_L-R_wilcoxon_circular_connectogram_negative_20250315_233634.png
2025-03-15 23:36:36,474 - INFO - Progress: 5/9 folders completed
2025-03-15 23:36:36,474 - INFO - Processing folder 6/9: Cue_gPDC_20Hz
2025-03-15 23:36:36,475 - INFO - Reading connectivity matrix from gPDC_20Hz_L-R_wilcoxon.csv
2025-03-15 23:36:36,477 - INFO - Created connectivity report: Data\DataSet5_Align_cue_626_to_938_unc\Wilcoxon_03102025-1305\Cue_gPDC_20Hz\gPDC_20Hz_L-R_wilcoxon_connectivity_report.txt
2025-03-15 23:36:37,392 - INFO - Created circular connectogram: Data\DataSet5_Align_cue_626_to_938_unc\Wilcoxon_03102025-1305\Cue_gPDC_20Hz\gPDC_20Hz_L-R_wilcoxon_circular_connectogram_positive_20250315_233636.png
2025-03-15 23:36:38,499 - INFO - Created circular connectogram: Data\DataSet5_Align_cue_626_to_938_unc\Wilcoxon_03102025-1305\Cue_gPDC_20Hz\gPDC_20Hz_L-R_wilcoxon_circular_connectogram_negative_20250315_233636.png
2025-03-15 23:36:38,499 - INFO - Progress: 6/9 folders completed
2025-03-15 23:36:38,499 - INFO - Processing folder 7/9: Cue_iPDC_100Hz
2025-03-15 23:36:38,500 - INFO - Reading connectivity matrix from iPDC_100Hz_L-R_wilcoxon.csv
2025-03-15 23:36:38,503 - INFO - Created connectivity report: Data\DataSet5_Align_cue_626_to_938_unc\Wilcoxon_03102025-1305\Cue_iPDC_100Hz\iPDC_100Hz_L-R_wilcoxon_connectivity_report.txt
2025-03-15 23:36:39,641 - INFO - Created circular connectogram: Data\DataSet5_Align_cue_626_to_938_unc\Wilcoxon_03102025-1305\Cue_iPDC_100Hz\iPDC_100Hz_L-R_wilcoxon_circular_connectogram_positive_20250315_233638.png
2025-03-15 23:36:40,534 - INFO - Created circular connectogram: Data\DataSet5_Align_cue_626_to_938_unc\Wilcoxon_03102025-1305\Cue_iPDC_100Hz\iPDC_100Hz_L-R_wilcoxon_circular_connectogram_negative_20250315_233638.png
2025-03-15 23:36:40,534 - INFO - Progress: 7/9 folders completed
2025-03-15 23:36:40,534 - INFO - Processing folder 8/9: Cue_iPDC_10Hz
2025-03-15 23:36:40,536 - INFO - Reading connectivity matrix from iPDC_10Hz_L-R_wilcoxon.csv
2025-03-15 23:36:40,538 - INFO - Created connectivity report: Data\DataSet5_Align_cue_626_to_938_unc\Wilcoxon_03102025-1305\Cue_iPDC_10Hz\iPDC_10Hz_L-R_wilcoxon_connectivity_report.txt
2025-03-15 23:36:41,544 - INFO - Created circular connectogram: Data\DataSet5_Align_cue_626_to_938_unc\Wilcoxon_03102025-1305\Cue_iPDC_10Hz\iPDC_10Hz_L-R_wilcoxon_circular_connectogram_positive_20250315_233640.png
2025-03-15 23:36:42,411 - INFO - Created circular connectogram: Data\DataSet5_Align_cue_626_to_938_unc\Wilcoxon_03102025-1305\Cue_iPDC_10Hz\iPDC_10Hz_L-R_wilcoxon_circular_connectogram_negative_20250315_233640.png
2025-03-15 23:36:42,412 - INFO - Progress: 8/9 folders completed
2025-03-15 23:36:42,412 - INFO - Processing folder 9/9: Cue_iPDC_20Hz
2025-03-15 23:36:42,413 - INFO - Reading connectivity matrix from iPDC_20Hz_L-R_wilcoxon.csv
2025-03-15 23:36:42,415 - INFO - Created connectivity report: Data\DataSet5_Align_cue_626_to_938_unc\Wilcoxon_03102025-1305\Cue_iPDC_20Hz\iPDC_20Hz_L-R_wilcoxon_connectivity_report.txt
2025-03-15 23:36:43,315 - INFO - Created circular connectogram: Data\DataSet5_Align_cue_626_to_938_unc\Wilcoxon_03102025-1305\Cue_iPDC_20Hz\iPDC_20Hz_L-R_wilcoxon_circular_connectogram_positive_20250315_233642.png
2025-03-15 23:36:44,222 - INFO - Created circular connectogram: Data\DataSet5_Align_cue_626_to_938_unc\Wilcoxon_03102025-1305\Cue_iPDC_20Hz\iPDC_20Hz_L-R_wilcoxon_circular_connectogram_negative_20250315_233642.png
2025-03-15 23:36:44,222 - INFO - Progress: 9/9 folders completed
2025-03-15 23:36:44,222 - INFO - 
=== Processing Summary ===
2025-03-15 23:36:44,222 - INFO - Folders processed: 9
2025-03-15 23:36:44,223 - INFO - Visualizations created: 18
2025-03-15 23:36:44,223 - INFO - Errors encountered: 0
2025-03-15 23:36:44,223 - INFO - Process completed at: 2025-03-15 23:36:44
