2025-03-15 17:29:46,456 - INFO - Starting MEG Visualization V1
2025-03-15 17:29:57,881 - INFO - Selected dataset: DataSet5_Align_cue_626_to_938_unc
2025-03-15 17:29:57,881 - INFO - Selected analysis type: Wilcoxon
2025-03-15 17:29:57,881 - INFO - Selected analysis folder: Wilcoxon_03102025-1305
2025-03-15 17:29:57,881 - INFO - Selected visualization type: circular
2025-03-15 17:29:57,881 - INFO - Connection display mode: separate
2025-03-15 17:29:57,882 - INFO - Processing all folders in Wilcoxon_03102025-1305...
2025-03-15 17:29:57,882 - INFO - Found 9 folders to process
2025-03-15 17:29:57,883 - INFO - Processing folder 1/9: Cue_gDTF_100Hz
2025-03-15 17:29:57,884 - INFO - Reading connectivity matrix from gDTF_100Hz_L-R_wilcoxon.csv
2025-03-15 17:29:57,886 - INFO - Created connectivity report: Data\DataSet5_Align_cue_626_to_938_unc\Wilcoxon_03102025-1305\Cue_gDTF_100Hz\gDTF_100Hz_L-R_wilcoxon_connectivity_report.txt
2025-03-15 17:29:58,008 - ERROR - Error creating visualizations: name 'pos' is not defined
2025-03-15 17:29:58,009 - ERROR - Traceback (most recent call last):
  File "c:\Users\dgane\Apps\MEG\Scripts\meg_visualization_v1.py", line 1323, in create_visualizations
    fig_circular = self.circular_viz.create_connectogram(
                   ^^^^^^^^^^^^^^^^^^^^^^^^^^^^^^^^^^^^^^
  File "c:\Users\dgane\Apps\MEG\Scripts\meg_visualization_v1.py", line 633, in create_connectogram
    pos[node_idx] = (-np.cos(angle), np.sin(angle))
    ^^^
NameError: name 'pos' is not defined

2025-03-15 17:29:58,018 - INFO - Progress: 1/9 folders completed
2025-03-15 17:29:58,018 - INFO - Processing folder 2/9: Cue_gDTF_10Hz
2025-03-15 17:29:58,019 - INFO - Reading connectivity matrix from gDTF_10Hz_L-R_wilcoxon.csv
2025-03-15 17:29:58,021 - INFO - Created connectivity report: Data\DataSet5_Align_cue_626_to_938_unc\Wilcoxon_03102025-1305\Cue_gDTF_10Hz\gDTF_10Hz_L-R_wilcoxon_connectivity_report.txt
2025-03-15 17:29:58,089 - ERROR - Error creating visualizations: name 'pos' is not defined
2025-03-15 17:29:58,089 - ERROR - Traceback (most recent call last):
  File "c:\Users\dgane\Apps\MEG\Scripts\meg_visualization_v1.py", line 1323, in create_visualizations
    fig_circular = self.circular_viz.create_connectogram(
                   ^^^^^^^^^^^^^^^^^^^^^^^^^^^^^^^^^^^^^^
  File "c:\Users\dgane\Apps\MEG\Scripts\meg_visualization_v1.py", line 633, in create_connectogram
    pos[node_idx] = (-np.cos(angle), np.sin(angle))
    ^^^
NameError: name 'pos' is not defined

2025-03-15 17:29:58,096 - INFO - Progress: 2/9 folders completed
2025-03-15 17:29:58,097 - INFO - Processing folder 3/9: Cue_gDTF_20Hz
2025-03-15 17:29:58,097 - INFO - Reading connectivity matrix from gDTF_20Hz_L-R_wilcoxon.csv
2025-03-15 17:29:58,100 - INFO - Created connectivity report: Data\DataSet5_Align_cue_626_to_938_unc\Wilcoxon_03102025-1305\Cue_gDTF_20Hz\gDTF_20Hz_L-R_wilcoxon_connectivity_report.txt
2025-03-15 17:29:58,164 - ERROR - Error creating visualizations: name 'pos' is not defined
2025-03-15 17:29:58,164 - ERROR - Traceback (most recent call last):
  File "c:\Users\dgane\Apps\MEG\Scripts\meg_visualization_v1.py", line 1323, in create_visualizations
    fig_circular = self.circular_viz.create_connectogram(
                   ^^^^^^^^^^^^^^^^^^^^^^^^^^^^^^^^^^^^^^
  File "c:\Users\dgane\Apps\MEG\Scripts\meg_visualization_v1.py", line 633, in create_connectogram
    pos[node_idx] = (-np.cos(angle), np.sin(angle))
    ^^^
NameError: name 'pos' is not defined

2025-03-15 17:29:58,172 - INFO - Progress: 3/9 folders completed
2025-03-15 17:29:58,172 - INFO - Processing folder 4/9: Cue_gPDC_100Hz
2025-03-15 17:29:58,173 - INFO - Reading connectivity matrix from gPDC_100Hz_L-R_wilcoxon.csv
2025-03-15 17:29:58,175 - INFO - Created connectivity report: Data\DataSet5_Align_cue_626_to_938_unc\Wilcoxon_03102025-1305\Cue_gPDC_100Hz\gPDC_100Hz_L-R_wilcoxon_connectivity_report.txt
2025-03-15 17:29:58,239 - ERROR - Error creating visualizations: name 'pos' is not defined
2025-03-15 17:29:58,240 - ERROR - Traceback (most recent call last):
  File "c:\Users\dgane\Apps\MEG\Scripts\meg_visualization_v1.py", line 1323, in create_visualizations
    fig_circular = self.circular_viz.create_connectogram(
                   ^^^^^^^^^^^^^^^^^^^^^^^^^^^^^^^^^^^^^^
  File "c:\Users\dgane\Apps\MEG\Scripts\meg_visualization_v1.py", line 633, in create_connectogram
    pos[node_idx] = (-np.cos(angle), np.sin(angle))
    ^^^
NameError: name 'pos' is not defined

2025-03-15 17:29:58,248 - INFO - Progress: 4/9 folders completed
2025-03-15 17:29:58,248 - INFO - Processing folder 5/9: Cue_gPDC_10Hz
2025-03-15 17:29:58,249 - INFO - Reading connectivity matrix from gPDC_10Hz_L-R_wilcoxon.csv
2025-03-15 17:29:58,251 - INFO - Created connectivity report: Data\DataSet5_Align_cue_626_to_938_unc\Wilcoxon_03102025-1305\Cue_gPDC_10Hz\gPDC_10Hz_L-R_wilcoxon_connectivity_report.txt
2025-03-15 17:29:58,318 - ERROR - Error creating visualizations: name 'pos' is not defined
2025-03-15 17:29:58,318 - ERROR - Traceback (most recent call last):
  File "c:\Users\dgane\Apps\MEG\Scripts\meg_visualization_v1.py", line 1323, in create_visualizations
    fig_circular = self.circular_viz.create_connectogram(
                   ^^^^^^^^^^^^^^^^^^^^^^^^^^^^^^^^^^^^^^
  File "c:\Users\dgane\Apps\MEG\Scripts\meg_visualization_v1.py", line 633, in create_connectogram
    pos[node_idx] = (-np.cos(angle), np.sin(angle))
    ^^^
NameError: name 'pos' is not defined

2025-03-15 17:29:58,326 - INFO - Progress: 5/9 folders completed
2025-03-15 17:29:58,327 - INFO - Processing folder 6/9: Cue_gPDC_20Hz
2025-03-15 17:29:58,327 - INFO - Reading connectivity matrix from gPDC_20Hz_L-R_wilcoxon.csv
2025-03-15 17:29:58,329 - INFO - Created connectivity report: Data\DataSet5_Align_cue_626_to_938_unc\Wilcoxon_03102025-1305\Cue_gPDC_20Hz\gPDC_20Hz_L-R_wilcoxon_connectivity_report.txt
2025-03-15 17:29:58,392 - ERROR - Error creating visualizations: name 'pos' is not defined
2025-03-15 17:29:58,393 - ERROR - Traceback (most recent call last):
  File "c:\Users\dgane\Apps\MEG\Scripts\meg_visualization_v1.py", line 1323, in create_visualizations
    fig_circular = self.circular_viz.create_connectogram(
                   ^^^^^^^^^^^^^^^^^^^^^^^^^^^^^^^^^^^^^^
  File "c:\Users\dgane\Apps\MEG\Scripts\meg_visualization_v1.py", line 633, in create_connectogram
    pos[node_idx] = (-np.cos(angle), np.sin(angle))
    ^^^
NameError: name 'pos' is not defined

2025-03-15 17:29:58,401 - INFO - Progress: 6/9 folders completed
2025-03-15 17:29:58,401 - INFO - Processing folder 7/9: Cue_iPDC_100Hz
2025-03-15 17:29:58,402 - INFO - Reading connectivity matrix from iPDC_100Hz_L-R_wilcoxon.csv
2025-03-15 17:29:58,404 - INFO - Created connectivity report: Data\DataSet5_Align_cue_626_to_938_unc\Wilcoxon_03102025-1305\Cue_iPDC_100Hz\iPDC_100Hz_L-R_wilcoxon_connectivity_report.txt
2025-03-15 17:29:58,469 - ERROR - Error creating visualizations: name 'pos' is not defined
2025-03-15 17:29:58,469 - ERROR - Traceback (most recent call last):
  File "c:\Users\dgane\Apps\MEG\Scripts\meg_visualization_v1.py", line 1323, in create_visualizations
    fig_circular = self.circular_viz.create_connectogram(
                   ^^^^^^^^^^^^^^^^^^^^^^^^^^^^^^^^^^^^^^
  File "c:\Users\dgane\Apps\MEG\Scripts\meg_visualization_v1.py", line 633, in create_connectogram
    pos[node_idx] = (-np.cos(angle), np.sin(angle))
    ^^^
NameError: name 'pos' is not defined

2025-03-15 17:29:58,477 - INFO - Progress: 7/9 folders completed
2025-03-15 17:29:58,477 - INFO - Processing folder 8/9: Cue_iPDC_10Hz
2025-03-15 17:29:58,478 - INFO - Reading connectivity matrix from iPDC_10Hz_L-R_wilcoxon.csv
2025-03-15 17:29:58,480 - INFO - Created connectivity report: Data\DataSet5_Align_cue_626_to_938_unc\Wilcoxon_03102025-1305\Cue_iPDC_10Hz\iPDC_10Hz_L-R_wilcoxon_connectivity_report.txt
2025-03-15 17:29:58,543 - ERROR - Error creating visualizations: name 'pos' is not defined
2025-03-15 17:29:58,544 - ERROR - Traceback (most recent call last):
  File "c:\Users\dgane\Apps\MEG\Scripts\meg_visualization_v1.py", line 1323, in create_visualizations
    fig_circular = self.circular_viz.create_connectogram(
                   ^^^^^^^^^^^^^^^^^^^^^^^^^^^^^^^^^^^^^^
  File "c:\Users\dgane\Apps\MEG\Scripts\meg_visualization_v1.py", line 633, in create_connectogram
    pos[node_idx] = (-np.cos(angle), np.sin(angle))
    ^^^
NameError: name 'pos' is not defined

2025-03-15 17:29:58,552 - INFO - Progress: 8/9 folders completed
2025-03-15 17:29:58,552 - INFO - Processing folder 9/9: Cue_iPDC_20Hz
2025-03-15 17:29:58,553 - INFO - Reading connectivity matrix from iPDC_20Hz_L-R_wilcoxon.csv
2025-03-15 17:29:58,555 - INFO - Created connectivity report: Data\DataSet5_Align_cue_626_to_938_unc\Wilcoxon_03102025-1305\Cue_iPDC_20Hz\iPDC_20Hz_L-R_wilcoxon_connectivity_report.txt
2025-03-15 17:29:58,619 - ERROR - Error creating visualizations: name 'pos' is not defined
2025-03-15 17:29:58,619 - ERROR - Traceback (most recent call last):
  File "c:\Users\dgane\Apps\MEG\Scripts\meg_visualization_v1.py", line 1323, in create_visualizations
    fig_circular = self.circular_viz.create_connectogram(
                   ^^^^^^^^^^^^^^^^^^^^^^^^^^^^^^^^^^^^^^
  File "c:\Users\dgane\Apps\MEG\Scripts\meg_visualization_v1.py", line 633, in create_connectogram
    pos[node_idx] = (-np.cos(angle), np.sin(angle))
    ^^^
NameError: name 'pos' is not defined

2025-03-15 17:29:58,627 - INFO - Progress: 9/9 folders completed
2025-03-15 17:29:58,628 - INFO - 
=== Processing Summary ===
2025-03-15 17:29:58,628 - INFO - Folders processed: 9
2025-03-15 17:29:58,628 - INFO - Visualizations created: 0
2025-03-15 17:29:58,628 - INFO - Errors encountered: 9
2025-03-15 17:29:58,628 - INFO - Process completed at: 2025-03-15 17:29:58
