2025-03-15 19:21:02,321 - INFO - Starting MEG Visualization V1
2025-03-15 19:21:25,571 - INFO - Selected dataset: DataSet5_Align_cue_626_to_938_unc
2025-03-15 19:21:25,571 - INFO - Selected analysis type: Wilcoxon
2025-03-15 19:21:25,571 - INFO - Selected analysis folder: Wilcoxon_03102025-1305
2025-03-15 19:21:25,572 - INFO - Selected visualization type: circular
2025-03-15 19:21:25,572 - INFO - Connection display mode: separate
2025-03-15 19:21:25,572 - INFO - Processing all folders in Wilcoxon_03102025-1305...
2025-03-15 19:21:25,573 - INFO - Found 9 folders to process
2025-03-15 19:21:25,573 - INFO - Processing folder 1/9: Cue_gDTF_100Hz
2025-03-15 19:21:25,573 - INFO - Reading connectivity matrix from gDTF_100Hz_L-R_wilcoxon.csv
2025-03-15 19:21:25,578 - INFO - Created connectivity report: Data\DataSet5_Align_cue_626_to_938_unc\Wilcoxon_03102025-1305\Cue_gDTF_100Hz\gDTF_100Hz_L-R_wilcoxon_connectivity_report.txt
2025-03-15 19:21:26,437 - INFO - Created circular connectogram: Data\DataSet5_Align_cue_626_to_938_unc\Wilcoxon_03102025-1305\Cue_gDTF_100Hz\gDTF_100Hz_L-R_wilcoxon_circular_connectogram_positive_20250315_192125.png
2025-03-15 19:21:27,184 - INFO - Created circular connectogram: Data\DataSet5_Align_cue_626_to_938_unc\Wilcoxon_03102025-1305\Cue_gDTF_100Hz\gDTF_100Hz_L-R_wilcoxon_circular_connectogram_negative_20250315_192125.png
2025-03-15 19:21:27,185 - INFO - Progress: 1/9 folders completed
2025-03-15 19:21:27,185 - INFO - Processing folder 2/9: Cue_gDTF_10Hz
2025-03-15 19:21:27,185 - INFO - Reading connectivity matrix from gDTF_10Hz_L-R_wilcoxon.csv
2025-03-15 19:21:27,188 - INFO - Created connectivity report: Data\DataSet5_Align_cue_626_to_938_unc\Wilcoxon_03102025-1305\Cue_gDTF_10Hz\gDTF_10Hz_L-R_wilcoxon_connectivity_report.txt
2025-03-15 19:21:28,191 - INFO - Created circular connectogram: Data\DataSet5_Align_cue_626_to_938_unc\Wilcoxon_03102025-1305\Cue_gDTF_10Hz\gDTF_10Hz_L-R_wilcoxon_circular_connectogram_positive_20250315_192127.png
2025-03-15 19:21:29,054 - INFO - Created circular connectogram: Data\DataSet5_Align_cue_626_to_938_unc\Wilcoxon_03102025-1305\Cue_gDTF_10Hz\gDTF_10Hz_L-R_wilcoxon_circular_connectogram_negative_20250315_192127.png
2025-03-15 19:21:29,054 - INFO - Progress: 2/9 folders completed
2025-03-15 19:21:29,055 - INFO - Processing folder 3/9: Cue_gDTF_20Hz
2025-03-15 19:21:29,055 - INFO - Reading connectivity matrix from gDTF_20Hz_L-R_wilcoxon.csv
2025-03-15 19:21:29,057 - INFO - Created connectivity report: Data\DataSet5_Align_cue_626_to_938_unc\Wilcoxon_03102025-1305\Cue_gDTF_20Hz\gDTF_20Hz_L-R_wilcoxon_connectivity_report.txt
2025-03-15 19:21:29,914 - INFO - Created circular connectogram: Data\DataSet5_Align_cue_626_to_938_unc\Wilcoxon_03102025-1305\Cue_gDTF_20Hz\gDTF_20Hz_L-R_wilcoxon_circular_connectogram_positive_20250315_192129.png
2025-03-15 19:21:30,696 - INFO - Created circular connectogram: Data\DataSet5_Align_cue_626_to_938_unc\Wilcoxon_03102025-1305\Cue_gDTF_20Hz\gDTF_20Hz_L-R_wilcoxon_circular_connectogram_negative_20250315_192129.png
2025-03-15 19:21:30,696 - INFO - Progress: 3/9 folders completed
2025-03-15 19:21:30,697 - INFO - Processing folder 4/9: Cue_gPDC_100Hz
2025-03-15 19:21:30,697 - INFO - Reading connectivity matrix from gPDC_100Hz_L-R_wilcoxon.csv
2025-03-15 19:21:30,700 - INFO - Created connectivity report: Data\DataSet5_Align_cue_626_to_938_unc\Wilcoxon_03102025-1305\Cue_gPDC_100Hz\gPDC_100Hz_L-R_wilcoxon_connectivity_report.txt
2025-03-15 19:21:31,554 - INFO - Created circular connectogram: Data\DataSet5_Align_cue_626_to_938_unc\Wilcoxon_03102025-1305\Cue_gPDC_100Hz\gPDC_100Hz_L-R_wilcoxon_circular_connectogram_positive_20250315_192130.png
2025-03-15 19:21:32,345 - INFO - Created circular connectogram: Data\DataSet5_Align_cue_626_to_938_unc\Wilcoxon_03102025-1305\Cue_gPDC_100Hz\gPDC_100Hz_L-R_wilcoxon_circular_connectogram_negative_20250315_192130.png
2025-03-15 19:21:32,346 - INFO - Progress: 4/9 folders completed
2025-03-15 19:21:32,346 - INFO - Processing folder 5/9: Cue_gPDC_10Hz
2025-03-15 19:21:32,347 - INFO - Reading connectivity matrix from gPDC_10Hz_L-R_wilcoxon.csv
2025-03-15 19:21:32,349 - INFO - Created connectivity report: Data\DataSet5_Align_cue_626_to_938_unc\Wilcoxon_03102025-1305\Cue_gPDC_10Hz\gPDC_10Hz_L-R_wilcoxon_connectivity_report.txt
2025-03-15 19:21:33,227 - INFO - Created circular connectogram: Data\DataSet5_Align_cue_626_to_938_unc\Wilcoxon_03102025-1305\Cue_gPDC_10Hz\gPDC_10Hz_L-R_wilcoxon_circular_connectogram_positive_20250315_192132.png
2025-03-15 19:21:34,139 - INFO - Created circular connectogram: Data\DataSet5_Align_cue_626_to_938_unc\Wilcoxon_03102025-1305\Cue_gPDC_10Hz\gPDC_10Hz_L-R_wilcoxon_circular_connectogram_negative_20250315_192132.png
2025-03-15 19:21:34,139 - INFO - Progress: 5/9 folders completed
2025-03-15 19:21:34,139 - INFO - Processing folder 6/9: Cue_gPDC_20Hz
2025-03-15 19:21:34,140 - INFO - Reading connectivity matrix from gPDC_20Hz_L-R_wilcoxon.csv
2025-03-15 19:21:34,142 - INFO - Created connectivity report: Data\DataSet5_Align_cue_626_to_938_unc\Wilcoxon_03102025-1305\Cue_gPDC_20Hz\gPDC_20Hz_L-R_wilcoxon_connectivity_report.txt
2025-03-15 19:21:35,016 - INFO - Created circular connectogram: Data\DataSet5_Align_cue_626_to_938_unc\Wilcoxon_03102025-1305\Cue_gPDC_20Hz\gPDC_20Hz_L-R_wilcoxon_circular_connectogram_positive_20250315_192134.png
2025-03-15 19:21:35,999 - INFO - Created circular connectogram: Data\DataSet5_Align_cue_626_to_938_unc\Wilcoxon_03102025-1305\Cue_gPDC_20Hz\gPDC_20Hz_L-R_wilcoxon_circular_connectogram_negative_20250315_192134.png
2025-03-15 19:21:35,999 - INFO - Progress: 6/9 folders completed
2025-03-15 19:21:35,999 - INFO - Processing folder 7/9: Cue_iPDC_100Hz
2025-03-15 19:21:36,000 - INFO - Reading connectivity matrix from iPDC_100Hz_L-R_wilcoxon.csv
2025-03-15 19:21:36,003 - INFO - Created connectivity report: Data\DataSet5_Align_cue_626_to_938_unc\Wilcoxon_03102025-1305\Cue_iPDC_100Hz\iPDC_100Hz_L-R_wilcoxon_connectivity_report.txt
2025-03-15 19:21:36,867 - INFO - Created circular connectogram: Data\DataSet5_Align_cue_626_to_938_unc\Wilcoxon_03102025-1305\Cue_iPDC_100Hz\iPDC_100Hz_L-R_wilcoxon_circular_connectogram_positive_20250315_192136.png
2025-03-15 19:21:37,717 - INFO - Created circular connectogram: Data\DataSet5_Align_cue_626_to_938_unc\Wilcoxon_03102025-1305\Cue_iPDC_100Hz\iPDC_100Hz_L-R_wilcoxon_circular_connectogram_negative_20250315_192136.png
2025-03-15 19:21:37,718 - INFO - Progress: 7/9 folders completed
2025-03-15 19:21:37,718 - INFO - Processing folder 8/9: Cue_iPDC_10Hz
2025-03-15 19:21:37,719 - INFO - Reading connectivity matrix from iPDC_10Hz_L-R_wilcoxon.csv
2025-03-15 19:21:37,721 - INFO - Created connectivity report: Data\DataSet5_Align_cue_626_to_938_unc\Wilcoxon_03102025-1305\Cue_iPDC_10Hz\iPDC_10Hz_L-R_wilcoxon_connectivity_report.txt
2025-03-15 19:21:38,630 - INFO - Created circular connectogram: Data\DataSet5_Align_cue_626_to_938_unc\Wilcoxon_03102025-1305\Cue_iPDC_10Hz\iPDC_10Hz_L-R_wilcoxon_circular_connectogram_positive_20250315_192137.png
2025-03-15 19:21:39,447 - INFO - Created circular connectogram: Data\DataSet5_Align_cue_626_to_938_unc\Wilcoxon_03102025-1305\Cue_iPDC_10Hz\iPDC_10Hz_L-R_wilcoxon_circular_connectogram_negative_20250315_192137.png
2025-03-15 19:21:39,447 - INFO - Progress: 8/9 folders completed
2025-03-15 19:21:39,447 - INFO - Processing folder 9/9: Cue_iPDC_20Hz
2025-03-15 19:21:39,448 - INFO - Reading connectivity matrix from iPDC_20Hz_L-R_wilcoxon.csv
2025-03-15 19:21:39,451 - INFO - Created connectivity report: Data\DataSet5_Align_cue_626_to_938_unc\Wilcoxon_03102025-1305\Cue_iPDC_20Hz\iPDC_20Hz_L-R_wilcoxon_connectivity_report.txt
2025-03-15 19:21:40,299 - INFO - Created circular connectogram: Data\DataSet5_Align_cue_626_to_938_unc\Wilcoxon_03102025-1305\Cue_iPDC_20Hz\iPDC_20Hz_L-R_wilcoxon_circular_connectogram_positive_20250315_192139.png
2025-03-15 19:21:41,150 - INFO - Created circular connectogram: Data\DataSet5_Align_cue_626_to_938_unc\Wilcoxon_03102025-1305\Cue_iPDC_20Hz\iPDC_20Hz_L-R_wilcoxon_circular_connectogram_negative_20250315_192139.png
2025-03-15 19:21:41,150 - INFO - Progress: 9/9 folders completed
2025-03-15 19:21:41,151 - INFO - 
=== Processing Summary ===
2025-03-15 19:21:41,151 - INFO - Folders processed: 9
2025-03-15 19:21:41,151 - INFO - Visualizations created: 18
2025-03-15 19:21:41,151 - INFO - Errors encountered: 0
2025-03-15 19:21:41,151 - INFO - Process completed at: 2025-03-15 19:21:41
